#
# A fatal error has been detected by the Java Runtime Environment:
#
#  EXCEPTION_ACCESS_VIOLATION (0xc0000005) at pc=0x00000000271aea6f, pid=7584, tid=5236
#
# JRE version: Java(TM) SE Runtime Environment (8.0_40-b25) (build 1.8.0_40-b25)
# Java VM: Java HotSpot(TM) 64-Bit Server VM (25.40-b25 mixed mode windows-amd64 compressed oops)
# Problematic frame:
# C  [atio6axx.dll+0xd0ea6f]
#
# Failed to write core dump. Minidumps are not enabled by default on client versions of Windows
#
# If you would like to submit a bug report, please visit:
#   http://bugreport.java.com/bugreport/crash.jsp
# The crash happened outside the Java Virtual Machine in native code.
# See problematic frame for where to report the bug.
#

---------------  T H R E A D  ---------------

Current thread (0x000000001f8bb800):  JavaThread "AWT-EventQueue-0" [_thread_in_native, id=5236, stack(0x0000000024050000,0x0000000024150000)]

siginfo: ExceptionCode=0xc0000005, reading address 0x000000078d400000

Registers:
RAX=0xfffffffffd83c300, RBX=0x000000078d400070, RCX=0x0000000000041472, RDX=0x000000078ccdfbe0
RSP=0x000000002414be50, RBP=0x0000000000000050, RSI=0x0000000034e80490, RDI=0x00000000027c3d60
R8 =0x0000000000000010, R9 =0x00000000264a0000, R10=0x0000000034760000, R11=0x0000000034760000
R12=0x000000000000000f, R13=0x0000000000000000, R14=0x000000000000040d, R15=0x000000002414c038
RIP=0x00000000271aea6f, EFLAGS=0x0000000000010203

Top of Stack: (sp=0x000000002414be50)
0x000000002414be50:   0000000000000000 0000000000000000
0x000000002414be60:   000000002414c038 000000000000000d
0x000000002414be70:   0000000028ac0e38 0000000027052505
0x000000002414be80:   00000000027c3d60 00000000027c3d60
0x000000002414be90:   0000000000000001 0000000028ac2608
0x000000002414bea0:   00000000027c3d60 0000000000000002
0x000000002414beb0:   0000000029716228 000000003f4ccccd
0x000000002414bec0:   0000e73600000000 0000000000000000
0x000000002414bed0:   0000000000000000 0000000000000005
0x000000002414bee0:   00000000027c3d60 0000000100000000
0x000000002414bef0:   0000000000000002 000000002414c0c0
0x000000002414bf00:   000000003f4ccccd 0000000000000000
0x000000002414bf10:   0000000029716200 000000002345ded0
0x000000002414bf20:   000000002414c030 0000000000000000
0x000000002414bf30:   0000000028a2cdd0 0000000000000000
0x000000002414bf40:   0000000028ad9580 00000000270093f4 

Instructions: (pc=0x00000000271aea6f)
0x00000000271aea4f:   c1 e9 07 48 ff c1 48 8b c1 48 6b c0 80 48 03 e8
0x00000000271aea5f:   90 0f 28 03 48 83 ee 80 48 83 eb 80 0f 2b 46 80
0x00000000271aea6f:   0f 28 43 90 0f 2b 46 90 0f 28 43 a0 0f 2b 46 a0
0x00000000271aea7f:   0f 28 43 b0 0f 2b 46 b0 0f 28 43 c0 0f 2b 46 c0 


Register to memory mapping:

RAX=0xfffffffffd83c300 is an unknown value
RBX=0x000000078d400070 is an unallocated location in the heap
RCX=0x0000000000041472 is an unknown value
RDX=0x000000078ccdfbe0 is an oop

[error occurred during error reporting (printing register info), id 0xc0000005]

Stack: [0x0000000024050000,0x0000000024150000],  sp=0x000000002414be50,  free space=1007k
Native frames: (J=compiled Java code, j=interpreted, Vv=VM code, C=native code)
C  [atio6axx.dll+0xd0ea6f]
C  [atio6axx.dll+0xbb2505]
C  [atio6axx.dll+0xb6bc14]
C  [atio6axx.dll+0xb6b564]
C  [atio6axx.dll+0xb46cbd]
C  [atio6axx.dll+0x1c4025]
C  [atio6axx.dll+0x60547e]
C  [jogl_desktop.dll+0xb5a2]
C  0x0000000002705e34

Java frames: (J=compiled Java code, j=interpreted, Vv=VM code)
j  jogamp.opengl.gl4.GL4bcImpl.dispatch_glBufferData(IJLjava/lang/Object;IZIJ)V+0
j  jogamp.opengl.gl4.GL4bcImpl.access$000(Ljogamp/opengl/gl4/GL4bcImpl;IJLjava/lang/Object;IZIJ)V+13
j  jogamp.opengl.gl4.GL4bcImpl$1.create(IJLjava/nio/Buffer;IJ)V+52
j  jogamp.opengl.GLBufferObjectTracker.createBufferStorage(Ljogamp/opengl/GLBufferStateTracker;Ljavax/media/opengl/GL;IJLjava/nio/Buffer;IILjogamp/opengl/GLBufferObjectTracker$CreateStorageDispatch;J)V+209
j  jogamp.opengl.gl4.GL4bcImpl.glBufferData(IJLjava/nio/Buffer;I)V+67
j  it.graphitech.smeSpire.layers.MyRenderableLayer.bindIntData(Lgov/nasa/worldwind/render/DrawContext;ILjava/nio/IntBuffer;I)V+40
j  it.graphitech.smeSpire.layers.MyRenderableLayer.doRenderNow(Lgov/nasa/worldwind/render/DrawContext;)V+363
j  it.graphitech.smeSpire.layers.MyRenderableLayer.doRender(Lgov/nasa/worldwind/render/DrawContext;)V+40
J 3552 C1 gov.nasa.worldwind.layers.AbstractLayer.render(Lgov/nasa/worldwind/render/DrawContext;)V (123 bytes) @ 0x000000000314bb64 [0x000000000314a1e0+0x1984]
j  it.graphitech.shader.ShadingDecorator.render(Lgov/nasa/worldwind/render/DrawContext;Lgov/nasa/worldwind/layers/Layer;)V+266
j  it.graphitech.shader.DecoratedLayer.render(Lgov/nasa/worldwind/render/DrawContext;)V+9
J 3670 C1 it.graphitech.core.MyAbstractSceneController.draw(Lgov/nasa/worldwind/render/DrawContext;)V (398 bytes) @ 0x00000000031e61dc [0x00000000031e5b60+0x67c]
j  it.graphitech.core.MyBasicSceneController.doRepaint(Lgov/nasa/worldwind/render/DrawContext;)V+68
j  it.graphitech.core.MyAbstractSceneController.repaint()I+58
j  gov.nasa.worldwind.WorldWindowGLAutoDrawable.doDisplay()I+4
j  gov.nasa.worldwind.WorldWindowGLAutoDrawable.display(Ljavax/media/opengl/GLAutoDrawable;)V+122
J 4216 C1 jogamp.opengl.GLDrawableHelper.displayImpl(Ljavax/media/opengl/GLAutoDrawable;)V (105 bytes) @ 0x00000000034c5934 [0x00000000034c4cc0+0xc74]
J 3986 C1 javax.media.opengl.awt.GLCanvas$10.run()V (122 bytes) @ 0x00000000033f5734 [0x00000000033f52a0+0x494]
J 4215 C1 jogamp.opengl.GLDrawableHelper.invokeGLImpl(Ljavax/media/opengl/GLDrawable;Ljavax/media/opengl/GLContext;Ljava/lang/Runnable;Ljava/lang/Runnable;)V (481 bytes) @ 0x00000000034c9d7c [0x00000000034c8f00+0xe7c]
J 4214 C1 jogamp.opengl.GLDrawableHelper.invokeGL(Ljavax/media/opengl/GLDrawable;Ljavax/media/opengl/GLContext;Ljava/lang/Runnable;Ljava/lang/Runnable;)V (84 bytes) @ 0x00000000034c88c4 [0x00000000034c8800+0xc4]
J 4213 C1 javax.media.opengl.awt.GLCanvas$11.run()V (95 bytes) @ 0x00000000034c7804 [0x00000000034c7400+0x404]
J 3996 C1 javax.media.opengl.Threading.invoke(ZLjava/lang/Runnable;Ljava/lang/Object;)V (39 bytes) @ 0x00000000033fdbc4 [0x00000000033fd8c0+0x304]
J 4205 C1 javax.media.opengl.awt.GLCanvas.display()V (68 bytes) @ 0x00000000034b7bdc [0x00000000034b79a0+0x23c]
J 3978 C1 javax.media.opengl.awt.GLCanvas.paint(Ljava/awt/Graphics;)V (141 bytes) @ 0x00000000033e8b9c [0x00000000033e7d40+0xe5c]
J 4001 C1 javax.media.opengl.awt.GLCanvas.update(Ljava/awt/Graphics;)V (6 bytes) @ 0x00000000033ffb34 [0x00000000033ffa40+0xf4]
J 4135 C1 sun.awt.RepaintArea.paint(Ljava/lang/Object;Z)V (354 bytes) @ 0x0000000003470ad4 [0x000000000346f920+0x11b4]
J 3904 C1 sun.awt.windows.WComponentPeer.handleEvent(Ljava/awt/AWTEvent;)V (173 bytes) @ 0x0000000003371fb4 [0x00000000033710c0+0xef4]
J 3663 C1 java.awt.Component.dispatchEventImpl(Ljava/awt/AWTEvent;)V (883 bytes) @ 0x00000000031ded4c [0x00000000031d7800+0x754c]
J 3469 C1 java.awt.EventQueue.dispatchEventImpl(Ljava/awt/AWTEvent;Ljava/lang/Object;)V (149 bytes) @ 0x00000000030d9224 [0x00000000030d7b80+0x16a4]
J 3467 C1 java.awt.EventQueue$3.run()Ljava/lang/Void; (60 bytes) @ 0x00000000030d5f1c [0x00000000030d5d00+0x21c]
J 3466 C1 java.awt.EventQueue$3.run()Ljava/lang/Object; (5 bytes) @ 0x00000000030d660c [0x00000000030d6580+0x8c]
v  ~StubRoutines::call_stub
J 1502  java.security.AccessController.doPrivileged(Ljava/security/PrivilegedAction;Ljava/security/AccessControlContext;)Ljava/lang/Object; (0 bytes) @ 0x0000000002c59ce6 [0x0000000002c59c80+0x66]
J 3178 C1 java.security.ProtectionDomain$1.doIntersectionPrivilege(Ljava/security/PrivilegedAction;Ljava/security/AccessControlContext;Ljava/security/AccessControlContext;)Ljava/lang/Object; (32 bytes) @ 0x0000000002fc9204 [0x0000000002fc8f00+0x304]
J 3677 C1 java.awt.EventQueue$4.run()Ljava/lang/Object; (5 bytes) @ 0x00000000031f57d4 [0x00000000031f53e0+0x3f4]
v  ~StubRoutines::call_stub
J 1502  java.security.AccessController.doPrivileged(Ljava/security/PrivilegedAction;Ljava/security/AccessControlContext;)Ljava/lang/Object; (0 bytes) @ 0x0000000002c59ce6 [0x0000000002c59c80+0x66]
J 3324 C1 java.awt.EventQueue.dispatchEvent(Ljava/awt/AWTEvent;)V (80 bytes) @ 0x000000000304f4f4 [0x000000000304e800+0xcf4]
J 3325 C1 java.awt.EventDispatchThread.pumpOneEventForFilters(I)V (295 bytes) @ 0x00000000030522d4 [0x0000000003050600+0x1cd4]
j  java.awt.EventDispatchThread.pumpEventsForFilter(ILjava/awt/Conditional;Ljava/awt/EventFilter;)V+35
j  java.awt.EventDispatchThread.pumpEventsForHierarchy(ILjava/awt/Conditional;Ljava/awt/Component;)V+11
j  java.awt.EventDispatchThread.pumpEvents(ILjava/awt/Conditional;)V+4
j  java.awt.EventDispatchThread.pumpEvents(Ljava/awt/Conditional;)V+3
j  java.awt.EventDispatchThread.run()V+9
v  ~StubRoutines::call_stub

---------------  P R O C E S S  ---------------

Java Threads: ( => current thread )
  0x00000000204d3800 JavaThread "Idle World Wind Task " daemon [_thread_blocked, id=6712, stack(0x0000000033770000,0x0000000033870000)]
  0x00000000204d3000 JavaThread "Idle World Wind Task " daemon [_thread_blocked, id=9584, stack(0x0000000033600000,0x0000000033700000)]
  0x00000000204d2000 JavaThread "Idle World Wind Task " daemon [_thread_blocked, id=9160, stack(0x0000000032440000,0x0000000032540000)]
  0x00000000204d0800 JavaThread "Idle World Wind Task " daemon [_thread_blocked, id=2472, stack(0x000000002f2c0000,0x000000002f3c0000)]
  0x00000000204d0000 JavaThread "Idle World Wind Task " daemon [_thread_blocked, id=8760, stack(0x000000002f130000,0x000000002f230000)]
  0x00000000204cf000 JavaThread "Idle World Wind Task " daemon [_thread_blocked, id=9248, stack(0x000000002ec00000,0x000000002ed00000)]
  0x00000000204ce800 JavaThread "Idle World Wind Task " daemon [_thread_blocked, id=9768, stack(0x000000002efc0000,0x000000002f0c0000)]
  0x00000000204cd800 JavaThread "Idle World Wind Task " daemon [_thread_blocked, id=9032, stack(0x000000002ed90000,0x000000002ee90000)]
  0x00000000204cc000 JavaThread "D3D Screen Updater" daemon [_thread_blocked, id=5156, stack(0x000000002cba0000,0x000000002cca0000)]
  0x00000000204cb800 JavaThread "DestroyJavaVM" [_thread_blocked, id=1924, stack(0x0000000002320000,0x0000000002420000)]
  0x00000000204ca800 JavaThread "Thread-38" daemon [_thread_in_native, id=8636, stack(0x000000002c9a0000,0x000000002caa0000)]
  0x00000000204ca000 JavaThread "Thread-37" daemon [_thread_in_native, id=8576, stack(0x000000002c870000,0x000000002c970000)]
  0x00000000204c9000 JavaThread "Thread-36" [_thread_blocked, id=2264, stack(0x000000002c590000,0x000000002c690000)]
  0x00000000204c8800 JavaThread "Thread-35" [_thread_blocked, id=7108, stack(0x000000002c250000,0x000000002c350000)]
  0x00000000204c7800 JavaThread "Thread-34" daemon [_thread_in_native, id=9880, stack(0x000000002c400000,0x000000002c500000)]
  0x00000000204c7000 JavaThread "Thread-33" daemon [_thread_in_native, id=4692, stack(0x000000002c140000,0x000000002c240000)]
  0x000000001fec6800 JavaThread "Thread-32" [_thread_blocked, id=9276, stack(0x000000002b740000,0x000000002b840000)]
  0x000000001fec6000 JavaThread "Thread-31" [_thread_blocked, id=7008, stack(0x000000002c020000,0x000000002c120000)]
  0x000000001fec5000 JavaThread "Thread-30" daemon [_thread_in_native, id=9560, stack(0x000000002bd70000,0x000000002be70000)]
  0x000000001fec4800 JavaThread "Thread-29" daemon [_thread_in_native, id=3900, stack(0x000000002b640000,0x000000002b740000)]
  0x000000001fec3800 JavaThread "Thread-28" [_thread_blocked, id=9268, stack(0x000000002b130000,0x000000002b230000)]
  0x000000001fec3000 JavaThread "Thread-27" [_thread_blocked, id=9256, stack(0x000000002ae60000,0x000000002af60000)]
  0x000000001febc000 JavaThread "Thread-26" daemon [_thread_in_native, id=9968, stack(0x000000002a500000,0x000000002a600000)]
  0x000000001feb7800 JavaThread "Thread-25" daemon [_thread_in_native, id=9684, stack(0x000000002ad60000,0x000000002ae60000)]
  0x000000001feb8000 JavaThread "Thread-24" [_thread_blocked, id=4184, stack(0x000000002abe0000,0x000000002ace0000)]
  0x000000001feb9800 JavaThread "Thread-23" [_thread_blocked, id=9576, stack(0x00000000282c0000,0x00000000283c0000)]
  0x000000001fec2000 JavaThread "Thread-22" daemon [_thread_in_native, id=6760, stack(0x000000002bea0000,0x000000002bfa0000)]
  0x000000001fec1800 JavaThread "Thread-21" daemon [_thread_in_native, id=9060, stack(0x000000002afc0000,0x000000002b0c0000)]
  0x000000001fec0800 JavaThread "Thread-20" [_thread_blocked, id=9636, stack(0x000000002bc60000,0x000000002bd60000)]
  0x000000001feb9000 JavaThread "Thread-19" [_thread_blocked, id=2840, stack(0x000000002aa00000,0x000000002ab00000)]
  0x000000001fec0000 JavaThread "Keep-Alive-Timer" daemon [_thread_blocked, id=3268, stack(0x0000000029ca0000,0x0000000029da0000)]
  0x000000001febf000 JavaThread "Thread-17" daemon [_thread_in_native, id=9072, stack(0x000000002b960000,0x000000002ba60000)]
  0x000000001febe800 JavaThread "Thread-18" daemon [_thread_in_native, id=8020, stack(0x000000002b860000,0x000000002b960000)]
  0x000000001febd800 JavaThread "Thread-16" [_thread_blocked, id=5380, stack(0x000000002b3b0000,0x000000002b4b0000)]
  0x000000001febd000 JavaThread "Thread-15" [_thread_blocked, id=9252, stack(0x0000000029db0000,0x0000000029eb0000)]
  0x000000001febb800 JavaThread "Thread-13" daemon [_thread_blocked, id=7756, stack(0x000000002b4e0000,0x000000002b5e0000)]
  0x000000001feba800 JavaThread "TimerQueue" daemon [_thread_blocked, id=6724, stack(0x000000002b290000,0x000000002b390000)]
  0x000000001fdaa800 JavaThread "main-SharedResourceRunner" daemon [_thread_blocked, id=7620, stack(0x00000000242e0000,0x00000000243e0000)]
=>0x000000001f8bb800 JavaThread "AWT-EventQueue-0" [_thread_in_native, id=5236, stack(0x0000000024050000,0x0000000024150000)]
  0x000000001f5c6800 JavaThread "AWT-Windows" daemon [_thread_in_native, id=9040, stack(0x00000000211d0000,0x00000000212d0000)]
  0x000000001f5c4800 JavaThread "AWT-Shutdown" [_thread_blocked, id=10156, stack(0x0000000020fb0000,0x00000000210b0000)]
  0x000000001f5c4000 JavaThread "Java2D Disposer" daemon [_thread_blocked, id=9972, stack(0x0000000020e20000,0x0000000020f20000)]
  0x000000001d67f000 JavaThread "Service Thread" daemon [_thread_blocked, id=8300, stack(0x000000001f2d0000,0x000000001f3d0000)]
  0x000000001d5f4800 JavaThread "C1 CompilerThread3" daemon [_thread_blocked, id=2168, stack(0x000000001f1d0000,0x000000001f2d0000)]
  0x000000001d5f3800 JavaThread "C2 CompilerThread2" daemon [_thread_blocked, id=9336, stack(0x000000001ef90000,0x000000001f090000)]
  0x000000001d5ec800 JavaThread "C2 CompilerThread1" daemon [_thread_blocked, id=2112, stack(0x000000001e940000,0x000000001ea40000)]
  0x000000001d5e7800 JavaThread "C2 CompilerThread0" daemon [_thread_blocked, id=5956, stack(0x000000001ee30000,0x000000001ef30000)]
  0x000000001d5e4000 JavaThread "Attach Listener" daemon [_thread_blocked, id=8836, stack(0x000000001ec60000,0x000000001ed60000)]
  0x000000001d5e3000 JavaThread "Signal Dispatcher" daemon [_thread_blocked, id=6608, stack(0x000000001ea60000,0x000000001eb60000)]
  0x000000001c52e800 JavaThread "Finalizer" daemon [_thread_blocked, id=2796, stack(0x000000001e840000,0x000000001e940000)]
  0x000000001c528000 JavaThread "Reference Handler" daemon [_thread_blocked, id=6256, stack(0x000000001e640000,0x000000001e740000)]

Other Threads:
  0x000000001d592000 VMThread [stack: 0x000000001e520000,0x000000001e620000] [id=9604]
  0x000000001d683800 WatcherThread [stack: 0x000000001f4a0000,0x000000001f5a0000] [id=9780]

VM state:not at safepoint (normal execution)

VM Mutex/Monitor currently owned by a thread: None

Heap:
 PSYoungGen      total 380416K, used 158375K [0x000000076af80000, 0x000000078d400000, 0x00000007c0000000)
  eden space 346112K, 35% used [0x000000076af80000,0x00000007728db670,0x0000000780180000)
  from space 34304K, 99% used [0x000000078b280000,0x000000078d3ce8a8,0x000000078d400000)
  to   space 41984K, 0% used [0x0000000788200000,0x0000000788200000,0x000000078ab00000)
 ParOldGen       total 187904K, used 66669K [0x00000006c0e00000, 0x00000006cc580000, 0x000000076af80000)
  object space 187904K, 35% used [0x00000006c0e00000,0x00000006c4f1b678,0x00000006cc580000)
 Metaspace       used 24783K, capacity 25071K, committed 25344K, reserved 1071104K
  class space    used 2645K, capacity 2730K, committed 2816K, reserved 1048576K

Card table byte_map: [0x0000000011ab0000,0x00000000122b0000] byte_map_base: 0x000000000e4a9000

Marking Bits: (ParMarkBitMap*) 0x00000000715d4040
 Begin Bits: [0x00000000133b0000, 0x0000000017378000)
 End Bits:   [0x0000000017378000, 0x000000001b340000)

Polling page: 0x0000000000240000

CodeCache: size=245760Kb used=15099Kb max_used=15115Kb free=230660Kb
 bounds [0x00000000026f0000, 0x00000000035d0000, 0x00000000116f0000]
 total_blobs=4890 nmethods=3942 adapters=858
 compilation: enabled

Compilation events (10 events):
Event: 10.771 Thread 0x000000001d5ec800 nmethod 4474 0x00000000035b9210 code [0x00000000035b9360, 0x00000000035b9658]
Event: 10.771 Thread 0x000000001d5ec800 4475       4       java.nio.DirectByteBuffer$Deallocator::<init> (9 bytes)
Event: 10.771 Thread 0x000000001d5ec800 nmethod 4475 0x000000000285fa90 code [0x000000000285fbc0, 0x000000000285fc38]
Event: 10.771 Thread 0x000000001d5ec800 4476       4       java.nio.DirectByteBuffer$Deallocator::<init> (41 bytes)
Event: 10.771 Thread 0x000000001d5ec800 nmethod 4476 0x000000000338b310 code [0x000000000338b440, 0x000000000338b4b8]
Event: 10.771 Thread 0x000000001d5ec800 4478       4       it.graphitech.smeSpire.lines.cubicCurve.CubicSplinePolyline::createBuffers (29 bytes)
Event: 10.776 Thread 0x000000001d5e7800 nmethod 4467 0x00000000035bf950 code [0x00000000035bfbc0, 0x00000000035c1710]
Event: 10.776 Thread 0x000000001d5e7800 4477       4       it.graphitech.smeSpire.lines.cubicCurve.CubicSplinePolyline::initUpdateControlPoints (41 bytes)
Event: 10.777 Thread 0x000000001d5ec800 nmethod 4478 0x00000000035b73d0 code [0x00000000035b7540, 0x00000000035b7a68]
Event: 10.789 Thread 0x000000001d5f3800 nmethod 4473 0x00000000035ba690 code [0x00000000035ba860, 0x00000000035bbd58]

GC Heap History (10 events):
Event: 1.234 GC heap before
{Heap before GC invocations=5 (full 0):
 PSYoungGen      total 141824K, used 135760K [0x000000076af80000, 0x0000000774480000, 0x00000007c0000000)
  eden space 131072K, 100% used [0x000000076af80000,0x0000000772f80000,0x0000000772f80000)
  from space 10752K, 43% used [0x0000000773a00000,0x0000000773e94010,0x0000000774480000)
  to   space 10752K, 0% used [0x0000000772f80000,0x0000000772f80000,0x0000000773a00000)
 ParOldGen       total 175104K, used 160K [0x00000006c0e00000, 0x00000006cb900000, 0x000000076af80000)
  object space 175104K, 0% used [0x00000006c0e00000,0x00000006c0e28020,0x00000006cb900000)
 Metaspace       used 18619K, capacity 18865K, committed 19072K, reserved 1067008K
  class space    used 1986K, capacity 2081K, committed 2176K, reserved 1048576K
Event: 1.238 GC heap after
Heap after GC invocations=5 (full 0):
 PSYoungGen      total 141824K, used 4976K [0x000000076af80000, 0x000000077bb80000, 0x00000007c0000000)
  eden space 131072K, 0% used [0x000000076af80000,0x000000076af80000,0x0000000772f80000)
  from space 10752K, 46% used [0x0000000772f80000,0x000000077345c010,0x0000000773a00000)
  to   space 6144K, 0% used [0x000000077b580000,0x000000077b580000,0x000000077bb80000)
 ParOldGen       total 175104K, used 168K [0x00000006c0e00000, 0x00000006cb900000, 0x000000076af80000)
  object space 175104K, 0% used [0x00000006c0e00000,0x00000006c0e2a020,0x00000006cb900000)
 Metaspace       used 18619K, capacity 18865K, committed 19072K, reserved 1067008K
  class space    used 1986K, capacity 2081K, committed 2176K, reserved 1048576K
}
Event: 1.793 GC heap before
{Heap before GC invocations=6 (full 0):
 PSYoungGen      total 141824K, used 136048K [0x000000076af80000, 0x000000077bb80000, 0x00000007c0000000)
  eden space 131072K, 100% used [0x000000076af80000,0x0000000772f80000,0x0000000772f80000)
  from space 10752K, 46% used [0x0000000772f80000,0x000000077345c010,0x0000000773a00000)
  to   space 6144K, 0% used [0x000000077b580000,0x000000077b580000,0x000000077bb80000)
 ParOldGen       total 175104K, used 168K [0x00000006c0e00000, 0x00000006cb900000, 0x000000076af80000)
  object space 175104K, 0% used [0x00000006c0e00000,0x00000006c0e2a020,0x00000006cb900000)
 Metaspace       used 20627K, capacity 20873K, committed 21120K, reserved 1069056K
  class space    used 2246K, capacity 2341K, committed 2432K, reserved 1048576K
Event: 1.810 GC heap after
Heap after GC invocations=6 (full 0):
 PSYoungGen      total 251904K, used 6112K [0x000000076af80000, 0x000000077db80000, 0x00000007c0000000)
  eden space 245760K, 0% used [0x000000076af80000,0x000000076af80000,0x0000000779f80000)
  from space 6144K, 99% used [0x000000077b580000,0x000000077bb783f0,0x000000077bb80000)
  to   space 22528K, 0% used [0x0000000779f80000,0x0000000779f80000,0x000000077b580000)
 ParOldGen       total 175104K, used 27798K [0x00000006c0e00000, 0x00000006cb900000, 0x000000076af80000)
  object space 175104K, 15% used [0x00000006c0e00000,0x00000006c2925a58,0x00000006cb900000)
 Metaspace       used 20627K, capacity 20873K, committed 21120K, reserved 1069056K
  class space    used 2246K, capacity 2341K, committed 2432K, reserved 1048576K
}
Event: 4.902 GC heap before
{Heap before GC invocations=7 (full 0):
 PSYoungGen      total 251904K, used 172474K [0x000000076af80000, 0x000000077db80000, 0x00000007c0000000)
  eden space 245760K, 67% used [0x000000076af80000,0x00000007751f6460,0x0000000779f80000)
  from space 6144K, 99% used [0x000000077b580000,0x000000077bb783f0,0x000000077bb80000)
  to   space 22528K, 0% used [0x0000000779f80000,0x0000000779f80000,0x000000077b580000)
 ParOldGen       total 175104K, used 27798K [0x00000006c0e00000, 0x00000006cb900000, 0x000000076af80000)
  object space 175104K, 15% used [0x00000006c0e00000,0x00000006c2925a58,0x00000006cb900000)
 Metaspace       used 20824K, capacity 21065K, committed 21296K, reserved 1069056K
  class space    used 2254K, capacity 2341K, committed 2432K, reserved 1048576K
Event: 4.926 GC heap after
Heap after GC invocations=7 (full 0):
 PSYoungGen      total 268288K, used 22498K [0x000000076af80000, 0x000000078d580000, 0x00000007c0000000)
  eden space 245760K, 0% used [0x000000076af80000,0x000000076af80000,0x0000000779f80000)
  from space 22528K, 99% used [0x0000000779f80000,0x000000077b578820,0x000000077b580000)
  to   space 35840K, 0% used [0x000000078b280000,0x000000078b280000,0x000000078d580000)
 ParOldGen       total 175104K, used 45123K [0x00000006c0e00000, 0x00000006cb900000, 0x000000076af80000)
  object space 175104K, 25% used [0x00000006c0e00000,0x00000006c3a10e20,0x00000006cb900000)
 Metaspace       used 20824K, capacity 21065K, committed 21296K, reserved 1069056K
  class space    used 2254K, capacity 2341K, committed 2432K, reserved 1048576K
}
Event: 4.926 GC heap before
{Heap before GC invocations=8 (full 1):
 PSYoungGen      total 268288K, used 22498K [0x000000076af80000, 0x000000078d580000, 0x00000007c0000000)
  eden space 245760K, 0% used [0x000000076af80000,0x000000076af80000,0x0000000779f80000)
  from space 22528K, 99% used [0x0000000779f80000,0x000000077b578820,0x000000077b580000)
  to   space 35840K, 0% used [0x000000078b280000,0x000000078b280000,0x000000078d580000)
 ParOldGen       total 175104K, used 45123K [0x00000006c0e00000, 0x00000006cb900000, 0x000000076af80000)
  object space 175104K, 25% used [0x00000006c0e00000,0x00000006c3a10e20,0x00000006cb900000)
 Metaspace       used 20824K, capacity 21065K, committed 21296K, reserved 1069056K
  class space    used 2254K, capacity 2341K, committed 2432K, reserved 1048576K
Event: 5.212 GC heap after
Heap after GC invocations=8 (full 1):
 PSYoungGen      total 268288K, used 0K [0x000000076af80000, 0x000000078d580000, 0x00000007c0000000)
  eden space 245760K, 0% used [0x000000076af80000,0x000000076af80000,0x0000000779f80000)
  from space 22528K, 0% used [0x0000000779f80000,0x0000000779f80000,0x000000077b580000)
  to   space 35840K, 0% used [0x000000078b280000,0x000000078b280000,0x000000078d580000)
 ParOldGen       total 187904K, used 66661K [0x00000006c0e00000, 0x00000006cc580000, 0x000000076af80000)
  object space 187904K, 35% used [0x00000006c0e00000,0x00000006c4f19678,0x00000006cc580000)
 Metaspace       used 20824K, capacity 21065K, committed 21296K, reserved 1069056K
  class space    used 2254K, capacity 2341K, committed 2432K, reserved 1048576K
}
Event: 10.719 GC heap before
{Heap before GC invocations=9 (full 1):
 PSYoungGen      total 268288K, used 245760K [0x000000076af80000, 0x000000078d580000, 0x00000007c0000000)
  eden space 245760K, 100% used [0x000000076af80000,0x0000000779f80000,0x0000000779f80000)
  from space 22528K, 0% used [0x0000000779f80000,0x0000000779f80000,0x000000077b580000)
  to   space 35840K, 0% used [0x000000078b280000,0x000000078b280000,0x000000078d580000)
 ParOldGen       total 187904K, used 66661K [0x00000006c0e00000, 0x00000006cc580000, 0x000000076af80000)
  object space 187904K, 35% used [0x00000006c0e00000,0x00000006c4f19678,0x00000006cc580000)
 Metaspace       used 24781K, capacity 25071K, committed 25344K, reserved 1071104K
  class space    used 2645K, capacity 2730K, committed 2816K, reserved 1048576K
Event: 10.732 GC heap after
Heap after GC invocations=9 (full 1):
 PSYoungGen      total 380416K, used 34106K [0x000000076af80000, 0x000000078d400000, 0x00000007c0000000)
  eden space 346112K, 0% used [0x000000076af80000,0x000000076af80000,0x0000000780180000)
  from space 34304K, 99% used [0x000000078b280000,0x000000078d3ce8a8,0x000000078d400000)
  to   space 41984K, 0% used [0x0000000788200000,0x0000000788200000,0x000000078ab00000)
 ParOldGen       total 187904K, used 66669K [0x00000006c0e00000, 0x00000006cc580000, 0x000000076af80000)
  object space 187904K, 35% used [0x00000006c0e00000,0x00000006c4f1b678,0x00000006cc580000)
 Metaspace       used 24781K, capacity 25071K, committed 25344K, reserved 1071104K
  class space    used 2645K, capacity 2730K, committed 2816K, reserved 1048576K
}

Deoptimization events (10 events):
Event: 9.163 Thread 0x000000001f8bb800 Uncommon trap: reason=unstable_if action=reinterpret pc=0x00000000034a9a8c method=gov.nasa.worldwind.layers.TextureTile.isTextureInMemory(Lgov/nasa/worldwind/cache/GpuResourceCache;)Z @ 31
Event: 9.163 Thread 0x000000001f8bb800 Uncommon trap: reason=unstable_if action=reinterpret pc=0x000000000349ded4 method=gov.nasa.worldwind.layers.TextureTile.isTextureInMemory(Lgov/nasa/worldwind/cache/GpuResourceCache;)Z @ 31
Event: 9.167 Thread 0x000000001f8bb800 Uncommon trap: reason=unstable_if action=reinterpret pc=0x00000000030ad928 method=gov.nasa.worldwind.layers.TextureTile.bind(Lgov/nasa/worldwind/render/DrawContext;)Z @ 30
Event: 9.539 Thread 0x000000001f8bb800 Uncommon trap: reason=array_check action=maybe_recompile pc=0x000000000350a05c method=javax.swing.event.EventListenerList.getListeners(Ljava/lang/Class;)[Ljava/util/EventListener; @ 63
Event: 9.539 Thread 0x000000001f8bb800 Uncommon trap: reason=array_check action=maybe_recompile pc=0x000000000350a05c method=javax.swing.event.EventListenerList.getListeners(Ljava/lang/Class;)[Ljava/util/EventListener; @ 63
Event: 9.539 Thread 0x000000001f8bb800 Uncommon trap: reason=array_check action=maybe_recompile pc=0x000000000350a05c method=javax.swing.event.EventListenerList.getListeners(Ljava/lang/Class;)[Ljava/util/EventListener; @ 63
Event: 9.544 Thread 0x000000001f8bb800 Uncommon trap: reason=array_check action=maybe_recompile pc=0x000000000350a05c method=javax.swing.event.EventListenerList.getListeners(Ljava/lang/Class;)[Ljava/util/EventListener; @ 63
Event: 10.678 Thread 0x000000001f8bb800 Uncommon trap: reason=unstable_if action=reinterpret pc=0x0000000002f4ba20 method=java.util.ArrayList.clear()V @ 17
Event: 10.775 Thread 0x000000001f8bb800 Uncommon trap: reason=unstable_if action=reinterpret pc=0x0000000002d1b318 method=java.lang.Integer.getChars(II[C)V @ 20
Event: 10.775 Thread 0x000000001f8bb800 Uncommon trap: reason=unstable_if action=reinterpret pc=0x0000000002cac7dc method=java.lang.Integer.getChars(II[C)V @ 20

Internal exceptions (10 events):
Event: 0.186 Thread 0x000000000219e800 Exception <a 'java/lang/NoSuchFieldError': method resolution failed> (0x000000076d26b728) thrown at [D:\re\workspace\8-2-build-windows-amd64-cygwin\jdk8u40\2855\hotspot\src\share\vm\prims\methodHandles.cpp, line 1125]
Event: 0.187 Thread 0x000000000219e800 Exception <a 'java/lang/NoSuchFieldError': method resolution failed> (0x000000076d27a088) thrown at [D:\re\workspace\8-2-build-windows-amd64-cygwin\jdk8u40\2855\hotspot\src\share\vm\prims\methodHandles.cpp, line 1125]
Event: 0.976 Thread 0x000000000219e800 Exception <a 'java/lang/InterruptedException'> (0x000000076b26e970) thrown at [D:\re\workspace\8-2-build-windows-amd64-cygwin\jdk8u40\2855\hotspot\src\share\vm\runtime\objectMonitor.cpp, line 1683]
Event: 1.536 Thread 0x000000001ff0e000 Exception <a 'java/lang/NullPointerException'> (0x000000076df9d3b8) thrown at [D:\re\workspace\8-2-build-windows-amd64-cygwin\jdk8u40\2855\hotspot\src\share\vm\interpreter\linkResolver.cpp, line 1178]
Event: 1.554 Thread 0x000000001fea1000 Implicit null exception at 0x0000000002d177cc to 0x0000000002d1786d
Event: 1.883 Thread 0x000000001feb9800 Implicit null exception at 0x0000000002ee1404 to 0x0000000002edfd9d
Event: 5.240 Thread 0x000000000219e800 Exception <a 'java/lang/reflect/InvocationTargetException'> (0x000000076b059478) thrown at [D:\re\workspace\8-2-build-windows-amd64-cygwin\jdk8u40\2855\hotspot\src\share\vm\runtime\reflection.cpp, line 1080]
Event: 5.382 Thread 0x000000001f8bb800 Implicit null exception at 0x000000000291b64f to 0x000000000291b7bd
Event: 6.974 Thread 0x000000001f8bb800 Implicit null exception at 0x0000000002ce8491 to 0x0000000002ce91ed
Event: 6.986 Thread 0x000000001f8bb800 Implicit null exception at 0x0000000002dec59f to 0x0000000002decc31

Events (10 events):
Event: 10.735 Executing VM operation: BulkRevokeBias
Event: 10.735 Executing VM operation: BulkRevokeBias done
Event: 10.770 loading class java/nio/DirectByteBuffer$1
Event: 10.770 loading class java/nio/DirectByteBuffer$1 done
Event: 10.775 Thread 0x000000001f8bb800 Uncommon trap: trap_request=0xffffff65 fr.pc=0x0000000002d1b318
Event: 10.775 Thread 0x000000001f8bb800 DEOPT PACKING pc=0x0000000002d1b318 sp=0x000000002414c620
Event: 10.775 Thread 0x000000001f8bb800 DEOPT UNPACKING pc=0x000000000273582a sp=0x000000002414c528 mode 2
Event: 10.775 Thread 0x000000001f8bb800 Uncommon trap: trap_request=0xffffff65 fr.pc=0x0000000002cac7dc
Event: 10.775 Thread 0x000000001f8bb800 DEOPT PACKING pc=0x0000000002cac7dc sp=0x000000002414c5a0
Event: 10.775 Thread 0x000000001f8bb800 DEOPT UNPACKING pc=0x000000000273582a sp=0x000000002414c518 mode 2


Dynamic libraries:
0x000000013f9b0000 - 0x000000013f9e7000 	C:\Program Files\Java\jre1.8.0_40\bin\javaw.exe
0x00000000771a0000 - 0x0000000077349000 	C:\Windows\SYSTEM32\ntdll.dll
0x0000000077080000 - 0x000000007719f000 	C:\Windows\system32\kernel32.dll
0x000007fefbf30000 - 0x000007fefbf9c000 	C:\Windows\system32\KERNELBASE.dll
0x000007fefde10000 - 0x000007fefdeeb000 	C:\Windows\system32\ADVAPI32.dll
0x000007fefd910000 - 0x000007fefd9af000 	C:\Windows\system32\msvcrt.dll
0x000007fefc5a0000 - 0x000007fefc5bf000 	C:\Windows\SYSTEM32\sechost.dll
0x000007fefc290000 - 0x000007fefc3bd000 	C:\Windows\system32\RPCRT4.dll
0x0000000076f80000 - 0x000000007707a000 	C:\Windows\system32\USER32.dll
0x000007fefdb70000 - 0x000007fefdbd7000 	C:\Windows\system32\GDI32.dll
0x000007fefdb30000 - 0x000007fefdb3e000 	C:\Windows\system32\LPK.dll
0x000007fefc1c0000 - 0x000007fefc289000 	C:\Windows\system32\USP10.dll
0x000007fefa7c0000 - 0x000007fefa9b4000 	C:\Windows\WinSxS\amd64_microsoft.windows.common-controls_6595b64144ccf1df_6.0.7601.18837_none_fa3b1e3d17594757\COMCTL32.dll
0x000007fefe120000 - 0x000007fefe191000 	C:\Windows\system32\SHLWAPI.dll
0x000007fefdb40000 - 0x000007fefdb6e000 	C:\Windows\system32\IMM32.DLL
0x000007fefc000000 - 0x000007fefc109000 	C:\Windows\system32\MSCTF.dll
0x000007fef55c0000 - 0x000007fef5653000 	C:\Program Files (x86)\AVG\AVG2015\avghooka.dll
0x0000000071660000 - 0x0000000071732000 	C:\Program Files\Java\jre1.8.0_40\bin\msvcr100.dll
0x0000000070dd0000 - 0x0000000071653000 	C:\Program Files\Java\jre1.8.0_40\bin\server\jvm.dll
0x000007fef7be0000 - 0x000007fef7be9000 	C:\Windows\system32\WSOCK32.dll
0x000007fefc110000 - 0x000007fefc15d000 	C:\Windows\system32\WS2_32.dll
0x000007fefc8a0000 - 0x000007fefc8a8000 	C:\Windows\system32\NSI.dll
0x000007fef9560000 - 0x000007fef959b000 	C:\Windows\system32\WINMM.dll
0x000007fefad20000 - 0x000007fefad2c000 	C:\Windows\system32\VERSION.dll
0x0000000077370000 - 0x0000000077377000 	C:\Windows\system32\PSAPI.DLL
0x0000000070dc0000 - 0x0000000070dcf000 	C:\Program Files\Java\jre1.8.0_40\bin\verify.dll
0x0000000070d90000 - 0x0000000070db9000 	C:\Program Files\Java\jre1.8.0_40\bin\java.dll
0x0000000070d70000 - 0x0000000070d86000 	C:\Program Files\Java\jre1.8.0_40\bin\zip.dll
0x000007fefc8b0000 - 0x000007fefd639000 	C:\Windows\system32\SHELL32.dll
0x000007fefdc00000 - 0x000007fefde03000 	C:\Windows\system32\ole32.dll
0x000007fefbc40000 - 0x000007fefbc4f000 	C:\Windows\system32\profapi.dll
0x000000005ae40000 - 0x000000005afd8000 	C:\Program Files\Java\jre1.8.0_40\bin\awt.dll
0x000007fefd9b0000 - 0x000007fefda87000 	C:\Windows\system32\OLEAUT32.dll
0x000007fefacb0000 - 0x000007fefacc8000 	C:\Windows\system32\DWMAPI.DLL
0x000007fefa760000 - 0x000007fefa7b6000 	C:\Windows\system32\uxtheme.dll
0x000007fefbae0000 - 0x000007fefbaef000 	C:\Windows\system32\CRYPTBASE.dll
0x000007fee2ff0000 - 0x000007fee31ef000 	C:\Windows\system32\d3d9.dll
0x000007fee4770000 - 0x000007fee4777000 	C:\Windows\system32\d3d8thk.dll
0x000007fef3a80000 - 0x000007fef3be2000 	C:\Windows\system32\aticfx64.dll
0x000007fee2f90000 - 0x000007fee2fb1000 	C:\Windows\system32\atiu9p64.dll
0x000007fee2730000 - 0x000007fee2f8a000 	C:\Windows\system32\atiumd64.dll
0x0000000064d00000 - 0x0000000065586000 	C:\Windows\system32\atiumd6a.dll
0x000007fefacd0000 - 0x000007fefacfc000 	C:\Windows\system32\POWRPROF.dll
0x000007fefc3c0000 - 0x000007fefc597000 	C:\Windows\system32\SETUPAPI.dll
0x000007fefbd10000 - 0x000007fefbd46000 	C:\Windows\system32\CFGMGR32.dll
0x000007fefbec0000 - 0x000007fefbeda000 	C:\Windows\system32\DEVOBJ.dll
0x000007fefb480000 - 0x000007fefb498000 	C:\Windows\system32\CRYPTSP.dll
0x000007fefb140000 - 0x000007fefb187000 	C:\Windows\system32\rsaenh.dll
0x000007fefbf00000 - 0x000007fefbf1e000 	C:\Windows\system32\USERENV.dll
0x0000000070d50000 - 0x0000000070d6a000 	C:\Program Files\Java\jre1.8.0_40\bin\net.dll
0x000007fefb420000 - 0x000007fefb475000 	C:\Windows\system32\mswsock.dll
0x000007fefb410000 - 0x000007fefb417000 	C:\Windows\System32\wship6.dll
0x000007fef92e0000 - 0x000007fef9307000 	C:\Windows\system32\IPHLPAPI.DLL
0x000007fef92b0000 - 0x000007fef92bb000 	C:\Windows\system32\WINNSI.DLL
0x000007fef8f70000 - 0x000007fef8f81000 	C:\Windows\system32\dhcpcsvc6.DLL
0x000007fef8df0000 - 0x000007fef8e08000 	C:\Windows\system32\dhcpcsvc.DLL
0x0000000070d30000 - 0x0000000070d41000 	C:\Program Files\Java\jre1.8.0_40\bin\nio.dll
0x00000000637c0000 - 0x00000000637cd000 	C:\Users\a.debiasi\AppData\Local\Temp\jogamp_0000\file_cache\jln535646681610947168\jln759585221146166846\gluegen-rt.dll
0x0000000067f00000 - 0x0000000067f07000 	C:\Program Files\Java\jre1.8.0_40\bin\jawt.dll
0x000000006a440000 - 0x000000006a44d000 	C:\Users\a.debiasi\AppData\Local\Temp\jogamp_0000\file_cache\jln535646681610947168\jln759585221146166846\nativewindow_awt.dll
0x000000006c100000 - 0x000000006c10f000 	C:\Users\a.debiasi\AppData\Local\Temp\jogamp_0000\file_cache\jln535646681610947168\jln759585221146166846\nativewindow_win32.dll
0x000007fef1d70000 - 0x000007fef1e8d000 	C:\Windows\system32\OpenGL32.dll
0x000007fef53f0000 - 0x000007fef541d000 	C:\Windows\system32\GLU32.dll
0x000007fef52f0000 - 0x000007fef53e1000 	C:\Windows\system32\DDRAW.dll
0x000007fef52e0000 - 0x000007fef52e8000 	C:\Windows\system32\DCIMAN32.dll
0x0000000064500000 - 0x00000000645a0000 	C:\Users\a.debiasi\AppData\Local\Temp\jogamp_0000\file_cache\jln535646681610947168\jln759585221146166846\jogl_desktop.dll
0x000007fef1d30000 - 0x000007fef1d48000 	C:\Windows\system32\atig6pxx.dll
0x00000000264a0000 - 0x000000002829d000 	C:\Windows\system32\atio6axx.dll
0x000007feeabd0000 - 0x000007feead11000 	C:\Windows\system32\atiadlxx.dll
0x000007fefa080000 - 0x000007fefa1ac000 	C:\Windows\system32\PROPSYS.dll
0x000007fefad00000 - 0x000007fefad11000 	C:\Windows\system32\WTSAPI32.dll
0x000007fefbfc0000 - 0x000007fefbffb000 	C:\Windows\system32\WINTRUST.dll
0x000007fefbd50000 - 0x000007fefbebd000 	C:\Windows\system32\CRYPT32.dll
0x000007fefbc50000 - 0x000007fefbc5f000 	C:\Windows\system32\MSASN1.dll
0x000007fedc990000 - 0x000007fedc9bc000 	C:\Windows\system32\atig6txx.dll
0x000007fefadf0000 - 0x000007fefadf7000 	C:\Windows\System32\wshtcpip.dll
0x000007fefb260000 - 0x000007fefb2bb000 	C:\Windows\system32\DNSAPI.dll
0x0000000074ad0000 - 0x0000000074af6000 	C:\Program Files\Bonjour\mdnsNSP.dll
0x000007fef8230000 - 0x000007fef8238000 	C:\Windows\system32\rasadhlp.dll
0x000007fef90f0000 - 0x000007fef9143000 	C:\Windows\System32\fwpuclnt.dll
0x00000000670b0000 - 0x00000000670f7000 	C:\Program Files\Java\jre1.8.0_40\bin\fontmanager.dll
0x0000000067060000 - 0x00000000670a1000 	C:\Program Files\Java\jre1.8.0_40\bin\t2k.dll
0x000007fefdef0000 - 0x000007fefdf89000 	C:\Windows\system32\CLBCatQ.DLL
0x000007fee4940000 - 0x000007fee4a65000 	C:\Windows\system32\dbghelp.dll

VM Arguments:
jvm_args: -Dfile.encoding=Cp1252 
java_command: it.graphitech.smeSpire.Main_STANDALONE_v3
java_class_path (initial): C:\Users\a.debiasi\Dropbox\PHD\workspace\3DArcLensBigDataChallenge\bin;C:\Users\a.debiasi\Dropbox\PHD\workspace\3DArcLensBigDataChallenge\lib\worldwind_2_0\gdal.jar;C:\Users\a.debiasi\Dropbox\PHD\workspace\3DArcLensBigDataChallenge\lib\worldwind_2_0\gluegen-rt-natives-linux-amd64.jar;C:\Users\a.debiasi\Dropbox\PHD\workspace\3DArcLensBigDataChallenge\lib\worldwind_2_0\gluegen-rt-natives-linux-i586.jar;C:\Users\a.debiasi\Dropbox\PHD\workspace\3DArcLensBigDataChallenge\lib\worldwind_2_0\gluegen-rt-natives-macosx-universal.jar;C:\Users\a.debiasi\Dropbox\PHD\workspace\3DArcLensBigDataChallenge\lib\worldwind_2_0\gluegen-rt-natives-windows-amd64.jar;C:\Users\a.debiasi\Dropbox\PHD\workspace\3DArcLensBigDataChallenge\lib\worldwind_2_0\gluegen-rt-natives-windows-i586.jar;C:\Users\a.debiasi\Dropbox\PHD\workspace\3DArcLensBigDataChallenge\lib\worldwind_2_0\gluegen-rt.jar;C:\Users\a.debiasi\Dropbox\PHD\workspace\3DArcLensBigDataChallenge\lib\worldwind_2_0\jogl-all-natives-linux-amd64.jar;C:\Users\a.debiasi\Dropbox\PHD\workspace\3DArcLensBigDataChallenge\lib\worldwind_2_0\jogl-all-natives-linux-i586.jar;C:\Users\a.debiasi\Dropbox\PHD\workspace\3DArcLensBigDataChallenge\lib\worldwind_2_0\jogl-all-natives-macosx-universal.jar;C:\Users\a.debiasi\Dropbox\PHD\workspace\3DArcLensBigDataChallenge\lib\worldwind_2_0\jogl-all-natives-windows-amd64.jar;C:\Users\a.debiasi\Dropbox\PHD\workspace\3DArcLensBigDataChallenge\lib\worldwind_2_0\jogl-all-natives-windows-i586.jar;C:\Users\a.debiasi\Dropbox\PHD\workspace\3DArcLensBigDataChallenge\lib\worldwind_2_0\jogl-all.jar;C:\Users\a.debiasi\Dropbox\PHD\workspace\3DArcLensBigDataChallenge\lib\worldwind_2_0\plugin.jar;C:\Users\a.debiasi\Dropbox\PHD\workspace\3DArcLensBigDataChallenge\lib\worldwind_2_0\vpf-symbols.jar;C:\Users\a.debiasi\Dropbox\PHD\workspace\3DArcLensBigDataChallenge\lib\worldwind_2_0\worldwind.jar;C:\Users\a.debiasi\Dropbox\PHD\workspace\3DArcLensBigDataChallenge\lib\worldwind_2_0\worldwindx.jar
Launcher Type: SUN_STANDARD

Environment Variables:
JAVA_HOME=C:\Program Files\Java\jdk1.8.0_25
PATH=C:\ProgramData\Oracle\Java\javapath;C:\Program Files\Java\jre7;C:\Windows\system32;C:\Windows;C:\Windows\System32\Wbem;C:\Windows\System32\WindowsPowerShell\v1.0\;C:\Program Files (x86)\ATI Technologies\ATI.ACE\Core-Static;C:\Program Files\apache-maven-3.2.3\bin;C:\Program Files\MiKTeX 2.9\miktex\bin\x64\;C:\Program Files (x86)\AMD\ATI.ACE\Core-Static;C:\Program Files\nodejs\;C:\Program Files (x86)\Skype\Phone\;C:\Users\a.debiasi\AppData\Roaming\npm
USERNAME=a.debiasi
OS=Windows_NT
PROCESSOR_IDENTIFIER=Intel64 Family 6 Model 60 Stepping 3, GenuineIntel



---------------  S Y S T E M  ---------------

OS: Windows 7 , 64 bit Build 7601 (6.1.7601.18933)

CPU:total 8 (4 cores per cpu, 2 threads per core) family 6 model 60 stepping 3, cmov, cx8, fxsr, mmx, sse, sse2, sse3, ssse3, sse4.1, sse4.2, popcnt, avx, avx2, aes, clmul, erms, rtm, lzcnt, ht, tsc, tscinvbit, bmi1, bmi2

Memory: 4k page, physical 16713304k(9938608k free), swap 33424768k(25224192k free)

vm_info: Java HotSpot(TM) 64-Bit Server VM (25.40-b25) for windows-amd64 JRE (1.8.0_40-b25), built on Feb 10 2015 21:53:57 by "java_re" with MS VC++ 10.0 (VS2010)

time: Fri Sep 04 18:18:14 2015
elapsed time: 10 seconds (0d 0h 0m 10s)

