#
# A fatal error has been detected by the Java Runtime Environment:
#
#  EXCEPTION_ACCESS_VIOLATION (0xc0000005) at pc=0x00000000276dea97, pid=9684, tid=9864
#
# JRE version: Java(TM) SE Runtime Environment (8.0_40-b25) (build 1.8.0_40-b25)
# Java VM: Java HotSpot(TM) 64-Bit Server VM (25.40-b25 mixed mode windows-amd64 compressed oops)
# Problematic frame:
# C  [atio6axx.dll+0xd0ea97]
#
# Failed to write core dump. Minidumps are not enabled by default on client versions of Windows
#
# If you would like to submit a bug report, please visit:
#   http://bugreport.java.com/bugreport/crash.jsp
# The crash happened outside the Java Virtual Machine in native code.
# See problematic frame for where to report the bug.
#

---------------  T H R E A D  ---------------

Current thread (0x000000001fb10000):  JavaThread "AWT-EventQueue-0" [_thread_in_native, id=9864, stack(0x0000000026320000,0x0000000026420000)]

siginfo: ExceptionCode=0xc0000005, reading address 0x000000078d680000

Registers:
RAX=0xfffffffffd83c300, RBX=0x000000078d680020, RCX=0x000000000001cd7b, RDX=0x000000078bd28010
RSP=0x000000002641c150, RBP=0x0000000000000050, RSI=0x0000000035f48010, RDI=0x00000000027c3d60
R8 =0x0000000000000010, R9 =0x00000000269d0000, R10=0x00000000345f0000, R11=0x00000000345f0000
R12=0x000000000000000f, R13=0x0000000000000000, R14=0x000000000000040d, R15=0x000000002641c338
RIP=0x00000000276dea97, EFLAGS=0x0000000000010203

Top of Stack: (sp=0x000000002641c150)
0x000000002641c150:   0000000000000000 0000000000000000
0x000000002641c160:   000000002641c338 000000000000000d
0x000000002641c170:   0000000028dd4818 0000000027582505
0x000000002641c180:   00000000027c3d60 00000000027c3d60
0x000000002641c190:   0000000000000001 0000000028dd5fe8
0x000000002641c1a0:   00000000027c3d60 0000000000000002
0x000000002641c1b0:   000000002984d098 000000003f4ccccd
0x000000002641c1c0:   0000e72d00000000 0000000000000000
0x000000002641c1d0:   0000000000000000 0000000000000005
0x000000002641c1e0:   00000000027c3d60 0000000100000000
0x000000002641c1f0:   0000000000000002 000000002641c3c0
0x000000002641c200:   000000003f4ccccd 0000000000000000
0x000000002641c210:   000000002984d070 0000000023455ed0
0x000000002641c220:   000000002641c330 0000000000000000
0x000000002641c230:   0000000028cf74a0 0000000000000000
0x000000002641c240:   0000000028cf9370 00000000275393f4 

Instructions: (pc=0x00000000276dea97)
0x00000000276dea77:   0f 28 43 a0 0f 2b 46 a0 0f 28 43 b0 0f 2b 46 b0
0x00000000276dea87:   0f 28 43 c0 0f 2b 46 c0 0f 28 43 d0 0f 2b 46 d0
0x00000000276dea97:   0f 28 43 e0 0f 2b 46 e0 0f 28 43 f0 0f 2b 46 f0
0x00000000276deaa7:   48 ff c9 75 b4 0f ae f8 48 85 ed 74 0e 4c 8b c5 


Register to memory mapping:

RAX=0xfffffffffd83c300 is an unknown value
RBX=0x000000078d680020 is an unallocated location in the heap
RCX=0x000000000001cd7b is an unknown value
RDX=0x000000078bd28010 is an oop

[error occurred during error reporting (printing register info), id 0xc0000005]

Stack: [0x0000000026320000,0x0000000026420000],  sp=0x000000002641c150,  free space=1008k
Native frames: (J=compiled Java code, j=interpreted, Vv=VM code, C=native code)
C  [atio6axx.dll+0xd0ea97]
C  [atio6axx.dll+0xbb2505]
C  [atio6axx.dll+0xb6bc14]
C  [atio6axx.dll+0xb6b564]
C  [atio6axx.dll+0xb46cbd]
C  [atio6axx.dll+0x1c4025]
C  [atio6axx.dll+0x60547e]
C  [jogl_desktop.dll+0xb5a2]
C  0x0000000002785e34

Java frames: (J=compiled Java code, j=interpreted, Vv=VM code)
j  jogamp.opengl.gl4.GL4bcImpl.dispatch_glBufferData(IJLjava/lang/Object;IZIJ)V+0
j  jogamp.opengl.gl4.GL4bcImpl.access$000(Ljogamp/opengl/gl4/GL4bcImpl;IJLjava/lang/Object;IZIJ)V+13
j  jogamp.opengl.gl4.GL4bcImpl$1.create(IJLjava/nio/Buffer;IJ)V+52
j  jogamp.opengl.GLBufferObjectTracker.createBufferStorage(Ljogamp/opengl/GLBufferStateTracker;Ljavax/media/opengl/GL;IJLjava/nio/Buffer;IILjogamp/opengl/GLBufferObjectTracker$CreateStorageDispatch;J)V+209
j  jogamp.opengl.gl4.GL4bcImpl.glBufferData(IJLjava/nio/Buffer;I)V+67
j  it.graphitech.smeSpire.layers.MyRenderableLayer.bindIntData(Lgov/nasa/worldwind/render/DrawContext;ILjava/nio/IntBuffer;I)V+40
j  it.graphitech.smeSpire.layers.MyRenderableLayer.doRenderNow(Lgov/nasa/worldwind/render/DrawContext;)V+363
j  it.graphitech.smeSpire.layers.MyRenderableLayer.doRender(Lgov/nasa/worldwind/render/DrawContext;)V+40
J 3545 C1 gov.nasa.worldwind.layers.AbstractLayer.render(Lgov/nasa/worldwind/render/DrawContext;)V (123 bytes) @ 0x0000000003186b64 [0x00000000031851e0+0x1984]
j  it.graphitech.shader.ShadingDecorator.render(Lgov/nasa/worldwind/render/DrawContext;Lgov/nasa/worldwind/layers/Layer;)V+266
j  it.graphitech.shader.DecoratedLayer.render(Lgov/nasa/worldwind/render/DrawContext;)V+9
J 3647 C1 it.graphitech.core.MyAbstractSceneController.draw(Lgov/nasa/worldwind/render/DrawContext;)V (398 bytes) @ 0x00000000032436bc [0x0000000003243040+0x67c]
j  it.graphitech.core.MyBasicSceneController.doRepaint(Lgov/nasa/worldwind/render/DrawContext;)V+68
j  it.graphitech.core.MyAbstractSceneController.repaint()I+58
j  gov.nasa.worldwind.WorldWindowGLAutoDrawable.doDisplay()I+4
j  gov.nasa.worldwind.WorldWindowGLAutoDrawable.display(Ljavax/media/opengl/GLAutoDrawable;)V+122
j  jogamp.opengl.GLDrawableHelper.displayImpl(Ljavax/media/opengl/GLAutoDrawable;)V+81
j  jogamp.opengl.GLDrawableHelper.display(Ljavax/media/opengl/GLAutoDrawable;)V+2
j  javax.media.opengl.awt.GLCanvas$10.run()V+118
j  jogamp.opengl.GLDrawableHelper.invokeGLImpl(Ljavax/media/opengl/GLDrawable;Ljavax/media/opengl/GLContext;Ljava/lang/Runnable;Ljava/lang/Runnable;)V+206
J 4294 C1 jogamp.opengl.GLDrawableHelper.invokeGL(Ljavax/media/opengl/GLDrawable;Ljavax/media/opengl/GLContext;Ljava/lang/Runnable;Ljava/lang/Runnable;)V (84 bytes) @ 0x00000000034dc244 [0x00000000034dc180+0xc4]
J 4293 C1 javax.media.opengl.awt.GLCanvas$11.run()V (95 bytes) @ 0x00000000034dca04 [0x00000000034dc600+0x404]
J 3881 C1 javax.media.opengl.Threading.invoke(ZLjava/lang/Runnable;Ljava/lang/Object;)V (39 bytes) @ 0x00000000032f2dc4 [0x00000000032f2ac0+0x304]
j  javax.media.opengl.awt.GLCanvas.display()V+64
J 4285 C1 javax.media.opengl.awt.GLCanvas.paint(Ljava/awt/Graphics;)V (141 bytes) @ 0x00000000034d97e4 [0x00000000034d89a0+0xe44]
J 4309 C1 javax.media.opengl.awt.GLCanvas.update(Ljava/awt/Graphics;)V (6 bytes) @ 0x00000000034ed874 [0x00000000034ed780+0xf4]
J 4328 C1 sun.awt.RepaintArea.paint(Ljava/lang/Object;Z)V (354 bytes) @ 0x00000000035080d4 [0x0000000003506f20+0x11b4]
J 3933 C1 sun.awt.windows.WComponentPeer.handleEvent(Ljava/awt/AWTEvent;)V (173 bytes) @ 0x0000000003327ff4 [0x0000000003327100+0xef4]
J 4168 C1 java.awt.Component.dispatchEventImpl(Ljava/awt/AWTEvent;)V (883 bytes) @ 0x00000000034427cc [0x000000000343b280+0x754c]
J 3648 C1 java.awt.EventQueue.dispatchEventImpl(Ljava/awt/AWTEvent;Ljava/lang/Object;)V (149 bytes) @ 0x0000000003241224 [0x000000000323fb80+0x16a4]
J 3439 C1 java.awt.EventQueue$3.run()Ljava/lang/Void; (60 bytes) @ 0x000000000313729c [0x0000000003137080+0x21c]
J 3438 C1 java.awt.EventQueue$3.run()Ljava/lang/Object; (5 bytes) @ 0x0000000003136d0c [0x0000000003136c80+0x8c]
v  ~StubRoutines::call_stub
J 1317  java.security.AccessController.doPrivileged(Ljava/security/PrivilegedAction;Ljava/security/AccessControlContext;)Ljava/lang/Object; (0 bytes) @ 0x0000000002c2e426 [0x0000000002c2e3c0+0x66]
J 3127 C1 java.security.ProtectionDomain$1.doIntersectionPrivilege(Ljava/security/PrivilegedAction;Ljava/security/AccessControlContext;Ljava/security/AccessControlContext;)Ljava/lang/Object; (32 bytes) @ 0x0000000002e58244 [0x0000000002e57f40+0x304]
J 3913 C1 java.awt.EventQueue$4.run()Ljava/lang/Object; (5 bytes) @ 0x000000000330de94 [0x000000000330daa0+0x3f4]
v  ~StubRoutines::call_stub
J 1317  java.security.AccessController.doPrivileged(Ljava/security/PrivilegedAction;Ljava/security/AccessControlContext;)Ljava/lang/Object; (0 bytes) @ 0x0000000002c2e426 [0x0000000002c2e3c0+0x66]
J 3291 C1 java.awt.EventQueue.dispatchEvent(Ljava/awt/AWTEvent;)V (80 bytes) @ 0x00000000030a74b4 [0x00000000030a67c0+0xcf4]
J 3298 C1 java.awt.EventDispatchThread.pumpOneEventForFilters(I)V (295 bytes) @ 0x00000000030ad494 [0x00000000030ab7c0+0x1cd4]
j  java.awt.EventDispatchThread.pumpEventsForFilter(ILjava/awt/Conditional;Ljava/awt/EventFilter;)V+35
j  java.awt.EventDispatchThread.pumpEventsForHierarchy(ILjava/awt/Conditional;Ljava/awt/Component;)V+11
j  java.awt.EventDispatchThread.pumpEvents(ILjava/awt/Conditional;)V+4
j  java.awt.EventDispatchThread.pumpEvents(Ljava/awt/Conditional;)V+3
j  java.awt.EventDispatchThread.run()V+9
v  ~StubRoutines::call_stub

---------------  P R O C E S S  ---------------

Java Threads: ( => current thread )
  0x0000000020b6e000 JavaThread "Idle World Wind Task " daemon [_thread_blocked, id=4012, stack(0x0000000032100000,0x0000000032200000)]
  0x0000000020b6d000 JavaThread "Idle World Wind Task " daemon [_thread_blocked, id=9660, stack(0x0000000032430000,0x0000000032530000)]
  0x0000000020b6c800 JavaThread "Idle World Wind Task " daemon [_thread_blocked, id=8248, stack(0x0000000032210000,0x0000000032310000)]
  0x0000000020b6b000 JavaThread "Idle World Wind Task " daemon [_thread_blocked, id=9372, stack(0x000000002fff0000,0x00000000300f0000)]
  0x0000000020b6a000 JavaThread "Idle World Wind Task " daemon [_thread_blocked, id=9700, stack(0x000000002fef0000,0x000000002fff0000)]
  0x0000000020b69000 JavaThread "Idle World Wind Task " daemon [_thread_blocked, id=7140, stack(0x000000002dde0000,0x000000002dee0000)]
  0x0000000020b68800 JavaThread "Idle World Wind Task " daemon [_thread_blocked, id=10084, stack(0x000000002fd90000,0x000000002fe90000)]
  0x0000000020b67800 JavaThread "Idle World Wind Task " daemon [_thread_blocked, id=8272, stack(0x000000002fc20000,0x000000002fd20000)]
  0x0000000020b66000 JavaThread "DestroyJavaVM" [_thread_blocked, id=9424, stack(0x00000000023a0000,0x00000000024a0000)]
  0x0000000020b65800 JavaThread "D3D Screen Updater" daemon [_thread_blocked, id=8508, stack(0x000000002dcc0000,0x000000002ddc0000)]
  0x0000000020b64800 JavaThread "Thread-38" daemon [_thread_in_native, id=9520, stack(0x000000002a1a0000,0x000000002a2a0000)]
  0x0000000020b64000 JavaThread "Thread-37" daemon [_thread_in_native, id=9812, stack(0x000000002c900000,0x000000002ca00000)]
  0x0000000020b63000 JavaThread "Thread-36" daemon [_thread_in_native, id=10140, stack(0x000000002c7f0000,0x000000002c8f0000)]
  0x0000000020b62800 JavaThread "Thread-35" [_thread_blocked, id=5392, stack(0x000000002b260000,0x000000002b360000)]
  0x0000000020b61800 JavaThread "Thread-34" [_thread_blocked, id=6592, stack(0x000000002ae90000,0x000000002af90000)]
  0x0000000020b61000 JavaThread "Thread-33" daemon [_thread_in_native, id=4112, stack(0x0000000025880000,0x0000000025980000)]
  0x00000000203fd000 JavaThread "Thread-32" [_thread_blocked, id=6764, stack(0x0000000025990000,0x0000000025a90000)]
  0x00000000203fc000 JavaThread "Thread-31" [_thread_blocked, id=8792, stack(0x0000000025760000,0x0000000025860000)]
  0x00000000203fb800 JavaThread "Thread-30" daemon [_thread_in_native, id=10220, stack(0x0000000025050000,0x0000000025150000)]
  0x00000000203fa800 JavaThread "Thread-29" daemon [_thread_in_native, id=8676, stack(0x00000000254f0000,0x00000000255f0000)]
  0x00000000203fa000 JavaThread "Thread-28" [_thread_blocked, id=8280, stack(0x00000000252f0000,0x00000000253f0000)]
  0x00000000203f9000 JavaThread "Thread-27" [_thread_blocked, id=9344, stack(0x00000000251c0000,0x00000000252c0000)]
  0x00000000203f8800 JavaThread "Thread-26" daemon [_thread_in_native, id=9516, stack(0x0000000024f30000,0x0000000025030000)]
  0x00000000203f7800 JavaThread "Thread-25" daemon [_thread_in_native, id=8756, stack(0x0000000024d70000,0x0000000024e70000)]
  0x00000000203f7000 JavaThread "Thread-24" [_thread_blocked, id=4520, stack(0x0000000024bf0000,0x0000000024cf0000)]
  0x00000000203f6000 JavaThread "Thread-23" [_thread_blocked, id=4352, stack(0x0000000024ab0000,0x0000000024bb0000)]
  0x00000000203f5800 JavaThread "Thread-22" daemon [_thread_in_native, id=9844, stack(0x000000002b0c0000,0x000000002b1c0000)]
  0x00000000203ee800 JavaThread "Thread-21" daemon [_thread_in_native, id=9172, stack(0x000000002af90000,0x000000002b090000)]
  0x00000000203ed800 JavaThread "Thread-20" [_thread_blocked, id=3032, stack(0x000000002ad70000,0x000000002ae70000)]
  0x00000000203f0000 JavaThread "Thread-19" [_thread_blocked, id=8820, stack(0x000000002ac70000,0x000000002ad70000)]
  0x00000000203f4800 JavaThread "Thread-18" daemon [_thread_in_native, id=9140, stack(0x000000002b6a0000,0x000000002b7a0000)]
  0x00000000203f4000 JavaThread "Thread-17" daemon [_thread_in_native, id=6360, stack(0x000000002b540000,0x000000002b640000)]
  0x00000000203ef000 JavaThread "Thread-16" [_thread_blocked, id=5836, stack(0x0000000023900000,0x0000000023a00000)]
  0x00000000203f2000 JavaThread "Thread-15" [_thread_blocked, id=9176, stack(0x00000000236f0000,0x00000000237f0000)]
  0x00000000203f3000 JavaThread "Keep-Alive-Timer" daemon [_thread_blocked, id=8512, stack(0x000000002ab30000,0x000000002ac30000)]
  0x00000000203f1800 JavaThread "Thread-13" daemon [_thread_blocked, id=9584, stack(0x000000002b3c0000,0x000000002b4c0000)]
  0x00000000203f0800 JavaThread "TimerQueue" daemon [_thread_blocked, id=9924, stack(0x000000002aa00000,0x000000002ab00000)]
  0x000000001fc18800 JavaThread "main-SharedResourceRunner" daemon [_thread_blocked, id=10088, stack(0x0000000026720000,0x0000000026820000)]
=>0x000000001fb10000 JavaThread "AWT-EventQueue-0" [_thread_in_native, id=9864, stack(0x0000000026320000,0x0000000026420000)]
  0x000000001fa70000 JavaThread "AWT-Windows" daemon [_thread_in_native, id=2988, stack(0x0000000021140000,0x0000000021240000)]
  0x000000001f72f800 JavaThread "AWT-Shutdown" [_thread_blocked, id=6720, stack(0x000000001f3d0000,0x000000001f4d0000)]
  0x000000001f72f000 JavaThread "Java2D Disposer" daemon [_thread_blocked, id=9508, stack(0x0000000020ed0000,0x0000000020fd0000)]
  0x000000001d820800 JavaThread "Service Thread" daemon [_thread_blocked, id=9920, stack(0x000000001f4d0000,0x000000001f5d0000)]
  0x000000001d796000 JavaThread "C1 CompilerThread3" daemon [_thread_blocked, id=9632, stack(0x000000001f2d0000,0x000000001f3d0000)]
  0x000000001d795800 JavaThread "C2 CompilerThread2" daemon [_thread_blocked, id=5016, stack(0x000000001f020000,0x000000001f120000)]
  0x000000001d78a000 JavaThread "C2 CompilerThread1" daemon [_thread_in_native, id=3152, stack(0x000000001eec0000,0x000000001efc0000)]
  0x000000001d784800 JavaThread "C2 CompilerThread0" daemon [_thread_blocked, id=8256, stack(0x000000001eb10000,0x000000001ec10000)]
  0x000000001d781000 JavaThread "Attach Listener" daemon [_thread_blocked, id=9408, stack(0x000000001ed20000,0x000000001ee20000)]
  0x000000001d780000 JavaThread "Signal Dispatcher" daemon [_thread_blocked, id=5224, stack(0x000000001ec20000,0x000000001ed20000)]
  0x000000001c7db800 JavaThread "Finalizer" daemon [_thread_blocked, id=7240, stack(0x000000001e720000,0x000000001e820000)]
  0x000000001c7d4800 JavaThread "Reference Handler" daemon [_thread_blocked, id=8500, stack(0x000000001e9b0000,0x000000001eab0000)]

Other Threads:
  0x000000001d732000 VMThread [stack: 0x000000001e840000,0x000000001e940000] [id=9292]
  0x000000001d825000 WatcherThread [stack: 0x000000001f180000,0x000000001f280000] [id=4048]

VM state:not at safepoint (normal execution)

VM Mutex/Monitor currently owned by a thread: None

Heap:
 PSYoungGen      total 374272K, used 147979K [0x000000076af80000, 0x000000078d680000, 0x00000007c0000000)
  eden space 338432K, 33% used [0x000000076af80000,0x0000000771d04d30,0x000000077fa00000)
  from space 35840K, 99% used [0x000000078b380000,0x000000078d67e1f0,0x000000078d680000)
  to   space 45056K, 0% used [0x0000000787e80000,0x0000000787e80000,0x000000078aa80000)
 ParOldGen       total 190464K, used 72110K [0x00000006c0e00000, 0x00000006cc800000, 0x000000076af80000)
  object space 190464K, 37% used [0x00000006c0e00000,0x00000006c546b900,0x00000006cc800000)
 Metaspace       used 24857K, capacity 25135K, committed 25600K, reserved 1073152K
  class space    used 2647K, capacity 2730K, committed 2816K, reserved 1048576K

Card table byte_map: [0x0000000011b30000,0x0000000012330000] byte_map_base: 0x000000000e529000

Marking Bits: (ParMarkBitMap*) 0x00000000715d4040
 Begin Bits: [0x0000000013660000, 0x0000000017628000)
 End Bits:   [0x0000000017628000, 0x000000001b5f0000)

Polling page: 0x0000000000240000

CodeCache: size=245760Kb used=14293Kb max_used=14309Kb free=231466Kb
 bounds [0x0000000002770000, 0x0000000003580000, 0x0000000011770000]
 total_blobs=4901 nmethods=3946 adapters=866
 compilation: enabled

Compilation events (10 events):
Event: 9.410 Thread 0x000000001d795800 4490       4       java.nio.DirectByteBuffer$Deallocator::<init> (9 bytes)
Event: 9.410 Thread 0x000000001d795800 nmethod 4490 0x0000000003574510 code [0x0000000003574640, 0x00000000035746b8]
Event: 9.413 Thread 0x000000001d795800 4491       4       it.graphitech.smeSpire.lines.cubicCurve.CubicSplinePolyline::initPreProcessingStuff (19 bytes)
Event: 9.436 Thread 0x000000001d784800 nmethod 4484 0x0000000003578fd0 code [0x0000000003579240, 0x000000000357adb0]
Event: 9.436 Thread 0x000000001d784800 4492       4       it.graphitech.smeSpire.lines.cubicCurve.CubicSplinePolyline::createBuffers (29 bytes)
Event: 9.441 Thread 0x000000001d795800 nmethod 4491 0x00000000035768d0 code [0x0000000003576aa0, 0x0000000003578018]
Event: 9.442 Thread 0x000000001d795800 4493       4       java.nio.DirectByteBuffer::asFloatBuffer (151 bytes)
Event: 9.444 Thread 0x000000001d795800 nmethod 4493 0x000000000356dc10 code [0x000000000356dd60, 0x000000000356def8]
Event: 9.444 Thread 0x000000001d784800 nmethod 4492 0x000000000356ff10 code [0x0000000003570080, 0x00000000035705a8]
Event: 9.444 Thread 0x000000001d784800 4494       4       it.graphitech.smeSpire.lines.cubicCurve.CubicSplinePolyline::initUpdateControlPoints (41 bytes)

GC Heap History (10 events):
Event: 1.240 GC heap before
{Heap before GC invocations=5 (full 0):
 PSYoungGen      total 141824K, used 135777K [0x000000076af80000, 0x0000000774480000, 0x00000007c0000000)
  eden space 131072K, 100% used [0x000000076af80000,0x0000000772f80000,0x0000000772f80000)
  from space 10752K, 43% used [0x0000000773a00000,0x0000000773e98758,0x0000000774480000)
  to   space 10752K, 0% used [0x0000000772f80000,0x0000000772f80000,0x0000000773a00000)
 ParOldGen       total 175104K, used 104K [0x00000006c0e00000, 0x00000006cb900000, 0x000000076af80000)
  object space 175104K, 0% used [0x00000006c0e00000,0x00000006c0e1a010,0x00000006cb900000)
 Metaspace       used 18603K, capacity 18865K, committed 19072K, reserved 1067008K
  class space    used 1982K, capacity 2081K, committed 2176K, reserved 1048576K
Event: 1.243 GC heap after
Heap after GC invocations=5 (full 0):
 PSYoungGen      total 141824K, used 4960K [0x000000076af80000, 0x000000077bb80000, 0x00000007c0000000)
  eden space 131072K, 0% used [0x000000076af80000,0x000000076af80000,0x0000000772f80000)
  from space 10752K, 46% used [0x0000000772f80000,0x0000000773458040,0x0000000773a00000)
  to   space 6144K, 0% used [0x000000077b580000,0x000000077b580000,0x000000077bb80000)
 ParOldGen       total 175104K, used 112K [0x00000006c0e00000, 0x00000006cb900000, 0x000000076af80000)
  object space 175104K, 0% used [0x00000006c0e00000,0x00000006c0e1c010,0x00000006cb900000)
 Metaspace       used 18603K, capacity 18865K, committed 19072K, reserved 1067008K
  class space    used 1982K, capacity 2081K, committed 2176K, reserved 1048576K
}
Event: 1.992 GC heap before
{Heap before GC invocations=6 (full 0):
 PSYoungGen      total 141824K, used 136032K [0x000000076af80000, 0x000000077bb80000, 0x00000007c0000000)
  eden space 131072K, 100% used [0x000000076af80000,0x0000000772f80000,0x0000000772f80000)
  from space 10752K, 46% used [0x0000000772f80000,0x0000000773458040,0x0000000773a00000)
  to   space 6144K, 0% used [0x000000077b580000,0x000000077b580000,0x000000077bb80000)
 ParOldGen       total 175104K, used 112K [0x00000006c0e00000, 0x00000006cb900000, 0x000000076af80000)
  object space 175104K, 0% used [0x00000006c0e00000,0x00000006c0e1c010,0x00000006cb900000)
 Metaspace       used 20679K, capacity 21001K, committed 21296K, reserved 1069056K
  class space    used 2247K, capacity 2341K, committed 2432K, reserved 1048576K
Event: 2.011 GC heap after
Heap after GC invocations=6 (full 0):
 PSYoungGen      total 252416K, used 6128K [0x000000076af80000, 0x000000077da80000, 0x00000007c0000000)
  eden space 246272K, 0% used [0x000000076af80000,0x000000076af80000,0x000000077a000000)
  from space 6144K, 99% used [0x000000077b580000,0x000000077bb7c050,0x000000077bb80000)
  to   space 22016K, 0% used [0x000000077a000000,0x000000077a000000,0x000000077b580000)
 ParOldGen       total 175104K, used 27585K [0x00000006c0e00000, 0x00000006cb900000, 0x000000076af80000)
  object space 175104K, 15% used [0x00000006c0e00000,0x00000006c28f06d8,0x00000006cb900000)
 Metaspace       used 20679K, capacity 21001K, committed 21296K, reserved 1069056K
  class space    used 2247K, capacity 2341K, committed 2432K, reserved 1048576K
}
Event: 5.202 GC heap before
{Heap before GC invocations=7 (full 0):
 PSYoungGen      total 252416K, used 175467K [0x000000076af80000, 0x000000077da80000, 0x00000007c0000000)
  eden space 246272K, 68% used [0x000000076af80000,0x00000007754ded58,0x000000077a000000)
  from space 6144K, 99% used [0x000000077b580000,0x000000077bb7c050,0x000000077bb80000)
  to   space 22016K, 0% used [0x000000077a000000,0x000000077a000000,0x000000077b580000)
 ParOldGen       total 175104K, used 27585K [0x00000006c0e00000, 0x00000006cb900000, 0x000000076af80000)
  object space 175104K, 15% used [0x00000006c0e00000,0x00000006c28f06d8,0x00000006cb900000)
 Metaspace       used 20823K, capacity 21065K, committed 21296K, reserved 1069056K
  class space    used 2253K, capacity 2341K, committed 2432K, reserved 1048576K
Event: 5.234 GC heap after
Heap after GC invocations=7 (full 0):
 PSYoungGen      total 268288K, used 22010K [0x000000076af80000, 0x000000078d680000, 0x00000007c0000000)
  eden space 246272K, 0% used [0x000000076af80000,0x000000076af80000,0x000000077a000000)
  from space 22016K, 99% used [0x000000077a000000,0x000000077b57e860,0x000000077b580000)
  to   space 35840K, 0% used [0x000000078b380000,0x000000078b380000,0x000000078d680000)
 ParOldGen       total 175104K, used 45540K [0x00000006c0e00000, 0x00000006cb900000, 0x000000076af80000)
  object space 175104K, 26% used [0x00000006c0e00000,0x00000006c3a79328,0x00000006cb900000)
 Metaspace       used 20823K, capacity 21065K, committed 21296K, reserved 1069056K
  class space    used 2253K, capacity 2341K, committed 2432K, reserved 1048576K
}
Event: 5.234 GC heap before
{Heap before GC invocations=8 (full 1):
 PSYoungGen      total 268288K, used 22010K [0x000000076af80000, 0x000000078d680000, 0x00000007c0000000)
  eden space 246272K, 0% used [0x000000076af80000,0x000000076af80000,0x000000077a000000)
  from space 22016K, 99% used [0x000000077a000000,0x000000077b57e860,0x000000077b580000)
  to   space 35840K, 0% used [0x000000078b380000,0x000000078b380000,0x000000078d680000)
 ParOldGen       total 175104K, used 45540K [0x00000006c0e00000, 0x00000006cb900000, 0x000000076af80000)
  object space 175104K, 26% used [0x00000006c0e00000,0x00000006c3a79328,0x00000006cb900000)
 Metaspace       used 20823K, capacity 21065K, committed 21296K, reserved 1069056K
  class space    used 2253K, capacity 2341K, committed 2432K, reserved 1048576K
Event: 5.534 GC heap after
Heap after GC invocations=8 (full 1):
 PSYoungGen      total 268288K, used 0K [0x000000076af80000, 0x000000078d680000, 0x00000007c0000000)
  eden space 246272K, 0% used [0x000000076af80000,0x000000076af80000,0x000000077a000000)
  from space 22016K, 0% used [0x000000077a000000,0x000000077a000000,0x000000077b580000)
  to   space 35840K, 0% used [0x000000078b380000,0x000000078b380000,0x000000078d680000)
 ParOldGen       total 190464K, used 66655K [0x00000006c0e00000, 0x00000006cc800000, 0x000000076af80000)
  object space 190464K, 34% used [0x00000006c0e00000,0x00000006c4f17ce0,0x00000006cc800000)
 Metaspace       used 20823K, capacity 21065K, committed 21296K, reserved 1069056K
  class space    used 2253K, capacity 2341K, committed 2432K, reserved 1048576K
}
Event: 9.363 GC heap before
{Heap before GC invocations=9 (full 1):
 PSYoungGen      total 268288K, used 246272K [0x000000076af80000, 0x000000078d680000, 0x00000007c0000000)
  eden space 246272K, 100% used [0x000000076af80000,0x000000077a000000,0x000000077a000000)
  from space 22016K, 0% used [0x000000077a000000,0x000000077a000000,0x000000077b580000)
  to   space 35840K, 0% used [0x000000078b380000,0x000000078b380000,0x000000078d680000)
 ParOldGen       total 190464K, used 66655K [0x00000006c0e00000, 0x00000006cc800000, 0x000000076af80000)
  object space 190464K, 34% used [0x00000006c0e00000,0x00000006c4f17ce0,0x00000006cc800000)
 Metaspace       used 24853K, capacity 25135K, committed 25600K, reserved 1073152K
  class space    used 2646K, capacity 2730K, committed 2816K, reserved 1048576K
Event: 9.379 GC heap after
Heap after GC invocations=9 (full 1):
 PSYoungGen      total 374272K, used 35832K [0x000000076af80000, 0x000000078d680000, 0x00000007c0000000)
  eden space 338432K, 0% used [0x000000076af80000,0x000000076af80000,0x000000077fa00000)
  from space 35840K, 99% used [0x000000078b380000,0x000000078d67e1f0,0x000000078d680000)
  to   space 45056K, 0% used [0x0000000787e80000,0x0000000787e80000,0x000000078aa80000)
 ParOldGen       total 190464K, used 72110K [0x00000006c0e00000, 0x00000006cc800000, 0x000000076af80000)
  object space 190464K, 37% used [0x00000006c0e00000,0x00000006c546b900,0x00000006cc800000)
 Metaspace       used 24853K, capacity 25135K, committed 25600K, reserved 1073152K
  class space    used 2646K, capacity 2730K, committed 2816K, reserved 1048576K
}

Deoptimization events (10 events):
Event: 7.378 Thread 0x000000001fb10000 Uncommon trap: reason=unstable_if action=reinterpret pc=0x0000000002daa0e4 method=com.jogamp.opengl.util.texture.Texture.validateTexID(Ljavax/media/opengl/GL;Z)Z @ 5
Event: 7.391 Thread 0x000000001fb10000 Uncommon trap: reason=unstable_if action=reinterpret pc=0x000000000300ec98 method=gov.nasa.worldwind.geom.Angle.equals(Ljava/lang/Object;)Z @ 2
Event: 7.661 Thread 0x000000001fb10000 Uncommon trap: reason=unstable_if action=reinterpret pc=0x00000000031cc8b8 method=gov.nasa.worldwind.geom.Matrix.multiply(Lgov/nasa/worldwind/geom/Matrix;)Lgov/nasa/worldwind/geom/Matrix; @ 665
Event: 7.695 Thread 0x000000001fb10000 Uncommon trap: reason=unstable_if action=reinterpret pc=0x0000000002e5377c method=gov.nasa.worldwind.terrain.BasicElevationModel.lookupElevation(Lgov/nasa/worldwind/geom/Angle;Lgov/nasa/worldwind/geom/Angle;Lgov/nasa/worldwind/terrain/BasicElevationModel$EŠ“l(:@
Event: 7.780 Thread 0x000000001fb10000 Uncommon trap: reason=unstable_if action=reinterpret pc=0x00000000031b0d28 method=gov.nasa.worldwind.geom.Box.intersects(Lgov/nasa/worldwind/geom/Frustum;)Z @ 134
Event: 8.201 Thread 0x000000001fb10000 Uncommon trap: reason=predicate action=maybe_recompile pc=0x0000000003421fd4 method=java.util.Arrays.fill([Ljava/lang/Object;Ljava/lang/Object;)V @ 10
Event: 8.207 Thread 0x000000001fb10000 Uncommon trap: reason=array_check action=maybe_recompile pc=0x00000000033cd2c0 method=java.util.Arrays.fill([Ljava/lang/Object;Ljava/lang/Object;)V @ 13
Event: 9.323 Thread 0x000000001fb10000 Uncommon trap: reason=unstable_if action=reinterpret pc=0x0000000003009f6c method=java.util.ArrayList.clear()V @ 17
Event: 9.426 Thread 0x000000001fb10000 Uncommon trap: reason=unstable_if action=reinterpret pc=0x0000000002db2e58 method=java.lang.Integer.getChars(II[C)V @ 20
Event: 9.426 Thread 0x000000001fb10000 Uncommon trap: reason=unstable_if action=reinterpret pc=0x0000000002d3c8dc method=java.lang.Integer.getChars(II[C)V @ 20

Internal exceptions (10 events):
Event: 0.154 Thread 0x000000000029e800 Exception <a 'java/io/FileNotFoundException'> (0x000000076d1595a0) thrown at [D:\re\workspace\8-2-build-windows-amd64-cygwin\jdk8u40\2855\hotspot\src\share\vm\prims\jni.cpp, line 709]
Event: 0.168 Thread 0x000000000029e800 Exception <a 'java/io/FileNotFoundException'> (0x000000076d197f00) thrown at [D:\re\workspace\8-2-build-windows-amd64-cygwin\jdk8u40\2855\hotspot\src\share\vm\prims\jni.cpp, line 709]
Event: 0.190 Thread 0x000000000029e800 Exception <a 'java/lang/NoSuchFieldError': method resolution failed> (0x000000076d26b728) thrown at [D:\re\workspace\8-2-build-windows-amd64-cygwin\jdk8u40\2855\hotspot\src\share\vm\prims\methodHandles.cpp, line 1125]
Event: 0.191 Thread 0x000000000029e800 Exception <a 'java/lang/NoSuchFieldError': method resolution failed> (0x000000076d27a088) thrown at [D:\re\workspace\8-2-build-windows-amd64-cygwin\jdk8u40\2855\hotspot\src\share\vm\prims\methodHandles.cpp, line 1125]
Event: 0.983 Thread 0x000000000029e800 Exception <a 'java/lang/InterruptedException'> (0x000000076b26e958) thrown at [D:\re\workspace\8-2-build-windows-amd64-cygwin\jdk8u40\2855\hotspot\src\share\vm\runtime\objectMonitor.cpp, line 1683]
Event: 1.521 Thread 0x000000001feb6000 Exception <a 'java/lang/NullPointerException'> (0x000000076dc4c250) thrown at [D:\re\workspace\8-2-build-windows-amd64-cygwin\jdk8u40\2855\hotspot\src\share\vm\interpreter\linkResolver.cpp, line 1178]
Event: 1.531 Thread 0x000000001feb6000 Implicit null exception at 0x0000000002d9bb0c to 0x0000000002d9bbad
Event: 1.932 Thread 0x00000000203f0000 Implicit null exception at 0x0000000002f5357d to 0x0000000002f51e59
Event: 5.562 Thread 0x000000000029e800 Exception <a 'java/lang/reflect/InvocationTargetException'> (0x000000076b0597c8) thrown at [D:\re\workspace\8-2-build-windows-amd64-cygwin\jdk8u40\2855\hotspot\src\share\vm\runtime\reflection.cpp, line 1080]
Event: 5.573 Thread 0x000000000029e800 Implicit null exception at 0x0000000002d96174 to 0x0000000002d961e9

Events (10 events):
Event: 9.409 loading class java/nio/DirectByteBuffer$1 done
Event: 9.410 Thread 0x000000001d795800 flushing nmethod 0x0000000002d7af10
Event: 9.410 Thread 0x000000001d795800 flushing nmethod 0x0000000002deaad0
Event: 9.426 Thread 0x000000001fb10000 Uncommon trap: trap_request=0xffffff65 fr.pc=0x0000000002db2e58
Event: 9.426 Thread 0x000000001fb10000 DEOPT PACKING pc=0x0000000002db2e58 sp=0x000000002641c920
Event: 9.426 Thread 0x000000001fb10000 DEOPT UNPACKING pc=0x00000000027b582a sp=0x000000002641c828 mode 2
Event: 9.426 Thread 0x000000001fb10000 Uncommon trap: trap_request=0xffffff65 fr.pc=0x0000000002d3c8dc
Event: 9.426 Thread 0x000000001fb10000 DEOPT PACKING pc=0x0000000002d3c8dc sp=0x000000002641c8a0
Event: 9.426 Thread 0x000000001fb10000 DEOPT UNPACKING pc=0x00000000027b582a sp=0x000000002641c818 mode 2
Event: 9.442 Thread 0x000000001d795800 flushing nmethod 0x000000000303cc50


Dynamic libraries:
0x000000013f9b0000 - 0x000000013f9e7000 	C:\Program Files\Java\jre1.8.0_40\bin\javaw.exe
0x00000000771a0000 - 0x0000000077349000 	C:\Windows\SYSTEM32\ntdll.dll
0x0000000077080000 - 0x000000007719f000 	C:\Windows\system32\kernel32.dll
0x000007fefbf30000 - 0x000007fefbf9c000 	C:\Windows\system32\KERNELBASE.dll
0x000007fefde10000 - 0x000007fefdeeb000 	C:\Windows\system32\ADVAPI32.dll
0x000007fefd910000 - 0x000007fefd9af000 	C:\Windows\system32\msvcrt.dll
0x000007fefc5a0000 - 0x000007fefc5bf000 	C:\Windows\SYSTEM32\sechost.dll
0x000007fefc290000 - 0x000007fefc3bd000 	C:\Windows\system32\RPCRT4.dll
0x0000000076f80000 - 0x000000007707a000 	C:\Windows\system32\USER32.dll
0x000007fefdb70000 - 0x000007fefdbd7000 	C:\Windows\system32\GDI32.dll
0x000007fefdb30000 - 0x000007fefdb3e000 	C:\Windows\system32\LPK.dll
0x000007fefc1c0000 - 0x000007fefc289000 	C:\Windows\system32\USP10.dll
0x000007fefa7c0000 - 0x000007fefa9b4000 	C:\Windows\WinSxS\amd64_microsoft.windows.common-controls_6595b64144ccf1df_6.0.7601.18837_none_fa3b1e3d17594757\COMCTL32.dll
0x000007fefe120000 - 0x000007fefe191000 	C:\Windows\system32\SHLWAPI.dll
0x000007fefdb40000 - 0x000007fefdb6e000 	C:\Windows\system32\IMM32.DLL
0x000007fefc000000 - 0x000007fefc109000 	C:\Windows\system32\MSCTF.dll
0x000007fef55c0000 - 0x000007fef5653000 	C:\Program Files (x86)\AVG\AVG2015\avghooka.dll
0x0000000071660000 - 0x0000000071732000 	C:\Program Files\Java\jre1.8.0_40\bin\msvcr100.dll
0x0000000070dd0000 - 0x0000000071653000 	C:\Program Files\Java\jre1.8.0_40\bin\server\jvm.dll
0x000007fef7be0000 - 0x000007fef7be9000 	C:\Windows\system32\WSOCK32.dll
0x000007fefc110000 - 0x000007fefc15d000 	C:\Windows\system32\WS2_32.dll
0x000007fefc8a0000 - 0x000007fefc8a8000 	C:\Windows\system32\NSI.dll
0x000007fef9560000 - 0x000007fef959b000 	C:\Windows\system32\WINMM.dll
0x000007fefad20000 - 0x000007fefad2c000 	C:\Windows\system32\VERSION.dll
0x0000000077370000 - 0x0000000077377000 	C:\Windows\system32\PSAPI.DLL
0x0000000070dc0000 - 0x0000000070dcf000 	C:\Program Files\Java\jre1.8.0_40\bin\verify.dll
0x0000000070d90000 - 0x0000000070db9000 	C:\Program Files\Java\jre1.8.0_40\bin\java.dll
0x0000000070d70000 - 0x0000000070d86000 	C:\Program Files\Java\jre1.8.0_40\bin\zip.dll
0x000007fefc8b0000 - 0x000007fefd639000 	C:\Windows\system32\SHELL32.dll
0x000007fefdc00000 - 0x000007fefde03000 	C:\Windows\system32\ole32.dll
0x000007fefbc40000 - 0x000007fefbc4f000 	C:\Windows\system32\profapi.dll
0x000000005e3d0000 - 0x000000005e568000 	C:\Program Files\Java\jre1.8.0_40\bin\awt.dll
0x000007fefd9b0000 - 0x000007fefda87000 	C:\Windows\system32\OLEAUT32.dll
0x000007fefacb0000 - 0x000007fefacc8000 	C:\Windows\system32\DWMAPI.DLL
0x000007fefa760000 - 0x000007fefa7b6000 	C:\Windows\system32\uxtheme.dll
0x000007fefbae0000 - 0x000007fefbaef000 	C:\Windows\system32\CRYPTBASE.dll
0x000007fee2ff0000 - 0x000007fee31ef000 	C:\Windows\system32\d3d9.dll
0x000007fee4770000 - 0x000007fee4777000 	C:\Windows\system32\d3d8thk.dll
0x000007fef3a80000 - 0x000007fef3be2000 	C:\Windows\system32\aticfx64.dll
0x000007fee2f90000 - 0x000007fee2fb1000 	C:\Windows\system32\atiu9p64.dll
0x000007fee2730000 - 0x000007fee2f8a000 	C:\Windows\system32\atiumd64.dll
0x0000000064d00000 - 0x0000000065586000 	C:\Windows\system32\atiumd6a.dll
0x000007fefacd0000 - 0x000007fefacfc000 	C:\Windows\system32\POWRPROF.dll
0x000007fefc3c0000 - 0x000007fefc597000 	C:\Windows\system32\SETUPAPI.dll
0x000007fefbd10000 - 0x000007fefbd46000 	C:\Windows\system32\CFGMGR32.dll
0x000007fefbec0000 - 0x000007fefbeda000 	C:\Windows\system32\DEVOBJ.dll
0x000007fefb480000 - 0x000007fefb498000 	C:\Windows\system32\CRYPTSP.dll
0x000007fefb140000 - 0x000007fefb187000 	C:\Windows\system32\rsaenh.dll
0x000007fefbf00000 - 0x000007fefbf1e000 	C:\Windows\system32\USERENV.dll
0x0000000070d50000 - 0x0000000070d6a000 	C:\Program Files\Java\jre1.8.0_40\bin\net.dll
0x000007fefb420000 - 0x000007fefb475000 	C:\Windows\system32\mswsock.dll
0x000007fefb410000 - 0x000007fefb417000 	C:\Windows\System32\wship6.dll
0x000007fef92e0000 - 0x000007fef9307000 	C:\Windows\system32\IPHLPAPI.DLL
0x000007fef92b0000 - 0x000007fef92bb000 	C:\Windows\system32\WINNSI.DLL
0x000007fef8f70000 - 0x000007fef8f81000 	C:\Windows\system32\dhcpcsvc6.DLL
0x000007fef8df0000 - 0x000007fef8e08000 	C:\Windows\system32\dhcpcsvc.DLL
0x0000000070d30000 - 0x0000000070d41000 	C:\Program Files\Java\jre1.8.0_40\bin\nio.dll
0x00000000637c0000 - 0x00000000637cd000 	C:\Users\a.debiasi\AppData\Local\Temp\jogamp_0000\file_cache\jln3891946319746009977\jln7936997128730772780\gluegen-rt.dll
0x000000006aa80000 - 0x000000006aa87000 	C:\Program Files\Java\jre1.8.0_40\bin\jawt.dll
0x000000006a440000 - 0x000000006a44d000 	C:\Users\a.debiasi\AppData\Local\Temp\jogamp_0000\file_cache\jln3891946319746009977\jln7936997128730772780\nativewindow_awt.dll
0x000000006c100000 - 0x000000006c10f000 	C:\Users\a.debiasi\AppData\Local\Temp\jogamp_0000\file_cache\jln3891946319746009977\jln7936997128730772780\nativewindow_win32.dll
0x000007fef1d70000 - 0x000007fef1e8d000 	C:\Windows\system32\OpenGL32.dll
0x000007fef53f0000 - 0x000007fef541d000 	C:\Windows\system32\GLU32.dll
0x000007fef52f0000 - 0x000007fef53e1000 	C:\Windows\system32\DDRAW.dll
0x000007fef52e0000 - 0x000007fef52e8000 	C:\Windows\system32\DCIMAN32.dll
0x0000000064500000 - 0x00000000645a0000 	C:\Users\a.debiasi\AppData\Local\Temp\jogamp_0000\file_cache\jln3891946319746009977\jln7936997128730772780\jogl_desktop.dll
0x000007fef1d30000 - 0x000007fef1d48000 	C:\Windows\system32\atig6pxx.dll
0x00000000269d0000 - 0x00000000287cd000 	C:\Windows\system32\atio6axx.dll
0x000007feeabd0000 - 0x000007feead11000 	C:\Windows\system32\atiadlxx.dll
0x000007fefa080000 - 0x000007fefa1ac000 	C:\Windows\system32\PROPSYS.dll
0x000007fefad00000 - 0x000007fefad11000 	C:\Windows\system32\WTSAPI32.dll
0x000007fefbfc0000 - 0x000007fefbffb000 	C:\Windows\system32\WINTRUST.dll
0x000007fefbd50000 - 0x000007fefbebd000 	C:\Windows\system32\CRYPT32.dll
0x000007fefbc50000 - 0x000007fefbc5f000 	C:\Windows\system32\MSASN1.dll
0x000007fedc990000 - 0x000007fedc9bc000 	C:\Windows\system32\atig6txx.dll
0x000007fefadf0000 - 0x000007fefadf7000 	C:\Windows\System32\wshtcpip.dll
0x000007fefb260000 - 0x000007fefb2bb000 	C:\Windows\system32\DNSAPI.dll
0x0000000074ad0000 - 0x0000000074af6000 	C:\Program Files\Bonjour\mdnsNSP.dll
0x000007fef8230000 - 0x000007fef8238000 	C:\Windows\system32\rasadhlp.dll
0x000007fef90f0000 - 0x000007fef9143000 	C:\Windows\System32\fwpuclnt.dll
0x0000000067060000 - 0x00000000670a7000 	C:\Program Files\Java\jre1.8.0_40\bin\fontmanager.dll
0x00000000670b0000 - 0x00000000670f1000 	C:\Program Files\Java\jre1.8.0_40\bin\t2k.dll
0x000007fefdef0000 - 0x000007fefdf89000 	C:\Windows\system32\CLBCatQ.DLL
0x000007fee4940000 - 0x000007fee4a65000 	C:\Windows\system32\dbghelp.dll

VM Arguments:
jvm_args: -Dfile.encoding=Cp1252 
java_command: it.graphitech.smeSpire.Main_STANDALONE_v3
java_class_path (initial): C:\Users\a.debiasi\Dropbox\PHD\workspace\3DArcLensBigDataChallenge\bin;C:\Users\a.debiasi\Dropbox\PHD\workspace\3DArcLensBigDataChallenge\lib\worldwind_2_0\gdal.jar;C:\Users\a.debiasi\Dropbox\PHD\workspace\3DArcLensBigDataChallenge\lib\worldwind_2_0\gluegen-rt-natives-linux-amd64.jar;C:\Users\a.debiasi\Dropbox\PHD\workspace\3DArcLensBigDataChallenge\lib\worldwind_2_0\gluegen-rt-natives-linux-i586.jar;C:\Users\a.debiasi\Dropbox\PHD\workspace\3DArcLensBigDataChallenge\lib\worldwind_2_0\gluegen-rt-natives-macosx-universal.jar;C:\Users\a.debiasi\Dropbox\PHD\workspace\3DArcLensBigDataChallenge\lib\worldwind_2_0\gluegen-rt-natives-windows-amd64.jar;C:\Users\a.debiasi\Dropbox\PHD\workspace\3DArcLensBigDataChallenge\lib\worldwind_2_0\gluegen-rt-natives-windows-i586.jar;C:\Users\a.debiasi\Dropbox\PHD\workspace\3DArcLensBigDataChallenge\lib\worldwind_2_0\gluegen-rt.jar;C:\Users\a.debiasi\Dropbox\PHD\workspace\3DArcLensBigDataChallenge\lib\worldwind_2_0\jogl-all-natives-linux-amd64.jar;C:\Users\a.debiasi\Dropbox\PHD\workspace\3DArcLensBigDataChallenge\lib\worldwind_2_0\jogl-all-natives-linux-i586.jar;C:\Users\a.debiasi\Dropbox\PHD\workspace\3DArcLensBigDataChallenge\lib\worldwind_2_0\jogl-all-natives-macosx-universal.jar;C:\Users\a.debiasi\Dropbox\PHD\workspace\3DArcLensBigDataChallenge\lib\worldwind_2_0\jogl-all-natives-windows-amd64.jar;C:\Users\a.debiasi\Dropbox\PHD\workspace\3DArcLensBigDataChallenge\lib\worldwind_2_0\jogl-all-natives-windows-i586.jar;C:\Users\a.debiasi\Dropbox\PHD\workspace\3DArcLensBigDataChallenge\lib\worldwind_2_0\jogl-all.jar;C:\Users\a.debiasi\Dropbox\PHD\workspace\3DArcLensBigDataChallenge\lib\worldwind_2_0\plugin.jar;C:\Users\a.debiasi\Dropbox\PHD\workspace\3DArcLensBigDataChallenge\lib\worldwind_2_0\vpf-symbols.jar;C:\Users\a.debiasi\Dropbox\PHD\workspace\3DArcLensBigDataChallenge\lib\worldwind_2_0\worldwind.jar;C:\Users\a.debiasi\Dropbox\PHD\workspace\3DArcLensBigDataChallenge\lib\worldwind_2_0\worldwindx.jar
Launcher Type: SUN_STANDARD

Environment Variables:
JAVA_HOME=C:\Program Files\Java\jdk1.8.0_25
PATH=C:\ProgramData\Oracle\Java\javapath;C:\Program Files\Java\jre7;C:\Windows\system32;C:\Windows;C:\Windows\System32\Wbem;C:\Windows\System32\WindowsPowerShell\v1.0\;C:\Program Files (x86)\ATI Technologies\ATI.ACE\Core-Static;C:\Program Files\apache-maven-3.2.3\bin;C:\Program Files\MiKTeX 2.9\miktex\bin\x64\;C:\Program Files (x86)\AMD\ATI.ACE\Core-Static;C:\Program Files\nodejs\;C:\Program Files (x86)\Skype\Phone\;C:\Users\a.debiasi\AppData\Roaming\npm
USERNAME=a.debiasi
OS=Windows_NT
PROCESSOR_IDENTIFIER=Intel64 Family 6 Model 60 Stepping 3, GenuineIntel



---------------  S Y S T E M  ---------------

OS: Windows 7 , 64 bit Build 7601 (6.1.7601.18933)

CPU:total 8 (4 cores per cpu, 2 threads per core) family 6 model 60 stepping 3, cmov, cx8, fxsr, mmx, sse, sse2, sse3, ssse3, sse4.1, sse4.2, popcnt, avx, avx2, aes, clmul, erms, rtm, lzcnt, ht, tsc, tscinvbit, bmi1, bmi2

Memory: 4k page, physical 16713304k(9906544k free), swap 33424768k(25199748k free)

vm_info: Java HotSpot(TM) 64-Bit Server VM (25.40-b25) for windows-amd64 JRE (1.8.0_40-b25), built on Feb 10 2015 21:53:57 by "java_re" with MS VC++ 10.0 (VS2010)

time: Fri Sep 04 18:46:07 2015
elapsed time: 9 seconds (0d 0h 0m 9s)

