#
# A fatal error has been detected by the Java Runtime Environment:
#
#  EXCEPTION_ACCESS_VIOLATION (0xc0000005) at pc=0x000000002745ea97, pid=1924, tid=8252
#
# JRE version: Java(TM) SE Runtime Environment (8.0_40-b25) (build 1.8.0_40-b25)
# Java VM: Java HotSpot(TM) 64-Bit Server VM (25.40-b25 mixed mode windows-amd64 compressed oops)
# Problematic frame:
# C  [atio6axx.dll+0xd0ea97]
#
# Failed to write core dump. Minidumps are not enabled by default on client versions of Windows
#
# If you would like to submit a bug report, please visit:
#   http://bugreport.java.com/bugreport/crash.jsp
# The crash happened outside the Java Virtual Machine in native code.
# See problematic frame for where to report the bug.
#

---------------  T H R E A D  ---------------

Current thread (0x000000001f995000):  JavaThread "AWT-EventQueue-0" [_thread_in_native, id=8252, stack(0x0000000026450000,0x0000000026550000)]

siginfo: ExceptionCode=0xc0000005, reading address 0x000000078d580000

Registers:
RAX=0xfffffffffd83c300, RBX=0x000000078d580020, RCX=0x000000000002717b, RDX=0x000000078c148010
RSP=0x000000002654bb70, RBP=0x0000000000000050, RSI=0x0000000036d38010, RDI=0x00000000027c3d60
R8 =0x0000000000000010, R9 =0x0000000026750000, R10=0x0000000035900000, R11=0x0000000035900000
R12=0x000000000000000f, R13=0x0000000000000000, R14=0x000000000000040d, R15=0x000000002654bd58
RIP=0x000000002745ea97, EFLAGS=0x0000000000010203

Top of Stack: (sp=0x000000002654bb70)
0x000000002654bb70:   0000000000000000 0000000000000000
0x000000002654bb80:   000000002654bd58 000000000000000d
0x000000002654bb90:   0000000028db1c48 0000000027302505
0x000000002654bba0:   00000000027c3d60 00000000027c3d60
0x000000002654bbb0:   0000000000000001 0000000028db3418
0x000000002654bbc0:   00000000027c3d60 0000000000000002
0x000000002654bbd0:   0000000029b07bd8 000000003f4ccccd
0x000000002654bbe0:   0000e72c00000000 0000000000000000
0x000000002654bbf0:   0000000000000000 00000000710e7edb
0x000000002654bc00:   00000000027c3d60 0000000100000000
0x000000002654bc10:   0000000000000002 000000002654bde0
0x000000002654bc20:   000000003f4ccccd 0000000000000000
0x000000002654bc30:   0000000029b07bb0 000000002359ded0
0x000000002654bc40:   000000002654bd50 0000000000000000
0x000000002654bc50:   0000000028d1ced0 0000000000000000
0x000000002654bc60:   000000002902a880 00000000272b93f4 

Instructions: (pc=0x000000002745ea97)
0x000000002745ea77:   0f 28 43 a0 0f 2b 46 a0 0f 28 43 b0 0f 2b 46 b0
0x000000002745ea87:   0f 28 43 c0 0f 2b 46 c0 0f 28 43 d0 0f 2b 46 d0
0x000000002745ea97:   0f 28 43 e0 0f 2b 46 e0 0f 28 43 f0 0f 2b 46 f0
0x000000002745eaa7:   48 ff c9 75 b4 0f ae f8 48 85 ed 74 0e 4c 8b c5 


Register to memory mapping:

RAX=0xfffffffffd83c300 is an unknown value
RBX=0x000000078d580020 is an unallocated location in the heap
RCX=0x000000000002717b is an unknown value
RDX=0x000000078c148010 is an oop

[error occurred during error reporting (printing register info), id 0xc0000005]

Stack: [0x0000000026450000,0x0000000026550000],  sp=0x000000002654bb70,  free space=1006k
Native frames: (J=compiled Java code, j=interpreted, Vv=VM code, C=native code)
C  [atio6axx.dll+0xd0ea97]
C  [atio6axx.dll+0xbb2505]
C  [atio6axx.dll+0xb6bc14]
C  [atio6axx.dll+0xb6b564]
C  [atio6axx.dll+0xb46cbd]
C  [atio6axx.dll+0x1c4025]
C  [atio6axx.dll+0x60547e]
C  [jogl_desktop.dll+0xb5a2]
C  0x0000000002835e34

Java frames: (J=compiled Java code, j=interpreted, Vv=VM code)
j  jogamp.opengl.gl4.GL4bcImpl.dispatch_glBufferData(IJLjava/lang/Object;IZIJ)V+0
j  jogamp.opengl.gl4.GL4bcImpl.access$000(Ljogamp/opengl/gl4/GL4bcImpl;IJLjava/lang/Object;IZIJ)V+13
j  jogamp.opengl.gl4.GL4bcImpl$1.create(IJLjava/nio/Buffer;IJ)V+52
j  jogamp.opengl.GLBufferObjectTracker.createBufferStorage(Ljogamp/opengl/GLBufferStateTracker;Ljavax/media/opengl/GL;IJLjava/nio/Buffer;IILjogamp/opengl/GLBufferObjectTracker$CreateStorageDispatch;J)V+209
j  jogamp.opengl.gl4.GL4bcImpl.glBufferData(IJLjava/nio/Buffer;I)V+67
j  it.graphitech.smeSpire.layers.MyRenderableLayer.bindIntData(Lgov/nasa/worldwind/render/DrawContext;ILjava/nio/IntBuffer;I)V+40
j  it.graphitech.smeSpire.layers.MyRenderableLayer.doRenderNow(Lgov/nasa/worldwind/render/DrawContext;)V+363
j  it.graphitech.smeSpire.layers.MyRenderableLayer.doRender(Lgov/nasa/worldwind/render/DrawContext;)V+40
J 3552 C1 gov.nasa.worldwind.layers.AbstractLayer.render(Lgov/nasa/worldwind/render/DrawContext;)V (123 bytes) @ 0x000000000321c024 [0x000000000321a6a0+0x1984]
j  it.graphitech.shader.ShadingDecorator.render(Lgov/nasa/worldwind/render/DrawContext;Lgov/nasa/worldwind/layers/Layer;)V+266
j  it.graphitech.shader.DecoratedLayer.render(Lgov/nasa/worldwind/render/DrawContext;)V+9
J 3641 C1 it.graphitech.core.MyAbstractSceneController.draw(Lgov/nasa/worldwind/render/DrawContext;)V (398 bytes) @ 0x00000000032948dc [0x0000000003294260+0x67c]
j  it.graphitech.core.MyBasicSceneController.doRepaint(Lgov/nasa/worldwind/render/DrawContext;)V+68
j  it.graphitech.core.MyAbstractSceneController.repaint()I+58
j  gov.nasa.worldwind.WorldWindowGLAutoDrawable.doDisplay()I+4
j  gov.nasa.worldwind.WorldWindowGLAutoDrawable.display(Ljavax/media/opengl/GLAutoDrawable;)V+122
j  jogamp.opengl.GLDrawableHelper.displayImpl(Ljavax/media/opengl/GLAutoDrawable;)V+81
j  jogamp.opengl.GLDrawableHelper.display(Ljavax/media/opengl/GLAutoDrawable;)V+2
j  javax.media.opengl.awt.GLCanvas$10.run()V+118
j  jogamp.opengl.GLDrawableHelper.invokeGLImpl(Ljavax/media/opengl/GLDrawable;Ljavax/media/opengl/GLContext;Ljava/lang/Runnable;Ljava/lang/Runnable;)V+206
j  jogamp.opengl.GLDrawableHelper.invokeGL(Ljavax/media/opengl/GLDrawable;Ljavax/media/opengl/GLContext;Ljava/lang/Runnable;Ljava/lang/Runnable;)V+80
j  javax.media.opengl.awt.GLCanvas$11.run()V+73
J 3937 C1 javax.media.opengl.Threading.invoke(ZLjava/lang/Runnable;Ljava/lang/Object;)V (39 bytes) @ 0x0000000003466884 [0x0000000003466580+0x304]
j  javax.media.opengl.awt.GLCanvas.display()V+64
j  javax.media.opengl.awt.GLCanvas.paint(Ljava/awt/Graphics;)V+137
j  javax.media.opengl.awt.GLCanvas.update(Ljava/awt/Graphics;)V+2
j  sun.awt.RepaintArea.updateComponent(Ljava/awt/Component;Ljava/awt/Graphics;)V+6
j  sun.awt.RepaintArea.paint(Ljava/lang/Object;Z)V+263
J 3910 C1 sun.awt.windows.WComponentPeer.handleEvent(Ljava/awt/AWTEvent;)V (173 bytes) @ 0x0000000003443634 [0x0000000003442740+0xef4]
J 3890 C1 java.awt.Component.dispatchEventImpl(Ljava/awt/AWTEvent;)V (883 bytes) @ 0x000000000340cd4c [0x0000000003405800+0x754c]
J 3489 C1 java.awt.EventQueue.dispatchEventImpl(Ljava/awt/AWTEvent;Ljava/lang/Object;)V (149 bytes) @ 0x00000000031d5fa4 [0x00000000031d4900+0x16a4]
J 3487 C1 java.awt.EventQueue$3.run()Ljava/lang/Void; (60 bytes) @ 0x00000000031d40dc [0x00000000031d3ec0+0x21c]
J 3486 C1 java.awt.EventQueue$3.run()Ljava/lang/Object; (5 bytes) @ 0x00000000031ce50c [0x00000000031ce480+0x8c]
v  ~StubRoutines::call_stub
J 1226  java.security.AccessController.doPrivileged(Ljava/security/PrivilegedAction;Ljava/security/AccessControlContext;)Ljava/lang/Object; (0 bytes) @ 0x0000000002c95966 [0x0000000002c95900+0x66]
J 3204 C1 java.security.ProtectionDomain$1.doIntersectionPrivilege(Ljava/security/PrivilegedAction;Ljava/security/AccessControlContext;Ljava/security/AccessControlContext;)Ljava/lang/Object; (32 bytes) @ 0x0000000002f75444 [0x0000000002f75140+0x304]
J 3651 C1 java.awt.EventQueue$4.run()Ljava/lang/Object; (5 bytes) @ 0x00000000032a4fd4 [0x00000000032a4be0+0x3f4]
v  ~StubRoutines::call_stub
J 1226  java.security.AccessController.doPrivileged(Ljava/security/PrivilegedAction;Ljava/security/AccessControlContext;)Ljava/lang/Object; (0 bytes) @ 0x0000000002c95966 [0x0000000002c95900+0x66]
J 3326 C1 java.awt.EventQueue.dispatchEvent(Ljava/awt/AWTEvent;)V (80 bytes) @ 0x0000000002ea4274 [0x0000000002ea3580+0xcf4]
J 3328 C1 java.awt.EventDispatchThread.pumpOneEventForFilters(I)V (295 bytes) @ 0x000000000314d294 [0x000000000314b5c0+0x1cd4]
j  java.awt.EventDispatchThread.pumpEventsForFilter(ILjava/awt/Conditional;Ljava/awt/EventFilter;)V+35
j  java.awt.EventDispatchThread.pumpEventsForHierarchy(ILjava/awt/Conditional;Ljava/awt/Component;)V+11
j  java.awt.EventDispatchThread.pumpEvents(ILjava/awt/Conditional;)V+4
j  java.awt.EventDispatchThread.pumpEvents(Ljava/awt/Conditional;)V+3
j  java.awt.EventDispatchThread.run()V+9
v  ~StubRoutines::call_stub

---------------  P R O C E S S  ---------------

Java Threads: ( => current thread )
  0x000000001ffe1800 JavaThread "Idle World Wind Task " daemon [_thread_blocked, id=8736, stack(0x0000000024e70000,0x0000000024f70000)]
  0x000000001ffe1000 JavaThread "Idle World Wind Task " daemon [_thread_blocked, id=10192, stack(0x0000000024cf0000,0x0000000024df0000)]
  0x000000001ffe0000 JavaThread "Idle World Wind Task " daemon [_thread_blocked, id=9156, stack(0x0000000024a00000,0x0000000024b00000)]
  0x000000001ffde800 JavaThread "Idle World Wind Task " daemon [_thread_blocked, id=9424, stack(0x0000000030990000,0x0000000030a90000)]
  0x000000001ffde000 JavaThread "Idle World Wind Task " daemon [_thread_blocked, id=4788, stack(0x0000000030680000,0x0000000030780000)]
  0x000000001ffdd000 JavaThread "Idle World Wind Task " daemon [_thread_blocked, id=8048, stack(0x00000000307b0000,0x00000000308b0000)]
  0x000000001ffdc800 JavaThread "Idle World Wind Task " daemon [_thread_blocked, id=7468, stack(0x0000000030570000,0x0000000030670000)]
  0x000000001ffdb800 JavaThread "Idle World Wind Task " daemon [_thread_blocked, id=8740, stack(0x00000000303b0000,0x00000000304b0000)]
  0x000000001ffda000 JavaThread "DestroyJavaVM" [_thread_blocked, id=7008, stack(0x0000000002450000,0x0000000002550000)]
  0x000000001ffd9800 JavaThread "D3D Screen Updater" daemon [_thread_blocked, id=4592, stack(0x000000002e2a0000,0x000000002e3a0000)]
  0x000000001ffd8800 JavaThread "Thread-38" daemon [_thread_in_native, id=9440, stack(0x000000002e0f0000,0x000000002e1f0000)]
  0x000000001ffd8000 JavaThread "Thread-37" daemon [_thread_in_native, id=10056, stack(0x000000002df30000,0x000000002e030000)]
  0x000000001ffd7000 JavaThread "Thread-36" daemon [_thread_in_native, id=3268, stack(0x000000002dd60000,0x000000002de60000)]
  0x000000001ffd6800 JavaThread "Thread-35" daemon [_thread_in_native, id=9680, stack(0x000000002d410000,0x000000002d510000)]
  0x000000001ffd5800 JavaThread "Thread-34" [_thread_blocked, id=4160, stack(0x000000002db70000,0x000000002dc70000)]
  0x000000001ffd5000 JavaThread "Thread-33" [_thread_blocked, id=2488, stack(0x000000002d9e0000,0x000000002dae0000)]
  0x00000000204aa000 JavaThread "Thread-32" [_thread_blocked, id=8428, stack(0x000000002d880000,0x000000002d980000)]
  0x00000000204a9800 JavaThread "Thread-31" [_thread_blocked, id=10020, stack(0x000000002d750000,0x000000002d850000)]
  0x00000000204a8800 JavaThread "Thread-30" daemon [_thread_in_native, id=8224, stack(0x000000002d540000,0x000000002d640000)]
  0x00000000204a8000 JavaThread "Thread-29" daemon [_thread_in_native, id=9260, stack(0x000000002b5f0000,0x000000002b6f0000)]
  0x00000000204a7000 JavaThread "Thread-28" [_thread_blocked, id=10072, stack(0x000000002b180000,0x000000002b280000)]
  0x00000000204a6800 JavaThread "Thread-27" [_thread_blocked, id=5664, stack(0x000000002a8b0000,0x000000002a9b0000)]
  0x000000002049c800 JavaThread "Thread-26" daemon [_thread_in_native, id=10004, stack(0x000000002b020000,0x000000002b120000)]
  0x000000002049d800 JavaThread "Thread-25" daemon [_thread_in_native, id=2444, stack(0x000000002ab60000,0x000000002ac60000)]
  0x000000002049c000 JavaThread "Thread-24" [_thread_blocked, id=7084, stack(0x000000002a750000,0x000000002a850000)]
  0x000000002049b000 JavaThread "Thread-23" [_thread_blocked, id=7900, stack(0x000000002a020000,0x000000002a120000)]
  0x000000002049f800 JavaThread "Keep-Alive-Timer" daemon [_thread_blocked, id=2236, stack(0x000000002aa30000,0x000000002ab30000)]
  0x00000000204a5800 JavaThread "Thread-22" daemon [_thread_in_native, id=9220, stack(0x000000002c310000,0x000000002c410000)]
  0x00000000204a5000 JavaThread "Thread-21" daemon [_thread_in_native, id=8644, stack(0x000000002c200000,0x000000002c300000)]
  0x00000000204a4000 JavaThread "Thread-20" [_thread_blocked, id=9280, stack(0x000000002bb80000,0x000000002bc80000)]
  0x00000000204a3800 JavaThread "Thread-19" [_thread_blocked, id=7040, stack(0x000000002a380000,0x000000002a480000)]
  0x00000000204a2800 JavaThread "Thread-18" daemon [_thread_in_native, id=3784, stack(0x000000002be50000,0x000000002bf50000)]
  0x00000000204a2000 JavaThread "Thread-17" daemon [_thread_in_native, id=2232, stack(0x000000002bc90000,0x000000002bd90000)]
  0x00000000204a1000 JavaThread "Thread-16" [_thread_blocked, id=10188, stack(0x000000002ba40000,0x000000002bb40000)]
  0x00000000204a0800 JavaThread "Thread-15" [_thread_blocked, id=3868, stack(0x000000002b7b0000,0x000000002b8b0000)]
  0x000000002049f000 JavaThread "Thread-13" daemon [_thread_blocked, id=9252, stack(0x000000002b300000,0x000000002b400000)]
  0x000000002049e000 JavaThread "TimerQueue" daemon [_thread_blocked, id=9100, stack(0x000000002b470000,0x000000002b570000)]
  0x00000000200f0000 JavaThread "main-SharedResourceRunner" daemon [_thread_blocked, id=2984, stack(0x0000000024080000,0x0000000024180000)]
=>0x000000001f995000 JavaThread "AWT-EventQueue-0" [_thread_in_native, id=8252, stack(0x0000000026450000,0x0000000026550000)]
  0x000000001f7d8000 JavaThread "AWT-Windows" daemon [_thread_in_native, id=7604, stack(0x0000000021170000,0x0000000021270000)]
  0x000000001f8ad800 JavaThread "AWT-Shutdown" [_thread_blocked, id=2288, stack(0x000000001efc0000,0x000000001f0c0000)]
  0x000000001f8ac800 JavaThread "Java2D Disposer" daemon [_thread_blocked, id=3964, stack(0x0000000020fe0000,0x00000000210e0000)]
  0x000000001d78f000 JavaThread "Service Thread" daemon [_thread_blocked, id=1352, stack(0x000000001f4b0000,0x000000001f5b0000)]
  0x000000001d70b000 JavaThread "C1 CompilerThread3" daemon [_thread_blocked, id=9608, stack(0x000000001f2c0000,0x000000001f3c0000)]
  0x000000001d708000 JavaThread "C2 CompilerThread2" daemon [_thread_blocked, id=3812, stack(0x000000001f0d0000,0x000000001f1d0000)]
  0x000000001d701800 JavaThread "C2 CompilerThread1" daemon [_thread_blocked, id=9672, stack(0x000000001e900000,0x000000001ea00000)]
  0x000000001d6fc000 JavaThread "C2 CompilerThread0" daemon [_thread_in_native, id=8628, stack(0x000000001ee50000,0x000000001ef50000)]
  0x000000001d6f9000 JavaThread "Attach Listener" daemon [_thread_blocked, id=8240, stack(0x000000001eb70000,0x000000001ec70000)]
  0x000000001c53f800 JavaThread "Signal Dispatcher" daemon [_thread_blocked, id=3652, stack(0x000000001ec80000,0x000000001ed80000)]
  0x000000001c52b800 JavaThread "Finalizer" daemon [_thread_blocked, id=6620, stack(0x000000001ea50000,0x000000001eb50000)]
  0x000000001c524800 JavaThread "Reference Handler" daemon [_thread_blocked, id=9972, stack(0x000000001e680000,0x000000001e780000)]

Other Threads:
  0x000000001d6a2800 VMThread [stack: 0x000000001e7c0000,0x000000001e8c0000] [id=10156]
  0x000000001d793800 WatcherThread [stack: 0x000000001f5b0000,0x000000001f6b0000] [id=8764]

VM state:not at safepoint (normal execution)

VM Mutex/Monitor currently owned by a thread: None

Heap:
 PSYoungGen      total 377344K, used 95998K [0x000000076af80000, 0x000000078d580000, 0x00000007c0000000)
  eden space 341504K, 17% used [0x000000076af80000,0x000000076ea41e08,0x000000077fd00000)
  from space 35840K, 99% used [0x000000078b280000,0x000000078d57dbd0,0x000000078d580000)
  to   space 58880K, 0% used [0x0000000786280000,0x0000000786280000,0x0000000789c00000)
 ParOldGen       total 189952K, used 103675K [0x00000006c0e00000, 0x00000006cc780000, 0x000000076af80000)
  object space 189952K, 54% used [0x00000006c0e00000,0x00000006c733ee30,0x00000006cc780000)
 Metaspace       used 24500K, capacity 24783K, committed 25088K, reserved 1071104K
  class space    used 2641K, capacity 2698K, committed 2816K, reserved 1048576K

Card table byte_map: [0x0000000011be0000,0x00000000123e0000] byte_map_base: 0x000000000e5d9000

Marking Bits: (ParMarkBitMap*) 0x00000000715d4040
 Begin Bits: [0x00000000133b0000, 0x0000000017378000)
 End Bits:   [0x0000000017378000, 0x000000001b340000)

Polling page: 0x0000000000360000

CodeCache: size=245760Kb used=13599Kb max_used=13625Kb free=232160Kb
 bounds [0x0000000002820000, 0x0000000003590000, 0x0000000011820000]
 total_blobs=4587 nmethods=3640 adapters=858
 compilation: enabled

Compilation events (10 events):
Event: 9.206 Thread 0x000000001d708000 4208       4       it.graphitech.smeSpire.lines.cubicCurve.CubicSplinePolyline::initPreProcessingStuff (19 bytes)
Event: 9.206 Thread 0x000000001d701800 4209       4       it.graphitech.smeSpire.lines.cubicCurve.CubicSplinePolyline::initUpdateControlPoints (41 bytes)
Event: 9.235 Thread 0x000000001d701800 nmethod 4209 0x0000000003579b50 code [0x0000000003579d20, 0x000000000357b278]
Event: 9.235 Thread 0x000000001d701800 4210       4       it.graphitech.smeSpire.lines.cubicCurve.CubicSplinePolyline::createBuffers (29 bytes)
Event: 9.243 Thread 0x000000001d701800 nmethod 4210 0x0000000003579210 code [0x0000000003579380, 0x00000000035798a8]
Event: 9.244 Thread 0x000000001d701800 4211       4       java.nio.DirectByteBuffer$Deallocator::<init> (9 bytes)
Event: 9.244 Thread 0x000000001d701800 nmethod 4211 0x000000000313fb10 code [0x000000000313fc40, 0x000000000313fcb8]
Event: 9.244 Thread 0x000000001d701800 4212       4       java.nio.DirectByteBuffer$Deallocator::<init> (41 bytes)
Event: 9.245 Thread 0x000000001d701800 nmethod 4212 0x0000000003149cd0 code [0x0000000003149e00, 0x0000000003149e78]
Event: 9.245 Thread 0x000000001d708000 nmethod 4208 0x0000000002991e90 code [0x0000000002992060, 0x00000000029936d8]

GC Heap History (10 events):
Event: 1.241 GC heap before
{Heap before GC invocations=5 (full 0):
 PSYoungGen      total 141824K, used 135920K [0x000000076af80000, 0x0000000774480000, 0x00000007c0000000)
  eden space 131072K, 100% used [0x000000076af80000,0x0000000772f80000,0x0000000772f80000)
  from space 10752K, 45% used [0x0000000773a00000,0x0000000773ebc080,0x0000000774480000)
  to   space 10752K, 0% used [0x0000000772f80000,0x0000000772f80000,0x0000000773a00000)
 ParOldGen       total 175104K, used 104K [0x00000006c0e00000, 0x00000006cb900000, 0x000000076af80000)
  object space 175104K, 0% used [0x00000006c0e00000,0x00000006c0e1a010,0x00000006cb900000)
 Metaspace       used 18618K, capacity 18865K, committed 19072K, reserved 1067008K
  class space    used 1986K, capacity 2081K, committed 2176K, reserved 1048576K
Event: 1.246 GC heap after
Heap after GC invocations=5 (full 0):
 PSYoungGen      total 141824K, used 4993K [0x000000076af80000, 0x000000077bb80000, 0x00000007c0000000)
  eden space 131072K, 0% used [0x000000076af80000,0x000000076af80000,0x0000000772f80000)
  from space 10752K, 46% used [0x0000000772f80000,0x0000000773460758,0x0000000773a00000)
  to   space 6144K, 0% used [0x000000077b580000,0x000000077b580000,0x000000077bb80000)
 ParOldGen       total 175104K, used 112K [0x00000006c0e00000, 0x00000006cb900000, 0x000000076af80000)
  object space 175104K, 0% used [0x00000006c0e00000,0x00000006c0e1c010,0x00000006cb900000)
 Metaspace       used 18618K, capacity 18865K, committed 19072K, reserved 1067008K
  class space    used 1986K, capacity 2081K, committed 2176K, reserved 1048576K
}
Event: 1.764 GC heap before
{Heap before GC invocations=6 (full 0):
 PSYoungGen      total 141824K, used 136065K [0x000000076af80000, 0x000000077bb80000, 0x00000007c0000000)
  eden space 131072K, 100% used [0x000000076af80000,0x0000000772f80000,0x0000000772f80000)
  from space 10752K, 46% used [0x0000000772f80000,0x0000000773460758,0x0000000773a00000)
  to   space 6144K, 0% used [0x000000077b580000,0x000000077b580000,0x000000077bb80000)
 ParOldGen       total 175104K, used 112K [0x00000006c0e00000, 0x00000006cb900000, 0x000000076af80000)
  object space 175104K, 0% used [0x00000006c0e00000,0x00000006c0e1c010,0x00000006cb900000)
 Metaspace       used 20526K, capacity 20777K, committed 21120K, reserved 1069056K
  class space    used 2234K, capacity 2309K, committed 2432K, reserved 1048576K
Event: 1.785 GC heap after
Heap after GC invocations=6 (full 0):
 PSYoungGen      total 251904K, used 6129K [0x000000076af80000, 0x000000077db80000, 0x00000007c0000000)
  eden space 245760K, 0% used [0x000000076af80000,0x000000076af80000,0x0000000779f80000)
  from space 6144K, 99% used [0x000000077b580000,0x000000077bb7c400,0x000000077bb80000)
  to   space 22528K, 0% used [0x0000000779f80000,0x0000000779f80000,0x000000077b580000)
 ParOldGen       total 175104K, used 27778K [0x00000006c0e00000, 0x00000006cb900000, 0x000000076af80000)
  object space 175104K, 15% used [0x00000006c0e00000,0x00000006c2920ae8,0x00000006cb900000)
 Metaspace       used 20526K, capacity 20777K, committed 21120K, reserved 1069056K
  class space    used 2234K, capacity 2309K, committed 2432K, reserved 1048576K
}
Event: 4.702 GC heap before
{Heap before GC invocations=7 (full 0):
 PSYoungGen      total 251904K, used 169731K [0x000000076af80000, 0x000000077db80000, 0x00000007c0000000)
  eden space 245760K, 66% used [0x000000076af80000,0x0000000774f44bf8,0x0000000779f80000)
  from space 6144K, 99% used [0x000000077b580000,0x000000077bb7c400,0x000000077bb80000)
  to   space 22528K, 0% used [0x0000000779f80000,0x0000000779f80000,0x000000077b580000)
 ParOldGen       total 175104K, used 27778K [0x00000006c0e00000, 0x00000006cb900000, 0x000000076af80000)
  object space 175104K, 15% used [0x00000006c0e00000,0x00000006c2920ae8,0x00000006cb900000)
 Metaspace       used 20825K, capacity 21065K, committed 21296K, reserved 1069056K
  class space    used 2254K, capacity 2341K, committed 2432K, reserved 1048576K
Event: 4.729 GC heap after
Heap after GC invocations=7 (full 0):
 PSYoungGen      total 268288K, used 22498K [0x000000076af80000, 0x000000078d580000, 0x00000007c0000000)
  eden space 245760K, 0% used [0x000000076af80000,0x000000076af80000,0x0000000779f80000)
  from space 22528K, 99% used [0x0000000779f80000,0x000000077b578800,0x000000077b580000)
  to   space 35840K, 0% used [0x000000078b280000,0x000000078b280000,0x000000078d580000)
 ParOldGen       total 175104K, used 45048K [0x00000006c0e00000, 0x00000006cb900000, 0x000000076af80000)
  object space 175104K, 25% used [0x00000006c0e00000,0x00000006c39fe0c0,0x00000006cb900000)
 Metaspace       used 20825K, capacity 21065K, committed 21296K, reserved 1069056K
  class space    used 2254K, capacity 2341K, committed 2432K, reserved 1048576K
}
Event: 4.729 GC heap before
{Heap before GC invocations=8 (full 1):
 PSYoungGen      total 268288K, used 22498K [0x000000076af80000, 0x000000078d580000, 0x00000007c0000000)
  eden space 245760K, 0% used [0x000000076af80000,0x000000076af80000,0x0000000779f80000)
  from space 22528K, 99% used [0x0000000779f80000,0x000000077b578800,0x000000077b580000)
  to   space 35840K, 0% used [0x000000078b280000,0x000000078b280000,0x000000078d580000)
 ParOldGen       total 175104K, used 45048K [0x00000006c0e00000, 0x00000006cb900000, 0x000000076af80000)
  object space 175104K, 25% used [0x00000006c0e00000,0x00000006c39fe0c0,0x00000006cb900000)
 Metaspace       used 20825K, capacity 21065K, committed 21296K, reserved 1069056K
  class space    used 2254K, capacity 2341K, committed 2432K, reserved 1048576K
Event: 4.999 GC heap after
Heap after GC invocations=8 (full 1):
 PSYoungGen      total 268288K, used 0K [0x000000076af80000, 0x000000078d580000, 0x00000007c0000000)
  eden space 245760K, 0% used [0x000000076af80000,0x000000076af80000,0x0000000779f80000)
  from space 22528K, 0% used [0x0000000779f80000,0x0000000779f80000,0x000000077b580000)
  to   space 35840K, 0% used [0x000000078b280000,0x000000078b280000,0x000000078d580000)
 ParOldGen       total 189952K, used 66662K [0x00000006c0e00000, 0x00000006cc780000, 0x000000076af80000)
  object space 189952K, 35% used [0x00000006c0e00000,0x00000006c4f19b88,0x00000006cc780000)
 Metaspace       used 20825K, capacity 21065K, committed 21296K, reserved 1069056K
  class space    used 2254K, capacity 2341K, committed 2432K, reserved 1048576K
}
Event: 9.165 GC heap before
{Heap before GC invocations=9 (full 1):
 PSYoungGen      total 268288K, used 245760K [0x000000076af80000, 0x000000078d580000, 0x00000007c0000000)
  eden space 245760K, 100% used [0x000000076af80000,0x0000000779f80000,0x0000000779f80000)
  from space 22528K, 0% used [0x0000000779f80000,0x0000000779f80000,0x000000077b580000)
  to   space 35840K, 0% used [0x000000078b280000,0x000000078b280000,0x000000078d580000)
 ParOldGen       total 189952K, used 66662K [0x00000006c0e00000, 0x00000006cc780000, 0x000000076af80000)
  object space 189952K, 35% used [0x00000006c0e00000,0x00000006c4f19b88,0x00000006cc780000)
 Metaspace       used 24499K, capacity 24783K, committed 25088K, reserved 1071104K
  class space    used 2641K, capacity 2698K, committed 2816K, reserved 1048576K
Event: 9.199 GC heap after
Heap after GC invocations=9 (full 1):
 PSYoungGen      total 377344K, used 35830K [0x000000076af80000, 0x000000078d580000, 0x00000007c0000000)
  eden space 341504K, 0% used [0x000000076af80000,0x000000076af80000,0x000000077fd00000)
  from space 35840K, 99% used [0x000000078b280000,0x000000078d57dbd0,0x000000078d580000)
  to   space 58880K, 0% used [0x0000000786280000,0x0000000786280000,0x0000000789c00000)
 ParOldGen       total 189952K, used 103675K [0x00000006c0e00000, 0x00000006cc780000, 0x000000076af80000)
  object space 189952K, 54% used [0x00000006c0e00000,0x00000006c733ee30,0x00000006cc780000)
 Metaspace       used 24499K, capacity 24783K, committed 25088K, reserved 1071104K
  class space    used 2641K, capacity 2698K, committed 2816K, reserved 1048576K
}

Deoptimization events (10 events):
Event: 7.307 Thread 0x000000001f995000 Uncommon trap: reason=unstable_if action=reinterpret pc=0x00000000030ab4d8 method=gov.nasa.worldwind.geom.Angle.equals(Ljava/lang/Object;)Z @ 2
Event: 7.307 Thread 0x000000001f995000 Uncommon trap: reason=unstable_if action=reinterpret pc=0x00000000032e36dc method=gov.nasa.worldwind.geom.Sector.equals(Ljava/lang/Object;)Z @ 2
Event: 7.309 Thread 0x000000001f995000 Uncommon trap: reason=class_check action=maybe_recompile pc=0x00000000032751cc method=gov.nasa.worldwind.terrain.RectangularTessellator.renderTrianglesWithUniqueColors(Lgov/nasa/worldwind/render/DrawContext;Lgov/nasa/worldwind/terrain/RectangularTessellatoõb21Ë<@
Event: 7.309 Thread 0x000000001f995000 Uncommon trap: reason=class_check action=maybe_recompile pc=0x00000000032751cc method=gov.nasa.worldwind.terrain.RectangularTessellator.renderTrianglesWithUniqueColors(Lgov/nasa/worldwind/render/DrawContext;Lgov/nasa/worldwind/terrain/RectangularTessellatoÃÒµD@
Event: 7.316 Thread 0x000000001f995000 Uncommon trap: reason=class_check action=maybe_recompile pc=0x0000000003254dbc method=gov.nasa.worldwind.terrain.RectangularTessellator.renderTrianglesWithUniqueColors(Lgov/nasa/worldwind/render/DrawContext;Lgov/nasa/worldwind/terrain/RectangularTessellato'ñ‡CŠ@
Event: 7.885 Thread 0x000000001f995000 Uncommon trap: reason=unstable_if action=reinterpret pc=0x0000000002f07fbc method=gov.nasa.worldwind.geom.LatLon.greatCircleAzimuth(Lgov/nasa/worldwind/geom/LatLon;Lgov/nasa/worldwind/geom/LatLon;)Lgov/nasa/worldwind/geom/Angle; @ 89
Event: 7.946 Thread 0x000000001f995000 Uncommon trap: reason=unstable_if action=reinterpret pc=0x00000000033d94a0 method=gov.nasa.worldwind.geom.Matrix.computeEigensystemFromSymmetricMatrix3(Lgov/nasa/worldwind/geom/Matrix;[D[Lgov/nasa/worldwind/geom/Vec4;)V @ 666
Event: 9.099 Thread 0x000000001f995000 Uncommon trap: reason=unstable_if action=reinterpret pc=0x00000000030b05ac method=java.util.ArrayList.clear()V @ 17
Event: 9.219 Thread 0x000000001f995000 Uncommon trap: reason=unstable_if action=reinterpret pc=0x0000000002e6a374 method=java.lang.Integer.getChars(II[C)V @ 20
Event: 9.219 Thread 0x000000001f995000 Uncommon trap: reason=unstable_if action=reinterpret pc=0x0000000002deb09c method=java.lang.Integer.getChars(II[C)V @ 20

Internal exceptions (10 events):
Event: 0.157 Thread 0x000000000219e800 Exception <a 'java/io/FileNotFoundException'> (0x000000076d1595a0) thrown at [D:\re\workspace\8-2-build-windows-amd64-cygwin\jdk8u40\2855\hotspot\src\share\vm\prims\jni.cpp, line 709]
Event: 0.171 Thread 0x000000000219e800 Exception <a 'java/io/FileNotFoundException'> (0x000000076d197f00) thrown at [D:\re\workspace\8-2-build-windows-amd64-cygwin\jdk8u40\2855\hotspot\src\share\vm\prims\jni.cpp, line 709]
Event: 0.194 Thread 0x000000000219e800 Exception <a 'java/lang/NoSuchFieldError': method resolution failed> (0x000000076d26b728) thrown at [D:\re\workspace\8-2-build-windows-amd64-cygwin\jdk8u40\2855\hotspot\src\share\vm\prims\methodHandles.cpp, line 1125]
Event: 0.195 Thread 0x000000000219e800 Exception <a 'java/lang/NoSuchFieldError': method resolution failed> (0x000000076d27a088) thrown at [D:\re\workspace\8-2-build-windows-amd64-cygwin\jdk8u40\2855\hotspot\src\share\vm\prims\methodHandles.cpp, line 1125]
Event: 0.976 Thread 0x000000000219e800 Exception <a 'java/lang/InterruptedException'> (0x000000076b26d998) thrown at [D:\re\workspace\8-2-build-windows-amd64-cygwin\jdk8u40\2855\hotspot\src\share\vm\runtime\objectMonitor.cpp, line 1683]
Event: 1.634 Thread 0x000000001fdea800 Exception <a 'java/lang/NullPointerException'> (0x000000076eac2220) thrown at [D:\re\workspace\8-2-build-windows-amd64-cygwin\jdk8u40\2855\hotspot\src\share\vm\interpreter\linkResolver.cpp, line 1178]
Event: 1.644 Thread 0x000000001fdea800 Implicit null exception at 0x0000000002e4eccc to 0x0000000002e4ed6d
Event: 5.027 Thread 0x000000000219e800 Exception <a 'java/lang/reflect/InvocationTargetException'> (0x000000076b0454f0) thrown at [D:\re\workspace\8-2-build-windows-amd64-cygwin\jdk8u40\2855\hotspot\src\share\vm\runtime\reflection.cpp, line 1080]
Event: 5.038 Thread 0x000000000219e800 Implicit null exception at 0x0000000002e50b34 to 0x0000000002e50ba9
Event: 7.252 Thread 0x000000001f995000 Implicit null exception at 0x0000000002f5ace7 to 0x0000000002f5bc4d

Events (10 events):
Event: 9.212 loading class java/nio/DirectByteBuffer$1
Event: 9.212 loading class java/nio/DirectByteBuffer$1 done
Event: 9.219 Thread 0x000000001f995000 Uncommon trap: trap_request=0xffffff65 fr.pc=0x0000000002e6a374
Event: 9.219 Thread 0x000000001f995000 DEOPT PACKING pc=0x0000000002e6a374 sp=0x000000002654c330
Event: 9.219 Thread 0x000000001f995000 DEOPT UNPACKING pc=0x000000000286582a sp=0x000000002654c248 mode 2
Event: 9.219 Thread 0x000000001f995000 Uncommon trap: trap_request=0xffffff65 fr.pc=0x0000000002deb09c
Event: 9.219 Thread 0x000000001f995000 DEOPT PACKING pc=0x0000000002deb09c sp=0x000000002654c2c0
Event: 9.219 Thread 0x000000001f995000 DEOPT UNPACKING pc=0x000000000286582a sp=0x000000002654c238 mode 2
Event: 9.235 Thread 0x000000001d701800 flushing nmethod 0x0000000002d57c50
Event: 9.244 Thread 0x000000001d701800 flushing nmethod 0x0000000002e92c50


Dynamic libraries:
0x000000013f9b0000 - 0x000000013f9e7000 	C:\Program Files\Java\jre1.8.0_40\bin\javaw.exe
0x00000000771a0000 - 0x0000000077349000 	C:\Windows\SYSTEM32\ntdll.dll
0x0000000077080000 - 0x000000007719f000 	C:\Windows\system32\kernel32.dll
0x000007fefbf30000 - 0x000007fefbf9c000 	C:\Windows\system32\KERNELBASE.dll
0x000007fefde10000 - 0x000007fefdeeb000 	C:\Windows\system32\ADVAPI32.dll
0x000007fefd910000 - 0x000007fefd9af000 	C:\Windows\system32\msvcrt.dll
0x000007fefc5a0000 - 0x000007fefc5bf000 	C:\Windows\SYSTEM32\sechost.dll
0x000007fefc290000 - 0x000007fefc3bd000 	C:\Windows\system32\RPCRT4.dll
0x0000000076f80000 - 0x000000007707a000 	C:\Windows\system32\USER32.dll
0x000007fefdb70000 - 0x000007fefdbd7000 	C:\Windows\system32\GDI32.dll
0x000007fefdb30000 - 0x000007fefdb3e000 	C:\Windows\system32\LPK.dll
0x000007fefc1c0000 - 0x000007fefc289000 	C:\Windows\system32\USP10.dll
0x000007fefa7c0000 - 0x000007fefa9b4000 	C:\Windows\WinSxS\amd64_microsoft.windows.common-controls_6595b64144ccf1df_6.0.7601.18837_none_fa3b1e3d17594757\COMCTL32.dll
0x000007fefe120000 - 0x000007fefe191000 	C:\Windows\system32\SHLWAPI.dll
0x000007fefdb40000 - 0x000007fefdb6e000 	C:\Windows\system32\IMM32.DLL
0x000007fefc000000 - 0x000007fefc109000 	C:\Windows\system32\MSCTF.dll
0x000007fef55c0000 - 0x000007fef5653000 	C:\Program Files (x86)\AVG\AVG2015\avghooka.dll
0x0000000071660000 - 0x0000000071732000 	C:\Program Files\Java\jre1.8.0_40\bin\msvcr100.dll
0x0000000070dd0000 - 0x0000000071653000 	C:\Program Files\Java\jre1.8.0_40\bin\server\jvm.dll
0x000007fef7be0000 - 0x000007fef7be9000 	C:\Windows\system32\WSOCK32.dll
0x000007fefc110000 - 0x000007fefc15d000 	C:\Windows\system32\WS2_32.dll
0x000007fefc8a0000 - 0x000007fefc8a8000 	C:\Windows\system32\NSI.dll
0x000007fef9560000 - 0x000007fef959b000 	C:\Windows\system32\WINMM.dll
0x000007fefad20000 - 0x000007fefad2c000 	C:\Windows\system32\VERSION.dll
0x0000000077370000 - 0x0000000077377000 	C:\Windows\system32\PSAPI.DLL
0x0000000070dc0000 - 0x0000000070dcf000 	C:\Program Files\Java\jre1.8.0_40\bin\verify.dll
0x0000000070d90000 - 0x0000000070db9000 	C:\Program Files\Java\jre1.8.0_40\bin\java.dll
0x0000000070d70000 - 0x0000000070d86000 	C:\Program Files\Java\jre1.8.0_40\bin\zip.dll
0x000007fefc8b0000 - 0x000007fefd639000 	C:\Windows\system32\SHELL32.dll
0x000007fefdc00000 - 0x000007fefde03000 	C:\Windows\system32\ole32.dll
0x000007fefbc40000 - 0x000007fefbc4f000 	C:\Windows\system32\profapi.dll
0x000000005ae40000 - 0x000000005afd8000 	C:\Program Files\Java\jre1.8.0_40\bin\awt.dll
0x000007fefd9b0000 - 0x000007fefda87000 	C:\Windows\system32\OLEAUT32.dll
0x000007fefacb0000 - 0x000007fefacc8000 	C:\Windows\system32\DWMAPI.DLL
0x000007fefa760000 - 0x000007fefa7b6000 	C:\Windows\system32\uxtheme.dll
0x000007fefbae0000 - 0x000007fefbaef000 	C:\Windows\system32\CRYPTBASE.dll
0x000007fee2ff0000 - 0x000007fee31ef000 	C:\Windows\system32\d3d9.dll
0x000007fee4770000 - 0x000007fee4777000 	C:\Windows\system32\d3d8thk.dll
0x000007fef3a80000 - 0x000007fef3be2000 	C:\Windows\system32\aticfx64.dll
0x000007fee2f90000 - 0x000007fee2fb1000 	C:\Windows\system32\atiu9p64.dll
0x000007fee2730000 - 0x000007fee2f8a000 	C:\Windows\system32\atiumd64.dll
0x0000000064d00000 - 0x0000000065586000 	C:\Windows\system32\atiumd6a.dll
0x000007fefacd0000 - 0x000007fefacfc000 	C:\Windows\system32\POWRPROF.dll
0x000007fefc3c0000 - 0x000007fefc597000 	C:\Windows\system32\SETUPAPI.dll
0x000007fefbd10000 - 0x000007fefbd46000 	C:\Windows\system32\CFGMGR32.dll
0x000007fefbec0000 - 0x000007fefbeda000 	C:\Windows\system32\DEVOBJ.dll
0x000007fefb480000 - 0x000007fefb498000 	C:\Windows\system32\CRYPTSP.dll
0x000007fefb140000 - 0x000007fefb187000 	C:\Windows\system32\rsaenh.dll
0x000007fefbf00000 - 0x000007fefbf1e000 	C:\Windows\system32\USERENV.dll
0x0000000070d50000 - 0x0000000070d6a000 	C:\Program Files\Java\jre1.8.0_40\bin\net.dll
0x000007fefb420000 - 0x000007fefb475000 	C:\Windows\system32\mswsock.dll
0x000007fefb410000 - 0x000007fefb417000 	C:\Windows\System32\wship6.dll
0x000007fef92e0000 - 0x000007fef9307000 	C:\Windows\system32\IPHLPAPI.DLL
0x000007fef92b0000 - 0x000007fef92bb000 	C:\Windows\system32\WINNSI.DLL
0x000007fef8f70000 - 0x000007fef8f81000 	C:\Windows\system32\dhcpcsvc6.DLL
0x000007fef8df0000 - 0x000007fef8e08000 	C:\Windows\system32\dhcpcsvc.DLL
0x0000000070d30000 - 0x0000000070d41000 	C:\Program Files\Java\jre1.8.0_40\bin\nio.dll
0x00000000637c0000 - 0x00000000637cd000 	C:\Users\a.debiasi\AppData\Local\Temp\jogamp_0000\file_cache\jln3879777014429144674\jln7296756670037126683\gluegen-rt.dll
0x0000000067f00000 - 0x0000000067f07000 	C:\Program Files\Java\jre1.8.0_40\bin\jawt.dll
0x000000006a440000 - 0x000000006a44d000 	C:\Users\a.debiasi\AppData\Local\Temp\jogamp_0000\file_cache\jln3879777014429144674\jln7296756670037126683\nativewindow_awt.dll
0x000000006c100000 - 0x000000006c10f000 	C:\Users\a.debiasi\AppData\Local\Temp\jogamp_0000\file_cache\jln3879777014429144674\jln7296756670037126683\nativewindow_win32.dll
0x000007fef1d70000 - 0x000007fef1e8d000 	C:\Windows\system32\OpenGL32.dll
0x000007fef53f0000 - 0x000007fef541d000 	C:\Windows\system32\GLU32.dll
0x000007fef52f0000 - 0x000007fef53e1000 	C:\Windows\system32\DDRAW.dll
0x000007fef52e0000 - 0x000007fef52e8000 	C:\Windows\system32\DCIMAN32.dll
0x0000000064500000 - 0x00000000645a0000 	C:\Users\a.debiasi\AppData\Local\Temp\jogamp_0000\file_cache\jln3879777014429144674\jln7296756670037126683\jogl_desktop.dll
0x000007fedcd40000 - 0x000007fedcd58000 	C:\Windows\system32\atig6pxx.dll
0x0000000026750000 - 0x000000002854d000 	C:\Windows\system32\atio6axx.dll
0x000007feeabd0000 - 0x000007feead11000 	C:\Windows\system32\atiadlxx.dll
0x000007fefa080000 - 0x000007fefa1ac000 	C:\Windows\system32\PROPSYS.dll
0x000007fefad00000 - 0x000007fefad11000 	C:\Windows\system32\WTSAPI32.dll
0x000007fefbfc0000 - 0x000007fefbffb000 	C:\Windows\system32\WINTRUST.dll
0x000007fefbd50000 - 0x000007fefbebd000 	C:\Windows\system32\CRYPT32.dll
0x000007fefbc50000 - 0x000007fefbc5f000 	C:\Windows\system32\MSASN1.dll
0x000007fedc8e0000 - 0x000007fedc90c000 	C:\Windows\system32\atig6txx.dll
0x000007fefadf0000 - 0x000007fefadf7000 	C:\Windows\System32\wshtcpip.dll
0x000007fefb260000 - 0x000007fefb2bb000 	C:\Windows\system32\DNSAPI.dll
0x0000000074ad0000 - 0x0000000074af6000 	C:\Program Files\Bonjour\mdnsNSP.dll
0x000007fef8230000 - 0x000007fef8238000 	C:\Windows\system32\rasadhlp.dll
0x000007fef90f0000 - 0x000007fef9143000 	C:\Windows\System32\fwpuclnt.dll
0x00000000670b0000 - 0x00000000670f7000 	C:\Program Files\Java\jre1.8.0_40\bin\fontmanager.dll
0x0000000067060000 - 0x00000000670a1000 	C:\Program Files\Java\jre1.8.0_40\bin\t2k.dll
0x000007fefdef0000 - 0x000007fefdf89000 	C:\Windows\system32\CLBCatQ.DLL
0x000007fee4940000 - 0x000007fee4a65000 	C:\Windows\system32\dbghelp.dll

VM Arguments:
jvm_args: -Dfile.encoding=Cp1252 
java_command: it.graphitech.smeSpire.Main_STANDALONE_v3
java_class_path (initial): C:\Users\a.debiasi\Dropbox\PHD\workspace\3DArcLensBigDataChallenge\bin;C:\Users\a.debiasi\Dropbox\PHD\workspace\3DArcLensBigDataChallenge\lib\worldwind_2_0\gdal.jar;C:\Users\a.debiasi\Dropbox\PHD\workspace\3DArcLensBigDataChallenge\lib\worldwind_2_0\gluegen-rt-natives-linux-amd64.jar;C:\Users\a.debiasi\Dropbox\PHD\workspace\3DArcLensBigDataChallenge\lib\worldwind_2_0\gluegen-rt-natives-linux-i586.jar;C:\Users\a.debiasi\Dropbox\PHD\workspace\3DArcLensBigDataChallenge\lib\worldwind_2_0\gluegen-rt-natives-macosx-universal.jar;C:\Users\a.debiasi\Dropbox\PHD\workspace\3DArcLensBigDataChallenge\lib\worldwind_2_0\gluegen-rt-natives-windows-amd64.jar;C:\Users\a.debiasi\Dropbox\PHD\workspace\3DArcLensBigDataChallenge\lib\worldwind_2_0\gluegen-rt-natives-windows-i586.jar;C:\Users\a.debiasi\Dropbox\PHD\workspace\3DArcLensBigDataChallenge\lib\worldwind_2_0\gluegen-rt.jar;C:\Users\a.debiasi\Dropbox\PHD\workspace\3DArcLensBigDataChallenge\lib\worldwind_2_0\jogl-all-natives-linux-amd64.jar;C:\Users\a.debiasi\Dropbox\PHD\workspace\3DArcLensBigDataChallenge\lib\worldwind_2_0\jogl-all-natives-linux-i586.jar;C:\Users\a.debiasi\Dropbox\PHD\workspace\3DArcLensBigDataChallenge\lib\worldwind_2_0\jogl-all-natives-macosx-universal.jar;C:\Users\a.debiasi\Dropbox\PHD\workspace\3DArcLensBigDataChallenge\lib\worldwind_2_0\jogl-all-natives-windows-amd64.jar;C:\Users\a.debiasi\Dropbox\PHD\workspace\3DArcLensBigDataChallenge\lib\worldwind_2_0\jogl-all-natives-windows-i586.jar;C:\Users\a.debiasi\Dropbox\PHD\workspace\3DArcLensBigDataChallenge\lib\worldwind_2_0\jogl-all.jar;C:\Users\a.debiasi\Dropbox\PHD\workspace\3DArcLensBigDataChallenge\lib\worldwind_2_0\plugin.jar;C:\Users\a.debiasi\Dropbox\PHD\workspace\3DArcLensBigDataChallenge\lib\worldwind_2_0\vpf-symbols.jar;C:\Users\a.debiasi\Dropbox\PHD\workspace\3DArcLensBigDataChallenge\lib\worldwind_2_0\worldwind.jar;C:\Users\a.debiasi\Dropbox\PHD\workspace\3DArcLensBigDataChallenge\lib\worldwind_2_0\worldwindx.jar
Launcher Type: SUN_STANDARD

Environment Variables:
JAVA_HOME=C:\Program Files\Java\jdk1.8.0_25
PATH=C:\ProgramData\Oracle\Java\javapath;C:\Program Files\Java\jre7;C:\Windows\system32;C:\Windows;C:\Windows\System32\Wbem;C:\Windows\System32\WindowsPowerShell\v1.0\;C:\Program Files (x86)\ATI Technologies\ATI.ACE\Core-Static;C:\Program Files\apache-maven-3.2.3\bin;C:\Program Files\MiKTeX 2.9\miktex\bin\x64\;C:\Program Files (x86)\AMD\ATI.ACE\Core-Static;C:\Program Files\nodejs\;C:\Program Files (x86)\Skype\Phone\;C:\Users\a.debiasi\AppData\Roaming\npm
USERNAME=a.debiasi
OS=Windows_NT
PROCESSOR_IDENTIFIER=Intel64 Family 6 Model 60 Stepping 3, GenuineIntel



---------------  S Y S T E M  ---------------

OS: Windows 7 , 64 bit Build 7601 (6.1.7601.18933)

CPU:total 8 (4 cores per cpu, 2 threads per core) family 6 model 60 stepping 3, cmov, cx8, fxsr, mmx, sse, sse2, sse3, ssse3, sse4.1, sse4.2, popcnt, avx, avx2, aes, clmul, erms, rtm, lzcnt, ht, tsc, tscinvbit, bmi1, bmi2

Memory: 4k page, physical 16713304k(9922696k free), swap 33424768k(25240628k free)

vm_info: Java HotSpot(TM) 64-Bit Server VM (25.40-b25) for windows-amd64 JRE (1.8.0_40-b25), built on Feb 10 2015 21:53:57 by "java_re" with MS VC++ 10.0 (VS2010)

time: Fri Sep 04 18:43:42 2015
elapsed time: 9 seconds (0d 0h 0m 9s)

