#
# A fatal error has been detected by the Java Runtime Environment:
#
#  EXCEPTION_ACCESS_VIOLATION (0xc0000005) at pc=0x000000002740ea97, pid=4972, tid=8332
#
# JRE version: Java(TM) SE Runtime Environment (8.0_40-b25) (build 1.8.0_40-b25)
# Java VM: Java HotSpot(TM) 64-Bit Server VM (25.40-b25 mixed mode windows-amd64 compressed oops)
# Problematic frame:
# C  [atio6axx.dll+0xd0ea97]
#
# Failed to write core dump. Minidumps are not enabled by default on client versions of Windows
#
# If you would like to submit a bug report, please visit:
#   http://bugreport.java.com/bugreport/crash.jsp
# The crash happened outside the Java Virtual Machine in native code.
# See problematic frame for where to report the bug.
#

---------------  T H R E A D  ---------------

Current thread (0x000000001fb4f000):  JavaThread "AWT-EventQueue-0" [_thread_in_native, id=8332, stack(0x0000000025080000,0x0000000025180000)]

siginfo: ExceptionCode=0xc0000005, reading address 0x000000078d580000

Registers:
RAX=0xfffffffffd83d980, RBX=0x000000078d580020, RCX=0x000000000002f34e, RDX=0x000000078c558010
RSP=0x000000002517b9d0, RBP=0x0000000000000030, RSI=0x0000000035828010, RDI=0x00000000027c26c0
R8 =0x0000000000000010, R9 =0x0000000026700000, R10=0x0000000034800000, R11=0x0000000034800000
R12=0x000000000000000f, R13=0x0000000000000000, R14=0x000000000000040d, R15=0x000000002517bbb8
RIP=0x000000002740ea97, EFLAGS=0x0000000000010203

Top of Stack: (sp=0x000000002517b9d0)
0x000000002517b9d0:   0000000000000000 0000000000000000
0x000000002517b9e0:   000000002517bbb8 000000000000000d
0x000000002517b9f0:   0000000028d37bb8 00000000272b2505
0x000000002517ba00:   00000000027c26c0 00000000027c26c0
0x000000002517ba10:   0000000000000001 0000000028d39388
0x000000002517ba20:   00000000027c26c0 0000000000000002
0x000000002517ba30:   00000000299fd288 000000003f4ccccd
0x000000002517ba40:   0000e73100000000 0000000000000000
0x000000002517ba50:   0000000000000000 0000000000000005
0x000000002517ba60:   00000000027c26c0 0000000100000000
0x000000002517ba70:   0000000000000002 000000002517bc40
0x000000002517ba80:   000000003f4ccccd 0000000000000000
0x000000002517ba90:   00000000299fd260 00000000223820d0
0x000000002517baa0:   000000002517bbb0 0000000000000000
0x000000002517bab0:   0000000028c9f970 0000000000000000
0x000000002517bac0:   0000000028fd1200 00000000272693f4 

Instructions: (pc=0x000000002740ea97)
0x000000002740ea77:   0f 28 43 a0 0f 2b 46 a0 0f 28 43 b0 0f 2b 46 b0
0x000000002740ea87:   0f 28 43 c0 0f 2b 46 c0 0f 28 43 d0 0f 2b 46 d0
0x000000002740ea97:   0f 28 43 e0 0f 2b 46 e0 0f 28 43 f0 0f 2b 46 f0
0x000000002740eaa7:   48 ff c9 75 b4 0f ae f8 48 85 ed 74 0e 4c 8b c5 


Register to memory mapping:

RAX=0xfffffffffd83d980 is an unknown value
RBX=0x000000078d580020 is an unallocated location in the heap
RCX=0x000000000002f34e is an unknown value
RDX=0x000000078c558010 is an oop

[error occurred during error reporting (printing register info), id 0xc0000005]

Stack: [0x0000000025080000,0x0000000025180000],  sp=0x000000002517b9d0,  free space=1006k
Native frames: (J=compiled Java code, j=interpreted, Vv=VM code, C=native code)
C  [atio6axx.dll+0xd0ea97]
C  [atio6axx.dll+0xbb2505]
C  [atio6axx.dll+0xb6bc14]
C  [atio6axx.dll+0xb6b564]
C  [atio6axx.dll+0xb46cbd]
C  [atio6axx.dll+0x1c4025]
C  [atio6axx.dll+0x60547e]
C  [jogl_desktop.dll+0xb5a2]
C  0x00000000027b5e34

Java frames: (J=compiled Java code, j=interpreted, Vv=VM code)
j  jogamp.opengl.gl4.GL4bcImpl.dispatch_glBufferData(IJLjava/lang/Object;IZIJ)V+0
j  jogamp.opengl.gl4.GL4bcImpl.access$000(Ljogamp/opengl/gl4/GL4bcImpl;IJLjava/lang/Object;IZIJ)V+13
j  jogamp.opengl.gl4.GL4bcImpl$1.create(IJLjava/nio/Buffer;IJ)V+52
j  jogamp.opengl.GLBufferObjectTracker.createBufferStorage(Ljogamp/opengl/GLBufferStateTracker;Ljavax/media/opengl/GL;IJLjava/nio/Buffer;IILjogamp/opengl/GLBufferObjectTracker$CreateStorageDispatch;J)V+209
j  jogamp.opengl.gl4.GL4bcImpl.glBufferData(IJLjava/nio/Buffer;I)V+67
j  it.graphitech.smeSpire.layers.MyRenderableLayer.bindIntData(Lgov/nasa/worldwind/render/DrawContext;ILjava/nio/IntBuffer;I)V+40
j  it.graphitech.smeSpire.layers.MyRenderableLayer.doRenderNow(Lgov/nasa/worldwind/render/DrawContext;)V+363
j  it.graphitech.smeSpire.layers.MyRenderableLayer.doRender(Lgov/nasa/worldwind/render/DrawContext;)V+40
J 3816 C1 gov.nasa.worldwind.layers.AbstractLayer.render(Lgov/nasa/worldwind/render/DrawContext;)V (123 bytes) @ 0x0000000003321f44 [0x00000000033205e0+0x1964]
j  it.graphitech.shader.ShadingDecorator.render(Lgov/nasa/worldwind/render/DrawContext;Lgov/nasa/worldwind/layers/Layer;)V+266
j  it.graphitech.shader.DecoratedLayer.render(Lgov/nasa/worldwind/render/DrawContext;)V+9
J 3614 C1 it.graphitech.core.MyAbstractSceneController.draw(Lgov/nasa/worldwind/render/DrawContext;)V (398 bytes) @ 0x000000000324205c [0x00000000032419e0+0x67c]
j  it.graphitech.core.MyBasicSceneController.doRepaint(Lgov/nasa/worldwind/render/DrawContext;)V+68
j  it.graphitech.core.MyAbstractSceneController.repaint()I+58
j  gov.nasa.worldwind.WorldWindowGLAutoDrawable.doDisplay()I+4
j  gov.nasa.worldwind.WorldWindowGLAutoDrawable.display(Ljavax/media/opengl/GLAutoDrawable;)V+122
j  jogamp.opengl.GLDrawableHelper.displayImpl(Ljavax/media/opengl/GLAutoDrawable;)V+81
j  jogamp.opengl.GLDrawableHelper.display(Ljavax/media/opengl/GLAutoDrawable;)V+2
j  javax.media.opengl.awt.GLCanvas$10.run()V+118
j  jogamp.opengl.GLDrawableHelper.invokeGLImpl(Ljavax/media/opengl/GLDrawable;Ljavax/media/opengl/GLContext;Ljava/lang/Runnable;Ljava/lang/Runnable;)V+206
j  jogamp.opengl.GLDrawableHelper.invokeGL(Ljavax/media/opengl/GLDrawable;Ljavax/media/opengl/GLContext;Ljava/lang/Runnable;Ljava/lang/Runnable;)V+80
j  javax.media.opengl.awt.GLCanvas$11.run()V+73
j  javax.media.opengl.Threading.invoke(ZLjava/lang/Runnable;Ljava/lang/Object;)V+33
j  javax.media.opengl.awt.GLCanvas.display()V+64
J 4043 C1 javax.media.opengl.awt.GLCanvas.paint(Ljava/awt/Graphics;)V (141 bytes) @ 0x00000000034d8d1c [0x00000000034d7ec0+0xe5c]
j  javax.media.opengl.awt.GLCanvas.update(Ljava/awt/Graphics;)V+2
J 4026 C1 sun.awt.RepaintArea.paint(Ljava/lang/Object;Z)V (354 bytes) @ 0x00000000034c92d4 [0x00000000034c8120+0x11b4]
J 3634 C1 sun.awt.windows.WComponentPeer.handleEvent(Ljava/awt/AWTEvent;)V (173 bytes) @ 0x000000000325b4b4 [0x000000000325a5c0+0xef4]
J 3618 C1 java.awt.Component.dispatchEventImpl(Ljava/awt/AWTEvent;)V (883 bytes) @ 0x000000000325298c [0x000000000324b440+0x754c]
J 3343 C1 java.awt.EventQueue.dispatchEventImpl(Ljava/awt/AWTEvent;Ljava/lang/Object;)V (149 bytes) @ 0x000000000310a524 [0x0000000003108e80+0x16a4]
J 3477 C1 java.awt.EventQueue$3.run()Ljava/lang/Void; (60 bytes) @ 0x000000000318661c [0x0000000003186400+0x21c]
J 3341 C1 java.awt.EventQueue$3.run()Ljava/lang/Object; (5 bytes) @ 0x000000000310b98c [0x000000000310b900+0x8c]
v  ~StubRoutines::call_stub
J 1316  java.security.AccessController.doPrivileged(Ljava/security/PrivilegedAction;Ljava/security/AccessControlContext;)Ljava/lang/Object; (0 bytes) @ 0x0000000002c54126 [0x0000000002c540c0+0x66]
J 3192 C1 java.security.ProtectionDomain$1.doIntersectionPrivilege(Ljava/security/PrivilegedAction;Ljava/security/AccessControlContext;Ljava/security/AccessControlContext;)Ljava/lang/Object; (32 bytes) @ 0x000000000308e1c4 [0x000000000308dec0+0x304]
J 3624 C1 java.awt.EventQueue$4.run()Ljava/lang/Object; (5 bytes) @ 0x0000000003257454 [0x0000000003257060+0x3f4]
v  ~StubRoutines::call_stub
J 1316  java.security.AccessController.doPrivileged(Ljava/security/PrivilegedAction;Ljava/security/AccessControlContext;)Ljava/lang/Object; (0 bytes) @ 0x0000000002c54126 [0x0000000002c540c0+0x66]
J 3340 C1 java.awt.EventQueue.dispatchEvent(Ljava/awt/AWTEvent;)V (80 bytes) @ 0x000000000310cab4 [0x000000000310bdc0+0xcf4]
J 3344 C1 java.awt.EventDispatchThread.pumpOneEventForFilters(I)V (295 bytes) @ 0x0000000003110854 [0x000000000310eb80+0x1cd4]
j  java.awt.EventDispatchThread.pumpEventsForFilter(ILjava/awt/Conditional;Ljava/awt/EventFilter;)V+35
j  java.awt.EventDispatchThread.pumpEventsForHierarchy(ILjava/awt/Conditional;Ljava/awt/Component;)V+11
j  java.awt.EventDispatchThread.pumpEvents(ILjava/awt/Conditional;)V+4
j  java.awt.EventDispatchThread.pumpEvents(Ljava/awt/Conditional;)V+3
j  java.awt.EventDispatchThread.run()V+9
v  ~StubRoutines::call_stub

---------------  P R O C E S S  ---------------

Java Threads: ( => current thread )
  0x0000000025473000 JavaThread "Idle World Wind Task " daemon [_thread_blocked, id=2168, stack(0x0000000032840000,0x0000000032940000)]
  0x0000000025472000 JavaThread "Idle World Wind Task " daemon [_thread_blocked, id=10184, stack(0x0000000032720000,0x0000000032820000)]
  0x0000000025471800 JavaThread "Idle World Wind Task " daemon [_thread_blocked, id=9532, stack(0x0000000032520000,0x0000000032620000)]
  0x0000000025470000 JavaThread "Idle World Wind Task " daemon [_thread_blocked, id=9676, stack(0x0000000030520000,0x0000000030620000)]
  0x000000002546f000 JavaThread "Idle World Wind Task " daemon [_thread_blocked, id=9504, stack(0x00000000303d0000,0x00000000304d0000)]
  0x000000002546e800 JavaThread "Idle World Wind Task " daemon [_thread_blocked, id=6672, stack(0x0000000030180000,0x0000000030280000)]
  0x000000002546d800 JavaThread "Idle World Wind Task " daemon [_thread_blocked, id=9072, stack(0x000000002fd40000,0x000000002fe40000)]
  0x000000002546d000 JavaThread "Idle World Wind Task " daemon [_thread_blocked, id=6300, stack(0x000000002ff40000,0x0000000030040000)]
  0x0000000025c61000 JavaThread "DestroyJavaVM" [_thread_blocked, id=9888, stack(0x00000000023d0000,0x00000000024d0000)]
  0x0000000025c60800 JavaThread "D3D Screen Updater" daemon [_thread_blocked, id=9228, stack(0x000000002ae10000,0x000000002af10000)]
  0x0000000025c5f800 JavaThread "Thread-38" daemon [_thread_in_native, id=8616, stack(0x000000002aaa0000,0x000000002aba0000)]
  0x0000000025c5f000 JavaThread "Thread-37" daemon [_thread_in_native, id=3000, stack(0x000000002a940000,0x000000002aa40000)]
  0x0000000025c5e000 JavaThread "Thread-36" daemon [_thread_in_native, id=5664, stack(0x00000000248d0000,0x00000000249d0000)]
  0x0000000025c5d800 JavaThread "Thread-35" [_thread_blocked, id=9196, stack(0x0000000024210000,0x0000000024310000)]
  0x0000000025c5c800 JavaThread "Thread-34" [_thread_blocked, id=10232, stack(0x0000000026370000,0x0000000026470000)]
  0x0000000025c5c000 JavaThread "Thread-33" daemon [_thread_in_native, id=9260, stack(0x0000000024760000,0x0000000024860000)]
  0x0000000025c5b000 JavaThread "Thread-32" [_thread_blocked, id=8508, stack(0x0000000024600000,0x0000000024700000)]
  0x00000000259d1800 JavaThread "Thread-31" [_thread_blocked, id=9472, stack(0x00000000244b0000,0x00000000245b0000)]
  0x00000000259d1000 JavaThread "Thread-30" daemon [_thread_in_native, id=5236, stack(0x00000000239f0000,0x0000000023af0000)]
  0x00000000259d0000 JavaThread "Thread-29" daemon [_thread_in_native, id=7540, stack(0x0000000024310000,0x0000000024410000)]
  0x00000000259cf800 JavaThread "Thread-28" [_thread_blocked, id=8488, stack(0x00000000240b0000,0x00000000241b0000)]
  0x00000000259ce800 JavaThread "Thread-27" [_thread_blocked, id=8024, stack(0x0000000023f40000,0x0000000024040000)]
  0x00000000259ce000 JavaThread "Thread-26" daemon [_thread_in_native, id=9616, stack(0x0000000023e10000,0x0000000023f10000)]
  0x00000000259c7000 JavaThread "Thread-25" daemon [_thread_in_native, id=9292, stack(0x0000000023c70000,0x0000000023d70000)]
  0x00000000259c2800 JavaThread "Thread-24" [_thread_blocked, id=9128, stack(0x0000000023b00000,0x0000000023c00000)]
  0x00000000259c4800 JavaThread "Thread-23" [_thread_blocked, id=5740, stack(0x00000000238a0000,0x00000000239a0000)]
  0x00000000259cd000 JavaThread "Thread-21" daemon [_thread_in_native, id=4628, stack(0x000000002af20000,0x000000002b020000)]
  0x00000000259cc800 JavaThread "Thread-22" daemon [_thread_in_native, id=10192, stack(0x000000002bc50000,0x000000002bd50000)]
  0x00000000259cb800 JavaThread "Thread-20" [_thread_blocked, id=9460, stack(0x000000002baf0000,0x000000002bbf0000)]
  0x00000000259c4000 JavaThread "Thread-19" [_thread_blocked, id=5396, stack(0x0000000022640000,0x0000000022740000)]
  0x00000000259cb000 JavaThread "Keep-Alive-Timer" daemon [_thread_blocked, id=9512, stack(0x000000002abc0000,0x000000002acc0000)]
  0x00000000259ca000 JavaThread "Thread-17" daemon [_thread_in_native, id=6588, stack(0x000000002b790000,0x000000002b890000)]
  0x00000000259c9000 JavaThread "Thread-18" daemon [_thread_in_native, id=9948, stack(0x000000002b5f0000,0x000000002b6f0000)]
  0x00000000259c8800 JavaThread "Thread-16" [_thread_blocked, id=9188, stack(0x000000002a310000,0x000000002a410000)]
  0x00000000259c7800 JavaThread "Thread-15" [_thread_blocked, id=6660, stack(0x0000000024c50000,0x0000000024d50000)]
  0x00000000259c6000 JavaThread "Thread-13" daemon [_thread_blocked, id=8792, stack(0x000000002b460000,0x000000002b560000)]
  0x00000000259c5800 JavaThread "TimerQueue" daemon [_thread_blocked, id=9368, stack(0x000000002b360000,0x000000002b460000)]
  0x000000002008e800 JavaThread "main-SharedResourceRunner" daemon [_thread_blocked, id=9068, stack(0x0000000026480000,0x0000000026580000)]
=>0x000000001fb4f000 JavaThread "AWT-EventQueue-0" [_thread_in_native, id=8332, stack(0x0000000025080000,0x0000000025180000)]
  0x000000001fa91800 JavaThread "AWT-Windows" daemon [_thread_in_native, id=4924, stack(0x000000001ec70000,0x000000001ed70000)]
  0x000000001fa8f000 JavaThread "AWT-Shutdown" [_thread_blocked, id=4500, stack(0x000000001f310000,0x000000001f410000)]
  0x000000001fa8e800 JavaThread "Java2D Disposer" daemon [_thread_blocked, id=8348, stack(0x00000000200f0000,0x00000000201f0000)]
  0x000000001d90e800 JavaThread "Service Thread" daemon [_thread_blocked, id=8056, stack(0x000000001f620000,0x000000001f720000)]
  0x000000001d87a000 JavaThread "C1 CompilerThread3" daemon [_thread_blocked, id=8316, stack(0x000000001f510000,0x000000001f610000)]
  0x000000001d871000 JavaThread "C2 CompilerThread2" daemon [_thread_blocked, id=9760, stack(0x000000001f410000,0x000000001f510000)]
  0x000000001d86e800 JavaThread "C2 CompilerThread1" daemon [_thread_in_native, id=9172, stack(0x000000001f1d0000,0x000000001f2d0000)]
  0x000000001d868000 JavaThread "C2 CompilerThread0" daemon [_thread_blocked, id=9360, stack(0x000000001f070000,0x000000001f170000)]
  0x000000001d865000 JavaThread "Attach Listener" daemon [_thread_blocked, id=9008, stack(0x000000001ef20000,0x000000001f020000)]
  0x000000001d864000 JavaThread "Signal Dispatcher" daemon [_thread_blocked, id=10140, stack(0x000000001ed70000,0x000000001ee70000)]
  0x000000001c8c3800 JavaThread "Finalizer" daemon [_thread_blocked, id=9968, stack(0x000000001eb60000,0x000000001ec60000)]
  0x000000001d813800 JavaThread "Reference Handler" daemon [_thread_blocked, id=10076, stack(0x000000001e940000,0x000000001ea40000)]

Other Threads:
  0x000000001d811800 VMThread [stack: 0x000000001e7b0000,0x000000001e8b0000] [id=7096]
  0x000000001d912800 WatcherThread [stack: 0x000000001f790000,0x000000001f890000] [id=2288]

VM state:not at safepoint (normal execution)

VM Mutex/Monitor currently owned by a thread: None

Heap:
 PSYoungGen      total 364544K, used 107450K [0x000000076af80000, 0x000000078d580000, 0x00000007c0000000)
  eden space 328704K, 21% used [0x000000076af80000,0x000000076f576560,0x000000077f080000)
  from space 35840K, 99% used [0x000000078b280000,0x000000078d578538,0x000000078d580000)
  to   space 54784K, 0% used [0x0000000786a80000,0x0000000786a80000,0x000000078a000000)
 ParOldGen       total 193024K, used 94803K [0x00000006c0e00000, 0x00000006cca80000, 0x000000076af80000)
  object space 193024K, 49% used [0x00000006c0e00000,0x00000006c6a94e40,0x00000006cca80000)
 Metaspace       used 24610K, capacity 24879K, committed 25344K, reserved 1071104K
  class space    used 2646K, capacity 2730K, committed 2816K, reserved 1048576K

Card table byte_map: [0x0000000011b60000,0x0000000012360000] byte_map_base: 0x000000000e559000

Marking Bits: (ParMarkBitMap*) 0x00000000715d4040
 Begin Bits: [0x0000000013740000, 0x0000000017708000)
 End Bits:   [0x0000000017708000, 0x000000001b6d0000)

Polling page: 0x0000000000140000

CodeCache: size=245760Kb used=14308Kb max_used=14308Kb free=231451Kb
 bounds [0x00000000027a0000, 0x00000000035b0000, 0x00000000117a0000]
 total_blobs=4709 nmethods=3760 adapters=858
 compilation: enabled

Compilation events (10 events):
Event: 8.626 Thread 0x000000001d871000 nmethod 4263 0x0000000003598c90 code [0x0000000003598de0, 0x0000000003598f78]
Event: 8.627 Thread 0x000000001d871000 4264       4       it.graphitech.smeSpire.lines.cubicCurve.CubicSplinePolyline::initPreProcessingStuff (19 bytes)
Event: 8.639 Thread 0x000000001d868000 nmethod 4259 0x00000000035a61d0 code [0x00000000035a6440, 0x00000000035a7fb0]
Event: 8.639 Thread 0x000000001d868000 4265       4       java.nio.DirectFloatBufferU::put (154 bytes)
Event: 8.641 Thread 0x000000001d868000 nmethod 4265 0x000000000359d790 code [0x000000000359d8e0, 0x000000000359db38]
Event: 8.641 Thread 0x000000001d868000 4266   !   4       java.nio.Bits::reserveMemory (165 bytes)
Event: 8.643 Thread 0x000000001d868000 nmethod 4266 0x0000000003598090 code [0x00000000035981e0, 0x00000000035984d8]
Event: 8.643 Thread 0x000000001d868000 4267       4       java.nio.DirectByteBuffer$Deallocator::<init> (9 bytes)
Event: 8.643 Thread 0x000000001d868000 nmethod 4267 0x000000000352eed0 code [0x000000000352f000, 0x000000000352f078]
Event: 8.650 Thread 0x000000001d871000 nmethod 4264 0x00000000035a9810 code [0x00000000035a99e0, 0x00000000035aaf38]

GC Heap History (10 events):
Event: 1.285 GC heap before
{Heap before GC invocations=5 (full 0):
 PSYoungGen      total 141824K, used 135984K [0x000000076af80000, 0x0000000774480000, 0x00000007c0000000)
  eden space 131072K, 100% used [0x000000076af80000,0x0000000772f80000,0x0000000772f80000)
  from space 10752K, 45% used [0x0000000773a00000,0x0000000773ecc060,0x0000000774480000)
  to   space 10752K, 0% used [0x0000000772f80000,0x0000000772f80000,0x0000000773a00000)
 ParOldGen       total 175104K, used 104K [0x00000006c0e00000, 0x00000006cb900000, 0x000000076af80000)
  object space 175104K, 0% used [0x00000006c0e00000,0x00000006c0e1a010,0x00000006cb900000)
 Metaspace       used 18599K, capacity 18865K, committed 19072K, reserved 1067008K
  class space    used 1986K, capacity 2081K, committed 2176K, reserved 1048576K
Event: 1.288 GC heap after
Heap after GC invocations=5 (full 0):
 PSYoungGen      total 141824K, used 5121K [0x000000076af80000, 0x000000077bb80000, 0x00000007c0000000)
  eden space 131072K, 0% used [0x000000076af80000,0x000000076af80000,0x0000000772f80000)
  from space 10752K, 47% used [0x0000000772f80000,0x00000007734807a8,0x0000000773a00000)
  to   space 6144K, 0% used [0x000000077b580000,0x000000077b580000,0x000000077bb80000)
 ParOldGen       total 175104K, used 112K [0x00000006c0e00000, 0x00000006cb900000, 0x000000076af80000)
  object space 175104K, 0% used [0x00000006c0e00000,0x00000006c0e1c010,0x00000006cb900000)
 Metaspace       used 18599K, capacity 18865K, committed 19072K, reserved 1067008K
  class space    used 1986K, capacity 2081K, committed 2176K, reserved 1048576K
}
Event: 1.814 GC heap before
{Heap before GC invocations=6 (full 0):
 PSYoungGen      total 141824K, used 136193K [0x000000076af80000, 0x000000077bb80000, 0x00000007c0000000)
  eden space 131072K, 100% used [0x000000076af80000,0x0000000772f80000,0x0000000772f80000)
  from space 10752K, 47% used [0x0000000772f80000,0x00000007734807a8,0x0000000773a00000)
  to   space 6144K, 0% used [0x000000077b580000,0x000000077b580000,0x000000077bb80000)
 ParOldGen       total 175104K, used 112K [0x00000006c0e00000, 0x00000006cb900000, 0x000000076af80000)
  object space 175104K, 0% used [0x00000006c0e00000,0x00000006c0e1c010,0x00000006cb900000)
 Metaspace       used 20647K, capacity 20937K, committed 21120K, reserved 1069056K
  class space    used 2246K, capacity 2341K, committed 2432K, reserved 1048576K
Event: 1.843 GC heap after
Heap after GC invocations=6 (full 0):
 PSYoungGen      total 251904K, used 6129K [0x000000076af80000, 0x000000077db80000, 0x00000007c0000000)
  eden space 245760K, 0% used [0x000000076af80000,0x000000076af80000,0x0000000779f80000)
  from space 6144K, 99% used [0x000000077b580000,0x000000077bb7c4e8,0x000000077bb80000)
  to   space 22528K, 0% used [0x0000000779f80000,0x0000000779f80000,0x000000077b580000)
 ParOldGen       total 175104K, used 27721K [0x00000006c0e00000, 0x00000006cb900000, 0x000000076af80000)
  object space 175104K, 15% used [0x00000006c0e00000,0x00000006c29125e8,0x00000006cb900000)
 Metaspace       used 20647K, capacity 20937K, committed 21120K, reserved 1069056K
  class space    used 2246K, capacity 2341K, committed 2432K, reserved 1048576K
}
Event: 4.646 GC heap before
{Heap before GC invocations=7 (full 0):
 PSYoungGen      total 251904K, used 174988K [0x000000076af80000, 0x000000077db80000, 0x00000007c0000000)
  eden space 245760K, 68% used [0x000000076af80000,0x0000000775466e70,0x0000000779f80000)
  from space 6144K, 99% used [0x000000077b580000,0x000000077bb7c4e8,0x000000077bb80000)
  to   space 22528K, 0% used [0x0000000779f80000,0x0000000779f80000,0x000000077b580000)
 ParOldGen       total 175104K, used 27721K [0x00000006c0e00000, 0x00000006cb900000, 0x000000076af80000)
  object space 175104K, 15% used [0x00000006c0e00000,0x00000006c29125e8,0x00000006cb900000)
 Metaspace       used 20843K, capacity 21073K, committed 21296K, reserved 1069056K
  class space    used 2263K, capacity 2341K, committed 2432K, reserved 1048576K
Event: 4.676 GC heap after
Heap after GC invocations=7 (full 0):
 PSYoungGen      total 268288K, used 22521K [0x000000076af80000, 0x000000078d580000, 0x00000007c0000000)
  eden space 245760K, 0% used [0x000000076af80000,0x000000076af80000,0x0000000779f80000)
  from space 22528K, 99% used [0x0000000779f80000,0x000000077b57e668,0x000000077b580000)
  to   space 35840K, 0% used [0x000000078b280000,0x000000078b280000,0x000000078d580000)
 ParOldGen       total 175104K, used 45033K [0x00000006c0e00000, 0x00000006cb900000, 0x000000076af80000)
  object space 175104K, 25% used [0x00000006c0e00000,0x00000006c39fa5b8,0x00000006cb900000)
 Metaspace       used 20843K, capacity 21073K, committed 21296K, reserved 1069056K
  class space    used 2263K, capacity 2341K, committed 2432K, reserved 1048576K
}
Event: 4.676 GC heap before
{Heap before GC invocations=8 (full 1):
 PSYoungGen      total 268288K, used 22521K [0x000000076af80000, 0x000000078d580000, 0x00000007c0000000)
  eden space 245760K, 0% used [0x000000076af80000,0x000000076af80000,0x0000000779f80000)
  from space 22528K, 99% used [0x0000000779f80000,0x000000077b57e668,0x000000077b580000)
  to   space 35840K, 0% used [0x000000078b280000,0x000000078b280000,0x000000078d580000)
 ParOldGen       total 175104K, used 45033K [0x00000006c0e00000, 0x00000006cb900000, 0x000000076af80000)
  object space 175104K, 25% used [0x00000006c0e00000,0x00000006c39fa5b8,0x00000006cb900000)
 Metaspace       used 20843K, capacity 21073K, committed 21296K, reserved 1069056K
  class space    used 2263K, capacity 2341K, committed 2432K, reserved 1048576K
Event: 5.021 GC heap after
Heap after GC invocations=8 (full 1):
 PSYoungGen      total 268288K, used 0K [0x000000076af80000, 0x000000078d580000, 0x00000007c0000000)
  eden space 245760K, 0% used [0x000000076af80000,0x000000076af80000,0x0000000779f80000)
  from space 22528K, 0% used [0x0000000779f80000,0x0000000779f80000,0x000000077b580000)
  to   space 35840K, 0% used [0x000000078b280000,0x000000078b280000,0x000000078d580000)
 ParOldGen       total 193024K, used 66674K [0x00000006c0e00000, 0x00000006cca80000, 0x000000076af80000)
  object space 193024K, 34% used [0x00000006c0e00000,0x00000006c4f1cbe0,0x00000006cca80000)
 Metaspace       used 20843K, capacity 21073K, committed 21296K, reserved 1069056K
  class space    used 2263K, capacity 2341K, committed 2432K, reserved 1048576K
}
Event: 8.588 GC heap before
{Heap before GC invocations=9 (full 1):
 PSYoungGen      total 268288K, used 245760K [0x000000076af80000, 0x000000078d580000, 0x00000007c0000000)
  eden space 245760K, 100% used [0x000000076af80000,0x0000000779f80000,0x0000000779f80000)
  from space 22528K, 0% used [0x0000000779f80000,0x0000000779f80000,0x000000077b580000)
  to   space 35840K, 0% used [0x000000078b280000,0x000000078b280000,0x000000078d580000)
 ParOldGen       total 193024K, used 66674K [0x00000006c0e00000, 0x00000006cca80000, 0x000000076af80000)
  object space 193024K, 34% used [0x00000006c0e00000,0x00000006c4f1cbe0,0x00000006cca80000)
 Metaspace       used 24609K, capacity 24879K, committed 25344K, reserved 1071104K
  class space    used 2646K, capacity 2730K, committed 2816K, reserved 1048576K
Event: 8.614 GC heap after
Heap after GC invocations=9 (full 1):
 PSYoungGen      total 364544K, used 35809K [0x000000076af80000, 0x000000078d580000, 0x00000007c0000000)
  eden space 328704K, 0% used [0x000000076af80000,0x000000076af80000,0x000000077f080000)
  from space 35840K, 99% used [0x000000078b280000,0x000000078d578538,0x000000078d580000)
  to   space 54784K, 0% used [0x0000000786a80000,0x0000000786a80000,0x000000078a000000)
 ParOldGen       total 193024K, used 94803K [0x00000006c0e00000, 0x00000006cca80000, 0x000000076af80000)
  object space 193024K, 49% used [0x00000006c0e00000,0x00000006c6a94e40,0x00000006cca80000)
 Metaspace       used 24609K, capacity 24879K, committed 25344K, reserved 1071104K
  class space    used 2646K, capacity 2730K, committed 2816K, reserved 1048576K
}

Deoptimization events (10 events):
Event: 7.281 Thread 0x000000001fb4f000 Uncommon trap: reason=bimorphic action=maybe_recompile pc=0x000000000320893c method=gov.nasa.worldwind.layers.AbstractLayer.getName()Ljava/lang/String; @ 19
Event: 7.281 Thread 0x000000001fb4f000 Uncommon trap: reason=bimorphic action=maybe_recompile pc=0x000000000320893c method=gov.nasa.worldwind.layers.AbstractLayer.getName()Ljava/lang/String; @ 19
Event: 7.288 Thread 0x000000001fb4f000 Uncommon trap: reason=class_check action=maybe_recompile pc=0x000000000322294c method=gov.nasa.worldwind.terrain.RectangularTessellator.renderTrianglesWithUniqueColors(Lgov/nasa/worldwind/render/DrawContext;Lgov/nasa/worldwind/terrain/RectangularTessellato¶/¾&@
Event: 7.288 Thread 0x000000001fb4f000 Uncommon trap: reason=class_check action=maybe_recompile pc=0x000000000322294c method=gov.nasa.worldwind.terrain.RectangularTessellator.renderTrianglesWithUniqueColors(Lgov/nasa/worldwind/render/DrawContext;Lgov/nasa/worldwind/terrain/RectangularTessellatoðÆ‡¥õ,@
Event: 7.294 Thread 0x000000001fb4f000 Uncommon trap: reason=class_check action=maybe_recompile pc=0x000000000321183c method=gov.nasa.worldwind.terrain.RectangularTessellator.renderTrianglesWithUniqueColors(Lgov/nasa/worldwind/render/DrawContext;Lgov/nasa/worldwind/terrain/RectangularTessellato.äÚ’h@
Event: 7.624 Thread 0x000000001fb4f000 Uncommon trap: reason=unstable_if action=reinterpret pc=0x0000000002ec9f3c method=gov.nasa.worldwind.geom.LatLon.greatCircleAzimuth(Lgov/nasa/worldwind/geom/LatLon;Lgov/nasa/worldwind/geom/LatLon;)Lgov/nasa/worldwind/geom/Angle; @ 89
Event: 7.686 Thread 0x000000001fb4f000 Uncommon trap: reason=unstable_if action=reinterpret pc=0x000000000346b860 method=gov.nasa.worldwind.geom.Matrix.computeEigensystemFromSymmetricMatrix3(Lgov/nasa/worldwind/geom/Matrix;[D[Lgov/nasa/worldwind/geom/Vec4;)V @ 666
Event: 8.530 Thread 0x000000001fb4f000 Uncommon trap: reason=unstable_if action=reinterpret pc=0x0000000003031720 method=java.util.ArrayList.clear()V @ 17
Event: 8.637 Thread 0x000000001fb4f000 Uncommon trap: reason=unstable_if action=reinterpret pc=0x0000000002def1f8 method=java.lang.Integer.getChars(II[C)V @ 20
Event: 8.637 Thread 0x000000001fb4f000 Uncommon trap: reason=unstable_if action=reinterpret pc=0x0000000002d6159c method=java.lang.Integer.getChars(II[C)V @ 20

Internal exceptions (10 events):
Event: 0.203 Thread 0x000000000236e800 Exception <a 'java/lang/NoSuchFieldError': method resolution failed> (0x000000076d274178) thrown at [D:\re\workspace\8-2-build-windows-amd64-cygwin\jdk8u40\2855\hotspot\src\share\vm\prims\methodHandles.cpp, line 1125]
Event: 1.015 Thread 0x000000000236e800 Exception <a 'java/lang/InterruptedException'> (0x000000076b269e50) thrown at [D:\re\workspace\8-2-build-windows-amd64-cygwin\jdk8u40\2855\hotspot\src\share\vm\runtime\objectMonitor.cpp, line 1683]
Event: 1.537 Thread 0x00000000255f9000 Exception <a 'java/lang/NullPointerException'> (0x000000076c8232e8) thrown at [D:\re\workspace\8-2-build-windows-amd64-cygwin\jdk8u40\2855\hotspot\src\share\vm\interpreter\linkResolver.cpp, line 1178]
Event: 1.549 Thread 0x00000000255f9000 Implicit null exception at 0x0000000002dd004c to 0x0000000002dd00ed
Event: 1.980 Thread 0x00000000259c4800 Implicit null exception at 0x0000000002ff5cbd to 0x0000000002ff4599
Event: 5.049 Thread 0x000000000236e800 Exception <a 'java/lang/reflect/InvocationTargetException'> (0x000000076aff5010) thrown at [D:\re\workspace\8-2-build-windows-amd64-cygwin\jdk8u40\2855\hotspot\src\share\vm\runtime\reflection.cpp, line 1080]
Event: 7.257 Thread 0x000000001fb4f000 Implicit null exception at 0x0000000003193cd9 to 0x0000000003195778
Event: 7.257 Thread 0x000000001fb4f000 Exception <a 'java/lang/NullPointerException'> (0x0000000772b3bf70) thrown at [D:\re\workspace\8-2-build-windows-amd64-cygwin\jdk8u40\2855\hotspot\src\share\vm\runtime\sharedRuntime.cpp, line 605]
Event: 7.257 Thread 0x000000001fb4f000 Exception <a 'java/lang/NullPointerException'> (0x0000000772b3bf70) thrown at [D:\re\workspace\8-2-build-windows-amd64-cygwin\jdk8u40\2855\hotspot\src\share\vm\prims\jvm.cpp, line 1386]
Event: 7.258 Thread 0x000000001fb4f000 Implicit null exception at 0x0000000002ecb427 to 0x0000000002ecbfb5

Events (10 events):
Event: 8.588 Executing VM operation: ParallelGCFailedAllocation
Event: 8.614 Executing VM operation: ParallelGCFailedAllocation done
Event: 8.631 loading class java/nio/DirectByteBuffer$1
Event: 8.631 loading class java/nio/DirectByteBuffer$1 done
Event: 8.637 Thread 0x000000001fb4f000 Uncommon trap: trap_request=0xffffff65 fr.pc=0x0000000002def1f8
Event: 8.637 Thread 0x000000001fb4f000 DEOPT PACKING pc=0x0000000002def1f8 sp=0x000000002517c190
Event: 8.637 Thread 0x000000001fb4f000 DEOPT UNPACKING pc=0x00000000027e582a sp=0x000000002517c0a8 mode 2
Event: 8.637 Thread 0x000000001fb4f000 Uncommon trap: trap_request=0xffffff65 fr.pc=0x0000000002d6159c
Event: 8.637 Thread 0x000000001fb4f000 DEOPT PACKING pc=0x0000000002d6159c sp=0x000000002517c120
Event: 8.637 Thread 0x000000001fb4f000 DEOPT UNPACKING pc=0x00000000027e582a sp=0x000000002517c098 mode 2


Dynamic libraries:
0x000000013f9b0000 - 0x000000013f9e7000 	C:\Program Files\Java\jre1.8.0_40\bin\javaw.exe
0x00000000771a0000 - 0x0000000077349000 	C:\Windows\SYSTEM32\ntdll.dll
0x0000000077080000 - 0x000000007719f000 	C:\Windows\system32\kernel32.dll
0x000007fefbf30000 - 0x000007fefbf9c000 	C:\Windows\system32\KERNELBASE.dll
0x000007fefde10000 - 0x000007fefdeeb000 	C:\Windows\system32\ADVAPI32.dll
0x000007fefd910000 - 0x000007fefd9af000 	C:\Windows\system32\msvcrt.dll
0x000007fefc5a0000 - 0x000007fefc5bf000 	C:\Windows\SYSTEM32\sechost.dll
0x000007fefc290000 - 0x000007fefc3bd000 	C:\Windows\system32\RPCRT4.dll
0x0000000076f80000 - 0x000000007707a000 	C:\Windows\system32\USER32.dll
0x000007fefdb70000 - 0x000007fefdbd7000 	C:\Windows\system32\GDI32.dll
0x000007fefdb30000 - 0x000007fefdb3e000 	C:\Windows\system32\LPK.dll
0x000007fefc1c0000 - 0x000007fefc289000 	C:\Windows\system32\USP10.dll
0x000007fefa7c0000 - 0x000007fefa9b4000 	C:\Windows\WinSxS\amd64_microsoft.windows.common-controls_6595b64144ccf1df_6.0.7601.18837_none_fa3b1e3d17594757\COMCTL32.dll
0x000007fefe120000 - 0x000007fefe191000 	C:\Windows\system32\SHLWAPI.dll
0x000007fefdb40000 - 0x000007fefdb6e000 	C:\Windows\system32\IMM32.DLL
0x000007fefc000000 - 0x000007fefc109000 	C:\Windows\system32\MSCTF.dll
0x000007fef55c0000 - 0x000007fef5653000 	C:\Program Files (x86)\AVG\AVG2015\avghooka.dll
0x0000000071660000 - 0x0000000071732000 	C:\Program Files\Java\jre1.8.0_40\bin\msvcr100.dll
0x0000000070dd0000 - 0x0000000071653000 	C:\Program Files\Java\jre1.8.0_40\bin\server\jvm.dll
0x000007fef7be0000 - 0x000007fef7be9000 	C:\Windows\system32\WSOCK32.dll
0x000007fefc110000 - 0x000007fefc15d000 	C:\Windows\system32\WS2_32.dll
0x000007fefc8a0000 - 0x000007fefc8a8000 	C:\Windows\system32\NSI.dll
0x000007fef9560000 - 0x000007fef959b000 	C:\Windows\system32\WINMM.dll
0x000007fefad20000 - 0x000007fefad2c000 	C:\Windows\system32\VERSION.dll
0x0000000077370000 - 0x0000000077377000 	C:\Windows\system32\PSAPI.DLL
0x0000000070dc0000 - 0x0000000070dcf000 	C:\Program Files\Java\jre1.8.0_40\bin\verify.dll
0x0000000070d90000 - 0x0000000070db9000 	C:\Program Files\Java\jre1.8.0_40\bin\java.dll
0x0000000070d70000 - 0x0000000070d86000 	C:\Program Files\Java\jre1.8.0_40\bin\zip.dll
0x000007fefc8b0000 - 0x000007fefd639000 	C:\Windows\system32\SHELL32.dll
0x000007fefdc00000 - 0x000007fefde03000 	C:\Windows\system32\ole32.dll
0x000007fefbc40000 - 0x000007fefbc4f000 	C:\Windows\system32\profapi.dll
0x000000005e3d0000 - 0x000000005e568000 	C:\Program Files\Java\jre1.8.0_40\bin\awt.dll
0x000007fefd9b0000 - 0x000007fefda87000 	C:\Windows\system32\OLEAUT32.dll
0x000007fefacb0000 - 0x000007fefacc8000 	C:\Windows\system32\DWMAPI.DLL
0x000007fefa760000 - 0x000007fefa7b6000 	C:\Windows\system32\uxtheme.dll
0x000007fefbae0000 - 0x000007fefbaef000 	C:\Windows\system32\CRYPTBASE.dll
0x000007fee2ff0000 - 0x000007fee31ef000 	C:\Windows\system32\d3d9.dll
0x000007fee4770000 - 0x000007fee4777000 	C:\Windows\system32\d3d8thk.dll
0x000007fef3a80000 - 0x000007fef3be2000 	C:\Windows\system32\aticfx64.dll
0x000007fee2f90000 - 0x000007fee2fb1000 	C:\Windows\system32\atiu9p64.dll
0x000007fee2730000 - 0x000007fee2f8a000 	C:\Windows\system32\atiumd64.dll
0x0000000064d00000 - 0x0000000065586000 	C:\Windows\system32\atiumd6a.dll
0x000007fefacd0000 - 0x000007fefacfc000 	C:\Windows\system32\POWRPROF.dll
0x000007fefc3c0000 - 0x000007fefc597000 	C:\Windows\system32\SETUPAPI.dll
0x000007fefbd10000 - 0x000007fefbd46000 	C:\Windows\system32\CFGMGR32.dll
0x000007fefbec0000 - 0x000007fefbeda000 	C:\Windows\system32\DEVOBJ.dll
0x000007fefb480000 - 0x000007fefb498000 	C:\Windows\system32\CRYPTSP.dll
0x000007fefb140000 - 0x000007fefb187000 	C:\Windows\system32\rsaenh.dll
0x000007fefbf00000 - 0x000007fefbf1e000 	C:\Windows\system32\USERENV.dll
0x0000000070d50000 - 0x0000000070d6a000 	C:\Program Files\Java\jre1.8.0_40\bin\net.dll
0x000007fefb420000 - 0x000007fefb475000 	C:\Windows\system32\mswsock.dll
0x000007fefb410000 - 0x000007fefb417000 	C:\Windows\System32\wship6.dll
0x000007fef92e0000 - 0x000007fef9307000 	C:\Windows\system32\IPHLPAPI.DLL
0x000007fef92b0000 - 0x000007fef92bb000 	C:\Windows\system32\WINNSI.DLL
0x000007fef8f70000 - 0x000007fef8f81000 	C:\Windows\system32\dhcpcsvc6.DLL
0x000007fef8df0000 - 0x000007fef8e08000 	C:\Windows\system32\dhcpcsvc.DLL
0x0000000070d30000 - 0x0000000070d41000 	C:\Program Files\Java\jre1.8.0_40\bin\nio.dll
0x00000000637c0000 - 0x00000000637cd000 	C:\Users\a.debiasi\AppData\Local\Temp\jogamp_0000\file_cache\jln7410154648443121774\jln2173601953336009799\gluegen-rt.dll
0x000000006aa80000 - 0x000000006aa87000 	C:\Program Files\Java\jre1.8.0_40\bin\jawt.dll
0x000000006a440000 - 0x000000006a44d000 	C:\Users\a.debiasi\AppData\Local\Temp\jogamp_0000\file_cache\jln7410154648443121774\jln2173601953336009799\nativewindow_awt.dll
0x000000006c100000 - 0x000000006c10f000 	C:\Users\a.debiasi\AppData\Local\Temp\jogamp_0000\file_cache\jln7410154648443121774\jln2173601953336009799\nativewindow_win32.dll
0x000007fef1d70000 - 0x000007fef1e8d000 	C:\Windows\system32\OpenGL32.dll
0x000007fef53f0000 - 0x000007fef541d000 	C:\Windows\system32\GLU32.dll
0x000007fef52f0000 - 0x000007fef53e1000 	C:\Windows\system32\DDRAW.dll
0x000007fef52e0000 - 0x000007fef52e8000 	C:\Windows\system32\DCIMAN32.dll
0x0000000064500000 - 0x00000000645a0000 	C:\Users\a.debiasi\AppData\Local\Temp\jogamp_0000\file_cache\jln7410154648443121774\jln2173601953336009799\jogl_desktop.dll
0x000007fef1d30000 - 0x000007fef1d48000 	C:\Windows\system32\atig6pxx.dll
0x0000000026700000 - 0x00000000284fd000 	C:\Windows\system32\atio6axx.dll
0x000007feeabd0000 - 0x000007feead11000 	C:\Windows\system32\atiadlxx.dll
0x000007fefa080000 - 0x000007fefa1ac000 	C:\Windows\system32\PROPSYS.dll
0x000007fefad00000 - 0x000007fefad11000 	C:\Windows\system32\WTSAPI32.dll
0x000007fefbfc0000 - 0x000007fefbffb000 	C:\Windows\system32\WINTRUST.dll
0x000007fefbd50000 - 0x000007fefbebd000 	C:\Windows\system32\CRYPT32.dll
0x000007fefbc50000 - 0x000007fefbc5f000 	C:\Windows\system32\MSASN1.dll
0x000007fedcd30000 - 0x000007fedcd5c000 	C:\Windows\system32\atig6txx.dll
0x000007fefadf0000 - 0x000007fefadf7000 	C:\Windows\System32\wshtcpip.dll
0x000007fefb260000 - 0x000007fefb2bb000 	C:\Windows\system32\DNSAPI.dll
0x0000000074ad0000 - 0x0000000074af6000 	C:\Program Files\Bonjour\mdnsNSP.dll
0x000007fef8230000 - 0x000007fef8238000 	C:\Windows\system32\rasadhlp.dll
0x000007fef90f0000 - 0x000007fef9143000 	C:\Windows\System32\fwpuclnt.dll
0x00000000670b0000 - 0x00000000670f7000 	C:\Program Files\Java\jre1.8.0_40\bin\fontmanager.dll
0x0000000067060000 - 0x00000000670a1000 	C:\Program Files\Java\jre1.8.0_40\bin\t2k.dll
0x000007fefdef0000 - 0x000007fefdf89000 	C:\Windows\system32\CLBCatQ.DLL
0x000007fee4940000 - 0x000007fee4a65000 	C:\Windows\system32\dbghelp.dll

VM Arguments:
jvm_args: -Dfile.encoding=Cp1252 
java_command: it.graphitech.smeSpire.Main_STANDALONE_v3
java_class_path (initial): C:\Users\a.debiasi\Dropbox\PHD\workspace\3DArcLensBigDataChallenge\bin;C:\Users\a.debiasi\Dropbox\PHD\workspace\3DArcLensBigDataChallenge\lib\worldwind_2_0\gdal.jar;C:\Users\a.debiasi\Dropbox\PHD\workspace\3DArcLensBigDataChallenge\lib\worldwind_2_0\gluegen-rt-natives-linux-amd64.jar;C:\Users\a.debiasi\Dropbox\PHD\workspace\3DArcLensBigDataChallenge\lib\worldwind_2_0\gluegen-rt-natives-linux-i586.jar;C:\Users\a.debiasi\Dropbox\PHD\workspace\3DArcLensBigDataChallenge\lib\worldwind_2_0\gluegen-rt-natives-macosx-universal.jar;C:\Users\a.debiasi\Dropbox\PHD\workspace\3DArcLensBigDataChallenge\lib\worldwind_2_0\gluegen-rt-natives-windows-amd64.jar;C:\Users\a.debiasi\Dropbox\PHD\workspace\3DArcLensBigDataChallenge\lib\worldwind_2_0\gluegen-rt-natives-windows-i586.jar;C:\Users\a.debiasi\Dropbox\PHD\workspace\3DArcLensBigDataChallenge\lib\worldwind_2_0\gluegen-rt.jar;C:\Users\a.debiasi\Dropbox\PHD\workspace\3DArcLensBigDataChallenge\lib\worldwind_2_0\jogl-all-natives-linux-amd64.jar;C:\Users\a.debiasi\Dropbox\PHD\workspace\3DArcLensBigDataChallenge\lib\worldwind_2_0\jogl-all-natives-linux-i586.jar;C:\Users\a.debiasi\Dropbox\PHD\workspace\3DArcLensBigDataChallenge\lib\worldwind_2_0\jogl-all-natives-macosx-universal.jar;C:\Users\a.debiasi\Dropbox\PHD\workspace\3DArcLensBigDataChallenge\lib\worldwind_2_0\jogl-all-natives-windows-amd64.jar;C:\Users\a.debiasi\Dropbox\PHD\workspace\3DArcLensBigDataChallenge\lib\worldwind_2_0\jogl-all-natives-windows-i586.jar;C:\Users\a.debiasi\Dropbox\PHD\workspace\3DArcLensBigDataChallenge\lib\worldwind_2_0\jogl-all.jar;C:\Users\a.debiasi\Dropbox\PHD\workspace\3DArcLensBigDataChallenge\lib\worldwind_2_0\plugin.jar;C:\Users\a.debiasi\Dropbox\PHD\workspace\3DArcLensBigDataChallenge\lib\worldwind_2_0\vpf-symbols.jar;C:\Users\a.debiasi\Dropbox\PHD\workspace\3DArcLensBigDataChallenge\lib\worldwind_2_0\worldwind.jar;C:\Users\a.debiasi\Dropbox\PHD\workspace\3DArcLensBigDataChallenge\lib\worldwind_2_0\worldwindx.jar
Launcher Type: SUN_STANDARD

Environment Variables:
JAVA_HOME=C:\Program Files\Java\jdk1.8.0_25
PATH=C:\ProgramData\Oracle\Java\javapath;C:\Program Files\Java\jre7;C:\Windows\system32;C:\Windows;C:\Windows\System32\Wbem;C:\Windows\System32\WindowsPowerShell\v1.0\;C:\Program Files (x86)\ATI Technologies\ATI.ACE\Core-Static;C:\Program Files\apache-maven-3.2.3\bin;C:\Program Files\MiKTeX 2.9\miktex\bin\x64\;C:\Program Files (x86)\AMD\ATI.ACE\Core-Static;C:\Program Files\nodejs\;C:\Program Files (x86)\Skype\Phone\;C:\Users\a.debiasi\AppData\Roaming\npm
USERNAME=a.debiasi
OS=Windows_NT
PROCESSOR_IDENTIFIER=Intel64 Family 6 Model 60 Stepping 3, GenuineIntel



---------------  S Y S T E M  ---------------

OS: Windows 7 , 64 bit Build 7601 (6.1.7601.18933)

CPU:total 8 (4 cores per cpu, 2 threads per core) family 6 model 60 stepping 3, cmov, cx8, fxsr, mmx, sse, sse2, sse3, ssse3, sse4.1, sse4.2, popcnt, avx, avx2, aes, clmul, erms, rtm, lzcnt, ht, tsc, tscinvbit, bmi1, bmi2

Memory: 4k page, physical 16713304k(9925676k free), swap 33424768k(25208272k free)

vm_info: Java HotSpot(TM) 64-Bit Server VM (25.40-b25) for windows-amd64 JRE (1.8.0_40-b25), built on Feb 10 2015 21:53:57 by "java_re" with MS VC++ 10.0 (VS2010)

time: Fri Sep 04 17:41:08 2015
elapsed time: 8 seconds (0d 0h 0m 8s)

