#
# A fatal error has been detected by the Java Runtime Environment:
#
#  EXCEPTION_ACCESS_VIOLATION (0xc0000005) at pc=0x0000000068ffea7f, pid=8764, tid=4500
#
# JRE version: Java(TM) SE Runtime Environment (8.0_40-b25) (build 1.8.0_40-b25)
# Java VM: Java HotSpot(TM) 64-Bit Server VM (25.40-b25 mixed mode windows-amd64 compressed oops)
# Problematic frame:
# C  [atio6axx.dll+0xd0ea7f]
#
# Failed to write core dump. Minidumps are not enabled by default on client versions of Windows
#
# If you would like to submit a bug report, please visit:
#   http://bugreport.java.com/bugreport/crash.jsp
# The crash happened outside the Java Virtual Machine in native code.
# See problematic frame for where to report the bug.
#

---------------  T H R E A D  ---------------

Current thread (0x000000001f76e000):  JavaThread "AWT-EventQueue-0" [_thread_in_native, id=4500, stack(0x0000000026040000,0x0000000026140000)]

siginfo: ExceptionCode=0xc0000005, reading address 0x000000078d580000

Registers:
RAX=0xfffffffffd83d980, RBX=0x000000078d580050, RCX=0x0000000000036c4e, RDX=0x000000078c920040
RSP=0x000000002613c180, RBP=0x0000000000000030, RSI=0x0000000033570010, RDI=0x00000000027c26c0
R8 =0x0000000000000010, R9 =0x00000000682f0000, R10=0x0000000032910000, R11=0x0000000032910000
R12=0x000000000000000f, R13=0x0000000000000000, R14=0x000000000000040d, R15=0x000000002613c368
RIP=0x0000000068ffea7f, EFLAGS=0x0000000000010207

Top of Stack: (sp=0x000000002613c180)
0x000000002613c180:   0000000000000000 0000000000000000
0x000000002613c190:   000000002613c368 000000000000000d
0x000000002613c1a0:   0000000026f00e38 0000000068ea2505
0x000000002613c1b0:   00000000027c26c0 00000000027c26c0
0x000000002613c1c0:   0000000000000001 0000000026f02608
0x000000002613c1d0:   00000000027c26c0 0000000000000002
0x000000002613c1e0:   0000000027c01fd8 000000003f4ccccd
0x000000002613c1f0:   0000e73000000000 0000000000000000
0x000000002613c200:   0000000000000000 0000000000000005
0x000000002613c210:   00000000027c26c0 0000000100000000
0x000000002613c220:   0000000000000002 000000002613c3f0
0x000000002613c230:   000000003f4ccccd 0000000000000000
0x000000002613c240:   0000000027c01fb0 000000002376ded0
0x000000002613c250:   000000002613c360 0000000000000000
0x000000002613c260:   0000000026e6cdd0 0000000000000000
0x000000002613c270:   0000000026f19580 0000000068e593f4 

Instructions: (pc=0x0000000068ffea7f)
0x0000000068ffea5f:   90 0f 28 03 48 83 ee 80 48 83 eb 80 0f 2b 46 80
0x0000000068ffea6f:   0f 28 43 90 0f 2b 46 90 0f 28 43 a0 0f 2b 46 a0
0x0000000068ffea7f:   0f 28 43 b0 0f 2b 46 b0 0f 28 43 c0 0f 2b 46 c0
0x0000000068ffea8f:   0f 28 43 d0 0f 2b 46 d0 0f 28 43 e0 0f 2b 46 e0 


Register to memory mapping:

RAX=0xfffffffffd83d980 is an unknown value
RBX=0x000000078d580050 is an unallocated location in the heap
RCX=0x0000000000036c4e is an unknown value
RDX=0x000000078c920040 is an oop

[error occurred during error reporting (printing register info), id 0xc0000005]

Stack: [0x0000000026040000,0x0000000026140000],  sp=0x000000002613c180,  free space=1008k
Native frames: (J=compiled Java code, j=interpreted, Vv=VM code, C=native code)
C  [atio6axx.dll+0xd0ea7f]
C  [atio6axx.dll+0xbb2505]
C  [atio6axx.dll+0xb6bc14]
C  [atio6axx.dll+0xb6b564]
C  [atio6axx.dll+0xb46cbd]
C  [atio6axx.dll+0x1c4025]
C  [atio6axx.dll+0x60547e]
C  [jogl_desktop.dll+0xb5a2]
C  0x0000000002805e34

Java frames: (J=compiled Java code, j=interpreted, Vv=VM code)
j  jogamp.opengl.gl4.GL4bcImpl.dispatch_glBufferData(IJLjava/lang/Object;IZIJ)V+0
j  jogamp.opengl.gl4.GL4bcImpl.access$000(Ljogamp/opengl/gl4/GL4bcImpl;IJLjava/lang/Object;IZIJ)V+13
j  jogamp.opengl.gl4.GL4bcImpl$1.create(IJLjava/nio/Buffer;IJ)V+52
j  jogamp.opengl.GLBufferObjectTracker.createBufferStorage(Ljogamp/opengl/GLBufferStateTracker;Ljavax/media/opengl/GL;IJLjava/nio/Buffer;IILjogamp/opengl/GLBufferObjectTracker$CreateStorageDispatch;J)V+209
j  jogamp.opengl.gl4.GL4bcImpl.glBufferData(IJLjava/nio/Buffer;I)V+67
j  it.graphitech.smeSpire.layers.MyRenderableLayer.bindIntData(Lgov/nasa/worldwind/render/DrawContext;ILjava/nio/IntBuffer;I)V+40
j  it.graphitech.smeSpire.layers.MyRenderableLayer.doRenderNow(Lgov/nasa/worldwind/render/DrawContext;)V+363
j  it.graphitech.smeSpire.layers.MyRenderableLayer.doRender(Lgov/nasa/worldwind/render/DrawContext;)V+40
J 3556 C1 gov.nasa.worldwind.layers.AbstractLayer.render(Lgov/nasa/worldwind/render/DrawContext;)V (123 bytes) @ 0x000000000345c9a4 [0x000000000345b020+0x1984]
j  it.graphitech.shader.ShadingDecorator.render(Lgov/nasa/worldwind/render/DrawContext;Lgov/nasa/worldwind/layers/Layer;)V+266
j  it.graphitech.shader.DecoratedLayer.render(Lgov/nasa/worldwind/render/DrawContext;)V+9
J 3947 C1 it.graphitech.core.MyAbstractSceneController.draw(Lgov/nasa/worldwind/render/DrawContext;)V (398 bytes) @ 0x0000000003672bdc [0x0000000003672560+0x67c]
j  it.graphitech.core.MyBasicSceneController.doRepaint(Lgov/nasa/worldwind/render/DrawContext;)V+68
j  it.graphitech.core.MyAbstractSceneController.repaint()I+58
j  gov.nasa.worldwind.WorldWindowGLAutoDrawable.doDisplay()I+4
j  gov.nasa.worldwind.WorldWindowGLAutoDrawable.display(Ljavax/media/opengl/GLAutoDrawable;)V+122
j  jogamp.opengl.GLDrawableHelper.displayImpl(Ljavax/media/opengl/GLAutoDrawable;)V+81
j  jogamp.opengl.GLDrawableHelper.display(Ljavax/media/opengl/GLAutoDrawable;)V+2
j  javax.media.opengl.awt.GLCanvas$10.run()V+118
j  jogamp.opengl.GLDrawableHelper.invokeGLImpl(Ljavax/media/opengl/GLDrawable;Ljavax/media/opengl/GLContext;Ljava/lang/Runnable;Ljava/lang/Runnable;)V+206
j  jogamp.opengl.GLDrawableHelper.invokeGL(Ljavax/media/opengl/GLDrawable;Ljavax/media/opengl/GLContext;Ljava/lang/Runnable;Ljava/lang/Runnable;)V+80
j  javax.media.opengl.awt.GLCanvas$11.run()V+73
J 4002 C1 javax.media.opengl.Threading.invoke(ZLjava/lang/Runnable;Ljava/lang/Object;)V (39 bytes) @ 0x00000000036b1484 [0x00000000036b1180+0x304]
j  javax.media.opengl.awt.GLCanvas.display()V+64
j  javax.media.opengl.awt.GLCanvas.paint(Ljava/awt/Graphics;)V+137
j  javax.media.opengl.awt.GLCanvas.update(Ljava/awt/Graphics;)V+2
j  sun.awt.RepaintArea.updateComponent(Ljava/awt/Component;Ljava/awt/Graphics;)V+6
j  sun.awt.RepaintArea.paint(Ljava/lang/Object;Z)V+263
J 4011 C1 sun.awt.windows.WComponentPeer.handleEvent(Ljava/awt/AWTEvent;)V (173 bytes) @ 0x00000000036d5474 [0x00000000036d4580+0xef4]
J 3759 C1 java.awt.Component.dispatchEventImpl(Ljava/awt/AWTEvent;)V (883 bytes) @ 0x00000000035517cc [0x000000000354a280+0x754c]
J 3550 C1 java.awt.EventQueue.dispatchEventImpl(Ljava/awt/AWTEvent;Ljava/lang/Object;)V (149 bytes) @ 0x0000000003459b64 [0x00000000034584c0+0x16a4]
J 3552 C1 java.awt.EventQueue$3.run()Ljava/lang/Void; (60 bytes) @ 0x000000000345729c [0x0000000003457080+0x21c]
J 3362 C1 java.awt.EventQueue$3.run()Ljava/lang/Object; (5 bytes) @ 0x00000000033a604c [0x00000000033a5fc0+0x8c]
v  ~StubRoutines::call_stub
J 1223  java.security.AccessController.doPrivileged(Ljava/security/PrivilegedAction;Ljava/security/AccessControlContext;)Ljava/lang/Object; (0 bytes) @ 0x0000000002c4e0e6 [0x0000000002c4e080+0x66]
J 3223 C1 java.security.ProtectionDomain$1.doIntersectionPrivilege(Ljava/security/PrivilegedAction;Ljava/security/AccessControlContext;Ljava/security/AccessControlContext;)Ljava/lang/Object; (32 bytes) @ 0x000000000333b084 [0x000000000333ad80+0x304]
J 3767 C1 java.awt.EventQueue$4.run()Ljava/lang/Object; (5 bytes) @ 0x0000000003558014 [0x0000000003557c20+0x3f4]
v  ~StubRoutines::call_stub
J 1223  java.security.AccessController.doPrivileged(Ljava/security/PrivilegedAction;Ljava/security/AccessControlContext;)Ljava/lang/Object; (0 bytes) @ 0x0000000002c4e0e6 [0x0000000002c4e080+0x66]
J 3360 C1 java.awt.EventQueue.dispatchEvent(Ljava/awt/AWTEvent;)V (80 bytes) @ 0x00000000033a4d34 [0x00000000033a4040+0xcf4]
J 3364 C1 java.awt.EventDispatchThread.pumpOneEventForFilters(I)V (295 bytes) @ 0x00000000033a8594 [0x00000000033a68c0+0x1cd4]
j  java.awt.EventDispatchThread.pumpEventsForFilter(ILjava/awt/Conditional;Ljava/awt/EventFilter;)V+35
j  java.awt.EventDispatchThread.pumpEventsForHierarchy(ILjava/awt/Conditional;Ljava/awt/Component;)V+11
j  java.awt.EventDispatchThread.pumpEvents(ILjava/awt/Conditional;)V+4
j  java.awt.EventDispatchThread.pumpEvents(Ljava/awt/Conditional;)V+3
j  java.awt.EventDispatchThread.run()V+9
v  ~StubRoutines::call_stub

---------------  P R O C E S S  ---------------

Java Threads: ( => current thread )
  0x0000000029fd8000 JavaThread "Idle World Wind Task " daemon [_thread_blocked, id=8576, stack(0x0000000030950000,0x0000000030a50000)]
  0x0000000029fd7000 JavaThread "Idle World Wind Task " daemon [_thread_blocked, id=9960, stack(0x0000000030800000,0x0000000030900000)]
  0x0000000029fd6800 JavaThread "Idle World Wind Task " daemon [_thread_blocked, id=8580, stack(0x00000000305d0000,0x00000000306d0000)]
  0x0000000029fd5000 JavaThread "Idle World Wind Task " daemon [_thread_blocked, id=4484, stack(0x000000002e610000,0x000000002e710000)]
  0x0000000029fd4000 JavaThread "Idle World Wind Task " daemon [_thread_blocked, id=4596, stack(0x000000002e4a0000,0x000000002e5a0000)]
  0x0000000029fd3800 JavaThread "Idle World Wind Task " daemon [_thread_blocked, id=2172, stack(0x000000002e250000,0x000000002e350000)]
  0x0000000029fd2800 JavaThread "Idle World Wind Task " daemon [_thread_blocked, id=8300, stack(0x000000002dff0000,0x000000002e0f0000)]
  0x0000000029fd2000 JavaThread "Idle World Wind Task " daemon [_thread_blocked, id=9804, stack(0x000000002de00000,0x000000002df00000)]
  0x0000000029fcf800 JavaThread "DestroyJavaVM" [_thread_blocked, id=9492, stack(0x0000000002420000,0x0000000002520000)]
  0x0000000029fd0800 JavaThread "D3D Screen Updater" daemon [_thread_blocked, id=4520, stack(0x000000002bca0000,0x000000002bda0000)]
  0x0000000029fcf000 JavaThread "Thread-38" daemon [_thread_in_native, id=7556, stack(0x000000002ba80000,0x000000002bb80000)]
  0x0000000029fce000 JavaThread "Thread-37" daemon [_thread_in_native, id=10000, stack(0x000000002b830000,0x000000002b930000)]
  0x0000000029fcd800 JavaThread "Thread-36" daemon [_thread_in_native, id=9056, stack(0x000000002b670000,0x000000002b770000)]
  0x0000000029fcc800 JavaThread "Thread-35" [_thread_blocked, id=8672, stack(0x000000002b160000,0x000000002b260000)]
  0x0000000029fcc000 JavaThread "Thread-33" [_thread_blocked, id=2988, stack(0x000000002b490000,0x000000002b590000)]
  0x0000000029fcb000 JavaThread "Thread-34" daemon [_thread_in_native, id=8700, stack(0x000000002b2b0000,0x000000002b3b0000)]
  0x0000000029fca800 JavaThread "Thread-32" [_thread_blocked, id=5052, stack(0x0000000028bb0000,0x0000000028cb0000)]
  0x000000001ff62000 JavaThread "Thread-31" [_thread_blocked, id=10204, stack(0x000000002b020000,0x000000002b120000)]
  0x000000001ff61000 JavaThread "Thread-29" daemon [_thread_in_native, id=9176, stack(0x0000000029550000,0x0000000029650000)]
  0x000000001ff60800 JavaThread "Thread-30" daemon [_thread_in_native, id=8532, stack(0x0000000028df0000,0x0000000028ef0000)]
  0x000000001ff5f800 JavaThread "Thread-28" [_thread_blocked, id=8808, stack(0x000000002af20000,0x000000002b020000)]
  0x000000001ff5f000 JavaThread "Thread-27" [_thread_blocked, id=8704, stack(0x0000000029040000,0x0000000029140000)]
  0x000000001ff5e000 JavaThread "Thread-26" daemon [_thread_in_native, id=9304, stack(0x0000000029180000,0x0000000029280000)]
  0x000000001ff5d800 JavaThread "Thread-25" daemon [_thread_in_native, id=8296, stack(0x00000000282f0000,0x00000000283f0000)]
  0x000000001ff55000 JavaThread "Thread-24" [_thread_blocked, id=2344, stack(0x0000000028820000,0x0000000028920000)]
  0x000000001ff53800 JavaThread "Thread-23" [_thread_blocked, id=9272, stack(0x0000000028ab0000,0x0000000028bb0000)]
  0x000000001ff5c800 JavaThread "Thread-22" daemon [_thread_in_native, id=9856, stack(0x0000000028f40000,0x0000000029040000)]
  0x000000001ff5c000 JavaThread "Thread-21" daemon [_thread_in_native, id=9096, stack(0x0000000029d60000,0x0000000029e60000)]
  0x000000001ff54800 JavaThread "Thread-20" [_thread_blocked, id=4564, stack(0x0000000029ba0000,0x0000000029ca0000)]
  0x000000001ff57800 JavaThread "Thread-19" [_thread_blocked, id=9752, stack(0x0000000029650000,0x0000000029750000)]
  0x000000001ff5b000 JavaThread "Keep-Alive-Timer" daemon [_thread_blocked, id=7372, stack(0x0000000029a90000,0x0000000029b90000)]
  0x000000001ff5a800 JavaThread "Thread-18" daemon [_thread_in_native, id=1368, stack(0x0000000028980000,0x0000000028a80000)]
  0x000000001ff59800 JavaThread "Thread-17" daemon [_thread_in_native, id=8448, stack(0x0000000029780000,0x0000000029880000)]
  0x000000001ff59000 JavaThread "Thread-16" [_thread_blocked, id=10112, stack(0x0000000026700000,0x0000000026800000)]
  0x000000001ff58000 JavaThread "Thread-15" [_thread_blocked, id=3136, stack(0x0000000028cf0000,0x0000000028df0000)]
  0x000000001ff56800 JavaThread "Thread-13" daemon [_thread_blocked, id=8800, stack(0x0000000029440000,0x0000000029540000)]
  0x000000001ff56000 JavaThread "TimerQueue" daemon [_thread_blocked, id=1696, stack(0x0000000029340000,0x0000000029440000)]
  0x000000001fa0d000 JavaThread "main-SharedResourceRunner" daemon [_thread_blocked, id=1856, stack(0x00000000263e0000,0x00000000264e0000)]
=>0x000000001f76e000 JavaThread "AWT-EventQueue-0" [_thread_in_native, id=4500, stack(0x0000000026040000,0x0000000026140000)]
  0x000000001f5d9800 JavaThread "AWT-Windows" daemon [_thread_in_native, id=9460, stack(0x0000000020fa0000,0x00000000210a0000)]
  0x000000001f6f7000 JavaThread "AWT-Shutdown" [_thread_blocked, id=4548, stack(0x0000000020dc0000,0x0000000020ec0000)]
  0x000000001f6f6800 JavaThread "Java2D Disposer" daemon [_thread_blocked, id=7228, stack(0x000000001f3a0000,0x000000001f4a0000)]
  0x000000001d67a800 JavaThread "Service Thread" daemon [_thread_blocked, id=7140, stack(0x000000001f280000,0x000000001f380000)]
  0x000000001d5f6000 JavaThread "C1 CompilerThread3" daemon [_thread_blocked, id=8380, stack(0x000000001ece0000,0x000000001ede0000)]
  0x000000001d5f3800 JavaThread "C2 CompilerThread2" daemon [_thread_blocked, id=8992, stack(0x000000001f0d0000,0x000000001f1d0000)]
  0x000000001d5ec800 JavaThread "C2 CompilerThread1" daemon [_thread_blocked, id=9376, stack(0x000000001ef40000,0x000000001f040000)]
  0x000000001d5e7000 JavaThread "C2 CompilerThread0" daemon [_thread_blocked, id=1200, stack(0x000000001ee20000,0x000000001ef20000)]
  0x000000001d5e3000 JavaThread "Attach Listener" daemon [_thread_blocked, id=4236, stack(0x000000001eb80000,0x000000001ec80000)]
  0x000000001d5e2000 JavaThread "Signal Dispatcher" daemon [_thread_blocked, id=7808, stack(0x000000001e9f0000,0x000000001eaf0000)]
  0x000000001c63e000 JavaThread "Finalizer" daemon [_thread_blocked, id=8064, stack(0x000000001e850000,0x000000001e950000)]
  0x000000001c637800 JavaThread "Reference Handler" daemon [_thread_blocked, id=8324, stack(0x000000001e710000,0x000000001e810000)]

Other Threads:
  0x000000001d592000 VMThread [stack: 0x000000001e570000,0x000000001e670000] [id=3856]
  0x000000001d682800 WatcherThread [stack: 0x000000001f4b0000,0x000000001f5b0000] [id=5392]

VM state:not at safepoint (normal execution)

VM Mutex/Monitor currently owned by a thread: None

Heap:
 PSYoungGen      total 343040K, used 93526K [0x000000076af80000, 0x000000078d580000, 0x00000007c0000000)
  eden space 307200K, 18% used [0x000000076af80000,0x000000076e7d61a8,0x000000077db80000)
  from space 35840K, 99% used [0x000000078b280000,0x000000078d57f7e0,0x000000078d580000)
  to   space 57856K, 0% used [0x0000000786480000,0x0000000786480000,0x0000000789d00000)
 ParOldGen       total 199168K, used 101443K [0x00000006c0e00000, 0x00000006cd080000, 0x000000076af80000)
  object space 199168K, 50% used [0x00000006c0e00000,0x00000006c7110f60,0x00000006cd080000)
 Metaspace       used 24562K, capacity 24847K, committed 25344K, reserved 1071104K
  class space    used 2643K, capacity 2698K, committed 2816K, reserved 1048576K

Card table byte_map: [0x0000000011bb0000,0x00000000123b0000] byte_map_base: 0x000000000e5a9000

Marking Bits: (ParMarkBitMap*) 0x00000000715d4040
 Begin Bits: [0x00000000134c0000, 0x0000000017488000)
 End Bits:   [0x0000000017488000, 0x000000001b450000)

Polling page: 0x0000000000140000

CodeCache: size=245760Kb used=14593Kb max_used=15540Kb free=231166Kb
 bounds [0x00000000027f0000, 0x0000000003730000, 0x00000000117f0000]
 total_blobs=4811 nmethods=3864 adapters=858
 compilation: enabled

Compilation events (10 events):
Event: 10.268 Thread 0x000000001d5ec800 4215       4       it.graphitech.smeSpire.lines.cubicCurve.CubicSplinePolyline::initPreProcessingStuff (19 bytes)
Event: 10.268 Thread 0x000000001d5f3800 4216       4       it.graphitech.smeSpire.lines.cubicCurve.CubicSplinePolyline::createBuffers (29 bytes)
Event: 10.268 Thread 0x000000001d5e7000 4217       4       java.nio.HeapIntBuffer::put (167 bytes)
Event: 10.270 Thread 0x000000001d5e7000 nmethod 4217 0x0000000002d701d0 code [0x0000000002d70320, 0x0000000002d70618]
Event: 10.274 Thread 0x000000001d5f3800 nmethod 4216 0x0000000002a05650 code [0x0000000002a057c0, 0x0000000002a05cd8]
Event: 10.275 Thread 0x000000001d5e7000 4218       4       it.graphitech.smeSpire.lines.cubicCurve.CubicSplinePolyline::initUpdateControlPoints (41 bytes)
Event: 10.275 Thread 0x000000001d5f3800 4219       4       java.nio.DirectFloatBufferU::put (154 bytes)
Event: 10.277 Thread 0x000000001d5f3800 nmethod 4219 0x0000000002d95790 code [0x0000000002d958e0, 0x0000000002d95b38]
Event: 10.277 Thread 0x000000001d5f3800 4220       4       java.nio.DirectFloatBufferU::put (269 bytes)
Event: 10.279 Thread 0x000000001d5f3800 nmethod 4220 0x0000000002a22a10 code [0x0000000002a22b60, 0x0000000002a22df8]

GC Heap History (10 events):
Event: 1.264 GC heap before
{Heap before GC invocations=5 (full 0):
 PSYoungGen      total 141824K, used 135792K [0x000000076af80000, 0x0000000774480000, 0x00000007c0000000)
  eden space 131072K, 100% used [0x000000076af80000,0x0000000772f80000,0x0000000772f80000)
  from space 10752K, 43% used [0x0000000773a00000,0x0000000773e9c030,0x0000000774480000)
  to   space 10752K, 0% used [0x0000000772f80000,0x0000000772f80000,0x0000000773a00000)
 ParOldGen       total 175104K, used 104K [0x00000006c0e00000, 0x00000006cb900000, 0x000000076af80000)
  object space 175104K, 0% used [0x00000006c0e00000,0x00000006c0e1a010,0x00000006cb900000)
 Metaspace       used 18594K, capacity 18865K, committed 19072K, reserved 1067008K
  class space    used 1985K, capacity 2081K, committed 2176K, reserved 1048576K
Event: 1.267 GC heap after
Heap after GC invocations=5 (full 0):
 PSYoungGen      total 141824K, used 5009K [0x000000076af80000, 0x000000077bb80000, 0x00000007c0000000)
  eden space 131072K, 0% used [0x000000076af80000,0x000000076af80000,0x0000000772f80000)
  from space 10752K, 46% used [0x0000000772f80000,0x0000000773464798,0x0000000773a00000)
  to   space 6144K, 0% used [0x000000077b580000,0x000000077b580000,0x000000077bb80000)
 ParOldGen       total 175104K, used 112K [0x00000006c0e00000, 0x00000006cb900000, 0x000000076af80000)
  object space 175104K, 0% used [0x00000006c0e00000,0x00000006c0e1c010,0x00000006cb900000)
 Metaspace       used 18594K, capacity 18865K, committed 19072K, reserved 1067008K
  class space    used 1985K, capacity 2081K, committed 2176K, reserved 1048576K
}
Event: 1.849 GC heap before
{Heap before GC invocations=6 (full 0):
 PSYoungGen      total 141824K, used 136081K [0x000000076af80000, 0x000000077bb80000, 0x00000007c0000000)
  eden space 131072K, 100% used [0x000000076af80000,0x0000000772f80000,0x0000000772f80000)
  from space 10752K, 46% used [0x0000000772f80000,0x0000000773464798,0x0000000773a00000)
  to   space 6144K, 0% used [0x000000077b580000,0x000000077b580000,0x000000077bb80000)
 ParOldGen       total 175104K, used 112K [0x00000006c0e00000, 0x00000006cb900000, 0x000000076af80000)
  object space 175104K, 0% used [0x00000006c0e00000,0x00000006c0e1c010,0x00000006cb900000)
 Metaspace       used 20641K, capacity 20873K, committed 21120K, reserved 1069056K
  class space    used 2247K, capacity 2341K, committed 2432K, reserved 1048576K
Event: 1.874 GC heap after
Heap after GC invocations=6 (full 0):
 PSYoungGen      total 251904K, used 6136K [0x000000076af80000, 0x000000077db80000, 0x00000007c0000000)
  eden space 245760K, 0% used [0x000000076af80000,0x000000076af80000,0x0000000779f80000)
  from space 6144K, 99% used [0x000000077b580000,0x000000077bb7e360,0x000000077bb80000)
  to   space 22528K, 0% used [0x0000000779f80000,0x0000000779f80000,0x000000077b580000)
 ParOldGen       total 175104K, used 27807K [0x00000006c0e00000, 0x00000006cb900000, 0x000000076af80000)
  object space 175104K, 15% used [0x00000006c0e00000,0x00000006c2927c08,0x00000006cb900000)
 Metaspace       used 20641K, capacity 20873K, committed 21120K, reserved 1069056K
  class space    used 2247K, capacity 2341K, committed 2432K, reserved 1048576K
}
Event: 2.946 GC heap before
{Heap before GC invocations=7 (full 0):
 PSYoungGen      total 251904K, used 169422K [0x000000076af80000, 0x000000077db80000, 0x00000007c0000000)
  eden space 245760K, 66% used [0x000000076af80000,0x0000000774ef54f8,0x0000000779f80000)
  from space 6144K, 99% used [0x000000077b580000,0x000000077bb7e360,0x000000077bb80000)
  to   space 22528K, 0% used [0x0000000779f80000,0x0000000779f80000,0x000000077b580000)
 ParOldGen       total 175104K, used 27807K [0x00000006c0e00000, 0x00000006cb900000, 0x000000076af80000)
  object space 175104K, 15% used [0x00000006c0e00000,0x00000006c2927c08,0x00000006cb900000)
 Metaspace       used 20834K, capacity 21073K, committed 21296K, reserved 1069056K
  class space    used 2254K, capacity 2341K, committed 2432K, reserved 1048576K
Event: 2.974 GC heap after
Heap after GC invocations=7 (full 0):
 PSYoungGen      total 268288K, used 22506K [0x000000076af80000, 0x000000078d580000, 0x00000007c0000000)
  eden space 245760K, 0% used [0x000000076af80000,0x000000076af80000,0x0000000779f80000)
  from space 22528K, 99% used [0x0000000779f80000,0x000000077b57a9b8,0x000000077b580000)
  to   space 35840K, 0% used [0x000000078b280000,0x000000078b280000,0x000000078d580000)
 ParOldGen       total 175104K, used 45047K [0x00000006c0e00000, 0x00000006cb900000, 0x000000076af80000)
  object space 175104K, 25% used [0x00000006c0e00000,0x00000006c39fdcb8,0x00000006cb900000)
 Metaspace       used 20834K, capacity 21073K, committed 21296K, reserved 1069056K
  class space    used 2254K, capacity 2341K, committed 2432K, reserved 1048576K
}
Event: 2.974 GC heap before
{Heap before GC invocations=8 (full 1):
 PSYoungGen      total 268288K, used 22506K [0x000000076af80000, 0x000000078d580000, 0x00000007c0000000)
  eden space 245760K, 0% used [0x000000076af80000,0x000000076af80000,0x0000000779f80000)
  from space 22528K, 99% used [0x0000000779f80000,0x000000077b57a9b8,0x000000077b580000)
  to   space 35840K, 0% used [0x000000078b280000,0x000000078b280000,0x000000078d580000)
 ParOldGen       total 175104K, used 45047K [0x00000006c0e00000, 0x00000006cb900000, 0x000000076af80000)
  object space 175104K, 25% used [0x00000006c0e00000,0x00000006c39fdcb8,0x00000006cb900000)
 Metaspace       used 20834K, capacity 21073K, committed 21296K, reserved 1069056K
  class space    used 2254K, capacity 2341K, committed 2432K, reserved 1048576K
Event: 3.287 GC heap after
Heap after GC invocations=8 (full 1):
 PSYoungGen      total 268288K, used 0K [0x000000076af80000, 0x000000078d580000, 0x00000007c0000000)
  eden space 245760K, 0% used [0x000000076af80000,0x000000076af80000,0x0000000779f80000)
  from space 22528K, 0% used [0x0000000779f80000,0x0000000779f80000,0x000000077b580000)
  to   space 35840K, 0% used [0x000000078b280000,0x000000078b280000,0x000000078d580000)
 ParOldGen       total 199168K, used 66652K [0x00000006c0e00000, 0x00000006cd080000, 0x000000076af80000)
  object space 199168K, 33% used [0x00000006c0e00000,0x00000006c4f17050,0x00000006cd080000)
 Metaspace       used 20834K, capacity 21073K, committed 21296K, reserved 1069056K
  class space    used 2254K, capacity 2341K, committed 2432K, reserved 1048576K
}
Event: 10.226 GC heap before
{Heap before GC invocations=9 (full 1):
 PSYoungGen      total 268288K, used 245760K [0x000000076af80000, 0x000000078d580000, 0x00000007c0000000)
  eden space 245760K, 100% used [0x000000076af80000,0x0000000779f80000,0x0000000779f80000)
  from space 22528K, 0% used [0x0000000779f80000,0x0000000779f80000,0x000000077b580000)
  to   space 35840K, 0% used [0x000000078b280000,0x000000078b280000,0x000000078d580000)
 ParOldGen       total 199168K, used 66652K [0x00000006c0e00000, 0x00000006cd080000, 0x000000076af80000)
  object space 199168K, 33% used [0x00000006c0e00000,0x00000006c4f17050,0x00000006cd080000)
 Metaspace       used 24561K, capacity 24847K, committed 25344K, reserved 1071104K
  class space    used 2643K, capacity 2698K, committed 2816K, reserved 1048576K
Event: 10.260 GC heap after
Heap after GC invocations=9 (full 1):
 PSYoungGen      total 343040K, used 35837K [0x000000076af80000, 0x000000078d580000, 0x00000007c0000000)
  eden space 307200K, 0% used [0x000000076af80000,0x000000076af80000,0x000000077db80000)
  from space 35840K, 99% used [0x000000078b280000,0x000000078d57f7e0,0x000000078d580000)
  to   space 57856K, 0% used [0x0000000786480000,0x0000000786480000,0x0000000789d00000)
 ParOldGen       total 199168K, used 101443K [0x00000006c0e00000, 0x00000006cd080000, 0x000000076af80000)
  object space 199168K, 50% used [0x00000006c0e00000,0x00000006c7110f60,0x00000006cd080000)
 Metaspace       used 24561K, capacity 24847K, committed 25344K, reserved 1071104K
  class space    used 2643K, capacity 2698K, committed 2816K, reserved 1048576K
}

Deoptimization events (10 events):
Event: 8.443 Thread 0x000000001f76e000 Uncommon trap: reason=class_check action=maybe_recompile pc=0x000000000352763c method=gov.nasa.worldwind.layers.TiledImageLayer.needToSplit(Lgov/nasa/worldwind/render/DrawContext;Lgov/nasa/worldwind/geom/Sector;Lgov/nasa/worldwind/util/Level;)Z @ 12
Event: 8.444 Thread 0x000000001f76e000 Uncommon trap: reason=bimorphic action=maybe_recompile pc=0x000000000354223c method=gov.nasa.worldwind.layers.AbstractLayer.getName()Ljava/lang/String; @ 19
Event: 8.444 Thread 0x000000001f76e000 Uncommon trap: reason=bimorphic action=maybe_recompile pc=0x000000000354223c method=gov.nasa.worldwind.layers.AbstractLayer.getName()Ljava/lang/String; @ 19
Event: 8.444 Thread 0x000000001f76e000 Uncommon trap: reason=bimorphic action=maybe_recompile pc=0x000000000354223c method=gov.nasa.worldwind.layers.AbstractLayer.getName()Ljava/lang/String; @ 19
Event: 8.471 Thread 0x000000001f76e000 Uncommon trap: reason=class_check action=maybe_recompile pc=0x00000000035073cc method=gov.nasa.worldwind.terrain.RectangularTessellator.renderTrianglesWithUniqueColors(Lgov/nasa/worldwind/render/DrawContext;Lgov/nasa/worldwind/terrain/RectangularTessellato¤ë2:=!@
Event: 8.620 Thread 0x000000001f76e000 Uncommon trap: reason=class_check action=maybe_recompile pc=0x00000000035073cc method=gov.nasa.worldwind.terrain.RectangularTessellator.renderTrianglesWithUniqueColors(Lgov/nasa/worldwind/render/DrawContext;Lgov/nasa/worldwind/terrain/RectangularTessellato²ËJ-E!@
Event: 8.635 Thread 0x000000001f76e000 Uncommon trap: reason=class_check action=maybe_recompile pc=0x00000000034cd03c method=gov.nasa.worldwind.terrain.RectangularTessellator.renderTrianglesWithUniqueColors(Lgov/nasa/worldwind/render/DrawContext;Lgov/nasa/worldwind/terrain/RectangularTessellato´‚YºeG$@
Event: 10.139 Thread 0x000000001f76e000 Uncommon trap: reason=unstable_if action=reinterpret pc=0x000000000306caf8 method=java.util.ArrayList.clear()V @ 17
Event: 10.278 Thread 0x000000001f76e000 Uncommon trap: reason=unstable_if action=reinterpret pc=0x0000000002e2c520 method=java.lang.Integer.getChars(II[C)V @ 20
Event: 10.278 Thread 0x000000001f76e000 Uncommon trap: reason=unstable_if action=reinterpret pc=0x0000000002d9ce9c method=java.lang.Integer.getChars(II[C)V @ 20

Internal exceptions (10 events):
Event: 0.152 Thread 0x0000000001d8e800 Exception <a 'java/io/FileNotFoundException'> (0x000000076d153690) thrown at [D:\re\workspace\8-2-build-windows-amd64-cygwin\jdk8u40\2855\hotspot\src\share\vm\prims\jni.cpp, line 709]
Event: 0.166 Thread 0x0000000001d8e800 Exception <a 'java/io/FileNotFoundException'> (0x000000076d191ff0) thrown at [D:\re\workspace\8-2-build-windows-amd64-cygwin\jdk8u40\2855\hotspot\src\share\vm\prims\jni.cpp, line 709]
Event: 0.187 Thread 0x0000000001d8e800 Exception <a 'java/lang/NoSuchFieldError': method resolution failed> (0x000000076d265818) thrown at [D:\re\workspace\8-2-build-windows-amd64-cygwin\jdk8u40\2855\hotspot\src\share\vm\prims\methodHandles.cpp, line 1125]
Event: 0.188 Thread 0x0000000001d8e800 Exception <a 'java/lang/NoSuchFieldError': method resolution failed> (0x000000076d274178) thrown at [D:\re\workspace\8-2-build-windows-amd64-cygwin\jdk8u40\2855\hotspot\src\share\vm\prims\methodHandles.cpp, line 1125]
Event: 1.007 Thread 0x0000000001d8e800 Exception <a 'java/lang/InterruptedException'> (0x000000076b3b1250) thrown at [D:\re\workspace\8-2-build-windows-amd64-cygwin\jdk8u40\2855\hotspot\src\share\vm\runtime\objectMonitor.cpp, line 1683]
Event: 1.524 Thread 0x000000001fec1000 Exception <a 'java/lang/NullPointerException'> (0x000000076d1fe7d0) thrown at [D:\re\workspace\8-2-build-windows-amd64-cygwin\jdk8u40\2855\hotspot\src\share\vm\interpreter\linkResolver.cpp, line 1178]
Event: 1.537 Thread 0x000000001fec1000 Implicit null exception at 0x0000000002e151cc to 0x0000000002e1526d
Event: 3.315 Thread 0x0000000001d8e800 Exception <a 'java/lang/reflect/InvocationTargetException'> (0x000000076b059478) thrown at [D:\re\workspace\8-2-build-windows-amd64-cygwin\jdk8u40\2855\hotspot\src\share\vm\runtime\reflection.cpp, line 1080]
Event: 3.327 Thread 0x0000000001d8e800 Implicit null exception at 0x0000000002e1a474 to 0x0000000002e1a4e9
Event: 8.392 Thread 0x000000001f76e000 Implicit null exception at 0x00000000031d79b1 to 0x00000000031d88e1

Events (10 events):
Event: 10.225 Executing VM operation: ParallelGCFailedAllocation
Event: 10.260 Executing VM operation: ParallelGCFailedAllocation done
Event: 10.267 loading class java/nio/DirectByteBuffer$1
Event: 10.267 loading class java/nio/DirectByteBuffer$1 done
Event: 10.278 Thread 0x000000001f76e000 Uncommon trap: trap_request=0xffffff65 fr.pc=0x0000000002e2c520
Event: 10.278 Thread 0x000000001f76e000 DEOPT PACKING pc=0x0000000002e2c520 sp=0x000000002613c950
Event: 10.278 Thread 0x000000001f76e000 DEOPT UNPACKING pc=0x000000000283582a sp=0x000000002613c858 mode 2
Event: 10.278 Thread 0x000000001f76e000 Uncommon trap: trap_request=0xffffff65 fr.pc=0x0000000002d9ce9c
Event: 10.278 Thread 0x000000001f76e000 DEOPT PACKING pc=0x0000000002d9ce9c sp=0x000000002613c8d0
Event: 10.278 Thread 0x000000001f76e000 DEOPT UNPACKING pc=0x000000000283582a sp=0x000000002613c848 mode 2


Dynamic libraries:
0x000000013f9b0000 - 0x000000013f9e7000 	C:\Program Files\Java\jre1.8.0_40\bin\javaw.exe
0x00000000771a0000 - 0x0000000077349000 	C:\Windows\SYSTEM32\ntdll.dll
0x0000000077080000 - 0x000000007719f000 	C:\Windows\system32\kernel32.dll
0x000007fefbf30000 - 0x000007fefbf9c000 	C:\Windows\system32\KERNELBASE.dll
0x000007fefde10000 - 0x000007fefdeeb000 	C:\Windows\system32\ADVAPI32.dll
0x000007fefd910000 - 0x000007fefd9af000 	C:\Windows\system32\msvcrt.dll
0x000007fefc5a0000 - 0x000007fefc5bf000 	C:\Windows\SYSTEM32\sechost.dll
0x000007fefc290000 - 0x000007fefc3bd000 	C:\Windows\system32\RPCRT4.dll
0x0000000076f80000 - 0x000000007707a000 	C:\Windows\system32\USER32.dll
0x000007fefdb70000 - 0x000007fefdbd7000 	C:\Windows\system32\GDI32.dll
0x000007fefdb30000 - 0x000007fefdb3e000 	C:\Windows\system32\LPK.dll
0x000007fefc1c0000 - 0x000007fefc289000 	C:\Windows\system32\USP10.dll
0x000007fefa7c0000 - 0x000007fefa9b4000 	C:\Windows\WinSxS\amd64_microsoft.windows.common-controls_6595b64144ccf1df_6.0.7601.18837_none_fa3b1e3d17594757\COMCTL32.dll
0x000007fefe120000 - 0x000007fefe191000 	C:\Windows\system32\SHLWAPI.dll
0x000007fefdb40000 - 0x000007fefdb6e000 	C:\Windows\system32\IMM32.DLL
0x000007fefc000000 - 0x000007fefc109000 	C:\Windows\system32\MSCTF.dll
0x000007fef55c0000 - 0x000007fef5653000 	C:\Program Files (x86)\AVG\AVG2015\avghooka.dll
0x0000000071660000 - 0x0000000071732000 	C:\Program Files\Java\jre1.8.0_40\bin\msvcr100.dll
0x0000000070dd0000 - 0x0000000071653000 	C:\Program Files\Java\jre1.8.0_40\bin\server\jvm.dll
0x000007fef7be0000 - 0x000007fef7be9000 	C:\Windows\system32\WSOCK32.dll
0x000007fefc110000 - 0x000007fefc15d000 	C:\Windows\system32\WS2_32.dll
0x000007fefc8a0000 - 0x000007fefc8a8000 	C:\Windows\system32\NSI.dll
0x000007fef9560000 - 0x000007fef959b000 	C:\Windows\system32\WINMM.dll
0x000007fefad20000 - 0x000007fefad2c000 	C:\Windows\system32\VERSION.dll
0x0000000077370000 - 0x0000000077377000 	C:\Windows\system32\PSAPI.DLL
0x0000000070dc0000 - 0x0000000070dcf000 	C:\Program Files\Java\jre1.8.0_40\bin\verify.dll
0x0000000070d90000 - 0x0000000070db9000 	C:\Program Files\Java\jre1.8.0_40\bin\java.dll
0x0000000070d70000 - 0x0000000070d86000 	C:\Program Files\Java\jre1.8.0_40\bin\zip.dll
0x000007fefc8b0000 - 0x000007fefd639000 	C:\Windows\system32\SHELL32.dll
0x000007fefdc00000 - 0x000007fefde03000 	C:\Windows\system32\ole32.dll
0x000007fefbc40000 - 0x000007fefbc4f000 	C:\Windows\system32\profapi.dll
0x000000005e3d0000 - 0x000000005e568000 	C:\Program Files\Java\jre1.8.0_40\bin\awt.dll
0x000007fefd9b0000 - 0x000007fefda87000 	C:\Windows\system32\OLEAUT32.dll
0x000007fefacb0000 - 0x000007fefacc8000 	C:\Windows\system32\DWMAPI.DLL
0x000007fefa760000 - 0x000007fefa7b6000 	C:\Windows\system32\uxtheme.dll
0x000007fefbae0000 - 0x000007fefbaef000 	C:\Windows\system32\CRYPTBASE.dll
0x000007fee2ff0000 - 0x000007fee31ef000 	C:\Windows\system32\d3d9.dll
0x000007fee4770000 - 0x000007fee4777000 	C:\Windows\system32\d3d8thk.dll
0x000007fef3a80000 - 0x000007fef3be2000 	C:\Windows\system32\aticfx64.dll
0x000007fee2f90000 - 0x000007fee2fb1000 	C:\Windows\system32\atiu9p64.dll
0x000007fee2730000 - 0x000007fee2f8a000 	C:\Windows\system32\atiumd64.dll
0x0000000064d00000 - 0x0000000065586000 	C:\Windows\system32\atiumd6a.dll
0x000007fefacd0000 - 0x000007fefacfc000 	C:\Windows\system32\POWRPROF.dll
0x000007fefc3c0000 - 0x000007fefc597000 	C:\Windows\system32\SETUPAPI.dll
0x000007fefbd10000 - 0x000007fefbd46000 	C:\Windows\system32\CFGMGR32.dll
0x000007fefbec0000 - 0x000007fefbeda000 	C:\Windows\system32\DEVOBJ.dll
0x000007fefb480000 - 0x000007fefb498000 	C:\Windows\system32\CRYPTSP.dll
0x000007fefb140000 - 0x000007fefb187000 	C:\Windows\system32\rsaenh.dll
0x000007fefbf00000 - 0x000007fefbf1e000 	C:\Windows\system32\USERENV.dll
0x0000000070d50000 - 0x0000000070d6a000 	C:\Program Files\Java\jre1.8.0_40\bin\net.dll
0x000007fefb420000 - 0x000007fefb475000 	C:\Windows\system32\mswsock.dll
0x000007fefb410000 - 0x000007fefb417000 	C:\Windows\System32\wship6.dll
0x000007fef92e0000 - 0x000007fef9307000 	C:\Windows\system32\IPHLPAPI.DLL
0x000007fef92b0000 - 0x000007fef92bb000 	C:\Windows\system32\WINNSI.DLL
0x000007fef8f70000 - 0x000007fef8f81000 	C:\Windows\system32\dhcpcsvc6.DLL
0x000007fef8df0000 - 0x000007fef8e08000 	C:\Windows\system32\dhcpcsvc.DLL
0x0000000070d30000 - 0x0000000070d41000 	C:\Program Files\Java\jre1.8.0_40\bin\nio.dll
0x00000000637c0000 - 0x00000000637cd000 	C:\Users\a.debiasi\AppData\Local\Temp\jogamp_0000\file_cache\jln7187432739970356844\jln3559609827897684848\gluegen-rt.dll
0x000000006aa80000 - 0x000000006aa87000 	C:\Program Files\Java\jre1.8.0_40\bin\jawt.dll
0x000000006a440000 - 0x000000006a44d000 	C:\Users\a.debiasi\AppData\Local\Temp\jogamp_0000\file_cache\jln7187432739970356844\jln3559609827897684848\nativewindow_awt.dll
0x000000006c100000 - 0x000000006c10f000 	C:\Users\a.debiasi\AppData\Local\Temp\jogamp_0000\file_cache\jln7187432739970356844\jln3559609827897684848\nativewindow_win32.dll
0x000007fef1d70000 - 0x000007fef1e8d000 	C:\Windows\system32\OpenGL32.dll
0x000007fef53f0000 - 0x000007fef541d000 	C:\Windows\system32\GLU32.dll
0x000007fef52f0000 - 0x000007fef53e1000 	C:\Windows\system32\DDRAW.dll
0x000007fef52e0000 - 0x000007fef52e8000 	C:\Windows\system32\DCIMAN32.dll
0x0000000064500000 - 0x00000000645a0000 	C:\Users\a.debiasi\AppData\Local\Temp\jogamp_0000\file_cache\jln7187432739970356844\jln3559609827897684848\jogl_desktop.dll
0x000007fee2180000 - 0x000007fee2198000 	C:\Windows\system32\atig6pxx.dll
0x00000000682f0000 - 0x000000006a0ed000 	C:\Windows\system32\atio6axx.dll
0x000007feeabd0000 - 0x000007feead11000 	C:\Windows\system32\atiadlxx.dll
0x000007fefa080000 - 0x000007fefa1ac000 	C:\Windows\system32\PROPSYS.dll
0x000007fefad00000 - 0x000007fefad11000 	C:\Windows\system32\WTSAPI32.dll
0x000007fefbfc0000 - 0x000007fefbffb000 	C:\Windows\system32\WINTRUST.dll
0x000007fefbd50000 - 0x000007fefbebd000 	C:\Windows\system32\CRYPT32.dll
0x000007fefbc50000 - 0x000007fefbc5f000 	C:\Windows\system32\MSASN1.dll
0x000007fedc8f0000 - 0x000007fedc91c000 	C:\Windows\system32\atig6txx.dll
0x000007fefadf0000 - 0x000007fefadf7000 	C:\Windows\System32\wshtcpip.dll
0x000007fefb260000 - 0x000007fefb2bb000 	C:\Windows\system32\DNSAPI.dll
0x0000000074ad0000 - 0x0000000074af6000 	C:\Program Files\Bonjour\mdnsNSP.dll
0x000007fef8230000 - 0x000007fef8238000 	C:\Windows\system32\rasadhlp.dll
0x000007fef90f0000 - 0x000007fef9143000 	C:\Windows\System32\fwpuclnt.dll
0x0000000067060000 - 0x00000000670a7000 	C:\Program Files\Java\jre1.8.0_40\bin\fontmanager.dll
0x00000000670b0000 - 0x00000000670f1000 	C:\Program Files\Java\jre1.8.0_40\bin\t2k.dll
0x000007fefdef0000 - 0x000007fefdf89000 	C:\Windows\system32\CLBCatQ.DLL
0x000007fee4940000 - 0x000007fee4a65000 	C:\Windows\system32\dbghelp.dll

VM Arguments:
jvm_args: -Dfile.encoding=Cp1252 
java_command: it.graphitech.smeSpire.Main_STANDALONE_v3
java_class_path (initial): C:\Users\a.debiasi\Dropbox\PHD\workspace\3DArcLensBigDataChallenge\bin;C:\Users\a.debiasi\Dropbox\PHD\workspace\3DArcLensBigDataChallenge\lib\worldwind_2_0\gdal.jar;C:\Users\a.debiasi\Dropbox\PHD\workspace\3DArcLensBigDataChallenge\lib\worldwind_2_0\gluegen-rt-natives-linux-amd64.jar;C:\Users\a.debiasi\Dropbox\PHD\workspace\3DArcLensBigDataChallenge\lib\worldwind_2_0\gluegen-rt-natives-linux-i586.jar;C:\Users\a.debiasi\Dropbox\PHD\workspace\3DArcLensBigDataChallenge\lib\worldwind_2_0\gluegen-rt-natives-macosx-universal.jar;C:\Users\a.debiasi\Dropbox\PHD\workspace\3DArcLensBigDataChallenge\lib\worldwind_2_0\gluegen-rt-natives-windows-amd64.jar;C:\Users\a.debiasi\Dropbox\PHD\workspace\3DArcLensBigDataChallenge\lib\worldwind_2_0\gluegen-rt-natives-windows-i586.jar;C:\Users\a.debiasi\Dropbox\PHD\workspace\3DArcLensBigDataChallenge\lib\worldwind_2_0\gluegen-rt.jar;C:\Users\a.debiasi\Dropbox\PHD\workspace\3DArcLensBigDataChallenge\lib\worldwind_2_0\jogl-all-natives-linux-amd64.jar;C:\Users\a.debiasi\Dropbox\PHD\workspace\3DArcLensBigDataChallenge\lib\worldwind_2_0\jogl-all-natives-linux-i586.jar;C:\Users\a.debiasi\Dropbox\PHD\workspace\3DArcLensBigDataChallenge\lib\worldwind_2_0\jogl-all-natives-macosx-universal.jar;C:\Users\a.debiasi\Dropbox\PHD\workspace\3DArcLensBigDataChallenge\lib\worldwind_2_0\jogl-all-natives-windows-amd64.jar;C:\Users\a.debiasi\Dropbox\PHD\workspace\3DArcLensBigDataChallenge\lib\worldwind_2_0\jogl-all-natives-windows-i586.jar;C:\Users\a.debiasi\Dropbox\PHD\workspace\3DArcLensBigDataChallenge\lib\worldwind_2_0\jogl-all.jar;C:\Users\a.debiasi\Dropbox\PHD\workspace\3DArcLensBigDataChallenge\lib\worldwind_2_0\plugin.jar;C:\Users\a.debiasi\Dropbox\PHD\workspace\3DArcLensBigDataChallenge\lib\worldwind_2_0\vpf-symbols.jar;C:\Users\a.debiasi\Dropbox\PHD\workspace\3DArcLensBigDataChallenge\lib\worldwind_2_0\worldwind.jar;C:\Users\a.debiasi\Dropbox\PHD\workspace\3DArcLensBigDataChallenge\lib\worldwind_2_0\worldwindx.jar
Launcher Type: SUN_STANDARD

Environment Variables:
JAVA_HOME=C:\Program Files\Java\jdk1.8.0_25
PATH=C:\ProgramData\Oracle\Java\javapath;C:\Program Files\Java\jre7;C:\Windows\system32;C:\Windows;C:\Windows\System32\Wbem;C:\Windows\System32\WindowsPowerShell\v1.0\;C:\Program Files (x86)\ATI Technologies\ATI.ACE\Core-Static;C:\Program Files\apache-maven-3.2.3\bin;C:\Program Files\MiKTeX 2.9\miktex\bin\x64\;C:\Program Files (x86)\AMD\ATI.ACE\Core-Static;C:\Program Files\nodejs\;C:\Program Files (x86)\Skype\Phone\;C:\Users\a.debiasi\AppData\Roaming\npm
USERNAME=a.debiasi
OS=Windows_NT
PROCESSOR_IDENTIFIER=Intel64 Family 6 Model 60 Stepping 3, GenuineIntel



---------------  S Y S T E M  ---------------

OS: Windows 7 , 64 bit Build 7601 (6.1.7601.18933)

CPU:total 8 (4 cores per cpu, 2 threads per core) family 6 model 60 stepping 3, cmov, cx8, fxsr, mmx, sse, sse2, sse3, ssse3, sse4.1, sse4.2, popcnt, avx, avx2, aes, clmul, erms, rtm, lzcnt, ht, tsc, tscinvbit, bmi1, bmi2

Memory: 4k page, physical 16713304k(9919828k free), swap 33424768k(25210636k free)

vm_info: Java HotSpot(TM) 64-Bit Server VM (25.40-b25) for windows-amd64 JRE (1.8.0_40-b25), built on Feb 10 2015 21:53:57 by "java_re" with MS VC++ 10.0 (VS2010)

time: Fri Sep 04 17:58:38 2015
elapsed time: 10 seconds (0d 0h 0m 10s)

