#
# A fatal error has been detected by the Java Runtime Environment:
#
#  EXCEPTION_ACCESS_VIOLATION (0xc0000005) at pc=0x49c44e8a, pid=3384, tid=4824
#
# JRE version: 6.0_17-b04
# Java VM: Java HotSpot(TM) Client VM (14.3-b01 mixed mode windows-x86 )
# Problematic frame:
# C  [ig4icd32.dll+0x1e4e8a]
#
# If you would like to submit a bug report, please visit:
#   http://java.sun.com/webapps/bugreport/crash.jsp
# The crash happened outside the Java Virtual Machine in native code.
# See problematic frame for where to report the bug.
#

---------------  T H R E A D  ---------------

Current thread (0x47381400):  JavaThread "AWT-EventQueue-0" [_thread_in_native, id=4824, stack(0x4d810000,0x4d860000)]

siginfo: ExceptionCode=0xc0000005, reading address 0xb8a2b560

Registers:
EAX=0xb8a2b560, EBX=0x4bb2c290, ECX=0xb83465ac, EDX=0x4a8a0080
ESP=0x4d85f0a0, EBP=0x4d85f15c, ESI=0x4a8a9390, EDI=0x4a99feb8
EIP=0x49c44e8a, EFLAGS=0x00010202

Top of Stack: (sp=0x4d85f0a0)
0x4d85f0a0:   00000000 4a8a0080 00080038 00000000
0x4d85f0b0:   00000000 00000000 b8a2b560 0000003f
0x4d85f0c0:   4a8a0080 00001360 0000016b 4bb70ce0
0x4d85f0d0:   4bb70ce0 4bb28800 4bad2580 090a7211
0x4d85f0e0:   43920000 43920000 43920000 43920000
0x4d85f0f0:   47412400 47412400 47412400 47412400
0x4d85f100:   52010ff7 49b5cfde 49b5cfde 49b5cfde
0x4d85f110:   43c3c000 43c3c000 43c3c000 43c3c000 

Instructions: (pc=0x49c44e8a)
0x49c44e7a:   24 30 0f 12 00 8b 44 24 30 0f 16 00 8b 44 24 18
0x49c44e8a:   0f 12 08 0f 16 09 8b 44 24 2c f3 0f 10 57 0c 0f 


Stack: [0x4d810000,0x4d860000],  sp=0x4d85f0a0,  free space=316k
Native frames: (J=compiled Java code, j=interpreted, Vv=VM code, C=native code)
C  [ig4icd32.dll+0x1e4e8a]

Java frames: (J=compiled Java code, j=interpreted, Vv=VM code)
j  com.sun.opengl.impl.GLImpl.glDrawElements0(IIIJ)V+0
j  com.sun.opengl.impl.GLImpl.glDrawElements(IIIJ)V+10
j  gov.nasa.worldwind.terrain.RectangularTessellator.renderVBO(Lgov/nasa/worldwind/render/DrawContext;Lgov/nasa/worldwind/terrain/RectangularTessellator$RectTile;I)Z+41
j  gov.nasa.worldwind.terrain.RectangularTessellator.render(Lgov/nasa/worldwind/render/DrawContext;Lgov/nasa/worldwind/terrain/RectangularTessellator$RectTile;I)J+48
j  gov.nasa.worldwind.terrain.RectangularTessellator.render(Lgov/nasa/worldwind/render/DrawContext;Lgov/nasa/worldwind/terrain/RectangularTessellator$RectTile;)V+30
j  gov.nasa.worldwind.terrain.RectangularTessellator$RectTile.render(Lgov/nasa/worldwind/render/DrawContext;)V+12
j  gov.nasa.worldwind.terrain.SectorGeometryList.pick(Lgov/nasa/worldwind/render/DrawContext;Ljava/util/List;)Ljava/util/List;+146
j  gov.nasa.worldwind.AbstractSceneController.pickTerrain(Lgov/nasa/worldwind/render/DrawContext;)V+118
j  gov.nasa.worldwind.AbstractSceneController.pick(Lgov/nasa/worldwind/render/DrawContext;)V+21
j  gov.nasa.worldwind.BasicSceneController.doRepaint(Lgov/nasa/worldwind/render/DrawContext;)V+32
j  gov.nasa.worldwind.AbstractSceneController.repaint()I+58
j  gov.nasa.worldwind.WorldWindowGLAutoDrawable.doDisplay()I+4
j  gov.nasa.worldwind.WorldWindowGLAutoDrawable.display(Ljavax/media/opengl/GLAutoDrawable;)V+115
j  com.sun.opengl.impl.GLDrawableHelper.display(Ljavax/media/opengl/GLAutoDrawable;)V+29
j  javax.media.opengl.GLCanvas$DisplayAction.run()V+80
j  com.sun.opengl.impl.GLDrawableHelper.invokeGL(Ljavax/media/opengl/GLDrawable;Ljavax/media/opengl/GLContext;Ljava/lang/Runnable;Ljava/lang/Runnable;)V+418
j  javax.media.opengl.GLCanvas.maybeDoSingleThreadedWorkaround(Ljava/lang/Runnable;Ljava/lang/Runnable;)V+36
j  javax.media.opengl.GLCanvas.display()V+9
j  javax.media.opengl.GLCanvas.paint(Ljava/awt/Graphics;)V+125
j  javax.media.opengl.GLCanvas.update(Ljava/awt/Graphics;)V+2
j  sun.awt.RepaintArea.updateComponent(Ljava/awt/Component;Ljava/awt/Graphics;)V+6
j  sun.awt.RepaintArea.paint(Ljava/lang/Object;Z)V+263
j  sun.awt.windows.WComponentPeer.handleEvent(Ljava/awt/AWTEvent;)V+107
j  java.awt.Component.dispatchEventImpl(Ljava/awt/AWTEvent;)V+853
j  java.awt.Component.dispatchEvent(Ljava/awt/AWTEvent;)V+2
j  java.awt.EventQueue.dispatchEvent(Ljava/awt/AWTEvent;)V+46
j  java.awt.EventDispatchThread.pumpOneEventForFilters(I)Z+204
j  java.awt.EventDispatchThread.pumpEventsForFilter(ILjava/awt/Conditional;Ljava/awt/EventFilter;)V+30
j  java.awt.EventDispatchThread.pumpEventsForHierarchy(ILjava/awt/Conditional;Ljava/awt/Component;)V+11
j  java.awt.EventDispatchThread.pumpEvents(ILjava/awt/Conditional;)V+4
j  java.awt.EventDispatchThread.pumpEvents(Ljava/awt/Conditional;)V+3
j  java.awt.EventDispatchThread.run()V+9
v  ~StubRoutines::call_stub

---------------  P R O C E S S  ---------------

Java Threads: ( => current thread )
=>0x47381400 JavaThread "AWT-EventQueue-0" [_thread_in_native, id=4824, stack(0x4d810000,0x4d860000)]
  0x47380c00 JavaThread "Idle World Wind Task " daemon [_thread_blocked, id=2600, stack(0x4cfa0000,0x4cff0000)]
  0x47380800 JavaThread "Idle World Wind Task " daemon [_thread_blocked, id=2680, stack(0x4cf10000,0x4cf60000)]
  0x47380000 JavaThread "Idle World Wind Task " daemon [_thread_blocked, id=4072, stack(0x4ce80000,0x4ced0000)]
  0x4737fc00 JavaThread "Idle World Wind Task " daemon [_thread_blocked, id=4236, stack(0x4cbf0000,0x4cc40000)]
  0x4737f400 JavaThread "Keep-Alive-Timer" daemon [_thread_blocked, id=4112, stack(0x4cb60000,0x4cbb0000)]
  0x4737f000 JavaThread "Thread-13" daemon [_thread_blocked, id=4260, stack(0x4c4d0000,0x4c520000)]
  0x4737e800 JavaThread "DestroyJavaVM" [_thread_blocked, id=4152, stack(0x00430000,0x00480000)]
  0x4737d800 JavaThread "AWT-Shutdown" [_thread_blocked, id=4108, stack(0x49980000,0x499d0000)]
  0x4737d000 JavaThread "Thread-11" daemon [_thread_blocked, id=2228, stack(0x498f0000,0x49940000)]
  0x4737cc00 JavaThread "TimerQueue" daemon [_thread_blocked, id=2636, stack(0x49860000,0x498b0000)]
  0x481ddc00 JavaThread "Layer Resource Retriever USGS Topographic Maps 1:24K" daemon [_thread_blocked, id=1952, stack(0x497d0000,0x49820000)]
  0x482c8400 JavaThread "Layer Resource Retriever USGS Topographic Maps 1:100K" daemon [_thread_blocked, id=4288, stack(0x49740000,0x49790000)]
  0x48275400 JavaThread "Idle World Wind Retriever" daemon [_thread_blocked, id=2092, stack(0x496b0000,0x49700000)]
  0x48274c00 JavaThread "Layer Resource Retriever USGS Topographic Maps 1:250K" daemon [_thread_blocked, id=2508, stack(0x47630000,0x47680000)]
  0x484b4800 JavaThread "Layer Resource Retriever i-cubed Landsat" daemon [_thread_blocked, id=2260, stack(0x49620000,0x49670000)]
  0x47388800 JavaThread "Idle World Wind Retriever" daemon [_thread_blocked, id=2908, stack(0x49590000,0x495e0000)]
  0x4837ec00 JavaThread "Layer Resource Retriever Blue Marble (WMS) 2004" daemon [_thread_blocked, id=684, stack(0x49500000,0x49550000)]
  0x48368c00 JavaThread "Idle World Wind Retriever" daemon [_thread_blocked, id=3588, stack(0x48710000,0x48760000)]
  0x4855c400 JavaThread "ElevationModel Resource Retriever Earth Elevation Model (USA 10m, WordWide 30m, Ocean 900m)" daemon [_thread_blocked, id=4876, stack(0x48800000,0x48850000)]
  0x4732b800 JavaThread "AWT-Windows" daemon [_thread_in_native, id=4964, stack(0x47700000,0x47750000)]
  0x47328c00 JavaThread "Java2D Disposer" daemon [_thread_blocked, id=3244, stack(0x475a0000,0x475f0000)]
  0x02147000 JavaThread "Low Memory Detector" daemon [_thread_blocked, id=4956, stack(0x470c0000,0x47110000)]
  0x02134800 JavaThread "CompilerThread0" daemon [_thread_blocked, id=3884, stack(0x47030000,0x47080000)]
  0x02131800 JavaThread "Attach Listener" daemon [_thread_blocked, id=880, stack(0x46fa0000,0x46ff0000)]
  0x02127000 JavaThread "Signal Dispatcher" daemon [_thread_blocked, id=3500, stack(0x46f10000,0x46f60000)]
  0x020fac00 JavaThread "Finalizer" daemon [_thread_blocked, id=2648, stack(0x46e80000,0x46ed0000)]
  0x020f6400 JavaThread "Reference Handler" daemon [_thread_blocked, id=4812, stack(0x46df0000,0x46e40000)]

Other Threads:
  0x020f2800 VMThread [stack: 0x02160000,0x021b0000] [id=4424]
  0x02149400 WatcherThread [stack: 0x47150000,0x471a0000] [id=692]

VM state:not at safepoint (normal execution)

VM Mutex/Monitor currently owned by a thread: None

Heap
 def new generation   total 3264K, used 1998K [0x04200000, 0x04580000, 0x08ee0000)
  eden space 2944K,  62% used [0x04200000, 0x043ce8e8, 0x044e0000)
  from space 320K,  46% used [0x04530000, 0x045550a8, 0x04580000)
  to   space 320K,   0% used [0x044e0000, 0x044e0000, 0x04530000)
 tenured generation   total 42776K, used 30006K [0x08ee0000, 0x0b8a6000, 0x42a00000)
   the space 42776K,  70% used [0x08ee0000, 0x0ac2dae0, 0x0ac2dc00, 0x0b8a6000)
 compacting perm gen  total 16640K, used 16524K [0x42a00000, 0x43a40000, 0x46a00000)
   the space 16640K,  99% used [0x42a00000, 0x43a23028, 0x43a23200, 0x43a40000)
No shared spaces configured.

Dynamic libraries:
0x00400000 - 0x00424000 	C:\Briseide\_Util\jre\bin\javaw.exe
0x777c0000 - 0x77940000 	C:\Windows\SysWOW64\ntdll.dll
0x76590000 - 0x766a0000 	C:\Windows\syswow64\kernel32.dll
0x76a20000 - 0x76a66000 	C:\Windows\syswow64\KERNELBASE.dll
0x76ad0000 - 0x76b70000 	C:\Windows\syswow64\ADVAPI32.dll
0x768a0000 - 0x7694c000 	C:\Windows\syswow64\msvcrt.dll
0x75040000 - 0x75059000 	C:\Windows\SysWOW64\sechost.dll
0x75200000 - 0x752f0000 	C:\Windows\syswow64\RPCRT4.dll
0x74ea0000 - 0x74f00000 	C:\Windows\syswow64\SspiCli.dll
0x74e90000 - 0x74e9c000 	C:\Windows\syswow64\CRYPTBASE.dll
0x767a0000 - 0x768a0000 	C:\Windows\syswow64\USER32.dll
0x74f10000 - 0x74fa0000 	C:\Windows\syswow64\GDI32.dll
0x74f00000 - 0x74f0a000 	C:\Windows\syswow64\LPK.dll
0x75160000 - 0x751fd000 	C:\Windows\syswow64\USP10.dll
0x75420000 - 0x75480000 	C:\Windows\system32\IMM32.DLL
0x76950000 - 0x76a1c000 	C:\Windows\syswow64\MSCTF.dll
0x7c340000 - 0x7c396000 	C:\Briseide\_Util\jre\bin\msvcr71.dll
0x6d800000 - 0x6da8b000 	C:\Briseide\_Util\jre\bin\client\jvm.dll
0x74200000 - 0x74232000 	C:\Windows\system32\WINMM.dll
0x73090000 - 0x730dc000 	C:\Windows\system32\apphelp.dll
0x6d7b0000 - 0x6d7bc000 	C:\Briseide\_Util\jre\bin\verify.dll
0x6d330000 - 0x6d34f000 	C:\Briseide\_Util\jre\bin\java.dll
0x6d290000 - 0x6d298000 	C:\Briseide\_Util\jre\bin\hpi.dll
0x74fa0000 - 0x74fa5000 	C:\Windows\syswow64\PSAPI.DLL
0x6d7f0000 - 0x6d7ff000 	C:\Briseide\_Util\jre\bin\zip.dll
0x6d000000 - 0x6d14a000 	C:\Briseide\_Util\jre\bin\awt.dll
0x73890000 - 0x738e1000 	C:\Windows\system32\WINSPOOL.DRV
0x755a0000 - 0x756fc000 	C:\Windows\syswow64\ole32.dll
0x71f00000 - 0x7209e000 	C:\Windows\WinSxS\x86_microsoft.windows.common-controls_6595b64144ccf1df_6.0.7601.17514_none_41e6975e2bd6f2b2\comctl32.dll
0x76a70000 - 0x76ac7000 	C:\Windows\syswow64\SHLWAPI.dll
0x734c0000 - 0x734d3000 	C:\Windows\system32\DWMAPI.DLL
0x73540000 - 0x735c0000 	C:\Windows\system32\uxtheme.dll
0x6d230000 - 0x6d284000 	C:\Briseide\_Util\jre\bin\fontmanager.dll
0x00220000 - 0x0022a000 	C:\Program Files (x86)\SweetIM\Messenger\mgAdaptersProxy.dll
0x75710000 - 0x7635a000 	C:\Windows\syswow64\shell32.dll
0x48020000 - 0x4806d000 	D:\workspace\TrafficFlowSimulator\lib\worldwind\jogl.dll
0x69f80000 - 0x6a048000 	C:\Windows\system32\OPENGL32.dll
0x70f70000 - 0x70f92000 	C:\Windows\system32\GLU32.dll
0x70e60000 - 0x70f47000 	C:\Windows\system32\DDRAW.dll
0x70e50000 - 0x70e56000 	C:\Windows\system32\DCIMAN32.dll
0x76360000 - 0x764fd000 	C:\Windows\syswow64\SETUPAPI.dll
0x75130000 - 0x75157000 	C:\Windows\syswow64\CFGMGR32.dll
0x76500000 - 0x7658f000 	C:\Windows\syswow64\OLEAUT32.dll
0x76ee0000 - 0x76ef2000 	C:\Windows\syswow64\DEVOBJ.dll
0x00550000 - 0x0055b000 	C:\Briseide\_Util\jre\bin\clib_jiio_util.dll
0x48570000 - 0x4867c000 	C:\Briseide\_Util\jre\bin\clib_jiio_sse2.dll
0x6d610000 - 0x6d623000 	C:\Briseide\_Util\jre\bin\net.dll
0x750f0000 - 0x75125000 	C:\Windows\syswow64\WS2_32.dll
0x75410000 - 0x75416000 	C:\Windows\syswow64\NSI.dll
0x73ea0000 - 0x73edc000 	C:\Windows\system32\mswsock.dll
0x73650000 - 0x73656000 	C:\Windows\System32\wship6.dll
0x73e90000 - 0x73e95000 	C:\Windows\System32\wshtcpip.dll
0x736e0000 - 0x73701000 	C:\Program Files (x86)\Bonjour\mdnsNSP.dll
0x73b50000 - 0x73b6c000 	C:\Windows\system32\Iphlpapi.DLL
0x73b40000 - 0x73b47000 	C:\Windows\system32\WINNSI.DLL
0x73690000 - 0x736d4000 	C:\Windows\system32\DNSAPI.dll
0x73660000 - 0x73687000 	C:\Program Files (x86)\Common Files\Microsoft Shared\Windows Live\WLIDNSP.DLL
0x73830000 - 0x73836000 	C:\Windows\system32\rasadhlp.dll
0x73850000 - 0x73888000 	C:\Windows\System32\fwpuclnt.dll
0x6d630000 - 0x6d639000 	C:\Briseide\_Util\jre\bin\nio.dll
0x6d360000 - 0x6d366000 	C:\Briseide\_Util\jre\bin\jawt.dll
0x48760000 - 0x48765000 	D:\workspace\TrafficFlowSimulator\lib\worldwind\jogl_awt.dll
0x49a60000 - 0x4a7c1000 	C:\Windows\system32\ig4icd32.dll
0x73760000 - 0x73776000 	C:\Windows\system32\CRYPTSP.dll
0x73720000 - 0x7375b000 	C:\Windows\system32\rsaenh.dll
0x73f40000 - 0x73f57000 	C:\Windows\system32\USERENV.dll
0x73fa0000 - 0x73fab000 	C:\Windows\system32\profapi.dll
0x720f0000 - 0x72100000 	C:\Windows\system32\NLAapi.dll
0x720e0000 - 0x720f0000 	C:\Windows\system32\napinsp.dll
0x720c0000 - 0x720d2000 	C:\Windows\system32\pnrpnsp.dll
0x720b0000 - 0x720b8000 	C:\Windows\System32\winrnr.dll
0x720a0000 - 0x720ad000 	C:\Windows\system32\wshbth.dll
0x6d170000 - 0x6d19f000 	C:\Briseide\_Util\jre\bin\cmm.dll
0x74fb0000 - 0x75033000 	C:\Windows\syswow64\CLBCatQ.DLL

VM Arguments:
jvm_args: -Djava.library.path=D:\workspace\TrafficFlowSimulator\lib\worldwind -Xmx1000m -Dhttp.proxyHost=proxy.unitn.it -Dhttp.nonProxyHosts=serv-map|serv-ito|serv-web|localhost -Dhttp.proxyPort=3128 
java_command: AnalyticSurfaceDemo
Launcher Type: SUN_STANDARD

Environment Variables:
JAVA_HOME=C:\Briseide\_Util\jre\
CLASSPATH=.;C:\Program Files (x86)\QuickTime\QTSystem\QTJava.zip
PATH=C:\Program Files (x86)\Java\jre6\bin\client;C:\Program Files (x86)\Java\jre6\bin;C:\Program Files\Common Files\Microsoft Shared\Windows Live;C:\Program Files (x86)\Common Files\Microsoft Shared\Windows Live;C:\Program Files (x86)\MiKTeX 2.9\miktex\bin;C:\Windows\system32;C:\Windows;C:\Windows\System32\Wbem;C:\Windows\System32\WindowsPowerShell\v1.0\;C:\Program Files\WIDCOMM\Bluetooth Software\;C:\Program Files\WIDCOMM\Bluetooth Software\syswow64;;C:\Program Files\Dell\DW WLAN Card;C:\Briseide\_Util\jre\bin;C:\Program Files (x86)\QuickTime\QTSystem\;C:\Program Files (x86)\Windows Live\Shared
USERNAME=a.debiasi
OS=Windows_NT
PROCESSOR_IDENTIFIER=Intel64 Family 6 Model 37 Stepping 5, GenuineIntel



---------------  S Y S T E M  ---------------

OS: Windows 7 Build 7601 Service Pack 1

CPU:total 4 (8 cores per cpu, 2 threads per core) family 6 model 37 stepping 5, cmov, cx8, fxsr, mmx, sse, sse2, sse3, ssse3, sse4.1, sse4.2, ht

Memory: 4k page, physical 3988068k(1722748k free), swap 4194303k(4194303k free)

vm_info: Java HotSpot(TM) Client VM (14.3-b01) for windows-x86 JRE (1.6.0_17-b04), built on Oct 11 2009 00:52:06 by "java_re" with MS VC++ 7.1

time: Fri Aug 17 11:00:23 2012
elapsed time: 3 seconds

