#
# A fatal error has been detected by the Java Runtime Environment:
#
#  EXCEPTION_ACCESS_VIOLATION (0xc0000005) at pc=0x49c24e7c, pid=1156, tid=2680
#
# JRE version: 6.0_17-b04
# Java VM: Java HotSpot(TM) Client VM (14.3-b01 mixed mode windows-x86 )
# Problematic frame:
# C  [ig4icd32.dll+0x1e4e7c]
#
# If you would like to submit a bug report, please visit:
#   http://java.sun.com/webapps/bugreport/crash.jsp
# The crash happened outside the Java Virtual Machine in native code.
# See problematic frame for where to report the bug.
#

---------------  T H R E A D  ---------------

Current thread (0x47372800):  JavaThread "AWT-EventQueue-0" [_thread_in_native, id=2680, stack(0x4d800000,0x4d850000)]

siginfo: ExceptionCode=0xc0000005, reading address 0xe484da24

Registers:
EAX=0xe484da24, EBX=0x4bb1a6c0, ECX=0xd70f2c20, EDX=0x4a890080
ESP=0x4d84f2a0, EBP=0x4d84f35c, ESI=0x4a899390, EDI=0x4a9344f8
EIP=0x49c24e7c, EFLAGS=0x00010216

Top of Stack: (sp=0x4d84f2a0)
0x4d84f2a0:   00000000 4a890080 00080038 00000000
0x4d84f2b0:   00000000 00000000 4d2968f0 0000003f
0x4d84f2c0:   4a890080 00001390 00000163 e484da24
0x4d84f2d0:   b82fe154 4bb16cc0 4bac0a00 4b9cd108
0x4d84f2e0:   43920000 43920000 43920000 43920000
0x4d84f2f0:   47412400 47412400 47412400 47412400
0x4d84f300:   49b5cfde 49b5cfde 49b5cfde 49b5cfde
0x4d84f310:   43c3c000 43c3c000 43c3c000 43c3c000 

Instructions: (pc=0x49c24e7c)
0x49c24e6c:   04 89 44 24 18 83 7c 24 28 02 7d 04 89 44 24 30
0x49c24e7c:   0f 12 00 8b 44 24 30 0f 16 00 8b 44 24 18 0f 12 


Stack: [0x4d800000,0x4d850000],  sp=0x4d84f2a0,  free space=316k
Native frames: (J=compiled Java code, j=interpreted, Vv=VM code, C=native code)
C  [ig4icd32.dll+0x1e4e7c]

Java frames: (J=compiled Java code, j=interpreted, Vv=VM code)
j  com.sun.opengl.impl.GLImpl.glDrawElements0(IIIJ)V+0
j  com.sun.opengl.impl.GLImpl.glDrawElements(IIIJ)V+10
j  gov.nasa.worldwind.terrain.RectangularTessellator.renderVBO(Lgov/nasa/worldwind/render/DrawContext;Lgov/nasa/worldwind/terrain/RectangularTessellator$RectTile;I)Z+41
j  gov.nasa.worldwind.terrain.RectangularTessellator.render(Lgov/nasa/worldwind/render/DrawContext;Lgov/nasa/worldwind/terrain/RectangularTessellator$RectTile;I)J+48
j  gov.nasa.worldwind.terrain.RectangularTessellator.render(Lgov/nasa/worldwind/render/DrawContext;Lgov/nasa/worldwind/terrain/RectangularTessellator$RectTile;)V+30
j  gov.nasa.worldwind.terrain.RectangularTessellator$RectTile.render(Lgov/nasa/worldwind/render/DrawContext;)V+12
j  gov.nasa.worldwind.terrain.SectorGeometryList.pick(Lgov/nasa/worldwind/render/DrawContext;Ljava/util/List;)Ljava/util/List;+146
j  gov.nasa.worldwind.AbstractSceneController.pickTerrain(Lgov/nasa/worldwind/render/DrawContext;)V+118
j  gov.nasa.worldwind.AbstractSceneController.pick(Lgov/nasa/worldwind/render/DrawContext;)V+21
j  gov.nasa.worldwind.BasicSceneController.doRepaint(Lgov/nasa/worldwind/render/DrawContext;)V+32
j  gov.nasa.worldwind.AbstractSceneController.repaint()I+58
j  gov.nasa.worldwind.WorldWindowGLAutoDrawable.doDisplay()I+4
j  gov.nasa.worldwind.WorldWindowGLAutoDrawable.display(Ljavax/media/opengl/GLAutoDrawable;)V+115
j  com.sun.opengl.impl.GLDrawableHelper.display(Ljavax/media/opengl/GLAutoDrawable;)V+29
j  javax.media.opengl.GLCanvas$DisplayAction.run()V+80
j  com.sun.opengl.impl.GLDrawableHelper.invokeGL(Ljavax/media/opengl/GLDrawable;Ljavax/media/opengl/GLContext;Ljava/lang/Runnable;Ljava/lang/Runnable;)V+418
j  javax.media.opengl.GLCanvas.maybeDoSingleThreadedWorkaround(Ljava/lang/Runnable;Ljava/lang/Runnable;)V+36
j  javax.media.opengl.GLCanvas.display()V+9
j  javax.media.opengl.GLCanvas.paint(Ljava/awt/Graphics;)V+125
j  javax.media.opengl.GLCanvas.update(Ljava/awt/Graphics;)V+2
j  sun.awt.RepaintArea.updateComponent(Ljava/awt/Component;Ljava/awt/Graphics;)V+6
j  sun.awt.RepaintArea.paint(Ljava/lang/Object;Z)V+263
j  sun.awt.windows.WComponentPeer.handleEvent(Ljava/awt/AWTEvent;)V+107
j  java.awt.Component.dispatchEventImpl(Ljava/awt/AWTEvent;)V+853
j  java.awt.Component.dispatchEvent(Ljava/awt/AWTEvent;)V+2
j  java.awt.EventQueue.dispatchEvent(Ljava/awt/AWTEvent;)V+46
j  java.awt.EventDispatchThread.pumpOneEventForFilters(I)Z+204
j  java.awt.EventDispatchThread.pumpEventsForFilter(ILjava/awt/Conditional;Ljava/awt/EventFilter;)V+30
j  java.awt.EventDispatchThread.pumpEventsForHierarchy(ILjava/awt/Conditional;Ljava/awt/Component;)V+11
j  java.awt.EventDispatchThread.pumpEvents(ILjava/awt/Conditional;)V+4
j  java.awt.EventDispatchThread.pumpEvents(Ljava/awt/Conditional;)V+3
j  java.awt.EventDispatchThread.run()V+9
v  ~StubRoutines::call_stub

---------------  P R O C E S S  ---------------

Java Threads: ( => current thread )
=>0x47372800 JavaThread "AWT-EventQueue-0" [_thread_in_native, id=2680, stack(0x4d800000,0x4d850000)]
  0x47372400 JavaThread "Idle World Wind Task " daemon [_thread_blocked, id=3880, stack(0x4cf50000,0x4cfa0000)]
  0x47371c00 JavaThread "Idle World Wind Task " daemon [_thread_blocked, id=2300, stack(0x4cec0000,0x4cf10000)]
  0x47371800 JavaThread "Keep-Alive-Timer" daemon [_thread_blocked, id=3676, stack(0x4ce30000,0x4ce80000)]
  0x47371000 JavaThread "Idle World Wind Task " daemon [_thread_blocked, id=4352, stack(0x4cba0000,0x4cbf0000)]
  0x47370c00 JavaThread "Idle World Wind Task " daemon [_thread_blocked, id=4808, stack(0x4cb10000,0x4cb60000)]
  0x47370400 JavaThread "Thread-13" daemon [_thread_blocked, id=900, stack(0x4c480000,0x4c4d0000)]
  0x47370000 JavaThread "DestroyJavaVM" [_thread_blocked, id=3884, stack(0x01c70000,0x01cc0000)]
  0x4736ec00 JavaThread "AWT-Shutdown" [_thread_blocked, id=1208, stack(0x49960000,0x499b0000)]
  0x4736e800 JavaThread "Thread-11" daemon [_thread_blocked, id=2128, stack(0x498d0000,0x49920000)]
  0x4736e000 JavaThread "TimerQueue" daemon [_thread_blocked, id=3372, stack(0x49840000,0x49890000)]
  0x48392400 JavaThread "Layer Resource Retriever USGS Topographic Maps 1:24K" daemon [_thread_blocked, id=792, stack(0x497b0000,0x49800000)]
  0x48392000 JavaThread "Layer Resource Retriever USGS Topographic Maps 1:100K" daemon [_thread_blocked, id=2596, stack(0x49720000,0x49770000)]
  0x4733b000 JavaThread "Idle World Wind Retriever" daemon [_thread_blocked, id=732, stack(0x49620000,0x49670000)]
  0x472b8400 JavaThread "Layer Resource Retriever USGS Topographic Maps 1:250K" daemon [_thread_blocked, id=652, stack(0x476a0000,0x476f0000)]
  0x484de400 JavaThread "Layer Resource Retriever i-cubed Landsat" daemon [_thread_blocked, id=5016, stack(0x49590000,0x495e0000)]
  0x482fc000 JavaThread "Idle World Wind Retriever" daemon [_thread_blocked, id=5008, stack(0x49540000,0x49590000)]
  0x481a0800 JavaThread "Layer Resource Retriever Blue Marble (WMS) 2004" daemon [_thread_blocked, id=3368, stack(0x493d0000,0x49420000)]
  0x48585800 JavaThread "Idle World Wind Retriever" daemon [_thread_blocked, id=3208, stack(0x48740000,0x48790000)]
  0x483fcc00 JavaThread "ElevationModel Resource Retriever Earth Elevation Model (USA 10m, WordWide 30m, Ocean 900m)" daemon [_thread_blocked, id=884, stack(0x491b0000,0x49200000)]
  0x472b8c00 JavaThread "AWT-Windows" daemon [_thread_in_native, id=332, stack(0x47730000,0x47780000)]
  0x472afc00 JavaThread "Java2D Disposer" daemon [_thread_blocked, id=5076, stack(0x475b0000,0x47600000)]
  0x01da8400 JavaThread "Low Memory Detector" daemon [_thread_blocked, id=5108, stack(0x470c0000,0x47110000)]
  0x01da7800 JavaThread "CompilerThread0" daemon [_thread_blocked, id=3136, stack(0x47030000,0x47080000)]
  0x01d91800 JavaThread "Attach Listener" daemon [_thread_blocked, id=4416, stack(0x46fa0000,0x46ff0000)]
  0x01d87000 JavaThread "Signal Dispatcher" daemon [_thread_blocked, id=1032, stack(0x46f10000,0x46f60000)]
  0x01d5ac00 JavaThread "Finalizer" daemon [_thread_blocked, id=3408, stack(0x46e80000,0x46ed0000)]
  0x01d56400 JavaThread "Reference Handler" daemon [_thread_blocked, id=552, stack(0x46df0000,0x46e40000)]

Other Threads:
  0x01d52800 VMThread [stack: 0x46d60000,0x46db0000] [id=2060]
  0x01da9400 WatcherThread [stack: 0x47150000,0x471a0000] [id=3092]

VM state:not at safepoint (normal execution)

VM Mutex/Monitor currently owned by a thread: None

Heap
 def new generation   total 3328K, used 1769K [0x04130000, 0x044c0000, 0x08e10000)
  eden space 3008K,  54% used [0x04130000, 0x042c97c0, 0x04420000)
  from space 320K,  41% used [0x04470000, 0x04490e38, 0x044c0000)
  to   space 320K,   0% used [0x04420000, 0x04420000, 0x04470000)
 tenured generation   total 42996K, used 30072K [0x08e10000, 0x0b80d000, 0x42930000)
   the space 42996K,  69% used [0x08e10000, 0x0ab6e008, 0x0ab6e200, 0x0b80d000)
 compacting perm gen  total 16640K, used 16536K [0x42930000, 0x43970000, 0x46930000)
   the space 16640K,  99% used [0x42930000, 0x43956340, 0x43956400, 0x43970000)
No shared spaces configured.

Dynamic libraries:
0x00400000 - 0x00424000 	C:\Briseide\_Util\jre\bin\javaw.exe
0x777c0000 - 0x77940000 	C:\Windows\SysWOW64\ntdll.dll
0x76590000 - 0x766a0000 	C:\Windows\syswow64\kernel32.dll
0x76a20000 - 0x76a66000 	C:\Windows\syswow64\KERNELBASE.dll
0x76ad0000 - 0x76b70000 	C:\Windows\syswow64\ADVAPI32.dll
0x768a0000 - 0x7694c000 	C:\Windows\syswow64\msvcrt.dll
0x75040000 - 0x75059000 	C:\Windows\SysWOW64\sechost.dll
0x75200000 - 0x752f0000 	C:\Windows\syswow64\RPCRT4.dll
0x74ea0000 - 0x74f00000 	C:\Windows\syswow64\SspiCli.dll
0x74e90000 - 0x74e9c000 	C:\Windows\syswow64\CRYPTBASE.dll
0x767a0000 - 0x768a0000 	C:\Windows\syswow64\USER32.dll
0x74f10000 - 0x74fa0000 	C:\Windows\syswow64\GDI32.dll
0x74f00000 - 0x74f0a000 	C:\Windows\syswow64\LPK.dll
0x75160000 - 0x751fd000 	C:\Windows\syswow64\USP10.dll
0x75420000 - 0x75480000 	C:\Windows\system32\IMM32.DLL
0x76950000 - 0x76a1c000 	C:\Windows\syswow64\MSCTF.dll
0x7c340000 - 0x7c396000 	C:\Briseide\_Util\jre\bin\msvcr71.dll
0x6d800000 - 0x6da8b000 	C:\Briseide\_Util\jre\bin\client\jvm.dll
0x74200000 - 0x74232000 	C:\Windows\system32\WINMM.dll
0x73090000 - 0x730dc000 	C:\Windows\system32\apphelp.dll
0x6d7b0000 - 0x6d7bc000 	C:\Briseide\_Util\jre\bin\verify.dll
0x6d330000 - 0x6d34f000 	C:\Briseide\_Util\jre\bin\java.dll
0x6d290000 - 0x6d298000 	C:\Briseide\_Util\jre\bin\hpi.dll
0x74fa0000 - 0x74fa5000 	C:\Windows\syswow64\PSAPI.DLL
0x6d7f0000 - 0x6d7ff000 	C:\Briseide\_Util\jre\bin\zip.dll
0x6d000000 - 0x6d14a000 	C:\Briseide\_Util\jre\bin\awt.dll
0x73890000 - 0x738e1000 	C:\Windows\system32\WINSPOOL.DRV
0x755a0000 - 0x756fc000 	C:\Windows\syswow64\ole32.dll
0x71f00000 - 0x7209e000 	C:\Windows\WinSxS\x86_microsoft.windows.common-controls_6595b64144ccf1df_6.0.7601.17514_none_41e6975e2bd6f2b2\comctl32.dll
0x76a70000 - 0x76ac7000 	C:\Windows\syswow64\SHLWAPI.dll
0x734c0000 - 0x734d3000 	C:\Windows\system32\DWMAPI.DLL
0x73540000 - 0x735c0000 	C:\Windows\system32\uxtheme.dll
0x6d230000 - 0x6d284000 	C:\Briseide\_Util\jre\bin\fontmanager.dll
0x001e0000 - 0x001ea000 	C:\Program Files (x86)\SweetIM\Messenger\mgAdaptersProxy.dll
0x75710000 - 0x7635a000 	C:\Windows\syswow64\shell32.dll
0x48050000 - 0x4809d000 	D:\workspace\TrafficFlowSimulator\lib\worldwind\jogl.dll
0x69f80000 - 0x6a048000 	C:\Windows\system32\OPENGL32.dll
0x70f70000 - 0x70f92000 	C:\Windows\system32\GLU32.dll
0x70e60000 - 0x70f47000 	C:\Windows\system32\DDRAW.dll
0x70e50000 - 0x70e56000 	C:\Windows\system32\DCIMAN32.dll
0x76360000 - 0x764fd000 	C:\Windows\syswow64\SETUPAPI.dll
0x75130000 - 0x75157000 	C:\Windows\syswow64\CFGMGR32.dll
0x76500000 - 0x7658f000 	C:\Windows\syswow64\OLEAUT32.dll
0x76ee0000 - 0x76ef2000 	C:\Windows\syswow64\DEVOBJ.dll
0x01e40000 - 0x01e4b000 	C:\Briseide\_Util\jre\bin\clib_jiio_util.dll
0x485a0000 - 0x486ac000 	C:\Briseide\_Util\jre\bin\clib_jiio_sse2.dll
0x6d610000 - 0x6d623000 	C:\Briseide\_Util\jre\bin\net.dll
0x750f0000 - 0x75125000 	C:\Windows\syswow64\WS2_32.dll
0x75410000 - 0x75416000 	C:\Windows\syswow64\NSI.dll
0x73ea0000 - 0x73edc000 	C:\Windows\system32\mswsock.dll
0x73650000 - 0x73656000 	C:\Windows\System32\wship6.dll
0x73e90000 - 0x73e95000 	C:\Windows\System32\wshtcpip.dll
0x736e0000 - 0x73701000 	C:\Program Files (x86)\Bonjour\mdnsNSP.dll
0x73b50000 - 0x73b6c000 	C:\Windows\system32\Iphlpapi.DLL
0x73b40000 - 0x73b47000 	C:\Windows\system32\WINNSI.DLL
0x73690000 - 0x736d4000 	C:\Windows\system32\DNSAPI.dll
0x73660000 - 0x73687000 	C:\Program Files (x86)\Common Files\Microsoft Shared\Windows Live\WLIDNSP.DLL
0x73830000 - 0x73836000 	C:\Windows\system32\rasadhlp.dll
0x73850000 - 0x73888000 	C:\Windows\System32\fwpuclnt.dll
0x6d630000 - 0x6d639000 	C:\Briseide\_Util\jre\bin\nio.dll
0x6d360000 - 0x6d366000 	C:\Briseide\_Util\jre\bin\jawt.dll
0x473b0000 - 0x473b5000 	D:\workspace\TrafficFlowSimulator\lib\worldwind\jogl_awt.dll
0x49a40000 - 0x4a7a1000 	C:\Windows\system32\ig4icd32.dll
0x73760000 - 0x73776000 	C:\Windows\system32\CRYPTSP.dll
0x73720000 - 0x7375b000 	C:\Windows\system32\rsaenh.dll
0x73f40000 - 0x73f57000 	C:\Windows\system32\USERENV.dll
0x73fa0000 - 0x73fab000 	C:\Windows\system32\profapi.dll
0x720f0000 - 0x72100000 	C:\Windows\system32\NLAapi.dll
0x720e0000 - 0x720f0000 	C:\Windows\system32\napinsp.dll
0x720c0000 - 0x720d2000 	C:\Windows\system32\pnrpnsp.dll
0x720b0000 - 0x720b8000 	C:\Windows\System32\winrnr.dll
0x720a0000 - 0x720ad000 	C:\Windows\system32\wshbth.dll
0x6d170000 - 0x6d19f000 	C:\Briseide\_Util\jre\bin\cmm.dll
0x74fb0000 - 0x75033000 	C:\Windows\syswow64\CLBCatQ.DLL

VM Arguments:
jvm_args: -Djava.library.path=D:\workspace\TrafficFlowSimulator\lib\worldwind -Xmx1000m -Dhttp.proxyHost=proxy.unitn.it -Dhttp.nonProxyHosts=serv-map|serv-ito|serv-web|localhost -Dhttp.proxyPort=3128 
java_command: AnalyticSurfaceDemo
Launcher Type: SUN_STANDARD

Environment Variables:
JAVA_HOME=C:\Briseide\_Util\jre\
CLASSPATH=.;C:\Program Files (x86)\QuickTime\QTSystem\QTJava.zip
PATH=C:\Program Files (x86)\Java\jre6\bin\client;C:\Program Files (x86)\Java\jre6\bin;C:\Program Files\Common Files\Microsoft Shared\Windows Live;C:\Program Files (x86)\Common Files\Microsoft Shared\Windows Live;C:\Program Files (x86)\MiKTeX 2.9\miktex\bin;C:\Windows\system32;C:\Windows;C:\Windows\System32\Wbem;C:\Windows\System32\WindowsPowerShell\v1.0\;C:\Program Files\WIDCOMM\Bluetooth Software\;C:\Program Files\WIDCOMM\Bluetooth Software\syswow64;;C:\Program Files\Dell\DW WLAN Card;C:\Briseide\_Util\jre\bin;C:\Program Files (x86)\QuickTime\QTSystem\;C:\Program Files (x86)\Windows Live\Shared
USERNAME=a.debiasi
OS=Windows_NT
PROCESSOR_IDENTIFIER=Intel64 Family 6 Model 37 Stepping 5, GenuineIntel



---------------  S Y S T E M  ---------------

OS: Windows 7 Build 7601 Service Pack 1

CPU:total 4 (8 cores per cpu, 2 threads per core) family 6 model 37 stepping 5, cmov, cx8, fxsr, mmx, sse, sse2, sse3, ssse3, sse4.1, sse4.2, ht

Memory: 4k page, physical 3988068k(1591356k free), swap 4194303k(4194303k free)

vm_info: Java HotSpot(TM) Client VM (14.3-b01) for windows-x86 JRE (1.6.0_17-b04), built on Oct 11 2009 00:52:06 by "java_re" with MS VC++ 7.1

time: Fri Aug 17 11:49:04 2012
elapsed time: 2 seconds

