#
# A fatal error has been detected by the Java Runtime Environment:
#
#  EXCEPTION_ACCESS_VIOLATION (0xc0000005) at pc=0x000000002264e274, pid=4016, tid=704
#
# JRE version: Java(TM) SE Runtime Environment (8.0_05-b13) (build 1.8.0_05-b13)
# Java VM: Java HotSpot(TM) 64-Bit Server VM (25.5-b02 mixed mode windows-amd64 compressed oops)
# Problematic frame:
# C  [nvoglv64.DLL+0xb9e274]
#
# Failed to write core dump. Minidumps are not enabled by default on client versions of Windows
#
# If you would like to submit a bug report, please visit:
#   http://bugreport.sun.com/bugreport/crash.jsp
# The crash happened outside the Java Virtual Machine in native code.
# See problematic frame for where to report the bug.
#

---------------  T H R E A D  ---------------

Current thread (0x000000001d837800):  JavaThread "AWT-EventQueue-0" [_thread_in_native, id=704, stack(0x0000000026520000,0x0000000026620000)]

siginfo: ExceptionCode=0xc0000005, reading address 0x0000000052c6fffc

Registers:
RAX=0x0000000000000028, RBX=0x000000004eefa7e0, RCX=0x0000000052c7e4e8, RDX=0xffffffffffff1b2c
RSP=0x000000002661bc68, RBP=0x0000000013170000, RSI=0x0000000013170000, RDI=0x0000000024c150c0
R8 =0x000000000000eae8, R9 =0x0000000000000000, R10=0x0000000000000000, R11=0x0000000052c70000
R12=0x0000000000000000, R13=0x00000000003e1aec, R14=0x0000000000000000, R15=0x0000000052c61b2c
RIP=0x000000002264e274, EFLAGS=0x0000000000010206

Top of Stack: (sp=0x000000002661bc68)
0x000000002661bc68:   000000002232c1af 0000000024c150c0
0x000000002661bc78:   00000000774edff7 000000004eefa7e0
0x000000002661bc88:   0000000000000000 0000000000000000
0x000000002661bc98:   0000000000000000 0000000052c61b2c
0x000000002661bca8:   0000000000000000 0000000000000000
0x000000002661bcb8:   00000000004af530 0000000000000000
0x000000002661bcc8:   000000001d837800 0000000000000000
0x000000002661bcd8:   00000000000088e4 0000000052c61b2c
0x000000002661bce8:   0000000013170000 00000000003e1aec
0x000000002661bcf8:   00000000003e1aec 000000004eefa7e0
0x000000002661bd08:   000000002232c573 000000004eefa700
0x000000002661bd18:   00000000003e1a00 0000000000000000
0x000000002661bd28:   00000000003e1aec 0000000052c61b2c
0x000000002661bd38:   000000001d837800 000000004eefa83a
0x000000002661bd48:   00000000221428f5 000000004eefa7e0
0x000000002661bd58:   0000000013170000 00000000000002c0 

Instructions: (pc=0x000000002264e274)
0x000000002264e254:   48 81 c1 00 10 00 00 b8 40 00 00 00 4c 8b 4c 0a
0x000000002264e264:   f8 4c 8b 54 0a f0 4c 0f c3 49 f8 4c 0f c3 51 f0
0x000000002264e274:   4c 8b 4c 0a e8 4c 8b 54 0a e0 4c 0f c3 49 e8 4c
0x000000002264e284:   0f c3 51 e0 4c 8b 4c 0a d8 4c 8b 54 0a d0 48 83 


Register to memory mapping:

RAX=0x0000000000000028 is an unknown value
RBX=0x000000004eefa7e0 is an unknown value
RCX=0x0000000052c7e4e8 is an unknown value
RDX=0xffffffffffff1b2c is an unknown value
RSP=0x000000002661bc68 is pointing into the stack for thread: 0x000000001d837800
RBP=0x0000000013170000 is an unknown value
RSI=0x0000000013170000 is an unknown value
RDI=0x0000000024c150c0 is an unknown value
R8 =0x000000000000eae8 is an unknown value
R9 =0x0000000000000000 is an unknown value
R10=0x0000000000000000 is an unknown value
R11=0x0000000052c70000 is an unknown value
R12=0x0000000000000000 is an unknown value
R13=0x00000000003e1aec is an unknown value
R14=0x0000000000000000 is an unknown value
R15=0x0000000052c61b2c is an unknown value


Stack: [0x0000000026520000,0x0000000026620000],  sp=0x000000002661bc68,  free space=1007k
Native frames: (J=compiled Java code, j=interpreted, Vv=VM code, C=native code)
C  [nvoglv64.DLL+0xb9e274]

Java frames: (J=compiled Java code, j=interpreted, Vv=VM code)
J 3189  jogamp.opengl.gl4.GL4bcImpl.dispatch_glBufferData(IJLjava/lang/Object;IZIJ)V (0 bytes) @ 0x00000000034428b3 [0x0000000003442840+0x73]
J 3186 C1 jogamp.opengl.gl4.GL4bcImpl$1.create(IJLjava/nio/Buffer;IJ)V (56 bytes) @ 0x0000000003440354 [0x00000000034400c0+0x294]
J 3193 C1 jogamp.opengl.GLBufferObjectTracker.createBufferStorage(Ljogamp/opengl/GLBufferStateTracker;Ljavax/media/opengl/GL;IJLjava/nio/Buffer;IILjogamp/opengl/GLBufferObjectTracker$CreateStorageDispatch;J)V (398 bytes) @ 0x000000000344998c [0x0000000003447720+0x226c]
J 3168 C1 jogamp.opengl.gl4.GL4bcImpl.glBufferData(IJLjava/nio/Buffer;I)V (71 bytes) @ 0x000000000343a3d4 [0x00000000034397e0+0xbf4]
j  it.graphitech.smeSpire.layers.MyRenderableLayer.bindData(Lgov/nasa/worldwind/render/DrawContext;ILjava/nio/FloatBuffer;I)V+33
j  it.graphitech.smeSpire.layers.MyRenderableLayer.doRenderNow(Lgov/nasa/worldwind/render/DrawContext;)V+420
j  it.graphitech.smeSpire.layers.MyRenderableLayer.doRender(Lgov/nasa/worldwind/render/DrawContext;)V+40
J 2916 C1 gov.nasa.worldwind.layers.AbstractLayer.render(Lgov/nasa/worldwind/render/DrawContext;)V (123 bytes) @ 0x000000000338a3e4 [0x0000000003388b20+0x18c4]
j  it.graphitech.shader.ShadingDecorator.render(Lgov/nasa/worldwind/render/DrawContext;Lgov/nasa/worldwind/layers/Layer;)V+281
J 3020 C1 it.graphitech.shader.DecoratedLayer.render(Lgov/nasa/worldwind/render/DrawContext;)V (13 bytes) @ 0x00000000033daa9c [0x00000000033daa00+0x9c]
j  it.graphitech.core.MyAbstractSceneController.draw(Lgov/nasa/worldwind/render/DrawContext;)V+57
j  it.graphitech.core.MyBasicSceneController.doRepaint(Lgov/nasa/worldwind/render/DrawContext;)V+68
j  it.graphitech.core.MyAbstractSceneController.repaint()I+58
j  gov.nasa.worldwind.WorldWindowGLAutoDrawable.doDisplay()I+4
j  gov.nasa.worldwind.WorldWindowGLAutoDrawable.display(Ljavax/media/opengl/GLAutoDrawable;)V+122
j  jogamp.opengl.GLDrawableHelper.displayImpl(Ljavax/media/opengl/GLAutoDrawable;)V+81
j  jogamp.opengl.GLDrawableHelper.display(Ljavax/media/opengl/GLAutoDrawable;)V+2
j  javax.media.opengl.awt.GLCanvas$10.run()V+118
j  jogamp.opengl.GLDrawableHelper.invokeGLImpl(Ljavax/media/opengl/GLDrawable;Ljavax/media/opengl/GLContext;Ljava/lang/Runnable;Ljava/lang/Runnable;)V+206
j  jogamp.opengl.GLDrawableHelper.invokeGL(Ljavax/media/opengl/GLDrawable;Ljavax/media/opengl/GLContext;Ljava/lang/Runnable;Ljava/lang/Runnable;)V+80
j  javax.media.opengl.awt.GLCanvas$11.run()V+73
j  javax.media.opengl.Threading.invoke(ZLjava/lang/Runnable;Ljava/lang/Object;)V+33
j  javax.media.opengl.awt.GLCanvas.display()V+64
j  javax.media.opengl.awt.GLCanvas.paint(Ljava/awt/Graphics;)V+137
j  javax.media.opengl.awt.GLCanvas.update(Ljava/awt/Graphics;)V+2
j  sun.awt.RepaintArea.updateComponent(Ljava/awt/Component;Ljava/awt/Graphics;)V+6
j  sun.awt.RepaintArea.paint(Ljava/lang/Object;Z)V+263
j  sun.awt.windows.WComponentPeer.handleEvent(Ljava/awt/AWTEvent;)V+155
j  java.awt.Component.dispatchEventImpl(Ljava/awt/AWTEvent;)V+877
J 3103 C1 java.awt.EventQueue.dispatchEventImpl(Ljava/awt/AWTEvent;Ljava/lang/Object;)V (149 bytes) @ 0x0000000003416894 [0x0000000003415240+0x1654]
J 3101 C1 java.awt.EventQueue$3.run()Ljava/lang/Void; (60 bytes) @ 0x0000000003411a0c [0x0000000003411800+0x20c]
J 3100 C1 java.awt.EventQueue$3.run()Ljava/lang/Object; (5 bytes) @ 0x0000000003412104 [0x0000000003412080+0x84]
v  ~StubRoutines::call_stub
J 1131  java.security.AccessController.doPrivileged(Ljava/security/PrivilegedAction;Ljava/security/AccessControlContext;)Ljava/lang/Object; (0 bytes) @ 0x0000000002da7426 [0x0000000002da73c0+0x66]
J 2820 C1 java.security.ProtectionDomain$1.doIntersectionPrivilege(Ljava/security/PrivilegedAction;Ljava/security/AccessControlContext;Ljava/security/AccessControlContext;)Ljava/lang/Object; (32 bytes) @ 0x000000000333c354 [0x000000000333c060+0x2f4]
j  java.security.ProtectionDomain$1.doIntersectionPrivilege(Ljava/security/PrivilegedAction;Ljava/security/AccessControlContext;)Ljava/lang/Object;+6
j  java.awt.EventQueue$4.run()Ljava/lang/Void;+11
j  java.awt.EventQueue$4.run()Ljava/lang/Object;+1
v  ~StubRoutines::call_stub
J 1131  java.security.AccessController.doPrivileged(Ljava/security/PrivilegedAction;Ljava/security/AccessControlContext;)Ljava/lang/Object; (0 bytes) @ 0x0000000002da7426 [0x0000000002da73c0+0x66]
J 3030 C1 java.awt.EventQueue.dispatchEvent(Ljava/awt/AWTEvent;)V (80 bytes) @ 0x00000000033ec724 [0x00000000033ebb00+0xc24]
J 3039 C1 java.awt.EventDispatchThread.pumpOneEventForFilters(I)V (295 bytes) @ 0x00000000033efd64 [0x00000000033ee240+0x1b24]
j  java.awt.EventDispatchThread.pumpEventsForFilter(ILjava/awt/Conditional;Ljava/awt/EventFilter;)V+35
j  java.awt.EventDispatchThread.pumpEventsForHierarchy(ILjava/awt/Conditional;Ljava/awt/Component;)V+11
j  java.awt.EventDispatchThread.pumpEvents(ILjava/awt/Conditional;)V+4
j  java.awt.EventDispatchThread.pumpEvents(Ljava/awt/Conditional;)V+3
j  java.awt.EventDispatchThread.run()V+9
v  ~StubRoutines::call_stub

---------------  P R O C E S S  ---------------

Java Threads: ( => current thread )
  0x000000001e190800 JavaThread "Idle World Wind Task " daemon [_thread_blocked, id=828, stack(0x000000002c210000,0x000000002c310000)]
  0x000000001e18f800 JavaThread "Idle World Wind Task " daemon [_thread_blocked, id=4740, stack(0x000000002c000000,0x000000002c100000)]
  0x000000001e18f000 JavaThread "Idle World Wind Task " daemon [_thread_blocked, id=4720, stack(0x000000002bd90000,0x000000002be90000)]
  0x000000001e18e000 JavaThread "Idle World Wind Task " daemon [_thread_blocked, id=4436, stack(0x000000002bea0000,0x000000002bfa0000)]
  0x000000001e18d800 JavaThread "Idle World Wind Task " daemon [_thread_blocked, id=4544, stack(0x000000002b530000,0x000000002b630000)]
  0x000000001e18c800 JavaThread "D3D Screen Updater" daemon [_thread_blocked, id=4332, stack(0x0000000029440000,0x0000000029540000)]
  0x000000001e18b800 JavaThread "DestroyJavaVM" [_thread_blocked, id=3000, stack(0x0000000002590000,0x0000000002690000)]
  0x000000001e18b000 JavaThread "Thread-40" daemon [_thread_in_native, id=3296, stack(0x0000000028e40000,0x0000000028f40000)]
  0x000000001e18a000 JavaThread "Thread-39" [_thread_blocked, id=2232, stack(0x0000000028cf0000,0x0000000028df0000)]
  0x000000001e189800 JavaThread "Thread-38" daemon [_thread_in_native, id=1340, stack(0x0000000028310000,0x0000000028410000)]
  0x000000001e188800 JavaThread "Thread-37" [_thread_blocked, id=4412, stack(0x0000000028ae0000,0x0000000028be0000)]
  0x000000001e188000 JavaThread "Thread-36" daemon [_thread_in_native, id=3452, stack(0x0000000028900000,0x0000000028a00000)]
  0x000000001e187000 JavaThread "Thread-35" [_thread_blocked, id=4020, stack(0x0000000028780000,0x0000000028880000)]
  0x000000001e186800 JavaThread "Thread-33" daemon [_thread_in_native, id=4052, stack(0x00000000285d0000,0x00000000286d0000)]
  0x000000001e185800 JavaThread "Thread-34" daemon [_thread_in_native, id=4240, stack(0x0000000028460000,0x0000000028560000)]
  0x000000001e185000 JavaThread "Thread-32" [_thread_blocked, id=4088, stack(0x00000000280b0000,0x00000000281b0000)]
  0x000000001e184000 JavaThread "Thread-31" [_thread_blocked, id=3132, stack(0x00000000281c0000,0x00000000282c0000)]
  0x000000001e183800 JavaThread "Thread-29" daemon [_thread_in_native, id=4708, stack(0x0000000027f50000,0x0000000028050000)]
  0x000000001e182800 JavaThread "Thread-30" daemon [_thread_in_native, id=4536, stack(0x00000000261b0000,0x00000000262b0000)]
  0x000000001d842800 JavaThread "Thread-28" [_thread_blocked, id=4668, stack(0x0000000027910000,0x0000000027a10000)]
  0x000000001d842000 JavaThread "Thread-27" [_thread_blocked, id=3508, stack(0x0000000027da0000,0x0000000027ea0000)]
  0x000000001d841000 JavaThread "Thread-26" daemon [_thread_in_native, id=260, stack(0x0000000027c80000,0x0000000027d80000)]
  0x000000001d840800 JavaThread "Thread-25" [_thread_blocked, id=3268, stack(0x0000000027a90000,0x0000000027b90000)]
  0x000000001d83f800 JavaThread "Thread-24" daemon [_thread_in_native, id=4652, stack(0x0000000027800000,0x0000000027900000)]
  0x000000001d83f000 JavaThread "Thread-23" [_thread_blocked, id=1096, stack(0x0000000023070000,0x0000000023170000)]
  0x000000001d83e000 JavaThread "Thread-22" daemon [_thread_in_native, id=1872, stack(0x00000000276e0000,0x00000000277e0000)]
  0x000000001d83d800 JavaThread "Thread-21" [_thread_blocked, id=3084, stack(0x0000000026400000,0x0000000026500000)]
  0x000000001d83c800 JavaThread "Thread-20" daemon [_thread_in_native, id=3360, stack(0x0000000025b60000,0x0000000025c60000)]
  0x000000001d834800 JavaThread "Thread-19" [_thread_blocked, id=2828, stack(0x0000000025970000,0x0000000025a70000)]
  0x000000001d83c000 JavaThread "Thread-18" daemon [_thread_in_native, id=5016, stack(0x0000000025690000,0x0000000025790000)]
  0x000000001d838000 JavaThread "Thread-17" [_thread_blocked, id=4800, stack(0x00000000257f0000,0x00000000258f0000)]
  0x000000001d83a800 JavaThread "Thread-16" daemon [_thread_in_native, id=3720, stack(0x0000000025530000,0x0000000025630000)]
  0x000000001d833800 JavaThread "Thread-15" [_thread_blocked, id=2488, stack(0x000000001ec80000,0x000000001ed80000)]
  0x000000001d839000 JavaThread "Keep-Alive-Timer" daemon [_thread_blocked, id=2500, stack(0x00000000244a0000,0x00000000245a0000)]
=>0x000000001d837800 JavaThread "AWT-EventQueue-0" [_thread_in_native, id=704, stack(0x0000000026520000,0x0000000026620000)]
  0x000000001d836800 JavaThread "AWT-Shutdown" [_thread_blocked, id=4060, stack(0x00000000262c0000,0x00000000263c0000)]
  0x000000001d836000 JavaThread "Thread-13" daemon [_thread_blocked, id=4004, stack(0x0000000025f80000,0x0000000026080000)]
  0x000000001d835000 JavaThread "TimerQueue" daemon [_thread_blocked, id=2956, stack(0x00000000260b0000,0x00000000261b0000)]
  0x000000001d5d5800 JavaThread "main-SharedResourceRunner" daemon [_thread_blocked, id=3128, stack(0x0000000021890000,0x0000000021990000)]
  0x000000001d56c000 JavaThread "AWT-Windows" daemon [_thread_in_native, id=4724, stack(0x000000001eec0000,0x000000001efc0000)]
  0x000000001d946800 JavaThread "Java2D Disposer" daemon [_thread_blocked, id=460, stack(0x000000001ea80000,0x000000001eb80000)]
  0x000000001b466000 JavaThread "Service Thread" daemon [_thread_blocked, id=1464, stack(0x000000001cf20000,0x000000001d020000)]
  0x000000001b401000 JavaThread "C1 CompilerThread3" daemon [_thread_blocked, id=3248, stack(0x000000001cd20000,0x000000001ce20000)]
  0x000000001b3ed000 JavaThread "C2 CompilerThread2" daemon [_thread_blocked, id=4700, stack(0x000000001c6f0000,0x000000001c7f0000)]
  0x000000001b3e8000 JavaThread "C2 CompilerThread1" daemon [_thread_blocked, id=3944, stack(0x000000001cba0000,0x000000001cca0000)]
  0x000000001b3e0000 JavaThread "C2 CompilerThread0" daemon [_thread_blocked, id=3160, stack(0x000000001ca80000,0x000000001cb80000)]
  0x000000001b3df000 JavaThread "Attach Listener" daemon [_thread_blocked, id=5048, stack(0x000000001c950000,0x000000001ca50000)]
  0x000000001b3de000 JavaThread "Signal Dispatcher" daemon [_thread_blocked, id=1652, stack(0x000000001c4c0000,0x000000001c5c0000)]
  0x000000001a32b000 JavaThread "Finalizer" daemon [_thread_blocked, id=2396, stack(0x000000001c800000,0x000000001c900000)]
  0x000000001a321800 JavaThread "Reference Handler" daemon [_thread_blocked, id=3212, stack(0x000000001c5f0000,0x000000001c6f0000)]

Other Threads:
  0x0000000001e5f800 VMThread [stack: 0x000000001c390000,0x000000001c490000] [id=2124]
  0x000000001b46f000 WatcherThread [stack: 0x000000001d050000,0x000000001d150000] [id=1296]

VM state:not at safepoint (normal execution)

VM Mutex/Monitor currently owned by a thread: None

Heap:
 PSYoungGen      total 208896K, used 112337K [0x0000000780000000, 0x0000000790c80000, 0x00000007c0000000)
  eden space 204288K, 54% used [0x0000000780000000,0x0000000786db4618,0x000000078c780000)
  from space 4608K, 0% used [0x000000078c780000,0x000000078c780000,0x000000078cc00000)
  to   space 4608K, 0% used [0x0000000790800000,0x0000000790800000,0x0000000790c80000)
 ParOldGen       total 20480K, used 16076K [0x0000000700000000, 0x0000000701400000, 0x0000000780000000)
  object space 20480K, 78% used [0x0000000700000000,0x0000000700fb3200,0x0000000701400000)
 Metaspace       used 23010K, capacity 23237K, committed 23424K, reserved 1071104K
  class space    used 2553K, capacity 2623K, committed 2688K, reserved 1048576K

Card table byte_map: [0x0000000011d20000,0x0000000012330000] byte_map_base: 0x000000000e520000

Marking Bits: (ParMarkBitMap*) 0x0000000063f913b0
 Begin Bits: [0x0000000013340000, 0x0000000016340000)
 End Bits:   [0x0000000016340000, 0x0000000019340000)

Polling page: 0x0000000000530000

CodeCache: size=245760Kb used=11279Kb max_used=11285Kb free=234480Kb
 bounds [0x0000000002960000, 0x0000000003470000, 0x0000000011960000]
 total_blobs=4178 nmethods=3226 adapters=865
 compilation: enabled

Compilation events (10 events):
Event: 8.042 Thread 0x000000001b401000 nmethod 3223 0x0000000003466ed0 code [0x00000000034670c0, 0x0000000003467698]
Event: 8.042 Thread 0x000000001b401000 3224       3       it.graphitech.smeSpire.lines.cubicCurve.CubicSplinePolyline::createXPoints (43 bytes)
Event: 8.042 Thread 0x000000001b401000 nmethod 3224 0x0000000003466310 code [0x00000000034664c0, 0x0000000003466ad8]
Event: 8.042 Thread 0x000000001b401000 3225       3       it.graphitech.smeSpire.lines.cubicCurve.CubicSplinePolyline::createYPoints (43 bytes)
Event: 8.043 Thread 0x000000001b401000 nmethod 3225 0x0000000003469f90 code [0x000000000346a140, 0x000000000346a758]
Event: 8.043 Thread 0x000000001b401000 3226       3       it.graphitech.smeSpire.lines.cubicCurve.CubicSplinePolyline::createZPoints (43 bytes)
Event: 8.044 Thread 0x000000001b401000 nmethod 3226 0x000000000346ab50 code [0x000000000346ad00, 0x000000000346b318]
Event: 8.044 Thread 0x000000001b401000 3227       3       it.graphitech.smeSpire.lines.cubicCurve.CubicSplinePolyline::setArrayIndices (60 bytes)
Event: 8.044 Thread 0x000000001b401000 nmethod 3227 0x000000000346b710 code [0x000000000346b8e0, 0x000000000346bfe8]
Event: 8.050 Thread 0x000000001b3e0000 nmethod 3215 0x000000000346dad0 code [0x000000000346dcc0, 0x000000000346e7d8]

GC Heap History (10 events):
Event: 3.224 GC heap before
{Heap before GC invocations=22 (full 0):
 PSYoungGen      total 105984K, used 105968K [0x0000000780000000, 0x0000000789880000, 0x00000007c0000000)
  eden space 103936K, 100% used [0x0000000780000000,0x0000000786580000,0x0000000786580000)
  from space 2048K, 99% used [0x0000000786580000,0x000000078677c2c8,0x0000000786780000)
  to   space 5120K, 0% used [0x0000000789380000,0x0000000789380000,0x0000000789880000)
 ParOldGen       total 195072K, used 12787K [0x0000000700000000, 0x000000070be80000, 0x0000000780000000)
  object space 195072K, 6% used [0x0000000700000000,0x0000000700c7cea0,0x000000070be80000)
 Metaspace       used 19858K, capacity 20071K, committed 20224K, reserved 1067008K
  class space    used 2186K, capacity 2234K, committed 2304K, reserved 1048576K
Event: 3.227 GC heap after
Heap after GC invocations=22 (full 0):
 PSYoungGen      total 151040K, used 160K [0x0000000780000000, 0x0000000789880000, 0x00000007c0000000)
  eden space 145920K, 0% used [0x0000000780000000,0x0000000780000000,0x0000000788e80000)
  from space 5120K, 3% used [0x0000000789380000,0x00000007893a8000,0x0000000789880000)
  to   space 5120K, 0% used [0x0000000788e80000,0x0000000788e80000,0x0000000789380000)
 ParOldGen       total 195072K, used 14818K [0x0000000700000000, 0x000000070be80000, 0x0000000780000000)
  object space 195072K, 7% used [0x0000000700000000,0x0000000700e78a10,0x000000070be80000)
 Metaspace       used 19858K, capacity 20071K, committed 20224K, reserved 1067008K
  class space    used 2186K, capacity 2234K, committed 2304K, reserved 1048576K
}
Event: 3.582 GC heap before
{Heap before GC invocations=23 (full 0):
 PSYoungGen      total 151040K, used 146080K [0x0000000780000000, 0x0000000789880000, 0x00000007c0000000)
  eden space 145920K, 100% used [0x0000000780000000,0x0000000788e80000,0x0000000788e80000)
  from space 5120K, 3% used [0x0000000789380000,0x00000007893a8000,0x0000000789880000)
  to   space 5120K, 0% used [0x0000000788e80000,0x0000000788e80000,0x0000000789380000)
 ParOldGen       total 195072K, used 14818K [0x0000000700000000, 0x000000070be80000, 0x0000000780000000)
  object space 195072K, 7% used [0x0000000700000000,0x0000000700e78a10,0x000000070be80000)
 Metaspace       used 19871K, capacity 20071K, committed 20224K, reserved 1067008K
  class space    used 2186K, capacity 2234K, committed 2304K, reserved 1048576K
Event: 3.584 GC heap after
Heap after GC invocations=23 (full 0):
 PSYoungGen      total 151040K, used 1136K [0x0000000780000000, 0x000000078d080000, 0x00000007c0000000)
  eden space 145920K, 0% used [0x0000000780000000,0x0000000780000000,0x0000000788e80000)
  from space 5120K, 22% used [0x0000000788e80000,0x0000000788f9c010,0x0000000789380000)
  to   space 4608K, 0% used [0x000000078cc00000,0x000000078cc00000,0x000000078d080000)
 ParOldGen       total 195072K, used 14926K [0x0000000700000000, 0x000000070be80000, 0x0000000780000000)
  object space 195072K, 7% used [0x0000000700000000,0x0000000700e93a20,0x000000070be80000)
 Metaspace       used 19871K, capacity 20071K, committed 20224K, reserved 1067008K
  class space    used 2186K, capacity 2234K, committed 2304K, reserved 1048576K
}
Event: 3.887 GC heap before
{Heap before GC invocations=24 (full 0):
 PSYoungGen      total 151040K, used 147056K [0x0000000780000000, 0x000000078d080000, 0x00000007c0000000)
  eden space 145920K, 100% used [0x0000000780000000,0x0000000788e80000,0x0000000788e80000)
  from space 5120K, 22% used [0x0000000788e80000,0x0000000788f9c010,0x0000000789380000)
  to   space 4608K, 0% used [0x000000078cc00000,0x000000078cc00000,0x000000078d080000)
 ParOldGen       total 195072K, used 14926K [0x0000000700000000, 0x000000070be80000, 0x0000000780000000)
  object space 195072K, 7% used [0x0000000700000000,0x0000000700e93a20,0x000000070be80000)
 Metaspace       used 19873K, capacity 20071K, committed 20224K, reserved 1067008K
  class space    used 2186K, capacity 2234K, committed 2304K, reserved 1048576K
Event: 3.923 GC heap after
Heap after GC invocations=24 (full 0):
 PSYoungGen      total 208896K, used 96K [0x0000000780000000, 0x000000078d080000, 0x00000007c0000000)
  eden space 204288K, 0% used [0x0000000780000000,0x0000000780000000,0x000000078c780000)
  from space 4608K, 2% used [0x000000078cc00000,0x000000078cc18000,0x000000078d080000)
  to   space 4608K, 0% used [0x000000078c780000,0x000000078c780000,0x000000078cc00000)
 ParOldGen       total 195072K, used 15998K [0x0000000700000000, 0x000000070be80000, 0x0000000780000000)
  object space 195072K, 8% used [0x0000000700000000,0x0000000700f9fa40,0x000000070be80000)
 Metaspace       used 19873K, capacity 20071K, committed 20224K, reserved 1067008K
  class space    used 2186K, capacity 2234K, committed 2304K, reserved 1048576K
}
Event: 4.048 GC heap before
{Heap before GC invocations=25 (full 0):
 PSYoungGen      total 208896K, used 30903K [0x0000000780000000, 0x000000078d080000, 0x00000007c0000000)
  eden space 204288K, 15% used [0x0000000780000000,0x0000000781e15e58,0x000000078c780000)
  from space 4608K, 2% used [0x000000078cc00000,0x000000078cc18000,0x000000078d080000)
  to   space 4608K, 0% used [0x000000078c780000,0x000000078c780000,0x000000078cc00000)
 ParOldGen       total 195072K, used 15998K [0x0000000700000000, 0x000000070be80000, 0x0000000780000000)
  object space 195072K, 8% used [0x0000000700000000,0x0000000700f9fa40,0x000000070be80000)
 Metaspace       used 20921K, capacity 21107K, committed 21296K, reserved 1069056K
  class space    used 2328K, capacity 2364K, committed 2432K, reserved 1048576K
Event: 4.053 GC heap after
Heap after GC invocations=25 (full 0):
 PSYoungGen      total 208896K, used 2336K [0x0000000780000000, 0x0000000790c80000, 0x00000007c0000000)
  eden space 204288K, 0% used [0x0000000780000000,0x0000000780000000,0x000000078c780000)
  from space 4608K, 50% used [0x000000078c780000,0x000000078c9c8000,0x000000078cc00000)
  to   space 4608K, 0% used [0x0000000790800000,0x0000000790800000,0x0000000790c80000)
 ParOldGen       total 195072K, used 16014K [0x0000000700000000, 0x000000070be80000, 0x0000000780000000)
  object space 195072K, 8% used [0x0000000700000000,0x0000000700fa3a40,0x000000070be80000)
 Metaspace       used 20921K, capacity 21107K, committed 21296K, reserved 1069056K
  class space    used 2328K, capacity 2364K, committed 2432K, reserved 1048576K
}
Event: 4.053 GC heap before
{Heap before GC invocations=26 (full 1):
 PSYoungGen      total 208896K, used 2336K [0x0000000780000000, 0x0000000790c80000, 0x00000007c0000000)
  eden space 204288K, 0% used [0x0000000780000000,0x0000000780000000,0x000000078c780000)
  from space 4608K, 50% used [0x000000078c780000,0x000000078c9c8000,0x000000078cc00000)
  to   space 4608K, 0% used [0x0000000790800000,0x0000000790800000,0x0000000790c80000)
 ParOldGen       total 195072K, used 16014K [0x0000000700000000, 0x000000070be80000, 0x0000000780000000)
  object space 195072K, 8% used [0x0000000700000000,0x0000000700fa3a40,0x000000070be80000)
 Metaspace       used 20921K, capacity 21107K, committed 21296K, reserved 1069056K
  class space    used 2328K, capacity 2364K, committed 2432K, reserved 1048576K
Event: 4.177 GC heap after
Heap after GC invocations=26 (full 1):
 PSYoungGen      total 208896K, used 0K [0x0000000780000000, 0x0000000790c80000, 0x00000007c0000000)
  eden space 204288K, 0% used [0x0000000780000000,0x0000000780000000,0x000000078c780000)
  from space 4608K, 0% used [0x000000078c780000,0x000000078c780000,0x000000078cc00000)
  to   space 4608K, 0% used [0x0000000790800000,0x0000000790800000,0x0000000790c80000)
 ParOldGen       total 20480K, used 16076K [0x0000000700000000, 0x0000000701400000, 0x0000000780000000)
  object space 20480K, 78% used [0x0000000700000000,0x0000000700fb3200,0x0000000701400000)
 Metaspace       used 20921K, capacity 21107K, committed 21296K, reserved 1069056K
  class space    used 2328K, capacity 2364K, committed 2432K, reserved 1048576K
}

Deoptimization events (10 events):
Event: 3.992 Thread 0x000000001d56c000 Uncommon trap: reason=class_check action=maybe_recompile pc=0x0000000002c9bf5c method=java.util.HashMap.putVal(ILjava/lang/Object;Ljava/lang/Object;ZZ)Ljava/lang/Object; @ 203
Event: 3.992 Thread 0x000000001d56c000 Uncommon trap: reason=bimorphic action=maybe_recompile pc=0x0000000002c9bfa4 method=java.util.HashMap.putVal(ILjava/lang/Object;Ljava/lang/Object;ZZ)Ljava/lang/Object; @ 91
Event: 4.017 Thread 0x000000000238e800 Uncommon trap: reason=class_check action=maybe_recompile pc=0x0000000002f1fa10 method=java.util.AbstractCollection.toArray([Ljava/lang/Object;)[Ljava/lang/Object; @ 1
Event: 4.017 Thread 0x000000000238e800 Uncommon trap: reason=class_check action=maybe_recompile pc=0x0000000002f1fa10 method=java.util.AbstractCollection.toArray([Ljava/lang/Object;)[Ljava/lang/Object; @ 1
Event: 4.024 Thread 0x000000000238e800 Uncommon trap: reason=predicate action=maybe_recompile pc=0x0000000002ee8084 method=java.util.ArrayList.indexOf(Ljava/lang/Object;)I @ 44
Event: 4.025 Thread 0x000000000238e800 Uncommon trap: reason=predicate action=maybe_recompile pc=0x0000000002f33408 method=java.util.ArrayList.indexOf(Ljava/lang/Object;)I @ 44
Event: 6.331 Thread 0x000000001d837800 Uncommon trap: reason=class_check action=maybe_recompile pc=0x0000000003377898 method=gov.nasa.worldwind.globes.EllipsoidalGlobe.getElevation(Lgov/nasa/worldwind/geom/Angle;Lgov/nasa/worldwind/geom/Angle;)D @ 45
Event: 6.331 Thread 0x000000001d837800 Uncommon trap: reason=class_check action=maybe_recompile pc=0x0000000003377898 method=gov.nasa.worldwind.globes.EllipsoidalGlobe.getElevation(Lgov/nasa/worldwind/geom/Angle;Lgov/nasa/worldwind/geom/Angle;)D @ 45
Event: 6.331 Thread 0x000000001d837800 Uncommon trap: reason=class_check action=maybe_recompile pc=0x0000000003377898 method=gov.nasa.worldwind.globes.EllipsoidalGlobe.getElevation(Lgov/nasa/worldwind/geom/Angle;Lgov/nasa/worldwind/geom/Angle;)D @ 45
Event: 6.331 Thread 0x000000001d837800 Uncommon trap: reason=class_check action=maybe_recompile pc=0x0000000003377898 method=gov.nasa.worldwind.globes.EllipsoidalGlobe.getElevation(Lgov/nasa/worldwind/geom/Angle;Lgov/nasa/worldwind/geom/Angle;)D @ 45

Internal exceptions (10 events):
Event: 5.169 Thread 0x000000001d837800 Exception <a 'java/security/PrivilegedActionException'> (0x0000000783b15c30) thrown at [D:\re\workspace\8-2-build-windows-amd64-cygwin\jdk8u5\2488\hotspot\src\share\vm\prims\jvm.cpp, line 1248]
Event: 5.169 Thread 0x000000001d837800 Exception <a 'java/security/PrivilegedActionException'> (0x0000000783b1b530) thrown at [D:\re\workspace\8-2-build-windows-amd64-cygwin\jdk8u5\2488\hotspot\src\share\vm\prims\jvm.cpp, line 1248]
Event: 5.170 Thread 0x000000001d837800 Exception <a 'java/security/PrivilegedActionException'> (0x0000000783b20ac0) thrown at [D:\re\workspace\8-2-build-windows-amd64-cygwin\jdk8u5\2488\hotspot\src\share\vm\prims\jvm.cpp, line 1248]
Event: 5.170 Thread 0x000000001d837800 Exception <a 'java/security/PrivilegedActionException'> (0x0000000783b228d0) thrown at [D:\re\workspace\8-2-build-windows-amd64-cygwin\jdk8u5\2488\hotspot\src\share\vm\prims\jvm.cpp, line 1248]
Event: 5.171 Thread 0x000000001d837800 Exception <a 'java/security/PrivilegedActionException'> (0x0000000783b27e40) thrown at [D:\re\workspace\8-2-build-windows-amd64-cygwin\jdk8u5\2488\hotspot\src\share\vm\prims\jvm.cpp, line 1248]
Event: 5.172 Thread 0x000000001d837800 Exception <a 'java/security/PrivilegedActionException'> (0x0000000783b2c4f0) thrown at [D:\re\workspace\8-2-build-windows-amd64-cygwin\jdk8u5\2488\hotspot\src\share\vm\prims\jvm.cpp, line 1248]
Event: 5.191 Thread 0x000000001d837800 Exception <a 'java/security/PrivilegedActionException'> (0x0000000783b35f98) thrown at [D:\re\workspace\8-2-build-windows-amd64-cygwin\jdk8u5\2488\hotspot\src\share\vm\prims\jvm.cpp, line 1248]
Event: 5.191 Thread 0x000000001d837800 Exception <a 'java/security/PrivilegedActionException'> (0x0000000783b380d8) thrown at [D:\re\workspace\8-2-build-windows-amd64-cygwin\jdk8u5\2488\hotspot\src\share\vm\prims\jvm.cpp, line 1248]
Event: 5.376 Thread 0x000000001e18d800 Exception <a 'java/security/PrivilegedActionException'> (0x0000000783e54218) thrown at [D:\re\workspace\8-2-build-windows-amd64-cygwin\jdk8u5\2488\hotspot\src\share\vm\prims\jvm.cpp, line 1248]
Event: 7.922 Thread 0x000000001d837800 Exception <a 'java/security/PrivilegedActionException'> (0x0000000784ca5d98) thrown at [D:\re\workspace\8-2-build-windows-amd64-cygwin\jdk8u5\2488\hotspot\src\share\vm\prims\jvm.cpp, line 1248]

Events (10 events):
Event: 8.020 Thread 0x000000001d837800 DEOPT PACKING pc=0x0000000003437e79 sp=0x000000002661c230
Event: 8.020 Thread 0x000000001d837800 DEOPT UNPACKING pc=0x00000000029a7204 sp=0x000000002661bfd0 mode 0
Event: 8.021 Thread 0x000000001d837800 DEOPT PACKING pc=0x0000000003438f8f sp=0x000000002661c250
Event: 8.021 Thread 0x000000001d837800 DEOPT UNPACKING pc=0x00000000029a7204 sp=0x000000002661bfd0 mode 0
Event: 8.028 Thread 0x000000001d837800 DEOPT PACKING pc=0x0000000003437e79 sp=0x000000002661c240
Event: 8.028 Thread 0x000000001d837800 DEOPT UNPACKING pc=0x00000000029a7204 sp=0x000000002661bfc8 mode 0
Event: 8.029 Thread 0x000000001d837800 DEOPT PACKING pc=0x0000000003437e79 sp=0x000000002661c240
Event: 8.029 Thread 0x000000001d837800 DEOPT UNPACKING pc=0x00000000029a7204 sp=0x000000002661bfc8 mode 0
Event: 8.031 Thread 0x000000001d837800 DEOPT PACKING pc=0x0000000003437e79 sp=0x000000002661c240
Event: 8.031 Thread 0x000000001d837800 DEOPT UNPACKING pc=0x00000000029a7204 sp=0x000000002661bfc8 mode 0


Dynamic libraries:
0x000000013f650000 - 0x000000013f684000 	C:\Program Files\Java\jre8\bin\javaw.exe
0x0000000077600000 - 0x00000000777a9000 	C:\Windows\SYSTEM32\ntdll.dll
0x00000000774e0000 - 0x00000000775ff000 	C:\Windows\system32\kernel32.dll
0x000007fefd760000 - 0x000007fefd7cc000 	C:\Windows\system32\KERNELBASE.dll
0x000007fefd920000 - 0x000007fefd9fb000 	C:\Windows\system32\ADVAPI32.dll
0x000007feff790000 - 0x000007feff82f000 	C:\Windows\system32\msvcrt.dll
0x000007fefeee0000 - 0x000007fefeeff000 	C:\Windows\SYSTEM32\sechost.dll
0x000007feff010000 - 0x000007feff13d000 	C:\Windows\system32\RPCRT4.dll
0x00000000773e0000 - 0x00000000774da000 	C:\Windows\system32\USER32.dll
0x000007feff490000 - 0x000007feff4f7000 	C:\Windows\system32\GDI32.dll
0x000007feff480000 - 0x000007feff48e000 	C:\Windows\system32\LPK.dll
0x000007feff840000 - 0x000007feff909000 	C:\Windows\system32\USP10.dll
0x000007fefbfe0000 - 0x000007fefc1d4000 	C:\Windows\WinSxS\amd64_microsoft.windows.common-controls_6595b64144ccf1df_6.0.7601.17514_none_fa396087175ac9ac\COMCTL32.dll
0x000007fefd8a0000 - 0x000007fefd911000 	C:\Windows\system32\SHLWAPI.dll
0x000007fefd870000 - 0x000007fefd89e000 	C:\Windows\system32\IMM32.DLL
0x000007fefef00000 - 0x000007feff009000 	C:\Windows\system32\MSCTF.dll
0x0000000073a10000 - 0x0000000073a90000 	c:\program files (x86)\f-secure\hips\fshook64.dll
0x00000000777c0000 - 0x00000000777c7000 	C:\Windows\system32\PSAPI.DLL
0x00000000678f0000 - 0x00000000679c2000 	C:\Program Files\Java\jre8\bin\msvcr100.dll
0x00000000637e0000 - 0x000000006400a000 	C:\Program Files\Java\jre8\bin\server\jvm.dll
0x000007fefa380000 - 0x000007fefa389000 	C:\Windows\system32\WSOCK32.dll
0x000007fefed20000 - 0x000007fefed6d000 	C:\Windows\system32\WS2_32.dll
0x000007feff830000 - 0x000007feff838000 	C:\Windows\system32\NSI.dll
0x000007fefaf60000 - 0x000007fefaf9b000 	C:\Windows\system32\WINMM.dll
0x00000000715b0000 - 0x00000000715bf000 	C:\Program Files\Java\jre8\bin\verify.dll
0x0000000071580000 - 0x00000000715a8000 	C:\Program Files\Java\jre8\bin\java.dll
0x0000000071560000 - 0x0000000071576000 	C:\Program Files\Java\jre8\bin\zip.dll
0x000007fefdc40000 - 0x000007fefe9c8000 	C:\Windows\system32\SHELL32.dll
0x000007feff580000 - 0x000007feff783000 	C:\Windows\system32\ole32.dll
0x000007fefd410000 - 0x000007fefd41f000 	C:\Windows\system32\profapi.dll
0x0000000072270000 - 0x0000000072406000 	C:\Program Files\Java\jre8\bin\awt.dll
0x000007feff140000 - 0x000007feff217000 	C:\Windows\system32\OLEAUT32.dll
0x000007fefb850000 - 0x000007fefb868000 	C:\Windows\system32\DWMAPI.DLL
0x000007fefbdb0000 - 0x000007fefbe06000 	C:\Windows\system32\uxtheme.dll
0x000007fefd2b0000 - 0x000007fefd2bf000 	C:\Windows\system32\CRYPTBASE.dll
0x000007fef7900000 - 0x000007fef7aff000 	C:\Windows\system32\d3d9.dll
0x000007fefc4d0000 - 0x000007fefc4dc000 	C:\Windows\system32\VERSION.dll
0x000007fef8b70000 - 0x000007fef8b77000 	C:\Windows\system32\d3d8thk.dll
0x000007feeafc0000 - 0x000007feebe5b000 	C:\Windows\system32\nvd3dumx.dll
0x000007fefb550000 - 0x000007fefb57c000 	C:\Windows\system32\powrprof.dll
0x000007fefda60000 - 0x000007fefdc37000 	C:\Windows\system32\SETUPAPI.dll
0x000007fefd480000 - 0x000007fefd4b6000 	C:\Windows\system32\CFGMGR32.dll
0x000007fefd450000 - 0x000007fefd46a000 	C:\Windows\system32\DEVOBJ.dll
0x000007fefccf0000 - 0x000007fefcd07000 	C:\Windows\system32\CRYPTSP.dll
0x000007fefc910000 - 0x000007fefc957000 	C:\Windows\system32\rsaenh.dll
0x000007fefd740000 - 0x000007fefd75e000 	C:\Windows\system32\USERENV.dll
0x0000000071540000 - 0x000000007155a000 	C:\Program Files\Java\jre8\bin\net.dll
0x000007fefcc90000 - 0x000007fefcce5000 	C:\Windows\system32\mswsock.dll
0x000007fefcc80000 - 0x000007fefcc87000 	C:\Windows\System32\wship6.dll
0x000007fefafb0000 - 0x000007fefafd7000 	C:\Windows\system32\IPHLPAPI.DLL
0x000007fefaee0000 - 0x000007fefaeeb000 	C:\Windows\system32\WINNSI.DLL
0x000007fefa830000 - 0x000007fefa841000 	C:\Windows\system32\dhcpcsvc6.DLL
0x000007fefa460000 - 0x000007fefa478000 	C:\Windows\system32\dhcpcsvc.DLL
0x0000000071520000 - 0x0000000071531000 	C:\Program Files\Java\jre8\bin\nio.dll
0x00000000637c0000 - 0x00000000637cd000 	C:\Users\alberto.debiasi\AppData\Local\Temp\jogamp_0000\file_cache\jln6754409737925856620\jln2166499981775004967\gluegen-rt.dll
0x0000000073a90000 - 0x0000000073a97000 	C:\Program Files\Java\jre8\bin\jawt.dll
0x000000006a440000 - 0x000000006a44d000 	C:\Users\alberto.debiasi\AppData\Local\Temp\jogamp_0000\file_cache\jln6754409737925856620\jln2166499981775004967\nativewindow_awt.dll
0x000000006c100000 - 0x000000006c10f000 	C:\Users\alberto.debiasi\AppData\Local\Temp\jogamp_0000\file_cache\jln6754409737925856620\jln2166499981775004967\nativewindow_win32.dll
0x000007fef1d20000 - 0x000007fef1e3d000 	C:\Windows\system32\OpenGL32.dll
0x000007fefa800000 - 0x000007fefa82d000 	C:\Windows\system32\GLU32.dll
0x000007fef1c20000 - 0x000007fef1d11000 	C:\Windows\system32\DDRAW.dll
0x000007fefa8b0000 - 0x000007fefa8b8000 	C:\Windows\system32\DCIMAN32.dll
0x0000000064500000 - 0x00000000645a0000 	C:\Users\alberto.debiasi\AppData\Local\Temp\jogamp_0000\file_cache\jln6754409737925856620\jln2166499981775004967\jogl_desktop.dll
0x0000000021ab0000 - 0x0000000023024000 	C:\Windows\system32\nvoglv64.DLL
0x000007fefd580000 - 0x000007fefd5ba000 	C:\Windows\system32\WINTRUST.dll
0x000007fefd5c0000 - 0x000007fefd72c000 	C:\Windows\system32\CRYPT32.dll
0x000007fefd420000 - 0x000007fefd42f000 	C:\Windows\system32\MSASN1.dll
0x000007fefc5a0000 - 0x000007fefc5a7000 	C:\Windows\System32\wshtcpip.dll
0x000007fefca70000 - 0x000007fefcacb000 	C:\Windows\system32\DNSAPI.dll
0x000007fef9ce0000 - 0x000007fef9ce8000 	C:\Windows\system32\rasadhlp.dll
0x000007fefae80000 - 0x000007fefaed3000 	C:\Windows\System32\fwpuclnt.dll
0x0000000072f20000 - 0x0000000072f67000 	C:\Program Files\Java\jre8\bin\fontmanager.dll
0x0000000072f70000 - 0x0000000072fb1000 	C:\Program Files\Java\jre8\bin\t2k.dll
0x000007fefd7d0000 - 0x000007fefd869000 	C:\Windows\system32\CLBCatQ.DLL
0x000007fef68f0000 - 0x000007fef6a15000 	C:\Windows\system32\dbghelp.dll

VM Arguments:
jvm_args: -Dfile.encoding=Cp1252 
java_command: it.graphitech.smeSpire.Main_STANDALONE_v3
java_class_path (initial): C:\Users\alberto.debiasi\Dropbox\PHD\workspace\ArcMapClutterReduction_v3\bin;C:\Users\alberto.debiasi\Dropbox\PHD\workspace\ArcMapClutterReduction_v3\lib\worldwind_2_0\gdal.jar;C:\Users\alberto.debiasi\Dropbox\PHD\workspace\ArcMapClutterReduction_v3\lib\worldwind_2_0\gluegen-rt-natives-linux-amd64.jar;C:\Users\alberto.debiasi\Dropbox\PHD\workspace\ArcMapClutterReduction_v3\lib\worldwind_2_0\gluegen-rt-natives-linux-i586.jar;C:\Users\alberto.debiasi\Dropbox\PHD\workspace\ArcMapClutterReduction_v3\lib\worldwind_2_0\gluegen-rt-natives-macosx-universal.jar;C:\Users\alberto.debiasi\Dropbox\PHD\workspace\ArcMapClutterReduction_v3\lib\worldwind_2_0\gluegen-rt-natives-windows-amd64.jar;C:\Users\alberto.debiasi\Dropbox\PHD\workspace\ArcMapClutterReduction_v3\lib\worldwind_2_0\gluegen-rt-natives-windows-i586.jar;C:\Users\alberto.debiasi\Dropbox\PHD\workspace\ArcMapClutterReduction_v3\lib\worldwind_2_0\gluegen-rt.jar;C:\Users\alberto.debiasi\Dropbox\PHD\workspace\ArcMapClutterReduction_v3\lib\worldwind_2_0\jogl-all-natives-linux-amd64.jar;C:\Users\alberto.debiasi\Dropbox\PHD\workspace\ArcMapClutterReduction_v3\lib\worldwind_2_0\jogl-all-natives-linux-i586.jar;C:\Users\alberto.debiasi\Dropbox\PHD\workspace\ArcMapClutterReduction_v3\lib\worldwind_2_0\jogl-all-natives-macosx-universal.jar;C:\Users\alberto.debiasi\Dropbox\PHD\workspace\ArcMapClutterReduction_v3\lib\worldwind_2_0\jogl-all-natives-windows-amd64.jar;C:\Users\alberto.debiasi\Dropbox\PHD\workspace\ArcMapClutterReduction_v3\lib\worldwind_2_0\jogl-all-natives-windows-i586.jar;C:\Users\alberto.debiasi\Dropbox\PHD\workspace\ArcMapClutterReduction_v3\lib\worldwind_2_0\jogl-all.jar;C:\Users\alberto.debiasi\Dropbox\PHD\workspace\ArcMapClutterReduction_v3\lib\worldwind_2_0\plugin.jar;C:\Users\alberto.debiasi\Dropbox\PHD\workspace\ArcMapClutterReduction_v3\lib\worldwind_2_0\vpf-symbols.jar;C:\Users\alberto.debiasi\Dropbox\PHD\workspace\ArcMapClutterReduction_v3\lib\worldwind_2_0\worldwind.jar;C:\Use
Launcher Type: SUN_STANDARD

Environment Variables:
PATH=C:\R\R-3.1.0\Rtools\bin;C:\R\R-3.1.0\Rtools\gcc-4.6.3\bin;C:\R\R-3.1.0\bin;C:\Program Files (x86)\MiKTeX 2.9\miktex\bin\;C:\texlive\2013\bin\win32;C:\Windows\system32;C:\Windows;C:\Windows\System32\Wbem;C:\Windows\System32\WindowsPowerShell\v1.0\;C:\Program Files (x86)\Git\cmd;C:\Program Files\TortoiseGit\bin;C:\Program Files\TortoiseSVN\bin;c:\Program Files (x86)\Microsoft SQL Server\100\Tools\Binn\;c:\Program Files\Microsoft SQL Server\100\Tools\Binn\;c:\Program Files\Microsoft SQL Server\100\DTS\Binn\
USERNAME=alberto.debiasi
OS=Windows_NT
PROCESSOR_IDENTIFIER=Intel64 Family 6 Model 26 Stepping 5, GenuineIntel



---------------  S Y S T E M  ---------------

OS: Windows 7 , 64 bit Build 7601 Service Pack 1

CPU:total 8 (4 cores per cpu, 2 threads per core) family 6 model 26 stepping 5, cmov, cx8, fxsr, mmx, sse, sse2, sse3, ssse3, sse4.1, sse4.2, popcnt, ht, tsc, tscinvbit

Memory: 4k page, physical 12580444k(8210116k free), swap 25159024k(19872196k free)

vm_info: Java HotSpot(TM) 64-Bit Server VM (25.5-b02) for windows-amd64 JRE (1.8.0_05-b13), built on Mar 18 2014 01:08:39 by "java_re" with MS VC++ 10.0 (VS2010)

time: Fri Sep 26 11:12:43 2014
elapsed time: 8 seconds

