#
# A fatal error has been detected by the Java Runtime Environment:
#
#  EXCEPTION_ACCESS_VIOLATION (0xc0000005) at pc=0x000000002251e274, pid=4668, tid=1792
#
# JRE version: Java(TM) SE Runtime Environment (8.0_05-b13) (build 1.8.0_05-b13)
# Java VM: Java HotSpot(TM) 64-Bit Server VM (25.5-b02 mixed mode windows-amd64 compressed oops)
# Problematic frame:
# C  [nvoglv64.DLL+0xb9e274]
#
# Failed to write core dump. Minidumps are not enabled by default on client versions of Windows
#
# If you would like to submit a bug report, please visit:
#   http://bugreport.sun.com/bugreport/crash.jsp
# The crash happened outside the Java Virtual Machine in native code.
# See problematic frame for where to report the bug.
#

---------------  T H R E A D  ---------------

Current thread (0x000000001dff1800):  JavaThread "AWT-EventQueue-0" [_thread_in_native, id=1792, stack(0x0000000026250000,0x0000000026350000)]

siginfo: ExceptionCode=0xc0000005, reading address 0x0000000052c7fffc

Registers:
RAX=0x0000000000000028, RBX=0x000000004ead9260, RCX=0x0000000052dde4e8, RDX=0xffffffffffea1b2c
RSP=0x000000002634c3c8, RBP=0x000000001c270000, RSI=0x000000001c270000, RDI=0x0000000024bd5660
R8 =0x000000000015eae8, R9 =0x0000000000000000, R10=0x0000000000000000, R11=0x0000000052c80000
R12=0x0000000000000000, R13=0x00000000003e1aec, R14=0x0000000000000000, R15=0x0000000052b21b2c
RIP=0x000000002251e274, EFLAGS=0x0000000000010206

Top of Stack: (sp=0x000000002634c3c8)
0x000000002634c3c8:   00000000221fc1af 0000000024bd5660
0x000000002634c3d8:   00000000774edff7 000000004ead9260
0x000000002634c3e8:   0000000000000000 3ee6b5da82bf656f
0x000000002634c3f8:   0000000000000000 0000000052b21b2c
0x000000002634c408:   0000000000000000 0000000000000000
0x000000002634c418:   000000000040f530 0000000000000000
0x000000002634c428:   000000001dff1800 0000000000000000
0x000000002634c438:   00000000000088e4 0000000052b21b2c
0x000000002634c448:   000000001c270000 00000000003e1aec
0x000000002634c458:   00000000003e1aec 000000004ead9260
0x000000002634c468:   00000000221fc573 000000004ead9200
0x000000002634c478:   00000000003e1a00 0000000000000000
0x000000002634c488:   00000000003e1aec 0000000052b21b2c
0x000000002634c498:   000000001dff1800 000000004ead92ba
0x000000002634c4a8:   00000000220128f5 000000004ead9260
0x000000002634c4b8:   000000001c270000 0000000000000700 

Instructions: (pc=0x000000002251e274)
0x000000002251e254:   48 81 c1 00 10 00 00 b8 40 00 00 00 4c 8b 4c 0a
0x000000002251e264:   f8 4c 8b 54 0a f0 4c 0f c3 49 f8 4c 0f c3 51 f0
0x000000002251e274:   4c 8b 4c 0a e8 4c 8b 54 0a e0 4c 0f c3 49 e8 4c
0x000000002251e284:   0f c3 51 e0 4c 8b 4c 0a d8 4c 8b 54 0a d0 48 83 


Register to memory mapping:

RAX=0x0000000000000028 is an unknown value
RBX=0x000000004ead9260 is an unknown value
RCX=0x0000000052dde4e8 is an unknown value
RDX=0xffffffffffea1b2c is an unknown value
RSP=0x000000002634c3c8 is pointing into the stack for thread: 0x000000001dff1800
RBP=0x000000001c270000 is an unknown value
RSI=0x000000001c270000 is an unknown value
RDI=0x0000000024bd5660 is an unknown value
R8 =0x000000000015eae8 is an unknown value
R9 =0x0000000000000000 is an unknown value
R10=0x0000000000000000 is an unknown value
R11=0x0000000052c80000 is an unknown value
R12=0x0000000000000000 is an unknown value
R13=0x00000000003e1aec is an unknown value
R14=0x0000000000000000 is an unknown value
R15=0x0000000052b21b2c is an unknown value


Stack: [0x0000000026250000,0x0000000026350000],  sp=0x000000002634c3c8,  free space=1008k
Native frames: (J=compiled Java code, j=interpreted, Vv=VM code, C=native code)
C  [nvoglv64.DLL+0xb9e274]

Java frames: (J=compiled Java code, j=interpreted, Vv=VM code)
J 3407  jogamp.opengl.gl4.GL4bcImpl.dispatch_glBufferData(IJLjava/lang/Object;IZIJ)V (0 bytes) @ 0x000000000343a4f3 [0x000000000343a480+0x73]
J 3404 C1 jogamp.opengl.gl4.GL4bcImpl$1.create(IJLjava/nio/Buffer;IJ)V (56 bytes) @ 0x000000000343ab14 [0x000000000343a880+0x294]
J 3386 C1 jogamp.opengl.GLBufferObjectTracker.createBufferStorage(Ljogamp/opengl/GLBufferStateTracker;Ljavax/media/opengl/GL;IJLjava/nio/Buffer;IILjogamp/opengl/GLBufferObjectTracker$CreateStorageDispatch;J)V (398 bytes) @ 0x000000000342cdcc [0x000000000342ab60+0x226c]
J 3385 C1 jogamp.opengl.gl4.GL4bcImpl.glBufferData(IJLjava/nio/Buffer;I)V (71 bytes) @ 0x0000000003425854 [0x0000000003424c60+0xbf4]
j  it.graphitech.smeSpire.layers.MyRenderableLayer.bindData(Lgov/nasa/worldwind/render/DrawContext;ILjava/nio/FloatBuffer;I)V+33
j  it.graphitech.smeSpire.layers.MyRenderableLayer.doRenderNow(Lgov/nasa/worldwind/render/DrawContext;)V+420
j  it.graphitech.smeSpire.layers.MyRenderableLayer.doRender(Lgov/nasa/worldwind/render/DrawContext;)V+40
J 2919 C1 gov.nasa.worldwind.layers.AbstractLayer.render(Lgov/nasa/worldwind/render/DrawContext;)V (123 bytes) @ 0x00000000032559e4 [0x0000000003254120+0x18c4]
J 3099 C1 it.graphitech.shader.ShadingDecorator.render(Lgov/nasa/worldwind/render/DrawContext;Lgov/nasa/worldwind/layers/Layer;)V (311 bytes) @ 0x00000000033010b4 [0x00000000032ff980+0x1734]
J 3023 C1 it.graphitech.shader.DecoratedLayer.render(Lgov/nasa/worldwind/render/DrawContext;)V (13 bytes) @ 0x00000000032a219c [0x00000000032a2100+0x9c]
j  it.graphitech.core.MyAbstractSceneController.draw(Lgov/nasa/worldwind/render/DrawContext;)V+57
j  it.graphitech.core.MyBasicSceneController.doRepaint(Lgov/nasa/worldwind/render/DrawContext;)V+68
j  it.graphitech.core.MyAbstractSceneController.repaint()I+58
j  gov.nasa.worldwind.WorldWindowGLAutoDrawable.doDisplay()I+4
j  gov.nasa.worldwind.WorldWindowGLAutoDrawable.display(Ljavax/media/opengl/GLAutoDrawable;)V+122
j  jogamp.opengl.GLDrawableHelper.displayImpl(Ljavax/media/opengl/GLAutoDrawable;)V+81
j  jogamp.opengl.GLDrawableHelper.display(Ljavax/media/opengl/GLAutoDrawable;)V+2
j  javax.media.opengl.awt.GLCanvas$10.run()V+118
j  jogamp.opengl.GLDrawableHelper.invokeGLImpl(Ljavax/media/opengl/GLDrawable;Ljavax/media/opengl/GLContext;Ljava/lang/Runnable;Ljava/lang/Runnable;)V+206
j  jogamp.opengl.GLDrawableHelper.invokeGL(Ljavax/media/opengl/GLDrawable;Ljavax/media/opengl/GLContext;Ljava/lang/Runnable;Ljava/lang/Runnable;)V+80
j  javax.media.opengl.awt.GLCanvas$11.run()V+73
j  javax.media.opengl.Threading.invoke(ZLjava/lang/Runnable;Ljava/lang/Object;)V+33
j  javax.media.opengl.awt.GLCanvas.display()V+64
j  javax.media.opengl.awt.GLCanvas.paint(Ljava/awt/Graphics;)V+137
j  javax.media.opengl.awt.GLCanvas.update(Ljava/awt/Graphics;)V+2
j  sun.awt.RepaintArea.updateComponent(Ljava/awt/Component;Ljava/awt/Graphics;)V+6
j  sun.awt.RepaintArea.paint(Ljava/lang/Object;Z)V+263
j  sun.awt.windows.WComponentPeer.handleEvent(Ljava/awt/AWTEvent;)V+155
J 3341 C1 java.awt.Component.dispatchEventImpl(Ljava/awt/AWTEvent;)V (883 bytes) @ 0x00000000033eff7c [0x00000000033e96a0+0x68dc]
J 3258 C1 java.awt.EventQueue.dispatchEventImpl(Ljava/awt/AWTEvent;Ljava/lang/Object;)V (149 bytes) @ 0x000000000338d714 [0x000000000338c0c0+0x1654]
J 3256 C1 java.awt.EventQueue$3.run()Ljava/lang/Void; (60 bytes) @ 0x000000000338ab4c [0x000000000338a940+0x20c]
J 3255 C1 java.awt.EventQueue$3.run()Ljava/lang/Object; (5 bytes) @ 0x0000000003372cc4 [0x0000000003372c40+0x84]
v  ~StubRoutines::call_stub
J 1135  java.security.AccessController.doPrivileged(Ljava/security/PrivilegedAction;Ljava/security/AccessControlContext;)Ljava/lang/Object; (0 bytes) @ 0x0000000002d49f26 [0x0000000002d49ec0+0x66]
J 2874 C1 java.security.ProtectionDomain$1.doIntersectionPrivilege(Ljava/security/PrivilegedAction;Ljava/security/AccessControlContext;Ljava/security/AccessControlContext;)Ljava/lang/Object; (32 bytes) @ 0x0000000002b033d4 [0x0000000002b030e0+0x2f4]
j  java.security.ProtectionDomain$1.doIntersectionPrivilege(Ljava/security/PrivilegedAction;Ljava/security/AccessControlContext;)Ljava/lang/Object;+6
j  java.awt.EventQueue$4.run()Ljava/lang/Void;+11
j  java.awt.EventQueue$4.run()Ljava/lang/Object;+1
v  ~StubRoutines::call_stub
J 1135  java.security.AccessController.doPrivileged(Ljava/security/PrivilegedAction;Ljava/security/AccessControlContext;)Ljava/lang/Object; (0 bytes) @ 0x0000000002d49f26 [0x0000000002d49ec0+0x66]
J 3063 C1 java.awt.EventQueue.dispatchEvent(Ljava/awt/AWTEvent;)V (80 bytes) @ 0x00000000032dbea4 [0x00000000032db280+0xc24]
J 3071 C1 java.awt.EventDispatchThread.pumpOneEventForFilters(I)V (295 bytes) @ 0x00000000032e6564 [0x00000000032e4a40+0x1b24]
j  java.awt.EventDispatchThread.pumpEventsForFilter(ILjava/awt/Conditional;Ljava/awt/EventFilter;)V+35
j  java.awt.EventDispatchThread.pumpEventsForHierarchy(ILjava/awt/Conditional;Ljava/awt/Component;)V+11
j  java.awt.EventDispatchThread.pumpEvents(ILjava/awt/Conditional;)V+4
j  java.awt.EventDispatchThread.pumpEvents(Ljava/awt/Conditional;)V+3
j  java.awt.EventDispatchThread.run()V+9
v  ~StubRoutines::call_stub

---------------  P R O C E S S  ---------------

Java Threads: ( => current thread )
  0x000000001dfc3800 JavaThread "Idle World Wind Task " daemon [_thread_blocked, id=1320, stack(0x000000002c200000,0x000000002c300000)]
  0x000000001dfc2800 JavaThread "Idle World Wind Task " daemon [_thread_blocked, id=4588, stack(0x000000002c000000,0x000000002c100000)]
  0x000000001dfc2000 JavaThread "Idle World Wind Task " daemon [_thread_blocked, id=896, stack(0x000000002bdc0000,0x000000002bec0000)]
  0x000000001dfc1000 JavaThread "Idle World Wind Task " daemon [_thread_blocked, id=4636, stack(0x000000002bc10000,0x000000002bd10000)]
  0x000000001dfc0800 JavaThread "Idle World Wind Task " daemon [_thread_blocked, id=3052, stack(0x000000002b3a0000,0x000000002b4a0000)]
  0x000000001dfbf800 JavaThread "D3D Screen Updater" daemon [_thread_blocked, id=4896, stack(0x0000000027cf0000,0x0000000027df0000)]
  0x000000001dfbf000 JavaThread "DestroyJavaVM" [_thread_blocked, id=4088, stack(0x0000000002540000,0x0000000002640000)]
  0x000000001dfbe000 JavaThread "Thread-40" daemon [_thread_in_native, id=2168, stack(0x0000000027f00000,0x0000000028000000)]
  0x000000001dfbd800 JavaThread "Thread-39" [_thread_blocked, id=4180, stack(0x00000000267f0000,0x00000000268f0000)]
  0x000000001dfbc800 JavaThread "Thread-38" daemon [_thread_in_native, id=1492, stack(0x0000000028010000,0x0000000028110000)]
  0x000000001dfbc000 JavaThread "Thread-37" daemon [_thread_in_native, id=3524, stack(0x0000000027e00000,0x0000000027f00000)]
  0x000000001dfbb000 JavaThread "Thread-36" [_thread_blocked, id=1436, stack(0x0000000027bf0000,0x0000000027cf0000)]
  0x000000001dfba800 JavaThread "Thread-34" daemon [_thread_in_native, id=3500, stack(0x00000000279e0000,0x0000000027ae0000)]
  0x000000001dfb9800 JavaThread "Thread-33" daemon [_thread_in_native, id=1028, stack(0x0000000027830000,0x0000000027930000)]
  0x000000001dfb9000 JavaThread "Thread-35" [_thread_blocked, id=3372, stack(0x0000000027660000,0x0000000027760000)]
  0x000000001dfb8000 JavaThread "Thread-31" daemon [_thread_in_native, id=1364, stack(0x0000000027550000,0x0000000027650000)]
  0x000000001dfb7800 JavaThread "Thread-32" [_thread_blocked, id=3532, stack(0x0000000026010000,0x0000000026110000)]
  0x000000001dfb6800 JavaThread "Thread-30" [_thread_blocked, id=2916, stack(0x00000000273f0000,0x00000000274f0000)]
  0x000000001dffd000 JavaThread "Thread-29" [_thread_blocked, id=3360, stack(0x00000000272b0000,0x00000000273b0000)]
  0x000000001dffc000 JavaThread "Thread-28" daemon [_thread_in_native, id=3148, stack(0x00000000270b0000,0x00000000271b0000)]
  0x000000001dffb800 JavaThread "Thread-27" [_thread_blocked, id=4060, stack(0x0000000026f30000,0x0000000027030000)]
  0x000000001dffa800 JavaThread "Thread-26" daemon [_thread_in_native, id=2560, stack(0x0000000026d00000,0x0000000026e00000)]
  0x000000001dffa000 JavaThread "Thread-25" [_thread_blocked, id=4068, stack(0x0000000025250000,0x0000000025350000)]
  0x000000001dff9000 JavaThread "Thread-24" daemon [_thread_in_native, id=2956, stack(0x0000000026af0000,0x0000000026bf0000)]
  0x000000001dff8800 JavaThread "Thread-23" [_thread_blocked, id=3268, stack(0x0000000026910000,0x0000000026a10000)]
  0x000000001dff7800 JavaThread "Thread-22" daemon [_thread_in_native, id=3236, stack(0x00000000266f0000,0x00000000267f0000)]
  0x000000001dff6800 JavaThread "Thread-21" [_thread_blocked, id=1344, stack(0x0000000026510000,0x0000000026610000)]
  0x000000001dff6000 JavaThread "Thread-20" daemon [_thread_in_native, id=4020, stack(0x0000000025c70000,0x0000000025d70000)]
  0x000000001dff5000 JavaThread "Thread-19" [_thread_blocked, id=4732, stack(0x00000000256c0000,0x00000000257c0000)]
  0x000000001dff4800 JavaThread "Thread-18" daemon [_thread_in_native, id=3720, stack(0x0000000025910000,0x0000000025a10000)]
  0x000000001dfee800 JavaThread "Thread-17" [_thread_blocked, id=5016, stack(0x0000000021410000,0x0000000021510000)]
  0x000000001dff3800 JavaThread "Thread-16" daemon [_thread_in_native, id=2188, stack(0x0000000025810000,0x0000000025910000)]
  0x000000001dff2000 JavaThread "Thread-15" [_thread_blocked, id=4624, stack(0x0000000025540000,0x0000000025640000)]
  0x000000001dff3000 JavaThread "Keep-Alive-Timer" daemon [_thread_blocked, id=3028, stack(0x000000001eb50000,0x000000001ec50000)]
=>0x000000001dff1800 JavaThread "AWT-EventQueue-0" [_thread_in_native, id=1792, stack(0x0000000026250000,0x0000000026350000)]
  0x000000001dff0800 JavaThread "AWT-Shutdown" [_thread_blocked, id=704, stack(0x00000000263a0000,0x00000000264a0000)]
  0x000000001dff0000 JavaThread "Thread-13" daemon [_thread_blocked, id=2828, stack(0x0000000026140000,0x0000000026240000)]
  0x000000001dfef000 JavaThread "TimerQueue" daemon [_thread_blocked, id=4800, stack(0x0000000025a80000,0x0000000025b80000)]
  0x000000001d503800 JavaThread "main-SharedResourceRunner" daemon [_thread_blocked, id=3596, stack(0x0000000021720000,0x0000000021820000)]
  0x000000001db97800 JavaThread "AWT-Windows" daemon [_thread_in_native, id=3404, stack(0x000000001ec90000,0x000000001ed90000)]
  0x000000001d50a800 JavaThread "Java2D Disposer" daemon [_thread_blocked, id=3428, stack(0x000000001ccd0000,0x000000001cdd0000)]
  0x000000001b3f6000 JavaThread "Service Thread" daemon [_thread_blocked, id=3880, stack(0x000000001d1d0000,0x000000001d2d0000)]
  0x000000001b3b5000 JavaThread "C1 CompilerThread3" daemon [_thread_blocked, id=3804, stack(0x000000001cfa0000,0x000000001d0a0000)]
  0x000000001b381800 JavaThread "C2 CompilerThread2" daemon [_thread_blocked, id=4092, stack(0x000000001ce60000,0x000000001cf60000)]
  0x000000001b378000 JavaThread "C2 CompilerThread1" daemon [_thread_blocked, id=2436, stack(0x000000001cbc0000,0x000000001ccc0000)]
  0x000000001b370800 JavaThread "C2 CompilerThread0" daemon [_thread_blocked, id=1352, stack(0x000000001ca80000,0x000000001cb80000)]
  0x000000001b36f000 JavaThread "Attach Listener" daemon [_thread_blocked, id=5100, stack(0x000000001c940000,0x000000001ca40000)]
  0x000000001b36e000 JavaThread "Signal Dispatcher" daemon [_thread_blocked, id=780, stack(0x000000001c680000,0x000000001c780000)]
  0x000000001a3cc000 JavaThread "Finalizer" daemon [_thread_blocked, id=2460, stack(0x000000001c7b0000,0x000000001c8b0000)]
  0x000000001a3c3800 JavaThread "Reference Handler" daemon [_thread_blocked, id=828, stack(0x000000001c500000,0x000000001c600000)]

Other Threads:
  0x000000001b323000 VMThread [stack: 0x000000001c310000,0x000000001c410000] [id=4740]
  0x000000001b407800 WatcherThread [stack: 0x000000001d0d0000,0x000000001d1d0000] [id=1568]

VM state:not at safepoint (normal execution)

VM Mutex/Monitor currently owned by a thread: None

Heap:
 PSYoungGen      total 208896K, used 143313K [0x0000000780000000, 0x0000000790c80000, 0x00000007c0000000)
  eden space 204288K, 70% used [0x0000000780000000,0x0000000788bf4648,0x000000078c780000)
  from space 4608K, 0% used [0x000000078c780000,0x000000078c780000,0x000000078cc00000)
  to   space 4608K, 0% used [0x0000000790800000,0x0000000790800000,0x0000000790c80000)
 ParOldGen       total 20480K, used 16144K [0x0000000700000000, 0x0000000701400000, 0x0000000780000000)
  object space 20480K, 78% used [0x0000000700000000,0x0000000700fc40e8,0x0000000701400000)
 Metaspace       used 23080K, capacity 23333K, committed 23680K, reserved 1071104K
  class space    used 2548K, capacity 2591K, committed 2688K, reserved 1048576K

Card table byte_map: [0x0000000011cd0000,0x00000000122e0000] byte_map_base: 0x000000000e4d0000

Marking Bits: (ParMarkBitMap*) 0x0000000063f913b0
 Begin Bits: [0x00000000133e0000, 0x00000000163e0000)
 End Bits:   [0x00000000163e0000, 0x00000000193e0000)

Polling page: 0x0000000000130000

CodeCache: size=245760Kb used=11511Kb max_used=11511Kb free=234248Kb
 bounds [0x0000000002910000, 0x0000000003460000, 0x0000000011910000]
 total_blobs=4136 nmethods=3194 adapters=856
 compilation: enabled

Compilation events (10 events):
Event: 10.688 Thread 0x000000001b3b5000 3437       3       java.awt.event.InputEvent::<init> (26 bytes)
Event: 10.688 Thread 0x000000001b3b5000 nmethod 3437 0x00000000034482d0 code [0x0000000003448440, 0x0000000003448678]
Event: 10.688 Thread 0x000000001b3b5000 3438   !   3       java.awt.event.InputEvent::canAccessSystemClipboard (57 bytes)
Event: 10.689 Thread 0x000000001b3b5000 nmethod 3438 0x000000000344fc50 code [0x000000000344fe40, 0x00000000034506f8]
Event: 10.691 Thread 0x000000001b3b5000 3439       3       it.graphitech.smeSpire.lines.cubicCurve.CubicSplinePolyline::setArrayBufferData (62 bytes)
Event: 10.692 Thread 0x000000001b3b5000 nmethod 3439 0x000000000345ac10 code [0x000000000345ade0, 0x000000000345b4e8]
Event: 10.692 Thread 0x000000001b3b5000 3440       3       it.graphitech.smeSpire.lines.cubicCurve.CubicSplinePolyline::setArrayIndices (60 bytes)
Event: 10.692 Thread 0x000000001b3b5000 nmethod 3440 0x000000000345b810 code [0x000000000345b9e0, 0x000000000345c0e8]
Event: 10.705 Thread 0x000000001b3b5000 3441       1       java.nio.DirectFloatBufferU::isDirect (2 bytes)
Event: 10.705 Thread 0x000000001b3b5000 nmethod 3441 0x000000000344add0 code [0x000000000344af20, 0x000000000344b030]

GC Heap History (10 events):
Event: 3.190 GC heap before
{Heap before GC invocations=22 (full 0):
 PSYoungGen      total 105984K, used 105952K [0x0000000780000000, 0x0000000789880000, 0x00000007c0000000)
  eden space 103936K, 100% used [0x0000000780000000,0x0000000786580000,0x0000000786580000)
  from space 2048K, 98% used [0x0000000786580000,0x00000007867782b8,0x0000000786780000)
  to   space 5120K, 0% used [0x0000000789380000,0x0000000789380000,0x0000000789880000)
 ParOldGen       total 195072K, used 12989K [0x0000000700000000, 0x000000070be80000, 0x0000000780000000)
  object space 195072K, 6% used [0x0000000700000000,0x0000000700caf688,0x000000070be80000)
 Metaspace       used 19851K, capacity 20071K, committed 20224K, reserved 1067008K
  class space    used 2186K, capacity 2234K, committed 2304K, reserved 1048576K
Event: 3.193 GC heap after
Heap after GC invocations=22 (full 0):
 PSYoungGen      total 151040K, used 128K [0x0000000780000000, 0x0000000789880000, 0x00000007c0000000)
  eden space 145920K, 0% used [0x0000000780000000,0x0000000780000000,0x0000000788e80000)
  from space 5120K, 2% used [0x0000000789380000,0x00000007893a0000,0x0000000789880000)
  to   space 5120K, 0% used [0x0000000788e80000,0x0000000788e80000,0x0000000789380000)
 ParOldGen       total 195072K, used 14977K [0x0000000700000000, 0x000000070be80000, 0x0000000780000000)
  object space 195072K, 7% used [0x0000000700000000,0x0000000700ea06c0,0x000000070be80000)
 Metaspace       used 19851K, capacity 20071K, committed 20224K, reserved 1067008K
  class space    used 2186K, capacity 2234K, committed 2304K, reserved 1048576K
}
Event: 3.560 GC heap before
{Heap before GC invocations=23 (full 0):
 PSYoungGen      total 151040K, used 146048K [0x0000000780000000, 0x0000000789880000, 0x00000007c0000000)
  eden space 145920K, 100% used [0x0000000780000000,0x0000000788e80000,0x0000000788e80000)
  from space 5120K, 2% used [0x0000000789380000,0x00000007893a0000,0x0000000789880000)
  to   space 5120K, 0% used [0x0000000788e80000,0x0000000788e80000,0x0000000789380000)
 ParOldGen       total 195072K, used 14977K [0x0000000700000000, 0x000000070be80000, 0x0000000780000000)
  object space 195072K, 7% used [0x0000000700000000,0x0000000700ea06c0,0x000000070be80000)
 Metaspace       used 19865K, capacity 20071K, committed 20224K, reserved 1067008K
  class space    used 2186K, capacity 2234K, committed 2304K, reserved 1048576K
Event: 3.562 GC heap after
Heap after GC invocations=23 (full 0):
 PSYoungGen      total 151040K, used 1184K [0x0000000780000000, 0x000000078d080000, 0x00000007c0000000)
  eden space 145920K, 0% used [0x0000000780000000,0x0000000780000000,0x0000000788e80000)
  from space 5120K, 23% used [0x0000000788e80000,0x0000000788fa8000,0x0000000789380000)
  to   space 4608K, 0% used [0x000000078cc00000,0x000000078cc00000,0x000000078d080000)
 ParOldGen       total 195072K, used 15081K [0x0000000700000000, 0x000000070be80000, 0x0000000780000000)
  object space 195072K, 7% used [0x0000000700000000,0x0000000700eba6c0,0x000000070be80000)
 Metaspace       used 19865K, capacity 20071K, committed 20224K, reserved 1067008K
  class space    used 2186K, capacity 2234K, committed 2304K, reserved 1048576K
}
Event: 3.871 GC heap before
{Heap before GC invocations=24 (full 0):
 PSYoungGen      total 151040K, used 147104K [0x0000000780000000, 0x000000078d080000, 0x00000007c0000000)
  eden space 145920K, 100% used [0x0000000780000000,0x0000000788e80000,0x0000000788e80000)
  from space 5120K, 23% used [0x0000000788e80000,0x0000000788fa8000,0x0000000789380000)
  to   space 4608K, 0% used [0x000000078cc00000,0x000000078cc00000,0x000000078d080000)
 ParOldGen       total 195072K, used 15081K [0x0000000700000000, 0x000000070be80000, 0x0000000780000000)
  object space 195072K, 7% used [0x0000000700000000,0x0000000700eba6c0,0x000000070be80000)
 Metaspace       used 19866K, capacity 20071K, committed 20224K, reserved 1067008K
  class space    used 2186K, capacity 2234K, committed 2304K, reserved 1048576K
Event: 3.906 GC heap after
Heap after GC invocations=24 (full 0):
 PSYoungGen      total 208896K, used 96K [0x0000000780000000, 0x000000078d080000, 0x00000007c0000000)
  eden space 204288K, 0% used [0x0000000780000000,0x0000000780000000,0x000000078c780000)
  from space 4608K, 2% used [0x000000078cc00000,0x000000078cc18000,0x000000078d080000)
  to   space 4608K, 0% used [0x000000078c780000,0x000000078c780000,0x000000078cc00000)
 ParOldGen       total 195072K, used 16141K [0x0000000700000000, 0x000000070be80000, 0x0000000780000000)
  object space 195072K, 8% used [0x0000000700000000,0x0000000700fc36f0,0x000000070be80000)
 Metaspace       used 19866K, capacity 20071K, committed 20224K, reserved 1067008K
  class space    used 2186K, capacity 2234K, committed 2304K, reserved 1048576K
}
Event: 4.029 GC heap before
{Heap before GC invocations=25 (full 0):
 PSYoungGen      total 208896K, used 30896K [0x0000000780000000, 0x000000078d080000, 0x00000007c0000000)
  eden space 204288K, 15% used [0x0000000780000000,0x0000000781e141e8,0x000000078c780000)
  from space 4608K, 2% used [0x000000078cc00000,0x000000078cc18000,0x000000078d080000)
  to   space 4608K, 0% used [0x000000078c780000,0x000000078c780000,0x000000078cc00000)
 ParOldGen       total 195072K, used 16141K [0x0000000700000000, 0x000000070be80000, 0x0000000780000000)
  object space 195072K, 8% used [0x0000000700000000,0x0000000700fc36f0,0x000000070be80000)
 Metaspace       used 20923K, capacity 21107K, committed 21296K, reserved 1069056K
  class space    used 2328K, capacity 2364K, committed 2432K, reserved 1048576K
Event: 4.038 GC heap after
Heap after GC invocations=25 (full 0):
 PSYoungGen      total 208896K, used 2400K [0x0000000780000000, 0x0000000790c80000, 0x00000007c0000000)
  eden space 204288K, 0% used [0x0000000780000000,0x0000000780000000,0x000000078c780000)
  from space 4608K, 52% used [0x000000078c780000,0x000000078c9d8000,0x000000078cc00000)
  to   space 4608K, 0% used [0x0000000790800000,0x0000000790800000,0x0000000790c80000)
 ParOldGen       total 195072K, used 16149K [0x0000000700000000, 0x000000070be80000, 0x0000000780000000)
  object space 195072K, 8% used [0x0000000700000000,0x0000000700fc56f0,0x000000070be80000)
 Metaspace       used 20923K, capacity 21107K, committed 21296K, reserved 1069056K
  class space    used 2328K, capacity 2364K, committed 2432K, reserved 1048576K
}
Event: 4.038 GC heap before
{Heap before GC invocations=26 (full 1):
 PSYoungGen      total 208896K, used 2400K [0x0000000780000000, 0x0000000790c80000, 0x00000007c0000000)
  eden space 204288K, 0% used [0x0000000780000000,0x0000000780000000,0x000000078c780000)
  from space 4608K, 52% used [0x000000078c780000,0x000000078c9d8000,0x000000078cc00000)
  to   space 4608K, 0% used [0x0000000790800000,0x0000000790800000,0x0000000790c80000)
 ParOldGen       total 195072K, used 16149K [0x0000000700000000, 0x000000070be80000, 0x0000000780000000)
  object space 195072K, 8% used [0x0000000700000000,0x0000000700fc56f0,0x000000070be80000)
 Metaspace       used 20923K, capacity 21107K, committed 21296K, reserved 1069056K
  class space    used 2328K, capacity 2364K, committed 2432K, reserved 1048576K
Event: 4.159 GC heap after
Heap after GC invocations=26 (full 1):
 PSYoungGen      total 208896K, used 0K [0x0000000780000000, 0x0000000790c80000, 0x00000007c0000000)
  eden space 204288K, 0% used [0x0000000780000000,0x0000000780000000,0x000000078c780000)
  from space 4608K, 0% used [0x000000078c780000,0x000000078c780000,0x000000078cc00000)
  to   space 4608K, 0% used [0x0000000790800000,0x0000000790800000,0x0000000790c80000)
 ParOldGen       total 20480K, used 16144K [0x0000000700000000, 0x0000000701400000, 0x0000000780000000)
  object space 20480K, 78% used [0x0000000700000000,0x0000000700fc40e8,0x0000000701400000)
 Metaspace       used 20923K, capacity 21107K, committed 21296K, reserved 1069056K
  class space    used 2328K, capacity 2364K, committed 2432K, reserved 1048576K
}

Deoptimization events (10 events):
Event: 4.004 Thread 0x00000000022ce800 Uncommon trap: reason=predicate action=maybe_recompile pc=0x0000000002ea47c4 method=java.util.ArrayList.indexOf(Ljava/lang/Object;)I @ 44
Event: 4.006 Thread 0x00000000022ce800 Uncommon trap: reason=predicate action=maybe_recompile pc=0x0000000002ed98c8 method=java.util.ArrayList.indexOf(Ljava/lang/Object;)I @ 44
Event: 8.828 Thread 0x000000001dff1800 Uncommon trap: reason=class_check action=maybe_recompile pc=0x000000000324bd18 method=gov.nasa.worldwind.globes.EllipsoidalGlobe.getElevation(Lgov/nasa/worldwind/geom/Angle;Lgov/nasa/worldwind/geom/Angle;)D @ 45
Event: 8.828 Thread 0x000000001dff1800 Uncommon trap: reason=class_check action=maybe_recompile pc=0x000000000324bd18 method=gov.nasa.worldwind.globes.EllipsoidalGlobe.getElevation(Lgov/nasa/worldwind/geom/Angle;Lgov/nasa/worldwind/geom/Angle;)D @ 45
Event: 8.828 Thread 0x000000001dff1800 Uncommon trap: reason=class_check action=maybe_recompile pc=0x000000000324bd18 method=gov.nasa.worldwind.globes.EllipsoidalGlobe.getElevation(Lgov/nasa/worldwind/geom/Angle;Lgov/nasa/worldwind/geom/Angle;)D @ 45
Event: 8.828 Thread 0x000000001dff1800 Uncommon trap: reason=class_check action=maybe_recompile pc=0x000000000324bd18 method=gov.nasa.worldwind.globes.EllipsoidalGlobe.getElevation(Lgov/nasa/worldwind/geom/Angle;Lgov/nasa/worldwind/geom/Angle;)D @ 45
Event: 9.754 Thread 0x000000001dff1800 Uncommon trap: reason=class_check action=maybe_recompile pc=0x000000000338b60c method=gov.nasa.worldwind.layers.TiledImageLayer.needToSplit(Lgov/nasa/worldwind/render/DrawContext;Lgov/nasa/worldwind/geom/Sector;Lgov/nasa/worldwind/util/Level;)Z @ 41
Event: 9.754 Thread 0x000000001dff1800 Uncommon trap: reason=class_check action=maybe_recompile pc=0x000000000338b60c method=gov.nasa.worldwind.layers.TiledImageLayer.needToSplit(Lgov/nasa/worldwind/render/DrawContext;Lgov/nasa/worldwind/geom/Sector;Lgov/nasa/worldwind/util/Level;)Z @ 41
Event: 9.755 Thread 0x000000001dff1800 Uncommon trap: reason=class_check action=maybe_recompile pc=0x000000000338b60c method=gov.nasa.worldwind.layers.TiledImageLayer.needToSplit(Lgov/nasa/worldwind/render/DrawContext;Lgov/nasa/worldwind/geom/Sector;Lgov/nasa/worldwind/util/Level;)Z @ 41
Event: 9.755 Thread 0x000000001dff1800 Uncommon trap: reason=class_check action=maybe_recompile pc=0x000000000338b60c method=gov.nasa.worldwind.layers.TiledImageLayer.needToSplit(Lgov/nasa/worldwind/render/DrawContext;Lgov/nasa/worldwind/geom/Sector;Lgov/nasa/worldwind/util/Level;)Z @ 41

Internal exceptions (10 events):
Event: 5.107 Thread 0x000000001dff1800 Exception <a 'java/security/PrivilegedActionException'> (0x0000000783af4268) thrown at [D:\re\workspace\8-2-build-windows-amd64-cygwin\jdk8u5\2488\hotspot\src\share\vm\prims\jvm.cpp, line 1248]
Event: 5.108 Thread 0x000000001dff1800 Exception <a 'java/security/PrivilegedActionException'> (0x0000000783af8918) thrown at [D:\re\workspace\8-2-build-windows-amd64-cygwin\jdk8u5\2488\hotspot\src\share\vm\prims\jvm.cpp, line 1248]
Event: 5.122 Thread 0x000000001dff1800 Exception <a 'java/security/PrivilegedActionException'> (0x0000000783b02088) thrown at [D:\re\workspace\8-2-build-windows-amd64-cygwin\jdk8u5\2488\hotspot\src\share\vm\prims\jvm.cpp, line 1248]
Event: 5.123 Thread 0x000000001dff1800 Exception <a 'java/security/PrivilegedActionException'> (0x0000000783b041b0) thrown at [D:\re\workspace\8-2-build-windows-amd64-cygwin\jdk8u5\2488\hotspot\src\share\vm\prims\jvm.cpp, line 1248]
Event: 5.329 Thread 0x000000001dfc0800 Exception <a 'java/security/PrivilegedActionException'> (0x0000000783befea0) thrown at [D:\re\workspace\8-2-build-windows-amd64-cygwin\jdk8u5\2488\hotspot\src\share\vm\prims\jvm.cpp, line 1248]
Event: 9.216 Thread 0x000000001dff1800 Exception <a 'java/security/PrivilegedActionException'> (0x00000007853deda0) thrown at [D:\re\workspace\8-2-build-windows-amd64-cygwin\jdk8u5\2488\hotspot\src\share\vm\prims\jvm.cpp, line 1248]
Event: 9.217 Thread 0x000000001dff1800 Exception <a 'java/security/PrivilegedActionException'> (0x00000007853e41f8) thrown at [D:\re\workspace\8-2-build-windows-amd64-cygwin\jdk8u5\2488\hotspot\src\share\vm\prims\jvm.cpp, line 1248]
Event: 9.391 Thread 0x000000001dff1800 Exception <a 'java/security/PrivilegedActionException'> (0x00000007858973f8) thrown at [D:\re\workspace\8-2-build-windows-amd64-cygwin\jdk8u5\2488\hotspot\src\share\vm\prims\jvm.cpp, line 1248]
Event: 9.470 Thread 0x000000001dff1800 Exception <a 'java/security/PrivilegedActionException'> (0x0000000785976060) thrown at [D:\re\workspace\8-2-build-windows-amd64-cygwin\jdk8u5\2488\hotspot\src\share\vm\prims\jvm.cpp, line 1248]
Event: 10.572 Thread 0x000000001dff1800 Exception <a 'java/security/PrivilegedActionException'> (0x0000000786afcdc0) thrown at [D:\re\workspace\8-2-build-windows-amd64-cygwin\jdk8u5\2488\hotspot\src\share\vm\prims\jvm.cpp, line 1248]

Events (10 events):
Event: 10.655 Thread 0x000000001dff1800 DEOPT PACKING pc=0x0000000003436af9 sp=0x000000002634c990
Event: 10.655 Thread 0x000000001dff1800 DEOPT UNPACKING pc=0x0000000002957204 sp=0x000000002634c730 mode 0
Event: 10.656 Thread 0x000000001dff1800 DEOPT PACKING pc=0x000000000343438f sp=0x000000002634c9b0
Event: 10.656 Thread 0x000000001dff1800 DEOPT UNPACKING pc=0x0000000002957204 sp=0x000000002634c730 mode 0
Event: 10.658 Thread 0x000000001dff1800 DEOPT PACKING pc=0x0000000003436af9 sp=0x000000002634c990
Event: 10.658 Thread 0x000000001dff1800 DEOPT UNPACKING pc=0x0000000002957204 sp=0x000000002634c730 mode 0
Event: 10.661 Thread 0x000000001dff1800 DEOPT PACKING pc=0x0000000003436af9 sp=0x000000002634c990
Event: 10.661 Thread 0x000000001dff1800 DEOPT UNPACKING pc=0x0000000002957204 sp=0x000000002634c730 mode 0
Event: 10.664 Thread 0x000000001dff1800 DEOPT PACKING pc=0x0000000003436af9 sp=0x000000002634c990
Event: 10.664 Thread 0x000000001dff1800 DEOPT UNPACKING pc=0x0000000002957204 sp=0x000000002634c730 mode 0


Dynamic libraries:
0x000000013f1a0000 - 0x000000013f1d4000 	C:\Program Files\Java\jre8\bin\javaw.exe
0x0000000077600000 - 0x00000000777a9000 	C:\Windows\SYSTEM32\ntdll.dll
0x00000000774e0000 - 0x00000000775ff000 	C:\Windows\system32\kernel32.dll
0x000007fefd760000 - 0x000007fefd7cc000 	C:\Windows\system32\KERNELBASE.dll
0x000007fefd920000 - 0x000007fefd9fb000 	C:\Windows\system32\ADVAPI32.dll
0x000007feff790000 - 0x000007feff82f000 	C:\Windows\system32\msvcrt.dll
0x000007fefeee0000 - 0x000007fefeeff000 	C:\Windows\SYSTEM32\sechost.dll
0x000007feff010000 - 0x000007feff13d000 	C:\Windows\system32\RPCRT4.dll
0x00000000773e0000 - 0x00000000774da000 	C:\Windows\system32\USER32.dll
0x000007feff490000 - 0x000007feff4f7000 	C:\Windows\system32\GDI32.dll
0x000007feff480000 - 0x000007feff48e000 	C:\Windows\system32\LPK.dll
0x000007feff840000 - 0x000007feff909000 	C:\Windows\system32\USP10.dll
0x000007fefbfe0000 - 0x000007fefc1d4000 	C:\Windows\WinSxS\amd64_microsoft.windows.common-controls_6595b64144ccf1df_6.0.7601.17514_none_fa396087175ac9ac\COMCTL32.dll
0x000007fefd8a0000 - 0x000007fefd911000 	C:\Windows\system32\SHLWAPI.dll
0x000007fefd870000 - 0x000007fefd89e000 	C:\Windows\system32\IMM32.DLL
0x000007fefef00000 - 0x000007feff009000 	C:\Windows\system32\MSCTF.dll
0x0000000073a10000 - 0x0000000073a90000 	c:\program files (x86)\f-secure\hips\fshook64.dll
0x00000000777c0000 - 0x00000000777c7000 	C:\Windows\system32\PSAPI.DLL
0x00000000678f0000 - 0x00000000679c2000 	C:\Program Files\Java\jre8\bin\msvcr100.dll
0x00000000637e0000 - 0x000000006400a000 	C:\Program Files\Java\jre8\bin\server\jvm.dll
0x000007fefa380000 - 0x000007fefa389000 	C:\Windows\system32\WSOCK32.dll
0x000007fefed20000 - 0x000007fefed6d000 	C:\Windows\system32\WS2_32.dll
0x000007feff830000 - 0x000007feff838000 	C:\Windows\system32\NSI.dll
0x000007fefaf60000 - 0x000007fefaf9b000 	C:\Windows\system32\WINMM.dll
0x00000000715b0000 - 0x00000000715bf000 	C:\Program Files\Java\jre8\bin\verify.dll
0x0000000071580000 - 0x00000000715a8000 	C:\Program Files\Java\jre8\bin\java.dll
0x0000000071560000 - 0x0000000071576000 	C:\Program Files\Java\jre8\bin\zip.dll
0x000007fefdc40000 - 0x000007fefe9c8000 	C:\Windows\system32\SHELL32.dll
0x000007feff580000 - 0x000007feff783000 	C:\Windows\system32\ole32.dll
0x000007fefd410000 - 0x000007fefd41f000 	C:\Windows\system32\profapi.dll
0x00000000728f0000 - 0x0000000072a86000 	C:\Program Files\Java\jre8\bin\awt.dll
0x000007feff140000 - 0x000007feff217000 	C:\Windows\system32\OLEAUT32.dll
0x000007fefb850000 - 0x000007fefb868000 	C:\Windows\system32\DWMAPI.DLL
0x000007fefbdb0000 - 0x000007fefbe06000 	C:\Windows\system32\uxtheme.dll
0x000007fefd2b0000 - 0x000007fefd2bf000 	C:\Windows\system32\CRYPTBASE.dll
0x000007fef7900000 - 0x000007fef7aff000 	C:\Windows\system32\d3d9.dll
0x000007fefc4d0000 - 0x000007fefc4dc000 	C:\Windows\system32\VERSION.dll
0x000007fef8b70000 - 0x000007fef8b77000 	C:\Windows\system32\d3d8thk.dll
0x000007feebe60000 - 0x000007feeccfb000 	C:\Windows\system32\nvd3dumx.dll
0x000007fefb550000 - 0x000007fefb57c000 	C:\Windows\system32\powrprof.dll
0x000007fefda60000 - 0x000007fefdc37000 	C:\Windows\system32\SETUPAPI.dll
0x000007fefd480000 - 0x000007fefd4b6000 	C:\Windows\system32\CFGMGR32.dll
0x000007fefd450000 - 0x000007fefd46a000 	C:\Windows\system32\DEVOBJ.dll
0x000007fefccf0000 - 0x000007fefcd07000 	C:\Windows\system32\CRYPTSP.dll
0x000007fefc910000 - 0x000007fefc957000 	C:\Windows\system32\rsaenh.dll
0x000007fefd740000 - 0x000007fefd75e000 	C:\Windows\system32\USERENV.dll
0x0000000071540000 - 0x000000007155a000 	C:\Program Files\Java\jre8\bin\net.dll
0x000007fefcc90000 - 0x000007fefcce5000 	C:\Windows\system32\mswsock.dll
0x000007fefcc80000 - 0x000007fefcc87000 	C:\Windows\System32\wship6.dll
0x000007fefafb0000 - 0x000007fefafd7000 	C:\Windows\system32\IPHLPAPI.DLL
0x000007fefaee0000 - 0x000007fefaeeb000 	C:\Windows\system32\WINNSI.DLL
0x000007fefa830000 - 0x000007fefa841000 	C:\Windows\system32\dhcpcsvc6.DLL
0x000007fefa460000 - 0x000007fefa478000 	C:\Windows\system32\dhcpcsvc.DLL
0x0000000071520000 - 0x0000000071531000 	C:\Program Files\Java\jre8\bin\nio.dll
0x00000000637c0000 - 0x00000000637cd000 	C:\Users\alberto.debiasi\AppData\Local\Temp\jogamp_0000\file_cache\jln4006289955311345519\jln2579272522202822424\gluegen-rt.dll
0x0000000073aa0000 - 0x0000000073aa7000 	C:\Program Files\Java\jre8\bin\jawt.dll
0x000000006a440000 - 0x000000006a44d000 	C:\Users\alberto.debiasi\AppData\Local\Temp\jogamp_0000\file_cache\jln4006289955311345519\jln2579272522202822424\nativewindow_awt.dll
0x000000006c100000 - 0x000000006c10f000 	C:\Users\alberto.debiasi\AppData\Local\Temp\jogamp_0000\file_cache\jln4006289955311345519\jln2579272522202822424\nativewindow_win32.dll
0x000007fef0f80000 - 0x000007fef109d000 	C:\Windows\system32\OpenGL32.dll
0x000007fef8240000 - 0x000007fef826d000 	C:\Windows\system32\GLU32.dll
0x000007fef8140000 - 0x000007fef8231000 	C:\Windows\system32\DDRAW.dll
0x000007fefa850000 - 0x000007fefa858000 	C:\Windows\system32\DCIMAN32.dll
0x0000000064500000 - 0x00000000645a0000 	C:\Users\alberto.debiasi\AppData\Local\Temp\jogamp_0000\file_cache\jln4006289955311345519\jln2579272522202822424\jogl_desktop.dll
0x0000000021980000 - 0x0000000022ef4000 	C:\Windows\system32\nvoglv64.DLL
0x000007fefd580000 - 0x000007fefd5ba000 	C:\Windows\system32\WINTRUST.dll
0x000007fefd5c0000 - 0x000007fefd72c000 	C:\Windows\system32\CRYPT32.dll
0x000007fefd420000 - 0x000007fefd42f000 	C:\Windows\system32\MSASN1.dll
0x000007fefc5a0000 - 0x000007fefc5a7000 	C:\Windows\System32\wshtcpip.dll
0x000007fefca70000 - 0x000007fefcacb000 	C:\Windows\system32\DNSAPI.dll
0x000007fef9ce0000 - 0x000007fef9ce8000 	C:\Windows\system32\rasadhlp.dll
0x000007fefae80000 - 0x000007fefaed3000 	C:\Windows\System32\fwpuclnt.dll
0x0000000072f70000 - 0x0000000072fb7000 	C:\Program Files\Java\jre8\bin\fontmanager.dll
0x0000000072f20000 - 0x0000000072f61000 	C:\Program Files\Java\jre8\bin\t2k.dll
0x000007fefd7d0000 - 0x000007fefd869000 	C:\Windows\system32\CLBCatQ.DLL
0x000007fef68f0000 - 0x000007fef6a15000 	C:\Windows\system32\dbghelp.dll

VM Arguments:
jvm_args: -Dfile.encoding=Cp1252 
java_command: it.graphitech.smeSpire.Main_STANDALONE_v3
java_class_path (initial): C:\Users\alberto.debiasi\Dropbox\PHD\workspace\ArcMapClutterReduction_v3\bin;C:\Users\alberto.debiasi\Dropbox\PHD\workspace\ArcMapClutterReduction_v3\lib\worldwind_2_0\gdal.jar;C:\Users\alberto.debiasi\Dropbox\PHD\workspace\ArcMapClutterReduction_v3\lib\worldwind_2_0\gluegen-rt-natives-linux-amd64.jar;C:\Users\alberto.debiasi\Dropbox\PHD\workspace\ArcMapClutterReduction_v3\lib\worldwind_2_0\gluegen-rt-natives-linux-i586.jar;C:\Users\alberto.debiasi\Dropbox\PHD\workspace\ArcMapClutterReduction_v3\lib\worldwind_2_0\gluegen-rt-natives-macosx-universal.jar;C:\Users\alberto.debiasi\Dropbox\PHD\workspace\ArcMapClutterReduction_v3\lib\worldwind_2_0\gluegen-rt-natives-windows-amd64.jar;C:\Users\alberto.debiasi\Dropbox\PHD\workspace\ArcMapClutterReduction_v3\lib\worldwind_2_0\gluegen-rt-natives-windows-i586.jar;C:\Users\alberto.debiasi\Dropbox\PHD\workspace\ArcMapClutterReduction_v3\lib\worldwind_2_0\gluegen-rt.jar;C:\Users\alberto.debiasi\Dropbox\PHD\workspace\ArcMapClutterReduction_v3\lib\worldwind_2_0\jogl-all-natives-linux-amd64.jar;C:\Users\alberto.debiasi\Dropbox\PHD\workspace\ArcMapClutterReduction_v3\lib\worldwind_2_0\jogl-all-natives-linux-i586.jar;C:\Users\alberto.debiasi\Dropbox\PHD\workspace\ArcMapClutterReduction_v3\lib\worldwind_2_0\jogl-all-natives-macosx-universal.jar;C:\Users\alberto.debiasi\Dropbox\PHD\workspace\ArcMapClutterReduction_v3\lib\worldwind_2_0\jogl-all-natives-windows-amd64.jar;C:\Users\alberto.debiasi\Dropbox\PHD\workspace\ArcMapClutterReduction_v3\lib\worldwind_2_0\jogl-all-natives-windows-i586.jar;C:\Users\alberto.debiasi\Dropbox\PHD\workspace\ArcMapClutterReduction_v3\lib\worldwind_2_0\jogl-all.jar;C:\Users\alberto.debiasi\Dropbox\PHD\workspace\ArcMapClutterReduction_v3\lib\worldwind_2_0\plugin.jar;C:\Users\alberto.debiasi\Dropbox\PHD\workspace\ArcMapClutterReduction_v3\lib\worldwind_2_0\vpf-symbols.jar;C:\Users\alberto.debiasi\Dropbox\PHD\workspace\ArcMapClutterReduction_v3\lib\worldwind_2_0\worldwind.jar;C:\Use
Launcher Type: SUN_STANDARD

Environment Variables:
PATH=C:\R\R-3.1.0\Rtools\bin;C:\R\R-3.1.0\Rtools\gcc-4.6.3\bin;C:\R\R-3.1.0\bin;C:\Program Files (x86)\MiKTeX 2.9\miktex\bin\;C:\texlive\2013\bin\win32;C:\Windows\system32;C:\Windows;C:\Windows\System32\Wbem;C:\Windows\System32\WindowsPowerShell\v1.0\;C:\Program Files (x86)\Git\cmd;C:\Program Files\TortoiseGit\bin;C:\Program Files\TortoiseSVN\bin;c:\Program Files (x86)\Microsoft SQL Server\100\Tools\Binn\;c:\Program Files\Microsoft SQL Server\100\Tools\Binn\;c:\Program Files\Microsoft SQL Server\100\DTS\Binn\
USERNAME=alberto.debiasi
OS=Windows_NT
PROCESSOR_IDENTIFIER=Intel64 Family 6 Model 26 Stepping 5, GenuineIntel



---------------  S Y S T E M  ---------------

OS: Windows 7 , 64 bit Build 7601 Service Pack 1

CPU:total 8 (4 cores per cpu, 2 threads per core) family 6 model 26 stepping 5, cmov, cx8, fxsr, mmx, sse, sse2, sse3, ssse3, sse4.1, sse4.2, popcnt, ht, tsc, tscinvbit

Memory: 4k page, physical 12580444k(8224988k free), swap 25159024k(19896252k free)

vm_info: Java HotSpot(TM) 64-Bit Server VM (25.5-b02) for windows-amd64 JRE (1.8.0_05-b13), built on Mar 18 2014 01:08:39 by "java_re" with MS VC++ 10.0 (VS2010)

time: Fri Sep 26 11:09:19 2014
elapsed time: 10 seconds

