#
# A fatal error has been detected by the Java Runtime Environment:
#
#  EXCEPTION_ACCESS_VIOLATION (0xc0000005) at pc=0x00000000600ae185, pid=5856, tid=6096
#
# JRE version: Java(TM) SE Runtime Environment (8.0_05-b13) (build 1.8.0_05-b13)
# Java VM: Java HotSpot(TM) 64-Bit Server VM (25.5-b02 mixed mode windows-amd64 compressed oops)
# Problematic frame:
# C  [nvoglv64.DLL+0xb9e185]
#
# Failed to write core dump. Minidumps are not enabled by default on client versions of Windows
#
# If you would like to submit a bug report, please visit:
#   http://bugreport.sun.com/bugreport/crash.jsp
# The crash happened outside the Java Virtual Machine in native code.
# See problematic frame for where to report the bug.
#

---------------  T H R E A D  ---------------

Current thread (0x000000005b693000):  JavaThread "AWT-EventQueue-0" [_thread_in_native, id=6096, stack(0x0000000061110000,0x0000000061210000)]

siginfo: ExceptionCode=0xc0000005, reading address 0x0000000065139964

Registers:
RAX=0x0000000000000000, RBX=0x0000000072153e00, RCX=0x0000000071e8edd8, RDX=0xfffffffff32aab8c
RSP=0x000000006120b9e8, RBP=0x0000000059d80000, RSI=0x0000000059d80000, RDI=0x0000000061a00970
R8 =0x000000000000177c, R9 =0x000000000000177c, R10=0x0000000000000010, R11=0x0000000071e8d660
R12=0x0000000000000000, R13=0x000000000000177c, R14=0x0000000000000000, R15=0x00000000651381ec
RIP=0x00000000600ae185, EFLAGS=0x0000000000010206

Top of Stack: (sp=0x000000006120b9e8)
0x000000006120b9e8:   000000005fd8c1af 0000000061a00970
0x000000006120b9f8:   0000000072153cb0 0000000072153e00
0x000000006120ba08:   0000000059d80000 0000000000000000
0x000000006120ba18:   0000000000000000 00000000651381ec
0x000000006120ba28:   0000000000000000 0000000000000000
0x000000006120ba38:   0000000060b876e0 0000000000000000
0x000000006120ba48:   000000005b693000 00000000000000a8
0x000000006120ba58:   00000000000088e4 00000000651381ec
0x000000006120ba68:   0000000059d80000 000000000000177c
0x000000006120ba78:   0000000000000000 0000000072153e00
0x000000006120ba88:   000000005fd8e508 0000000000000000
0x000000006120ba98:   0000000072153e00 0000000000000000
0x000000006120baa8:   000000000000177c 00000000651381ec
0x000000006120bab8:   0000000100000000 00000000000088e4
0x000000006120bac8:   000000005fba274e 0000000072153e00
0x000000006120bad8:   000000000000177c 0000000059d80000 

Instructions: (pc=0x00000000600ae185)
0x00000000600ae165:   c8 88 01 f6 c1 02 74 0f 48 83 e9 02 66 8b 04 0a
0x00000000600ae175:   49 83 e8 02 66 89 01 f6 c1 04 74 0d 48 83 e9 04
0x00000000600ae185:   8b 04 0a 49 83 e8 04 89 01 4d 8b c8 49 c1 e9 05
0x00000000600ae195:   75 50 4d 8b c8 49 c1 e9 03 74 14 48 83 e9 08 48 


Register to memory mapping:

RAX=0x0000000000000000 is an unknown value
RBX=0x0000000072153e00 is an unknown value
RCX=0x0000000071e8edd8 is an unknown value
RDX=0xfffffffff32aab8c is an unknown value
RSP=0x000000006120b9e8 is pointing into the stack for thread: 0x000000005b693000
RBP=0x0000000059d80000 is pointing into the stack for thread: 0x0000000057cbb800
RSI=0x0000000059d80000 is pointing into the stack for thread: 0x0000000057cbb800
RDI=0x0000000061a00970 is an unknown value
R8 =0x000000000000177c is an unknown value
R9 =0x000000000000177c is an unknown value
R10=0x0000000000000010 is an unknown value
R11=0x0000000071e8d660 is an unknown value
R12=0x0000000000000000 is an unknown value
R13=0x000000000000177c is an unknown value
R14=0x0000000000000000 is an unknown value
R15=0x00000000651381ec is an unknown value


Stack: [0x0000000061110000,0x0000000061210000],  sp=0x000000006120b9e8,  free space=1006k
Native frames: (J=compiled Java code, j=interpreted, Vv=VM code, C=native code)
C  [nvoglv64.DLL+0xb9e185]

Java frames: (J=compiled Java code, j=interpreted, Vv=VM code)
J 3876  jogamp.opengl.gl4.GL4bcImpl.dispatch_glBufferData(IJLjava/lang/Object;IZIJ)V (0 bytes) @ 0x000000000359feb3 [0x000000000359fe40+0x73]
J 3874 C1 jogamp.opengl.gl4.GL4bcImpl$1.create(IJLjava/nio/Buffer;IJ)V (56 bytes) @ 0x00000000035a588c [0x00000000035a5600+0x28c]
J 3826 C1 jogamp.opengl.GLBufferObjectTracker.createBufferStorage(Ljogamp/opengl/GLBufferStateTracker;Ljavax/media/opengl/GL;IJLjava/nio/Buffer;IILjogamp/opengl/GLBufferObjectTracker$CreateStorageDispatch;J)V (398 bytes) @ 0x0000000003577dfc [0x0000000003575ca0+0x215c]
J 3825 C1 jogamp.opengl.gl4.GL4bcImpl.glBufferData(IJLjava/nio/Buffer;I)V (71 bytes) @ 0x0000000003574524 [0x00000000035739a0+0xb84]
J 3898 C1 it.graphitech.smeSpire.lines.cubicCurve.CubicSplinePolyline.setArrayUpdBufferData(Lgov/nasa/worldwind/render/DrawContext;I)V (61 bytes) @ 0x00000000035b638c [0x00000000035b5ee0+0x4ac]
J 3903 C1 it.graphitech.smeSpire.lines.cubicCurve.CubicSplinePolyline.makeUpdatedVertices(Lgov/nasa/worldwind/render/DrawContext;)V (338 bytes) @ 0x00000000035b822c [0x00000000035b7000+0x122c]
J 3892 C1 it.graphitech.smeSpire.lines.cubicCurve.CubicSplinePolyline.render(Lgov/nasa/worldwind/render/DrawContext;)V (43 bytes) @ 0x00000000035b2d34 [0x00000000035b2520+0x814]
j  it.graphitech.smeSpire.layers.MyRenderableLayer.doRenderNow(Lgov/nasa/worldwind/render/DrawContext;)V+698
j  it.graphitech.smeSpire.layers.MyRenderableLayer.doRender(Lgov/nasa/worldwind/render/DrawContext;)V+40
J 2882 C1 gov.nasa.worldwind.layers.AbstractLayer.render(Lgov/nasa/worldwind/render/DrawContext;)V (123 bytes) @ 0x00000000032265d4 [0x0000000003224da0+0x1834]
J 3105 C1 it.graphitech.shader.ShadingDecorator.render(Lgov/nasa/worldwind/render/DrawContext;Lgov/nasa/worldwind/layers/Layer;)V (311 bytes) @ 0x00000000032eecf4 [0x00000000032ed100+0x1bf4]
J 3010 C1 it.graphitech.shader.DecoratedLayer.render(Lgov/nasa/worldwind/render/DrawContext;)V (13 bytes) @ 0x0000000003283dd4 [0x0000000003283d40+0x94]
J 3983 C1 it.graphitech.core.MyAbstractSceneController.draw(Lgov/nasa/worldwind/render/DrawContext;)V (371 bytes) @ 0x0000000003608db4 [0x0000000003607f20+0xe94]
j  it.graphitech.core.MyBasicSceneController.doRepaint(Lgov/nasa/worldwind/render/DrawContext;)V+68
j  it.graphitech.core.MyAbstractSceneController.repaint()I+58
j  gov.nasa.worldwind.WorldWindowGLAutoDrawable.doDisplay()I+4
j  gov.nasa.worldwind.WorldWindowGLAutoDrawable.display(Ljavax/media/opengl/GLAutoDrawable;)V+122
j  jogamp.opengl.GLDrawableHelper.displayImpl(Ljavax/media/opengl/GLAutoDrawable;)V+81
j  jogamp.opengl.GLDrawableHelper.display(Ljavax/media/opengl/GLAutoDrawable;)V+2
j  javax.media.opengl.awt.GLCanvas$10.run()V+118
j  jogamp.opengl.GLDrawableHelper.invokeGLImpl(Ljavax/media/opengl/GLDrawable;Ljavax/media/opengl/GLContext;Ljava/lang/Runnable;Ljava/lang/Runnable;)V+206
j  jogamp.opengl.GLDrawableHelper.invokeGL(Ljavax/media/opengl/GLDrawable;Ljavax/media/opengl/GLContext;Ljava/lang/Runnable;Ljava/lang/Runnable;)V+80
j  javax.media.opengl.awt.GLCanvas$11.run()V+73
j  javax.media.opengl.Threading.invoke(ZLjava/lang/Runnable;Ljava/lang/Object;)V+33
j  javax.media.opengl.awt.GLCanvas.display()V+64
j  javax.media.opengl.awt.GLCanvas.paint(Ljava/awt/Graphics;)V+137
j  javax.media.opengl.awt.GLCanvas.update(Ljava/awt/Graphics;)V+2
j  sun.awt.RepaintArea.updateComponent(Ljava/awt/Component;Ljava/awt/Graphics;)V+6
j  sun.awt.RepaintArea.paint(Ljava/lang/Object;Z)V+263
J 3515 C1 sun.awt.windows.WComponentPeer.handleEvent(Ljava/awt/AWTEvent;)V (173 bytes) @ 0x00000000034a38bc [0x00000000034a2c40+0xc7c]
J 3478 C1 java.awt.Component.dispatchEventImpl(Ljava/awt/AWTEvent;)V (883 bytes) @ 0x000000000346f134 [0x0000000003468aa0+0x6694]
J 3360 C1 java.awt.EventQueue.dispatchEventImpl(Ljava/awt/AWTEvent;Ljava/lang/Object;)V (149 bytes) @ 0x00000000033c8c4c [0x00000000033c7680+0x15cc]
J 3474 C1 java.awt.EventQueue$3.run()Ljava/lang/Void; (60 bytes) @ 0x00000000034615f4 [0x0000000003461400+0x1f4]
J 3358 C1 java.awt.EventQueue$3.run()Ljava/lang/Object; (5 bytes) @ 0x0000000002a15444 [0x0000000002a153c0+0x84]
v  ~StubRoutines::call_stub
J 1131  java.security.AccessController.doPrivileged(Ljava/security/PrivilegedAction;Ljava/security/AccessControlContext;)Ljava/lang/Object; (0 bytes) @ 0x0000000002c5f2a6 [0x0000000002c5f240+0x66]
J 3057 C1 java.security.ProtectionDomain$1.doIntersectionPrivilege(Ljava/security/PrivilegedAction;Ljava/security/AccessControlContext;Ljava/security/AccessControlContext;)Ljava/lang/Object; (32 bytes) @ 0x00000000032cd6fc [0x00000000032cd420+0x2dc]
J 3511 C1 java.awt.EventQueue$4.run()Ljava/lang/Object; (5 bytes) @ 0x00000000034a02ec [0x000000000349ff20+0x3cc]
v  ~StubRoutines::call_stub
J 1131  java.security.AccessController.doPrivileged(Ljava/security/PrivilegedAction;Ljava/security/AccessControlContext;)Ljava/lang/Object; (0 bytes) @ 0x0000000002c5f2a6 [0x0000000002c5f240+0x66]
J 3169 C1 java.awt.EventQueue.dispatchEvent(Ljava/awt/AWTEvent;)V (80 bytes) @ 0x000000000331f7fc [0x000000000331ec40+0xbbc]
J 3181 C1 java.awt.EventDispatchThread.pumpOneEventForFilters(I)V (295 bytes) @ 0x0000000003328e14 [0x0000000003327380+0x1a94]
j  java.awt.EventDispatchThread.pumpEventsForFilter(ILjava/awt/Conditional;Ljava/awt/EventFilter;)V+35
j  java.awt.EventDispatchThread.pumpEventsForHierarchy(ILjava/awt/Conditional;Ljava/awt/Component;)V+11
j  java.awt.EventDispatchThread.pumpEvents(ILjava/awt/Conditional;)V+4
j  java.awt.EventDispatchThread.pumpEvents(Ljava/awt/Conditional;)V+3
j  java.awt.EventDispatchThread.run()V+9
v  ~StubRoutines::call_stub

---------------  P R O C E S S  ---------------

Java Threads: ( => current thread )
  0x000000005afa4000 JavaThread "Idle World Wind Task " daemon [_thread_blocked, id=3456, stack(0x00000000727f0000,0x00000000728f0000)]
  0x000000005ba10000 JavaThread "Idle World Wind Task " daemon [_thread_blocked, id=756, stack(0x0000000072dc0000,0x0000000072ec0000)]
  0x000000005ba0f800 JavaThread "Idle World Wind Task " daemon [_thread_blocked, id=1664, stack(0x0000000072cc0000,0x0000000072dc0000)]
  0x000000005ba0e000 JavaThread "Idle World Wind Task " daemon [_thread_blocked, id=1112, stack(0x000000006a510000,0x000000006a610000)]
  0x000000005ba0d000 JavaThread "Idle World Wind Task " daemon [_thread_blocked, id=1364, stack(0x000000006a150000,0x000000006a250000)]
  0x000000005ba0c800 JavaThread "Idle World Wind Task " daemon [_thread_blocked, id=4772, stack(0x0000000069f70000,0x000000006a070000)]
  0x000000005ba0b800 JavaThread "Idle World Wind Task " daemon [_thread_blocked, id=4436, stack(0x0000000069d00000,0x0000000069e00000)]
  0x000000005ba0b000 JavaThread "Idle World Wind Task " daemon [_thread_blocked, id=3488, stack(0x00000000694f0000,0x00000000695f0000)]
  0x000000005ba0a000 JavaThread "D3D Screen Updater" daemon [_thread_blocked, id=3940, stack(0x0000000067360000,0x0000000067460000)]
  0x000000005ba09800 JavaThread "DestroyJavaVM" [_thread_blocked, id=5896, stack(0x0000000002450000,0x0000000002550000)]
  0x000000005ba08800 JavaThread "Thread-40" daemon [_thread_in_native, id=1584, stack(0x0000000066630000,0x0000000066730000)]
  0x000000005ba08000 JavaThread "Thread-39" daemon [_thread_in_native, id=1344, stack(0x0000000066840000,0x0000000066940000)]
  0x000000005ba07000 JavaThread "Thread-38" [_thread_blocked, id=3904, stack(0x0000000067060000,0x0000000067160000)]
  0x000000005ba06800 JavaThread "Thread-37" daemon [_thread_in_native, id=4712, stack(0x0000000066ee0000,0x0000000066fe0000)]
  0x000000005ba05800 JavaThread "Thread-36" [_thread_blocked, id=2464, stack(0x0000000066c80000,0x0000000066d80000)]
  0x000000005ba05000 JavaThread "Thread-35" daemon [_thread_in_native, id=2940, stack(0x00000000645b0000,0x00000000646b0000)]
  0x000000005ba04000 JavaThread "Thread-34" daemon [_thread_in_native, id=4236, stack(0x0000000066a90000,0x0000000066b90000)]
  0x000000005ba03800 JavaThread "Thread-33" [_thread_blocked, id=2896, stack(0x0000000066950000,0x0000000066a50000)]
  0x000000005ba02800 JavaThread "Thread-32" [_thread_blocked, id=4036, stack(0x0000000066740000,0x0000000066840000)]
  0x000000005ba02000 JavaThread "Thread-31" [_thread_blocked, id=4336, stack(0x0000000066020000,0x0000000066120000)]
  0x000000005ba01000 JavaThread "Thread-30" daemon [_thread_in_native, id=1472, stack(0x0000000066530000,0x0000000066630000)]
  0x000000005b69e800 JavaThread "Thread-29" [_thread_blocked, id=4652, stack(0x0000000066330000,0x0000000066430000)]
  0x000000005b69e000 JavaThread "Thread-28" daemon [_thread_in_native, id=4888, stack(0x0000000066160000,0x0000000066260000)]
  0x000000005b69d000 JavaThread "Thread-27" [_thread_blocked, id=4700, stack(0x0000000062f90000,0x0000000063090000)]
  0x000000005b69c000 JavaThread "Thread-26" daemon [_thread_in_native, id=2800, stack(0x0000000065ef0000,0x0000000065ff0000)]
  0x000000005b69b800 JavaThread "Thread-25" [_thread_blocked, id=176, stack(0x0000000065dc0000,0x0000000065ec0000)]
  0x000000005b69a800 JavaThread "Thread-24" daemon [_thread_in_native, id=4800, stack(0x0000000065bf0000,0x0000000065cf0000)]
  0x000000005b69a000 JavaThread "Thread-23" [_thread_blocked, id=6140, stack(0x00000000631b0000,0x00000000632b0000)]
  0x000000005b699000 JavaThread "Thread-22" daemon [_thread_in_native, id=6136, stack(0x0000000065ad0000,0x0000000065bd0000)]
  0x000000005b698800 JavaThread "Thread-21" [_thread_blocked, id=6132, stack(0x000000005c710000,0x000000005c810000)]
  0x000000005b697800 JavaThread "Thread-20" daemon [_thread_in_native, id=6128, stack(0x0000000064060000,0x0000000064160000)]
  0x000000005b697000 JavaThread "Thread-19" [_thread_blocked, id=6124, stack(0x0000000063600000,0x0000000063700000)]
  0x000000005b690000 JavaThread "Thread-18" daemon [_thread_in_native, id=6120, stack(0x0000000063400000,0x0000000063500000)]
  0x000000005b696000 JavaThread "Thread-17" [_thread_blocked, id=6116, stack(0x0000000063090000,0x0000000063190000)]
  0x000000005b695800 JavaThread "Thread-16" daemon [_thread_in_native, id=6112, stack(0x00000000632b0000,0x00000000633b0000)]
  0x000000005b694000 JavaThread "Thread-15" [_thread_blocked, id=6108, stack(0x0000000061f80000,0x0000000062080000)]
=>0x000000005b693000 JavaThread "AWT-EventQueue-0" [_thread_in_native, id=6096, stack(0x0000000061110000,0x0000000061210000)]
  0x000000005b692800 JavaThread "AWT-Shutdown" [_thread_blocked, id=6092, stack(0x0000000064950000,0x0000000064a50000)]
  0x000000005b691800 JavaThread "Thread-13" daemon [_thread_blocked, id=6088, stack(0x00000000647d0000,0x00000000648d0000)]
  0x000000005b691000 JavaThread "TimerQueue" daemon [_thread_blocked, id=6084, stack(0x00000000646d0000,0x00000000647d0000)]
  0x000000005b1dd800 JavaThread "main-SharedResourceRunner" daemon [_thread_blocked, id=6028, stack(0x000000005f410000,0x000000005f510000)]
  0x000000005b77e000 JavaThread "AWT-Windows" daemon [_thread_in_native, id=5992, stack(0x000000005c8c0000,0x000000005c9c0000)]
  0x000000005b136800 JavaThread "Java2D Disposer" daemon [_thread_blocked, id=5984, stack(0x000000005ab90000,0x000000005ac90000)]
  0x0000000058dfb800 JavaThread "Service Thread" daemon [_thread_blocked, id=5976, stack(0x000000005aa90000,0x000000005ab90000)]
  0x0000000058d87000 JavaThread "C1 CompilerThread3" daemon [_thread_blocked, id=5972, stack(0x000000005a910000,0x000000005aa10000)]
  0x0000000058d85000 JavaThread "C2 CompilerThread2" daemon [_thread_blocked, id=5968, stack(0x000000005a0f0000,0x000000005a1f0000)]
  0x0000000058d7a000 JavaThread "C2 CompilerThread1" daemon [_thread_blocked, id=5964, stack(0x000000005a6f0000,0x000000005a7f0000)]
  0x0000000058d72800 JavaThread "C2 CompilerThread0" daemon [_thread_blocked, id=5960, stack(0x000000005a530000,0x000000005a630000)]
  0x0000000058d71800 JavaThread "Attach Listener" daemon [_thread_blocked, id=5956, stack(0x000000005a350000,0x000000005a450000)]
  0x0000000058d70000 JavaThread "Signal Dispatcher" daemon [_thread_blocked, id=5952, stack(0x000000005a230000,0x000000005a330000)]
  0x0000000057cbb800 JavaThread "Finalizer" daemon [_thread_blocked, id=5940, stack(0x0000000059c80000,0x0000000059d80000)]
  0x00000000020fe800 JavaThread "Reference Handler" daemon [_thread_blocked, id=5936, stack(0x0000000059ff0000,0x000000005a0f0000)]

Other Threads:
  0x0000000058d23000 VMThread [stack: 0x0000000059e40000,0x0000000059f40000] [id=5932]
  0x0000000058e05000 WatcherThread [stack: 0x000000005ad30000,0x000000005ae30000] [id=5980]

VM state:not at safepoint (normal execution)

VM Mutex/Monitor currently owned by a thread: None

Heap:
 PSYoungGen      total 611840K, used 268845K [0x00000000d5580000, 0x0000000100000000, 0x0000000100000000)
  eden space 524800K, 51% used [0x00000000d5580000,0x00000000e5c0b5a8,0x00000000f5600000)
  from space 87040K, 0% used [0x00000000f5600000,0x00000000f5600000,0x00000000fab00000)
  to   space 87040K, 0% used [0x00000000fab00000,0x00000000fab00000,0x0000000100000000)
 ParOldGen       total 1398272K, used 16059K [0x0000000080000000, 0x00000000d5580000, 0x00000000d5580000)
  object space 1398272K, 1% used [0x0000000080000000,0x0000000080faef38,0x00000000d5580000)
 Metaspace       used 23615K, capacity 23877K, committed 24192K, reserved 1071104K
  class space    used 2574K, capacity 2623K, committed 2688K, reserved 1048576K

Card table byte_map: [0x0000000011be0000,0x0000000011ff0000] byte_map_base: 0x00000000117e0000

Marking Bits: (ParMarkBitMap*) 0x0000000063f913b0
 Begin Bits: [0x0000000012ed0000, 0x0000000014ed0000)
 End Bits:   [0x0000000014ed0000, 0x0000000016ed0000)

Polling page: 0x00000000001e0000

CodeCache: size=245760Kb used=14772Kb max_used=14783Kb free=230987Kb
 bounds [0x0000000002820000, 0x00000000036a0000, 0x0000000011820000]
 total_blobs=5049 nmethods=4105 adapters=857
 compilation: enabled

Compilation events (10 events):
Event: 13.832 Thread 0x0000000058d87000 4146       3       java.awt.geom.RectIterator::next (11 bytes)
Event: 13.832 Thread 0x0000000058d87000 nmethod 4146 0x0000000003692d90 code [0x0000000003692ee0, 0x0000000003693030]
Event: 13.832 Thread 0x0000000058d87000 4147       3       java.awt.geom.Path2D$Float$CopyIterator::currentSegment (39 bytes)
Event: 13.832 Thread 0x0000000058d87000 nmethod 4147 0x0000000003699290 code [0x0000000003699400, 0x00000000036996c8]
Event: 13.832 Thread 0x0000000058d87000 4143  s    3       java.awt.geom.Path2D$Float::lineTo (58 bytes)
Event: 13.832 Thread 0x0000000058d87000 nmethod 4143 0x0000000003699890 code [0x0000000003699a00, 0x0000000003699da8]
Event: 13.832 Thread 0x0000000058d87000 4148       1       javax.swing.JLabel::getDisplayedMnemonicIndex (5 bytes)
Event: 13.832 Thread 0x0000000058d87000 nmethod 4148 0x0000000003686ed0 code [0x0000000003687020, 0x0000000003687130]
Event: 13.871 Thread 0x0000000058d72800 4149       4       sun.awt.AWTAutoShutdown::isReadyToShutdown (37 bytes)
Event: 13.872 Thread 0x0000000058d72800 nmethod 4149 0x000000000369cc50 code [0x000000000369cda0, 0x000000000369ce58]

GC Heap History (8 events):
Event: 2.194 GC heap before
{Heap before GC invocations=1 (full 0):
 PSYoungGen      total 611840K, used 524800K [0x00000000d5580000, 0x0000000100000000, 0x0000000100000000)
  eden space 524800K, 100% used [0x00000000d5580000,0x00000000f5600000,0x00000000f5600000)
  from space 87040K, 0% used [0x00000000fab00000,0x00000000fab00000,0x0000000100000000)
  to   space 87040K, 0% used [0x00000000f5600000,0x00000000f5600000,0x00000000fab00000)
 ParOldGen       total 1398272K, used 0K [0x0000000080000000, 0x00000000d5580000, 0x00000000d5580000)
  object space 1398272K, 0% used [0x0000000080000000,0x0000000080000000,0x00000000d5580000)
 Metaspace       used 18008K, capacity 18229K, committed 18432K, reserved 1064960K
  class space    used 1944K, capacity 2007K, committed 2048K, reserved 1048576K
Event: 2.204 GC heap after
Heap after GC invocations=1 (full 0):
 PSYoungGen      total 611840K, used 8394K [0x00000000d5580000, 0x0000000100000000, 0x0000000100000000)
  eden space 524800K, 0% used [0x00000000d5580000,0x00000000d5580000,0x00000000f5600000)
  from space 87040K, 9% used [0x00000000f5600000,0x00000000f5e32a48,0x00000000fab00000)
  to   space 87040K, 0% used [0x00000000fab00000,0x00000000fab00000,0x0000000100000000)
 ParOldGen       total 1398272K, used 80K [0x0000000080000000, 0x00000000d5580000, 0x00000000d5580000)
  object space 1398272K, 0% used [0x0000000080000000,0x0000000080014010,0x00000000d5580000)
 Metaspace       used 18008K, capacity 18229K, committed 18432K, reserved 1064960K
  class space    used 1944K, capacity 2007K, committed 2048K, reserved 1048576K
}
Event: 3.731 GC heap before
{Heap before GC invocations=2 (full 0):
 PSYoungGen      total 611840K, used 533194K [0x00000000d5580000, 0x0000000100000000, 0x0000000100000000)
  eden space 524800K, 100% used [0x00000000d5580000,0x00000000f5600000,0x00000000f5600000)
  from space 87040K, 9% used [0x00000000f5600000,0x00000000f5e32a48,0x00000000fab00000)
  to   space 87040K, 0% used [0x00000000fab00000,0x00000000fab00000,0x0000000100000000)
 ParOldGen       total 1398272K, used 80K [0x0000000080000000, 0x00000000d5580000, 0x00000000d5580000)
  object space 1398272K, 0% used [0x0000000080000000,0x0000000080014010,0x00000000d5580000)
 Metaspace       used 19879K, capacity 20071K, committed 20224K, reserved 1067008K
  class space    used 2186K, capacity 2234K, committed 2304K, reserved 1048576K
Event: 3.744 GC heap after
Heap after GC invocations=2 (full 0):
 PSYoungGen      total 611840K, used 14478K [0x00000000d5580000, 0x0000000100000000, 0x0000000100000000)
  eden space 524800K, 0% used [0x00000000d5580000,0x00000000d5580000,0x00000000f5600000)
  from space 87040K, 16% used [0x00000000fab00000,0x00000000fb923998,0x0000000100000000)
  to   space 87040K, 0% used [0x00000000f5600000,0x00000000f5600000,0x00000000fab00000)
 ParOldGen       total 1398272K, used 88K [0x0000000080000000, 0x00000000d5580000, 0x00000000d5580000)
  object space 1398272K, 0% used [0x0000000080000000,0x0000000080016010,0x00000000d5580000)
 Metaspace       used 19879K, capacity 20071K, committed 20224K, reserved 1067008K
  class space    used 2186K, capacity 2234K, committed 2304K, reserved 1048576K
}
Event: 3.999 GC heap before
{Heap before GC invocations=3 (full 0):
 PSYoungGen      total 611840K, used 129979K [0x00000000d5580000, 0x0000000100000000, 0x0000000100000000)
  eden space 524800K, 22% used [0x00000000d5580000,0x00000000dc64b520,0x00000000f5600000)
  from space 87040K, 16% used [0x00000000fab00000,0x00000000fb923998,0x0000000100000000)
  to   space 87040K, 0% used [0x00000000f5600000,0x00000000f5600000,0x00000000fab00000)
 ParOldGen       total 1398272K, used 88K [0x0000000080000000, 0x00000000d5580000, 0x00000000d5580000)
  object space 1398272K, 0% used [0x0000000080000000,0x0000000080016010,0x00000000d5580000)
 Metaspace       used 20926K, capacity 21107K, committed 21296K, reserved 1069056K
  class space    used 2327K, capacity 2364K, committed 2432K, reserved 1048576K
Event: 4.014 GC heap after
Heap after GC invocations=3 (full 0):
 PSYoungGen      total 611840K, used 16258K [0x00000000d5580000, 0x0000000100000000, 0x0000000100000000)
  eden space 524800K, 0% used [0x00000000d5580000,0x00000000d5580000,0x00000000f5600000)
  from space 87040K, 18% used [0x00000000f5600000,0x00000000f65e08e0,0x00000000fab00000)
  to   space 87040K, 0% used [0x00000000fab00000,0x00000000fab00000,0x0000000100000000)
 ParOldGen       total 1398272K, used 96K [0x0000000080000000, 0x00000000d5580000, 0x00000000d5580000)
  object space 1398272K, 0% used [0x0000000080000000,0x0000000080018010,0x00000000d5580000)
 Metaspace       used 20926K, capacity 21107K, committed 21296K, reserved 1069056K
  class space    used 2327K, capacity 2364K, committed 2432K, reserved 1048576K
}
Event: 4.014 GC heap before
{Heap before GC invocations=4 (full 1):
 PSYoungGen      total 611840K, used 16258K [0x00000000d5580000, 0x0000000100000000, 0x0000000100000000)
  eden space 524800K, 0% used [0x00000000d5580000,0x00000000d5580000,0x00000000f5600000)
  from space 87040K, 18% used [0x00000000f5600000,0x00000000f65e08e0,0x00000000fab00000)
  to   space 87040K, 0% used [0x00000000fab00000,0x00000000fab00000,0x0000000100000000)
 ParOldGen       total 1398272K, used 96K [0x0000000080000000, 0x00000000d5580000, 0x00000000d5580000)
  object space 1398272K, 0% used [0x0000000080000000,0x0000000080018010,0x00000000d5580000)
 Metaspace       used 20926K, capacity 21107K, committed 21296K, reserved 1069056K
  class space    used 2327K, capacity 2364K, committed 2432K, reserved 1048576K
Event: 4.097 GC heap after
Heap after GC invocations=4 (full 1):
 PSYoungGen      total 611840K, used 0K [0x00000000d5580000, 0x0000000100000000, 0x0000000100000000)
  eden space 524800K, 0% used [0x00000000d5580000,0x00000000d5580000,0x00000000f5600000)
  from space 87040K, 0% used [0x00000000f5600000,0x00000000f5600000,0x00000000fab00000)
  to   space 87040K, 0% used [0x00000000fab00000,0x00000000fab00000,0x0000000100000000)
 ParOldGen       total 1398272K, used 16059K [0x0000000080000000, 0x00000000d5580000, 0x00000000d5580000)
  object space 1398272K, 1% used [0x0000000080000000,0x0000000080faef38,0x00000000d5580000)
 Metaspace       used 20926K, capacity 21107K, committed 21296K, reserved 1069056K
  class space    used 2327K, capacity 2364K, committed 2432K, reserved 1048576K
}

Deoptimization events (10 events):
Event: 7.011 Thread 0x000000005b693000 Uncommon trap: reason=class_check action=maybe_recompile pc=0x00000000034115a0 method=gov.nasa.worldwind.terrain.RectangularTessellator.renderTrianglesWithUniqueColors(Lgov/nasa/worldwind/render/DrawContext;Lgov/nasa/worldwind/terrain/RectangularTessellato4%{ji@
Event: 7.028 Thread 0x000000005b693000 Uncommon trap: reason=class_check action=maybe_recompile pc=0x00000000033eaaa4 method=gov.nasa.worldwind.terrain.RectangularTessellator.renderTrianglesWithUniqueColors(Lgov/nasa/worldwind/render/DrawContext;Lgov/nasa/worldwind/terrain/RectangularTessellatoà6QAj*@
Event: 13.208 Thread 0x000000005b693000 Uncommon trap: reason=class_check action=maybe_recompile pc=0x00000000033250d4 method=java.util.ResourceBundle$CacheKey.getLoader()Ljava/lang/ClassLoader; @ 14
Event: 13.208 Thread 0x000000005b693000 Uncommon trap: reason=class_check action=maybe_recompile pc=0x00000000033250d4 method=java.util.ResourceBundle$CacheKey.getLoader()Ljava/lang/ClassLoader; @ 14
Event: 13.208 Thread 0x000000005b693000 Uncommon trap: reason=null_check action=make_not_entrant pc=0x00000000033a8194 method=java.util.ResourceBundle.findBundleInCache(Ljava/util/ResourceBundle$CacheKey;Ljava/util/ResourceBundle$Control;)Ljava/util/ResourceBundle; @ 9
Event: 13.208 Thread 0x000000005b693000 Uncommon trap: reason=class_check action=maybe_recompile pc=0x00000000033250d4 method=java.util.ResourceBundle$CacheKey.getLoader()Ljava/lang/ClassLoader; @ 14
Event: 13.208 Thread 0x000000005b693000 Uncommon trap: reason=null_check action=make_not_entrant pc=0x00000000033a8194 method=java.util.ResourceBundle.findBundleInCache(Ljava/util/ResourceBundle$CacheKey;Ljava/util/ResourceBundle$Control;)Ljava/util/ResourceBundle; @ 9
Event: 13.208 Thread 0x000000005b693000 Uncommon trap: reason=class_check action=maybe_recompile pc=0x00000000033250d4 method=java.util.ResourceBundle$CacheKey.getLoader()Ljava/lang/ClassLoader; @ 14
Event: 13.208 Thread 0x000000005b693000 Uncommon trap: reason=null_check action=make_not_entrant pc=0x00000000033a8194 method=java.util.ResourceBundle.findBundleInCache(Ljava/util/ResourceBundle$CacheKey;Ljava/util/ResourceBundle$Control;)Ljava/util/ResourceBundle; @ 9
Event: 13.209 Thread 0x000000005b693000 Uncommon trap: reason=class_check action=maybe_recompile pc=0x0000000002dacc38 method=java.util.regex.Pattern$Start.match(Ljava/util/regex/Matcher;ILjava/lang/CharSequence;)Z @ 44

Internal exceptions (10 events):
Event: 6.675 Thread 0x000000005b693000 Exception <a 'java/security/PrivilegedActionException'> (0x00000000ddc7a8d0) thrown at [D:\re\workspace\8-2-build-windows-amd64-cygwin\jdk8u5\2488\hotspot\src\share\vm\prims\jvm.cpp, line 1248]
Event: 6.676 Thread 0x000000005b693000 Exception <a 'java/security/PrivilegedActionException'> (0x00000000ddc80960) thrown at [D:\re\workspace\8-2-build-windows-amd64-cygwin\jdk8u5\2488\hotspot\src\share\vm\prims\jvm.cpp, line 1248]
Event: 6.677 Thread 0x000000005b693000 Exception <a 'java/security/PrivilegedActionException'> (0x00000000ddc86af0) thrown at [D:\re\workspace\8-2-build-windows-amd64-cygwin\jdk8u5\2488\hotspot\src\share\vm\prims\jvm.cpp, line 1248]
Event: 12.275 Thread 0x000000005b693000 Exception <a 'java/security/PrivilegedActionException'> (0x00000000dfd3ea50) thrown at [D:\re\workspace\8-2-build-windows-amd64-cygwin\jdk8u5\2488\hotspot\src\share\vm\prims\jvm.cpp, line 1248]
Event: 13.208 Thread 0x000000005b693000 Implicit null exception at 0x00000000033a7d8c to 0x00000000033a816f
Event: 13.208 Thread 0x000000005b693000 Exception <a 'java/security/PrivilegedActionException'> (0x00000000e2ea8598) thrown at [D:\re\workspace\8-2-build-windows-amd64-cygwin\jdk8u5\2488\hotspot\src\share\vm\prims\jvm.cpp, line 1248]
Event: 13.208 Thread 0x000000005b693000 Exception <a 'java/security/PrivilegedActionException'> (0x00000000e2eab0e8) thrown at [D:\re\workspace\8-2-build-windows-amd64-cygwin\jdk8u5\2488\hotspot\src\share\vm\prims\jvm.cpp, line 1248]
Event: 13.208 Thread 0x000000005b693000 Implicit null exception at 0x00000000033a7d8c to 0x00000000033a816f
Event: 13.208 Thread 0x000000005b693000 Exception <a 'java/security/PrivilegedActionException'> (0x00000000e2eae788) thrown at [D:\re\workspace\8-2-build-windows-amd64-cygwin\jdk8u5\2488\hotspot\src\share\vm\prims\jvm.cpp, line 1248]
Event: 13.208 Thread 0x000000005b693000 Exception <a 'java/security/PrivilegedActionException'> (0x00000000e2eb1290) thrown at [D:\re\workspace\8-2-build-windows-amd64-cygwin\jdk8u5\2488\hotspot\src\share\vm\prims\jvm.cpp, line 1248]

Events (10 events):
Event: 13.209 Thread 0x000000005b693000 DEOPT PACKING pc=0x0000000002dacc38 sp=0x000000006120bed0
Event: 13.209 Thread 0x000000005b693000 DEOPT UNPACKING pc=0x00000000028673ef sp=0x000000006120be50 mode 2
Event: 13.209 loading class java/util/Formatter$DateTime
Event: 13.209 loading class java/util/Formatter$DateTime done
Event: 13.209 loading class java/util/Formattable
Event: 13.209 loading class java/util/Formattable done
Event: 13.317 Executing VM operation: BulkRevokeBias
Event: 13.317 Executing VM operation: BulkRevokeBias done
Event: 13.338 Executing VM operation: BulkRevokeBias
Event: 13.338 Executing VM operation: BulkRevokeBias done


Dynamic libraries:
0x000000013f520000 - 0x000000013f554000 	C:\Program Files\Java\jre8\bin\javaw.exe
0x0000000077600000 - 0x00000000777a9000 	C:\Windows\SYSTEM32\ntdll.dll
0x00000000774e0000 - 0x00000000775ff000 	C:\Windows\system32\kernel32.dll
0x000007fefd760000 - 0x000007fefd7cc000 	C:\Windows\system32\KERNELBASE.dll
0x000007fefd920000 - 0x000007fefd9fb000 	C:\Windows\system32\ADVAPI32.dll
0x000007feff790000 - 0x000007feff82f000 	C:\Windows\system32\msvcrt.dll
0x000007fefeee0000 - 0x000007fefeeff000 	C:\Windows\SYSTEM32\sechost.dll
0x000007feff010000 - 0x000007feff13d000 	C:\Windows\system32\RPCRT4.dll
0x00000000773e0000 - 0x00000000774da000 	C:\Windows\system32\USER32.dll
0x000007feff490000 - 0x000007feff4f7000 	C:\Windows\system32\GDI32.dll
0x000007feff480000 - 0x000007feff48e000 	C:\Windows\system32\LPK.dll
0x000007feff840000 - 0x000007feff909000 	C:\Windows\system32\USP10.dll
0x000007fefbfe0000 - 0x000007fefc1d4000 	C:\Windows\WinSxS\amd64_microsoft.windows.common-controls_6595b64144ccf1df_6.0.7601.17514_none_fa396087175ac9ac\COMCTL32.dll
0x000007fefd8a0000 - 0x000007fefd911000 	C:\Windows\system32\SHLWAPI.dll
0x000007fefd870000 - 0x000007fefd89e000 	C:\Windows\system32\IMM32.DLL
0x000007fefef00000 - 0x000007feff009000 	C:\Windows\system32\MSCTF.dll
0x0000000073a10000 - 0x0000000073a90000 	c:\program files (x86)\f-secure\hips\fshook64.dll
0x00000000777c0000 - 0x00000000777c7000 	C:\Windows\system32\PSAPI.DLL
0x00000000678f0000 - 0x00000000679c2000 	C:\Program Files\Java\jre8\bin\msvcr100.dll
0x00000000637e0000 - 0x000000006400a000 	C:\Program Files\Java\jre8\bin\server\jvm.dll
0x000007fefa380000 - 0x000007fefa389000 	C:\Windows\system32\WSOCK32.dll
0x000007fefed20000 - 0x000007fefed6d000 	C:\Windows\system32\WS2_32.dll
0x000007feff830000 - 0x000007feff838000 	C:\Windows\system32\NSI.dll
0x000007fefaf60000 - 0x000007fefaf9b000 	C:\Windows\system32\WINMM.dll
0x00000000715b0000 - 0x00000000715bf000 	C:\Program Files\Java\jre8\bin\verify.dll
0x0000000071580000 - 0x00000000715a8000 	C:\Program Files\Java\jre8\bin\java.dll
0x0000000071560000 - 0x0000000071576000 	C:\Program Files\Java\jre8\bin\zip.dll
0x000007fefdc40000 - 0x000007fefe9c8000 	C:\Windows\system32\SHELL32.dll
0x000007feff580000 - 0x000007feff783000 	C:\Windows\system32\ole32.dll
0x000007fefd410000 - 0x000007fefd41f000 	C:\Windows\system32\profapi.dll
0x00000000728f0000 - 0x0000000072a86000 	C:\Program Files\Java\jre8\bin\awt.dll
0x000007feff140000 - 0x000007feff217000 	C:\Windows\system32\OLEAUT32.dll
0x000007fefb850000 - 0x000007fefb868000 	C:\Windows\system32\DWMAPI.DLL
0x000007fefbdb0000 - 0x000007fefbe06000 	C:\Windows\system32\uxtheme.dll
0x000007fefd2b0000 - 0x000007fefd2bf000 	C:\Windows\system32\CRYPTBASE.dll
0x000007fef7900000 - 0x000007fef7aff000 	C:\Windows\system32\d3d9.dll
0x000007fefc4d0000 - 0x000007fefc4dc000 	C:\Windows\system32\VERSION.dll
0x000007fef8b70000 - 0x000007fef8b77000 	C:\Windows\system32\d3d8thk.dll
0x000007feebe60000 - 0x000007feeccfb000 	C:\Windows\system32\nvd3dumx.dll
0x000007fefb550000 - 0x000007fefb57c000 	C:\Windows\system32\powrprof.dll
0x000007fefda60000 - 0x000007fefdc37000 	C:\Windows\system32\SETUPAPI.dll
0x000007fefd480000 - 0x000007fefd4b6000 	C:\Windows\system32\CFGMGR32.dll
0x000007fefd450000 - 0x000007fefd46a000 	C:\Windows\system32\DEVOBJ.dll
0x000007fefccf0000 - 0x000007fefcd07000 	C:\Windows\system32\CRYPTSP.dll
0x000007fefc910000 - 0x000007fefc957000 	C:\Windows\system32\rsaenh.dll
0x000007fefd740000 - 0x000007fefd75e000 	C:\Windows\system32\USERENV.dll
0x0000000071540000 - 0x000000007155a000 	C:\Program Files\Java\jre8\bin\net.dll
0x000007fefcc90000 - 0x000007fefcce5000 	C:\Windows\system32\mswsock.dll
0x000007fefcc80000 - 0x000007fefcc87000 	C:\Windows\System32\wship6.dll
0x000007fefafb0000 - 0x000007fefafd7000 	C:\Windows\system32\IPHLPAPI.DLL
0x000007fefaee0000 - 0x000007fefaeeb000 	C:\Windows\system32\WINNSI.DLL
0x000007fefa830000 - 0x000007fefa841000 	C:\Windows\system32\dhcpcsvc6.DLL
0x000007fefa460000 - 0x000007fefa478000 	C:\Windows\system32\dhcpcsvc.DLL
0x0000000071520000 - 0x0000000071531000 	C:\Program Files\Java\jre8\bin\nio.dll
0x00000000637c0000 - 0x00000000637cd000 	C:\Users\alberto.debiasi\AppData\Local\Temp\jogamp_0000\file_cache\jln5350402083612825647\jln1714346747792132480\gluegen-rt.dll
0x0000000073aa0000 - 0x0000000073aa7000 	C:\Program Files\Java\jre8\bin\jawt.dll
0x000000006a440000 - 0x000000006a44d000 	C:\Users\alberto.debiasi\AppData\Local\Temp\jogamp_0000\file_cache\jln5350402083612825647\jln1714346747792132480\nativewindow_awt.dll
0x000000006c100000 - 0x000000006c10f000 	C:\Users\alberto.debiasi\AppData\Local\Temp\jogamp_0000\file_cache\jln5350402083612825647\jln1714346747792132480\nativewindow_win32.dll
0x000007fef0850000 - 0x000007fef096d000 	C:\Windows\system32\OpenGL32.dll
0x000007fef8170000 - 0x000007fef819d000 	C:\Windows\system32\GLU32.dll
0x000007fef0fa0000 - 0x000007fef1091000 	C:\Windows\system32\DDRAW.dll
0x000007fef9060000 - 0x000007fef9068000 	C:\Windows\system32\DCIMAN32.dll
0x0000000064500000 - 0x00000000645a0000 	C:\Users\alberto.debiasi\AppData\Local\Temp\jogamp_0000\file_cache\jln5350402083612825647\jln1714346747792132480\jogl_desktop.dll
0x000000005f510000 - 0x0000000060a84000 	C:\Windows\system32\nvoglv64.DLL
0x000007fefd580000 - 0x000007fefd5ba000 	C:\Windows\system32\WINTRUST.dll
0x000007fefd5c0000 - 0x000007fefd72c000 	C:\Windows\system32\CRYPT32.dll
0x000007fefd420000 - 0x000007fefd42f000 	C:\Windows\system32\MSASN1.dll
0x000007fefc5a0000 - 0x000007fefc5a7000 	C:\Windows\System32\wshtcpip.dll
0x000007fefca70000 - 0x000007fefcacb000 	C:\Windows\system32\DNSAPI.dll
0x000007fef9ce0000 - 0x000007fef9ce8000 	C:\Windows\system32\rasadhlp.dll
0x000007fefae80000 - 0x000007fefaed3000 	C:\Windows\System32\fwpuclnt.dll
0x0000000072f70000 - 0x0000000072fb7000 	C:\Program Files\Java\jre8\bin\fontmanager.dll
0x0000000072f20000 - 0x0000000072f61000 	C:\Program Files\Java\jre8\bin\t2k.dll
0x000007fefd7d0000 - 0x000007fefd869000 	C:\Windows\system32\CLBCatQ.DLL
0x000007fef68f0000 - 0x000007fef6a15000 	C:\Windows\system32\dbghelp.dll

VM Arguments:
jvm_args: -Xms2g -Xmx2g -Dfile.encoding=Cp1252 
java_command: it.graphitech.smeSpire.Main_STANDALONE_v3
java_class_path (initial): C:\Users\alberto.debiasi\Dropbox\PHD\workspace\ArcMapClutterReduction_v3\bin;C:\Users\alberto.debiasi\Dropbox\PHD\workspace\ArcMapClutterReduction_v3\lib\worldwind_2_0\gdal.jar;C:\Users\alberto.debiasi\Dropbox\PHD\workspace\ArcMapClutterReduction_v3\lib\worldwind_2_0\gluegen-rt-natives-linux-amd64.jar;C:\Users\alberto.debiasi\Dropbox\PHD\workspace\ArcMapClutterReduction_v3\lib\worldwind_2_0\gluegen-rt-natives-linux-i586.jar;C:\Users\alberto.debiasi\Dropbox\PHD\workspace\ArcMapClutterReduction_v3\lib\worldwind_2_0\gluegen-rt-natives-macosx-universal.jar;C:\Users\alberto.debiasi\Dropbox\PHD\workspace\ArcMapClutterReduction_v3\lib\worldwind_2_0\gluegen-rt-natives-windows-amd64.jar;C:\Users\alberto.debiasi\Dropbox\PHD\workspace\ArcMapClutterReduction_v3\lib\worldwind_2_0\gluegen-rt-natives-windows-i586.jar;C:\Users\alberto.debiasi\Dropbox\PHD\workspace\ArcMapClutterReduction_v3\lib\worldwind_2_0\gluegen-rt.jar;C:\Users\alberto.debiasi\Dropbox\PHD\workspace\ArcMapClutterReduction_v3\lib\worldwind_2_0\jogl-all-natives-linux-amd64.jar;C:\Users\alberto.debiasi\Dropbox\PHD\workspace\ArcMapClutterReduction_v3\lib\worldwind_2_0\jogl-all-natives-linux-i586.jar;C:\Users\alberto.debiasi\Dropbox\PHD\workspace\ArcMapClutterReduction_v3\lib\worldwind_2_0\jogl-all-natives-macosx-universal.jar;C:\Users\alberto.debiasi\Dropbox\PHD\workspace\ArcMapClutterReduction_v3\lib\worldwind_2_0\jogl-all-natives-windows-amd64.jar;C:\Users\alberto.debiasi\Dropbox\PHD\workspace\ArcMapClutterReduction_v3\lib\worldwind_2_0\jogl-all-natives-windows-i586.jar;C:\Users\alberto.debiasi\Dropbox\PHD\workspace\ArcMapClutterReduction_v3\lib\worldwind_2_0\jogl-all.jar;C:\Users\alberto.debiasi\Dropbox\PHD\workspace\ArcMapClutterReduction_v3\lib\worldwind_2_0\plugin.jar;C:\Users\alberto.debiasi\Dropbox\PHD\workspace\ArcMapClutterReduction_v3\lib\worldwind_2_0\vpf-symbols.jar;C:\Users\alberto.debiasi\Dropbox\PHD\workspace\ArcMapClutterReduction_v3\lib\worldwind_2_0\worldwind.jar;C:\Use
Launcher Type: SUN_STANDARD

Environment Variables:
PATH=C:\R\R-3.1.0\Rtools\bin;C:\R\R-3.1.0\Rtools\gcc-4.6.3\bin;C:\R\R-3.1.0\bin;C:\Program Files (x86)\MiKTeX 2.9\miktex\bin\;C:\texlive\2013\bin\win32;C:\Windows\system32;C:\Windows;C:\Windows\System32\Wbem;C:\Windows\System32\WindowsPowerShell\v1.0\;C:\Program Files (x86)\Git\cmd;C:\Program Files\TortoiseGit\bin;C:\Program Files\TortoiseSVN\bin;c:\Program Files (x86)\Microsoft SQL Server\100\Tools\Binn\;c:\Program Files\Microsoft SQL Server\100\Tools\Binn\;c:\Program Files\Microsoft SQL Server\100\DTS\Binn\
USERNAME=alberto.debiasi
OS=Windows_NT
PROCESSOR_IDENTIFIER=Intel64 Family 6 Model 26 Stepping 5, GenuineIntel



---------------  S Y S T E M  ---------------

OS: Windows 7 , 64 bit Build 7601 Service Pack 1

CPU:total 8 (4 cores per cpu, 2 threads per core) family 6 model 26 stepping 5, cmov, cx8, fxsr, mmx, sse, sse2, sse3, ssse3, sse4.1, sse4.2, popcnt, ht, tsc, tscinvbit

Memory: 4k page, physical 12580444k(6404260k free), swap 25159024k(16420220k free)

vm_info: Java HotSpot(TM) 64-Bit Server VM (25.5-b02) for windows-amd64 JRE (1.8.0_05-b13), built on Mar 18 2014 01:08:39 by "java_re" with MS VC++ 10.0 (VS2010)

time: Fri Sep 26 11:29:28 2014
elapsed time: 13 seconds

