#
# A fatal error has been detected by the Java Runtime Environment:
#
#  EXCEPTION_ACCESS_VIOLATION (0xc0000005) at pc=0x000000002260e274, pid=3128, tid=472
#
# JRE version: Java(TM) SE Runtime Environment (8.0_05-b13) (build 1.8.0_05-b13)
# Java VM: Java HotSpot(TM) 64-Bit Server VM (25.5-b02 mixed mode windows-amd64 compressed oops)
# Problematic frame:
# C  [nvoglv64.DLL+0xb9e274]
#
# Failed to write core dump. Minidumps are not enabled by default on client versions of Windows
#
# If you would like to submit a bug report, please visit:
#   http://bugreport.sun.com/bugreport/crash.jsp
# The crash happened outside the Java Virtual Machine in native code.
# See problematic frame for where to report the bug.
#

---------------  T H R E A D  ---------------

Current thread (0x000000001de08800):  JavaThread "AWT-EventQueue-0" [_thread_in_native, id=472, stack(0x0000000026460000,0x0000000026560000)]

siginfo: ExceptionCode=0xc0000005, reading address 0x000000003897fffc

Registers:
RAX=0x0000000000000028, RBX=0x000000002c66ef90, RCX=0x0000000038ade4e8, RDX=0xffffffffffea1b2c
RSP=0x000000002655ba38, RBP=0x000000001cd80000, RSI=0x000000001cd80000, RDI=0x0000000024c0dfe0
R8 =0x000000000015eae8, R9 =0x0000000000000000, R10=0x0000000000000000, R11=0x0000000038980000
R12=0x0000000000000000, R13=0x00000000003e1aec, R14=0x0000000000000000, R15=0x0000000038821b2c
RIP=0x000000002260e274, EFLAGS=0x0000000000010206

Top of Stack: (sp=0x000000002655ba38)
0x000000002655ba38:   00000000222ec1af 0000000024c0dfe0
0x000000002655ba48:   00000000774edff7 000000002c66ef90
0x000000002655ba58:   0000000000000000 3f65dd2b9c378e0c
0x000000002655ba68:   0000000000000000 0000000038821b2c
0x000000002655ba78:   0000000000000000 0000000000000000
0x000000002655ba88:   000000000049f530 0000000000000000
0x000000002655ba98:   000000001de08800 0000000000000000
0x000000002655baa8:   00000000000088e4 0000000038821b2c
0x000000002655bab8:   000000001cd80000 00000000003e1aec
0x000000002655bac8:   00000000003e1aec 000000002c66ef90
0x000000002655bad8:   00000000222ec573 000000002c66ef00
0x000000002655bae8:   00000000003e1a00 0000000000000000
0x000000002655baf8:   00000000003e1aec 0000000038821b2c
0x000000002655bb08:   000000000f00000f 000000002c66efea
0x000000002655bb18:   00000000221028f5 000000002c66ef90
0x000000002655bb28:   000000001cd80000 00000000000001d8 

Instructions: (pc=0x000000002260e274)
0x000000002260e254:   48 81 c1 00 10 00 00 b8 40 00 00 00 4c 8b 4c 0a
0x000000002260e264:   f8 4c 8b 54 0a f0 4c 0f c3 49 f8 4c 0f c3 51 f0
0x000000002260e274:   4c 8b 4c 0a e8 4c 8b 54 0a e0 4c 0f c3 49 e8 4c
0x000000002260e284:   0f c3 51 e0 4c 8b 4c 0a d8 4c 8b 54 0a d0 48 83 


Register to memory mapping:

RAX=0x0000000000000028 is an unknown value
RBX=0x000000002c66ef90 is an unknown value
RCX=0x0000000038ade4e8 is an unknown value
RDX=0xffffffffffea1b2c is an unknown value
RSP=0x000000002655ba38 is pointing into the stack for thread: 0x000000001de08800
RBP=0x000000001cd80000 is pointing into the stack for thread: 0x000000001b24a000
RSI=0x000000001cd80000 is pointing into the stack for thread: 0x000000001b24a000
RDI=0x0000000024c0dfe0 is an unknown value
R8 =0x000000000015eae8 is an unknown value
R9 =0x0000000000000000 is an unknown value
R10=0x0000000000000000 is an unknown value
R11=0x0000000038980000 is an unknown value
R12=0x0000000000000000 is an unknown value
R13=0x00000000003e1aec is an unknown value
R14=0x0000000000000000 is an unknown value
R15=0x0000000038821b2c is an unknown value


Stack: [0x0000000026460000,0x0000000026560000],  sp=0x000000002655ba38,  free space=1006k
Native frames: (J=compiled Java code, j=interpreted, Vv=VM code, C=native code)
C  [nvoglv64.DLL+0xb9e274]

Java frames: (J=compiled Java code, j=interpreted, Vv=VM code)
J 3823  jogamp.opengl.gl4.GL4bcImpl.dispatch_glBufferData(IJLjava/lang/Object;IZIJ)V (0 bytes) @ 0x00000000034e9433 [0x00000000034e93c0+0x73]
J 3821 C1 jogamp.opengl.gl4.GL4bcImpl$1.create(IJLjava/nio/Buffer;IJ)V (56 bytes) @ 0x0000000003501b14 [0x0000000003501880+0x294]
J 3656 C1 jogamp.opengl.GLBufferObjectTracker.createBufferStorage(Ljogamp/opengl/GLBufferStateTracker;Ljavax/media/opengl/GL;IJLjava/nio/Buffer;IILjogamp/opengl/GLBufferObjectTracker$CreateStorageDispatch;J)V (398 bytes) @ 0x000000000345becc [0x0000000003459c60+0x226c]
J 3655 C1 jogamp.opengl.gl4.GL4bcImpl.glBufferData(IJLjava/nio/Buffer;I)V (71 bytes) @ 0x0000000003458894 [0x0000000003457ca0+0xbf4]
j  it.graphitech.smeSpire.layers.MyRenderableLayer.bindData(Lgov/nasa/worldwind/render/DrawContext;ILjava/nio/FloatBuffer;I)V+33
J 4156 C1 it.graphitech.smeSpire.layers.MyRenderableLayer.doRenderNow(Lgov/nasa/worldwind/render/DrawContext;)V (753 bytes) @ 0x000000000368bab4 [0x00000000036876e0+0x43d4]
J 4260 C1 it.graphitech.smeSpire.layers.MyRenderableLayer.doRender(Lgov/nasa/worldwind/render/DrawContext;)V (81 bytes) @ 0x0000000003743864 [0x0000000003743480+0x3e4]
J 2921 C1 gov.nasa.worldwind.layers.AbstractLayer.render(Lgov/nasa/worldwind/render/DrawContext;)V (123 bytes) @ 0x00000000032305a4 [0x000000000322ece0+0x18c4]
J 3411 C1 it.graphitech.shader.ShadingDecorator.render(Lgov/nasa/worldwind/render/DrawContext;Lgov/nasa/worldwind/layers/Layer;)V (311 bytes) @ 0x0000000003355f4c [0x00000000033548e0+0x166c]
J 3027 C1 it.graphitech.shader.DecoratedLayer.render(Lgov/nasa/worldwind/render/DrawContext;)V (13 bytes) @ 0x000000000325cd9c [0x000000000325cd00+0x9c]
J 4192 C1 it.graphitech.core.MyAbstractSceneController.draw(Lgov/nasa/worldwind/render/DrawContext;)V (371 bytes) @ 0x00000000036d5e2c [0x00000000036d59a0+0x48c]
j  it.graphitech.core.MyBasicSceneController.doRepaint(Lgov/nasa/worldwind/render/DrawContext;)V+68
j  it.graphitech.core.MyAbstractSceneController.repaint()I+58
j  gov.nasa.worldwind.WorldWindowGLAutoDrawable.doDisplay()I+4
j  gov.nasa.worldwind.WorldWindowGLAutoDrawable.display(Ljavax/media/opengl/GLAutoDrawable;)V+122
j  jogamp.opengl.GLDrawableHelper.displayImpl(Ljavax/media/opengl/GLAutoDrawable;)V+81
j  jogamp.opengl.GLDrawableHelper.display(Ljavax/media/opengl/GLAutoDrawable;)V+2
j  javax.media.opengl.awt.GLCanvas$10.run()V+118
j  jogamp.opengl.GLDrawableHelper.invokeGLImpl(Ljavax/media/opengl/GLDrawable;Ljavax/media/opengl/GLContext;Ljava/lang/Runnable;Ljava/lang/Runnable;)V+206
j  jogamp.opengl.GLDrawableHelper.invokeGL(Ljavax/media/opengl/GLDrawable;Ljavax/media/opengl/GLContext;Ljava/lang/Runnable;Ljava/lang/Runnable;)V+80
j  javax.media.opengl.awt.GLCanvas$11.run()V+73
j  javax.media.opengl.Threading.invoke(ZLjava/lang/Runnable;Ljava/lang/Object;)V+33
j  javax.media.opengl.awt.GLCanvas.display()V+64
j  javax.media.opengl.awt.GLCanvas.paint(Ljava/awt/Graphics;)V+137
j  javax.media.opengl.awt.GLCanvas.update(Ljava/awt/Graphics;)V+2
j  sun.awt.RepaintArea.updateComponent(Ljava/awt/Component;Ljava/awt/Graphics;)V+6
j  sun.awt.RepaintArea.paint(Ljava/lang/Object;Z)V+263
J 3276 C1 sun.awt.windows.WComponentPeer.handleEvent(Ljava/awt/AWTEvent;)V (173 bytes) @ 0x00000000032dcdcc [0x00000000032dc100+0xccc]
J 3303 C1 java.awt.Component.dispatchEventImpl(Ljava/awt/AWTEvent;)V (883 bytes) @ 0x00000000032f5e6c [0x00000000032ef5a0+0x68cc]
J 3213 C1 java.awt.EventQueue.dispatchEventImpl(Ljava/awt/AWTEvent;Ljava/lang/Object;)V (149 bytes) @ 0x00000000029fc094 [0x00000000029faa40+0x1654]
J 3211 C1 java.awt.EventQueue$3.run()Ljava/lang/Void; (60 bytes) @ 0x000000000291e24c [0x000000000291e040+0x20c]
J 3210 C1 java.awt.EventQueue$3.run()Ljava/lang/Object; (5 bytes) @ 0x0000000002afcac4 [0x0000000002afca40+0x84]
v  ~StubRoutines::call_stub
J 1381  java.security.AccessController.doPrivileged(Ljava/security/PrivilegedAction;Ljava/security/AccessControlContext;)Ljava/lang/Object; (0 bytes) @ 0x0000000002d00f26 [0x0000000002d00ec0+0x66]
J 2906 C1 java.security.ProtectionDomain$1.doIntersectionPrivilege(Ljava/security/PrivilegedAction;Ljava/security/AccessControlContext;Ljava/security/AccessControlContext;)Ljava/lang/Object; (32 bytes) @ 0x00000000032172d4 [0x0000000003216fe0+0x2f4]
J 3256 C1 java.awt.EventQueue$4.run()Ljava/lang/Object; (5 bytes) @ 0x00000000029cf334 [0x00000000029cef60+0x3d4]
v  ~StubRoutines::call_stub
J 1381  java.security.AccessController.doPrivileged(Ljava/security/PrivilegedAction;Ljava/security/AccessControlContext;)Ljava/lang/Object; (0 bytes) @ 0x0000000002d00f26 [0x0000000002d00ec0+0x66]
J 3097 C1 java.awt.EventQueue.dispatchEvent(Ljava/awt/AWTEvent;)V (80 bytes) @ 0x0000000003297b24 [0x0000000003296f00+0xc24]
J 3218 C1 java.awt.EventDispatchThread.pumpOneEventForFilters(I)V (295 bytes) @ 0x00000000029049a4 [0x0000000002902e80+0x1b24]
j  java.awt.EventDispatchThread.pumpEventsForFilter(ILjava/awt/Conditional;Ljava/awt/EventFilter;)V+35
j  java.awt.EventDispatchThread.pumpEventsForHierarchy(ILjava/awt/Conditional;Ljava/awt/Component;)V+11
j  java.awt.EventDispatchThread.pumpEvents(ILjava/awt/Conditional;)V+4
j  java.awt.EventDispatchThread.pumpEvents(Ljava/awt/Conditional;)V+3
j  java.awt.EventDispatchThread.run()V+9
v  ~StubRoutines::call_stub

---------------  P R O C E S S  ---------------

Java Threads: ( => current thread )
  0x000000001d85d800 JavaThread "Idle World Wind Task " daemon [_thread_blocked, id=4600, stack(0x000000002bc00000,0x000000002bd00000)]
  0x000000001e5a6000 JavaThread "Idle World Wind Task " daemon [_thread_blocked, id=700, stack(0x00000000617d0000,0x00000000618d0000)]
  0x000000001e5a5800 JavaThread "Idle World Wind Task " daemon [_thread_blocked, id=5032, stack(0x0000000061650000,0x0000000061750000)]
  0x000000001e5a4000 JavaThread "Idle World Wind Task " daemon [_thread_blocked, id=4624, stack(0x000000002bec0000,0x000000002bfc0000)]
  0x000000001e5a3000 JavaThread "Idle World Wind Task " daemon [_thread_blocked, id=2188, stack(0x000000002bd00000,0x000000002be00000)]
  0x000000001e5a2800 JavaThread "Idle World Wind Task " daemon [_thread_blocked, id=4564, stack(0x000000002bb00000,0x000000002bc00000)]
  0x000000001e5a1800 JavaThread "Idle World Wind Task " daemon [_thread_blocked, id=3900, stack(0x000000002b000000,0x000000002b100000)]
  0x000000001e5a1000 JavaThread "Idle World Wind Task " daemon [_thread_blocked, id=3328, stack(0x000000002b120000,0x000000002b220000)]
  0x000000001e5a0000 JavaThread "D3D Screen Updater" daemon [_thread_blocked, id=4036, stack(0x0000000028930000,0x0000000028a30000)]
  0x000000001e59f800 JavaThread "DestroyJavaVM" [_thread_blocked, id=2020, stack(0x0000000002420000,0x0000000002520000)]
  0x000000001e59e800 JavaThread "Thread-40" daemon [_thread_in_native, id=1584, stack(0x0000000028d30000,0x0000000028e30000)]
  0x000000001e59e000 JavaThread "Thread-39" daemon [_thread_in_native, id=1184, stack(0x0000000028c20000,0x0000000028d20000)]
  0x000000001e59d000 JavaThread "Thread-38" [_thread_blocked, id=4772, stack(0x0000000028a70000,0x0000000028b70000)]
  0x000000001e59c800 JavaThread "Thread-37" daemon [_thread_in_native, id=3676, stack(0x0000000028810000,0x0000000028910000)]
  0x000000001e59b800 JavaThread "Thread-36" [_thread_blocked, id=544, stack(0x0000000028250000,0x0000000028350000)]
  0x000000001e59b000 JavaThread "Thread-35" daemon [_thread_in_native, id=3980, stack(0x0000000028600000,0x0000000028700000)]
  0x000000001e59a000 JavaThread "Thread-33" daemon [_thread_in_native, id=3140, stack(0x00000000284f0000,0x00000000285f0000)]
  0x000000001e599800 JavaThread "Thread-34" [_thread_blocked, id=1028, stack(0x0000000028370000,0x0000000028470000)]
  0x000000001e598800 JavaThread "Thread-32" [_thread_blocked, id=4368, stack(0x00000000280e0000,0x00000000281e0000)]
  0x000000001e598000 JavaThread "Thread-31" [_thread_blocked, id=396, stack(0x0000000025a90000,0x0000000025b90000)]
  0x000000001e597000 JavaThread "Thread-30" daemon [_thread_in_native, id=4748, stack(0x0000000027fd0000,0x00000000280d0000)]
  0x000000001de14800 JavaThread "Thread-29" [_thread_blocked, id=3024, stack(0x0000000027e00000,0x0000000027f00000)]
  0x000000001de13800 JavaThread "Thread-28" daemon [_thread_in_native, id=756, stack(0x0000000027c50000,0x0000000027d50000)]
  0x000000001de13000 JavaThread "Thread-27" [_thread_blocked, id=4688, stack(0x0000000025d40000,0x0000000025e40000)]
  0x000000001de12000 JavaThread "Thread-26" daemon [_thread_in_native, id=2844, stack(0x0000000027b20000,0x0000000027c20000)]
  0x000000001de11800 JavaThread "Thread-25" [_thread_blocked, id=1664, stack(0x0000000027a20000,0x0000000027b20000)]
  0x000000001de10800 JavaThread "Thread-24" daemon [_thread_in_native, id=4016, stack(0x0000000027870000,0x0000000027970000)]
  0x000000001de10000 JavaThread "Thread-23" [_thread_blocked, id=4064, stack(0x00000000276d0000,0x00000000277d0000)]
  0x000000001de0f000 JavaThread "Thread-22" daemon [_thread_in_native, id=3236, stack(0x0000000025be0000,0x0000000025ce0000)]
  0x000000001de0e800 JavaThread "Thread-21" [_thread_blocked, id=3348, stack(0x0000000025990000,0x0000000025a90000)]
  0x000000001de0d800 JavaThread "Thread-20" daemon [_thread_in_native, id=3804, stack(0x0000000025600000,0x0000000025700000)]
  0x000000001de0d000 JavaThread "Thread-19" [_thread_blocked, id=3700, stack(0x0000000021400000,0x0000000021500000)]
  0x000000001de09000 JavaThread "Thread-18" daemon [_thread_in_native, id=3604, stack(0x0000000025850000,0x0000000025950000)]
  0x000000001de05800 JavaThread "Thread-17" [_thread_blocked, id=704, stack(0x0000000025740000,0x0000000025840000)]
  0x000000001de0c000 JavaThread "Thread-16" daemon [_thread_in_native, id=740, stack(0x00000000254b0000,0x00000000255b0000)]
  0x000000001de0b800 JavaThread "Thread-15" [_thread_blocked, id=1980, stack(0x000000001cfb0000,0x000000001d0b0000)]
=>0x000000001de08800 JavaThread "AWT-EventQueue-0" [_thread_in_native, id=472, stack(0x0000000026460000,0x0000000026560000)]
  0x000000001de07800 JavaThread "AWT-Shutdown" [_thread_blocked, id=4196, stack(0x00000000252e0000,0x00000000253e0000)]
  0x000000001de07000 JavaThread "Thread-13" daemon [_thread_blocked, id=4708, stack(0x0000000026320000,0x0000000026420000)]
  0x000000001de06000 JavaThread "TimerQueue" daemon [_thread_blocked, id=4628, stack(0x0000000026140000,0x0000000026240000)]
  0x000000001e051800 JavaThread "main-SharedResourceRunner" daemon [_thread_blocked, id=3940, stack(0x0000000021800000,0x0000000021900000)]
  0x000000001d989800 JavaThread "AWT-Windows" daemon [_thread_in_native, id=468, stack(0x000000001ecb0000,0x000000001edb0000)]
  0x000000001db6f000 JavaThread "Java2D Disposer" daemon [_thread_blocked, id=3372, stack(0x000000001eb70000,0x000000001ec70000)]
  0x000000001b2c7800 JavaThread "Service Thread" daemon [_thread_blocked, id=3416, stack(0x000000001d0b0000,0x000000001d1b0000)]
  0x000000001b263000 JavaThread "C1 CompilerThread3" daemon [_thread_blocked, id=4068, stack(0x000000001c420000,0x000000001c520000)]
  0x000000001b24f000 JavaThread "C2 CompilerThread2" daemon [_thread_blocked, id=2156, stack(0x000000001ce50000,0x000000001cf50000)]
  0x000000001b24a000 JavaThread "C2 CompilerThread1" daemon [_thread_blocked, id=2956, stack(0x000000001cc80000,0x000000001cd80000)]
  0x000000001b245000 JavaThread "C2 CompilerThread0" daemon [_thread_blocked, id=4800, stack(0x000000001cab0000,0x000000001cbb0000)]
  0x000000001b241000 JavaThread "Attach Listener" daemon [_thread_blocked, id=1492, stack(0x000000001c8a0000,0x000000001c9a0000)]
  0x000000001b240000 JavaThread "Signal Dispatcher" daemon [_thread_blocked, id=4180, stack(0x000000001c660000,0x000000001c760000)]
  0x000000001a18a800 JavaThread "Finalizer" daemon [_thread_blocked, id=1328, stack(0x000000001c560000,0x000000001c660000)]
  0x000000001a181800 JavaThread "Reference Handler" daemon [_thread_blocked, id=5016, stack(0x000000001c190000,0x000000001c290000)]

Other Threads:
  0x000000001b1f0800 VMThread [stack: 0x000000001c320000,0x000000001c420000] [id=3636]
  0x000000001b2d9000 WatcherThread [stack: 0x000000001d270000,0x000000001d370000] [id=2144]

VM state:not at safepoint (normal execution)

VM Mutex/Monitor currently owned by a thread: None

Heap:
 PSYoungGen      total 184832K, used 75360K [0x0000000780000000, 0x000000078d580000, 0x00000007c0000000)
  eden space 179712K, 40% used [0x0000000780000000,0x0000000784636a30,0x000000078af80000)
  from space 5120K, 67% used [0x000000078af80000,0x000000078b2e1738,0x000000078b480000)
  to   space 8704K, 0% used [0x000000078cd00000,0x000000078cd00000,0x000000078d580000)
 ParOldGen       total 24064K, used 23614K [0x0000000700000000, 0x0000000701780000, 0x0000000780000000)
  object space 24064K, 98% used [0x0000000700000000,0x000000070170f9d0,0x0000000701780000)
 Metaspace       used 23735K, capacity 24005K, committed 24192K, reserved 1071104K
  class space    used 2578K, capacity 2623K, committed 2688K, reserved 1048576K

Card table byte_map: [0x0000000011bb0000,0x00000000121c0000] byte_map_base: 0x000000000e3b0000

Marking Bits: (ParMarkBitMap*) 0x0000000063f913b0
 Begin Bits: [0x00000000131a0000, 0x00000000161a0000)
 End Bits:   [0x00000000161a0000, 0x00000000191a0000)

Polling page: 0x0000000000340000

CodeCache: size=245760Kb used=15968Kb max_used=15979Kb free=229791Kb
 bounds [0x00000000027f0000, 0x00000000037a0000, 0x00000000117f0000]
 total_blobs=5124 nmethods=4177 adapters=860
 compilation: enabled

Compilation events (10 events):
Event: 37.865 Thread 0x000000001b263000 nmethod 4349 0x0000000003785ed0 code [0x0000000003786060, 0x0000000003786318]
Event: 37.882 Thread 0x000000001b24f000 4350       4       jogamp.opengl.gl4.GL4bcImpl::glGetError (49 bytes)
Event: 37.884 Thread 0x000000001b24a000 nmethod 4345 0x00000000037979d0 code [0x0000000003797c40, 0x0000000003798f80]
Event: 37.884 Thread 0x000000001b24f000 nmethod 4350 0x0000000003795b10 code [0x0000000003795ca0, 0x0000000003795ea8]
Event: 37.886 Thread 0x000000001b263000 4351       3       java.nio.DirectByteBuffer$Deallocator::<init> (9 bytes)
Event: 37.886 Thread 0x000000001b263000 nmethod 4351 0x0000000003785ad0 code [0x0000000003785c40, 0x0000000003785dc8]
Event: 37.889 Thread 0x000000001b245000 4352       4       java.nio.ByteBuffer::<init> (45 bytes)
Event: 37.890 Thread 0x000000001b24a000 4353       4       java.nio.HeapIntBuffer::get (15 bytes)
Event: 37.891 Thread 0x000000001b24a000 nmethod 4353 0x000000000378c850 code [0x000000000378c980, 0x000000000378ca38]
Event: 37.891 Thread 0x000000001b245000 nmethod 4352 0x0000000003795710 code [0x0000000003795860, 0x00000000037959b8]

GC Heap History (10 events):
Event: 3.985 GC heap before
{Heap before GC invocations=29 (full 1):
 PSYoungGen      total 184832K, used 2368K [0x0000000780000000, 0x000000078b980000, 0x00000007c0000000)
  eden space 179712K, 0% used [0x0000000780000000,0x0000000780000000,0x000000078af80000)
  from space 5120K, 46% used [0x000000078b480000,0x000000078b6d0000,0x000000078b980000)
  to   space 5120K, 0% used [0x000000078af80000,0x000000078af80000,0x000000078b480000)
 ParOldGen       total 195072K, used 16816K [0x0000000700000000, 0x000000070be80000, 0x0000000780000000)
  object space 195072K, 8% used [0x0000000700000000,0x000000070106c1d0,0x000000070be80000)
 Metaspace       used 20912K, capacity 21107K, committed 21296K, reserved 1069056K
  class space    used 2324K, capacity 2364K, committed 2432K, reserved 1048576K
Event: 4.096 GC heap after
Heap after GC invocations=29 (full 1):
 PSYoungGen      total 184832K, used 0K [0x0000000780000000, 0x000000078b980000, 0x00000007c0000000)
  eden space 179712K, 0% used [0x0000000780000000,0x0000000780000000,0x000000078af80000)
  from space 5120K, 0% used [0x000000078b480000,0x000000078b480000,0x000000078b980000)
  to   space 5120K, 0% used [0x000000078af80000,0x000000078af80000,0x000000078b480000)
 ParOldGen       total 20480K, used 16088K [0x0000000700000000, 0x0000000701400000, 0x0000000780000000)
  object space 20480K, 78% used [0x0000000700000000,0x0000000700fb61c0,0x0000000701400000)
 Metaspace       used 20912K, capacity 21107K, committed 21296K, reserved 1069056K
  class space    used 2324K, capacity 2364K, committed 2432K, reserved 1048576K
}
Event: 12.925 GC heap before
{Heap before GC invocations=30 (full 1):
 PSYoungGen      total 184832K, used 112683K [0x0000000780000000, 0x000000078b980000, 0x00000007c0000000)
  eden space 179712K, 62% used [0x0000000780000000,0x0000000786e0ae28,0x000000078af80000)
  from space 5120K, 0% used [0x000000078b480000,0x000000078b480000,0x000000078b980000)
  to   space 5120K, 0% used [0x000000078af80000,0x000000078af80000,0x000000078b480000)
 ParOldGen       total 20480K, used 16088K [0x0000000700000000, 0x0000000701400000, 0x0000000780000000)
  object space 20480K, 78% used [0x0000000700000000,0x0000000700fb61c0,0x0000000701400000)
 Metaspace       used 23344K, capacity 23557K, committed 23936K, reserved 1071104K
  class space    used 2573K, capacity 2623K, committed 2688K, reserved 1048576K
Event: 12.932 GC heap after
Heap after GC invocations=30 (full 1):
 PSYoungGen      total 184832K, used 5089K [0x0000000780000000, 0x000000078d580000, 0x00000007c0000000)
  eden space 179712K, 0% used [0x0000000780000000,0x0000000780000000,0x000000078af80000)
  from space 5120K, 99% used [0x000000078af80000,0x000000078b478430,0x000000078b480000)
  to   space 8704K, 0% used [0x000000078cd00000,0x000000078cd00000,0x000000078d580000)
 ParOldGen       total 24064K, used 22729K [0x0000000700000000, 0x0000000701780000, 0x0000000780000000)
  object space 24064K, 94% used [0x0000000700000000,0x0000000701632428,0x0000000701780000)
 Metaspace       used 23344K, capacity 23557K, committed 23936K, reserved 1071104K
  class space    used 2573K, capacity 2623K, committed 2688K, reserved 1048576K
}
Event: 12.932 GC heap before
{Heap before GC invocations=31 (full 2):
 PSYoungGen      total 184832K, used 5089K [0x0000000780000000, 0x000000078d580000, 0x00000007c0000000)
  eden space 179712K, 0% used [0x0000000780000000,0x0000000780000000,0x000000078af80000)
  from space 5120K, 99% used [0x000000078af80000,0x000000078b478430,0x000000078b480000)
  to   space 8704K, 0% used [0x000000078cd00000,0x000000078cd00000,0x000000078d580000)
 ParOldGen       total 24064K, used 22729K [0x0000000700000000, 0x0000000701780000, 0x0000000780000000)
  object space 24064K, 94% used [0x0000000700000000,0x0000000701632428,0x0000000701780000)
 Metaspace       used 23344K, capacity 23557K, committed 23936K, reserved 1071104K
  class space    used 2573K, capacity 2623K, committed 2688K, reserved 1048576K
Event: 13.149 GC heap after
Heap after GC invocations=31 (full 2):
 PSYoungGen      total 184832K, used 3518K [0x0000000780000000, 0x000000078d580000, 0x00000007c0000000)
  eden space 179712K, 0% used [0x0000000780000000,0x0000000780000000,0x000000078af80000)
  from space 5120K, 68% used [0x000000078af80000,0x000000078b2efba8,0x000000078b480000)
  to   space 8704K, 0% used [0x000000078cd00000,0x000000078cd00000,0x000000078d580000)
 ParOldGen       total 24064K, used 23929K [0x0000000700000000, 0x0000000701780000, 0x0000000780000000)
  object space 24064K, 99% used [0x0000000700000000,0x000000070175e5d8,0x0000000701780000)
 Metaspace       used 23344K, capacity 23557K, committed 23936K, reserved 1071104K
  class space    used 2573K, capacity 2623K, committed 2688K, reserved 1048576K
}
Event: 16.351 GC heap before
{Heap before GC invocations=32 (full 3):
 PSYoungGen      total 184832K, used 46040K [0x0000000780000000, 0x000000078d580000, 0x00000007c0000000)
  eden space 179712K, 23% used [0x0000000780000000,0x0000000782986480,0x000000078af80000)
  from space 5120K, 68% used [0x000000078af80000,0x000000078b2efba8,0x000000078b480000)
  to   space 8704K, 0% used [0x000000078cd00000,0x000000078cd00000,0x000000078d580000)
 ParOldGen       total 24064K, used 23929K [0x0000000700000000, 0x0000000701780000, 0x0000000780000000)
  object space 24064K, 99% used [0x0000000700000000,0x000000070175e5d8,0x0000000701780000)
 Metaspace       used 23479K, capacity 23749K, committed 23936K, reserved 1071104K
  class space    used 2574K, capacity 2623K, committed 2688K, reserved 1048576K
Event: 16.461 GC heap after
Heap after GC invocations=32 (full 3):
 PSYoungGen      total 184832K, used 3462K [0x0000000780000000, 0x000000078d580000, 0x00000007c0000000)
  eden space 179712K, 0% used [0x0000000780000000,0x0000000780000000,0x000000078af80000)
  from space 5120K, 67% used [0x000000078af80000,0x000000078b2e1848,0x000000078b480000)
  to   space 8704K, 0% used [0x000000078cd00000,0x000000078cd00000,0x000000078d580000)
 ParOldGen       total 24064K, used 23610K [0x0000000700000000, 0x0000000701780000, 0x0000000780000000)
  object space 24064K, 98% used [0x0000000700000000,0x000000070170eaa0,0x0000000701780000)
 Metaspace       used 23479K, capacity 23749K, committed 23936K, reserved 1071104K
  class space    used 2574K, capacity 2623K, committed 2688K, reserved 1048576K
}
Event: 20.482 GC heap before
{Heap before GC invocations=33 (full 4):
 PSYoungGen      total 184832K, used 39173K [0x0000000780000000, 0x000000078d580000, 0x00000007c0000000)
  eden space 179712K, 19% used [0x0000000780000000,0x00000007822dfc90,0x000000078af80000)
  from space 5120K, 67% used [0x000000078af80000,0x000000078b2e1848,0x000000078b480000)
  to   space 8704K, 0% used [0x000000078cd00000,0x000000078cd00000,0x000000078d580000)
 ParOldGen       total 24064K, used 23610K [0x0000000700000000, 0x0000000701780000, 0x0000000780000000)
  object space 24064K, 98% used [0x0000000700000000,0x000000070170eaa0,0x0000000701780000)
 Metaspace       used 23597K, capacity 23813K, committed 24192K, reserved 1071104K
  class space    used 2577K, capacity 2623K, committed 2688K, reserved 1048576K
Event: 20.545 GC heap after
Heap after GC invocations=33 (full 4):
 PSYoungGen      total 184832K, used 3461K [0x0000000780000000, 0x000000078d580000, 0x00000007c0000000)
  eden space 179712K, 0% used [0x0000000780000000,0x0000000780000000,0x000000078af80000)
  from space 5120K, 67% used [0x000000078af80000,0x000000078b2e1738,0x000000078b480000)
  to   space 8704K, 0% used [0x000000078cd00000,0x000000078cd00000,0x000000078d580000)
 ParOldGen       total 24064K, used 23614K [0x0000000700000000, 0x0000000701780000, 0x0000000780000000)
  object space 24064K, 98% used [0x0000000700000000,0x000000070170f9d0,0x0000000701780000)
 Metaspace       used 23597K, capacity 23813K, committed 24192K, reserved 1071104K
  class space    used 2577K, capacity 2623K, committed 2688K, reserved 1048576K
}

Deoptimization events (10 events):
Event: 14.902 Thread 0x000000001de08800 Uncommon trap: reason=class_check action=maybe_recompile pc=0x00000000034fb458 method=gov.nasa.worldwind.terrain.RectangularTessellator.renderTrianglesWithUniqueColors(Lgov/nasa/worldwind/render/DrawContext;Lgov/nasa/worldwind/terrain/RectangularTessellatoCO‚‹Õ-@
Event: 14.902 Thread 0x000000001de08800 Uncommon trap: reason=class_check action=maybe_recompile pc=0x00000000034fb458 method=gov.nasa.worldwind.terrain.RectangularTessellator.renderTrianglesWithUniqueColors(Lgov/nasa/worldwind/render/DrawContext;Lgov/nasa/worldwind/terrain/RectangularTessellato˛ùøtQÙ-@
Event: 14.977 Thread 0x000000001de08800 Uncommon trap: reason=class_check action=maybe_recompile pc=0x00000000034fb458 method=gov.nasa.worldwind.terrain.RectangularTessellator.renderTrianglesWithUniqueColors(Lgov/nasa/worldwind/render/DrawContext;Lgov/nasa/worldwind/terrain/RectangularTessellatoﬂ8~Ù-@
Event: 14.978 Thread 0x000000001de08800 Uncommon trap: reason=class_check action=maybe_recompile pc=0x00000000034fb458 method=gov.nasa.worldwind.terrain.RectangularTessellator.renderTrianglesWithUniqueColors(Lgov/nasa/worldwind/render/DrawContext;Lgov/nasa/worldwind/terrain/RectangularTessellato9Sô^l.@
Event: 15.059 Thread 0x000000001de08800 Uncommon trap: reason=class_check action=maybe_recompile pc=0x00000000034c00d4 method=gov.nasa.worldwind.terrain.RectangularTessellator.renderTrianglesWithUniqueColors(Lgov/nasa/worldwind/render/DrawContext;Lgov/nasa/worldwind/terrain/RectangularTessellato˙\bØÃh3@
Event: 19.409 Thread 0x000000001de08800 Uncommon trap: reason=class_check action=maybe_recompile pc=0x000000000362c2d4 method=gov.nasa.worldwind.terrain.RectangularTessellator$RectTile.beginRendering(Lgov/nasa/worldwind/render/DrawContext;I)V @ 14
Event: 19.409 Thread 0x000000001de08800 Uncommon trap: reason=class_check action=maybe_recompile pc=0x000000000362c2d4 method=gov.nasa.worldwind.terrain.RectangularTessellator$RectTile.beginRendering(Lgov/nasa/worldwind/render/DrawContext;I)V @ 14
Event: 19.410 Thread 0x000000001de08800 Uncommon trap: reason=class_check action=maybe_recompile pc=0x000000000362c2d4 method=gov.nasa.worldwind.terrain.RectangularTessellator$RectTile.beginRendering(Lgov/nasa/worldwind/render/DrawContext;I)V @ 14
Event: 19.410 Thread 0x000000001de08800 Uncommon trap: reason=class_check action=maybe_recompile pc=0x000000000362c2d4 method=gov.nasa.worldwind.terrain.RectangularTessellator$RectTile.beginRendering(Lgov/nasa/worldwind/render/DrawContext;I)V @ 14
Event: 22.444 Thread 0x000000001de08800 Uncommon trap: reason=intrinsic action=make_not_entrant pc=0x00000000036fb798 method=gov.nasa.worldwind.layers.SkyGradientLayer.drawSkyDome(Lgov/nasa/worldwind/render/DrawContext;FDDIIFF)V @ 299

Internal exceptions (10 events):
Event: 10.880 Thread 0x000000001de08800 Exception <a 'java/security/PrivilegedActionException'> (0x0000000785359e20) thrown at [D:\re\workspace\8-2-build-windows-amd64-cygwin\jdk8u5\2488\hotspot\src\share\vm\prims\jvm.cpp, line 1248]
Event: 10.883 Thread 0x000000001de08800 Exception <a 'java/security/PrivilegedActionException'> (0x00000007853643c0) thrown at [D:\re\workspace\8-2-build-windows-amd64-cygwin\jdk8u5\2488\hotspot\src\share\vm\prims\jvm.cpp, line 1248]
Event: 12.709 Thread 0x000000001de08800 Exception <a 'java/security/PrivilegedActionException'> (0x0000000786b9cd60) thrown at [D:\re\workspace\8-2-build-windows-amd64-cygwin\jdk8u5\2488\hotspot\src\share\vm\prims\jvm.cpp, line 1248]
Event: 12.716 Thread 0x000000001de08800 Exception <a 'java/security/PrivilegedActionException'> (0x0000000786ba6960) thrown at [D:\re\workspace\8-2-build-windows-amd64-cygwin\jdk8u5\2488\hotspot\src\share\vm\prims\jvm.cpp, line 1248]
Event: 12.895 Thread 0x000000001de08800 Exception <a 'java/security/PrivilegedActionException'> (0x0000000786db6fc0) thrown at [D:\re\workspace\8-2-build-windows-amd64-cygwin\jdk8u5\2488\hotspot\src\share\vm\prims\jvm.cpp, line 1248]
Event: 17.624 Thread 0x000000001de08800 Exception <a 'java/security/PrivilegedActionException'> (0x00000007809ebc90) thrown at [D:\re\workspace\8-2-build-windows-amd64-cygwin\jdk8u5\2488\hotspot\src\share\vm\prims\jvm.cpp, line 1248]
Event: 17.625 Thread 0x000000001de08800 Exception <a 'java/security/PrivilegedActionException'> (0x00000007809f1e38) thrown at [D:\re\workspace\8-2-build-windows-amd64-cygwin\jdk8u5\2488\hotspot\src\share\vm\prims\jvm.cpp, line 1248]
Event: 17.625 Thread 0x000000001de08800 Exception <a 'java/security/PrivilegedActionException'> (0x00000007809f7a48) thrown at [D:\re\workspace\8-2-build-windows-amd64-cygwin\jdk8u5\2488\hotspot\src\share\vm\prims\jvm.cpp, line 1248]
Event: 17.625 Thread 0x000000001de08800 Exception <a 'java/security/PrivilegedActionException'> (0x00000007809fd1a8) thrown at [D:\re\workspace\8-2-build-windows-amd64-cygwin\jdk8u5\2488\hotspot\src\share\vm\prims\jvm.cpp, line 1248]
Event: 17.626 Thread 0x000000001de08800 Exception <a 'java/security/PrivilegedActionException'> (0x0000000780a02ec0) thrown at [D:\re\workspace\8-2-build-windows-amd64-cygwin\jdk8u5\2488\hotspot\src\share\vm\prims\jvm.cpp, line 1248]

Events (10 events):
Event: 37.877 Thread 0x000000001de08800 DEOPT PACKING pc=0x000000000378730f sp=0x000000002655c050
Event: 37.877 Thread 0x000000001de08800 DEOPT UNPACKING pc=0x0000000002837204 sp=0x000000002655bdc0 mode 0
Event: 37.878 Thread 0x000000001de08800 DEOPT PACKING pc=0x000000000378730f sp=0x000000002655c050
Event: 37.878 Thread 0x000000001de08800 DEOPT UNPACKING pc=0x0000000002837204 sp=0x000000002655bdc0 mode 0
Event: 37.879 Thread 0x000000001de08800 DEOPT PACKING pc=0x000000000378730f sp=0x000000002655c050
Event: 37.879 Thread 0x000000001de08800 DEOPT UNPACKING pc=0x0000000002837204 sp=0x000000002655bdc0 mode 0
Event: 37.880 Thread 0x000000001de08800 DEOPT PACKING pc=0x000000000378730f sp=0x000000002655c050
Event: 37.880 Thread 0x000000001de08800 DEOPT UNPACKING pc=0x0000000002837204 sp=0x000000002655bdc0 mode 0
Event: 37.883 Thread 0x000000001de08800 DEOPT PACKING pc=0x000000000378730f sp=0x000000002655c050
Event: 37.883 Thread 0x000000001de08800 DEOPT UNPACKING pc=0x0000000002837204 sp=0x000000002655bdc0 mode 0


Dynamic libraries:
0x000000013fb10000 - 0x000000013fb44000 	C:\Program Files\Java\jre8\bin\javaw.exe
0x0000000077600000 - 0x00000000777a9000 	C:\Windows\SYSTEM32\ntdll.dll
0x00000000774e0000 - 0x00000000775ff000 	C:\Windows\system32\kernel32.dll
0x000007fefd760000 - 0x000007fefd7cc000 	C:\Windows\system32\KERNELBASE.dll
0x000007fefd920000 - 0x000007fefd9fb000 	C:\Windows\system32\ADVAPI32.dll
0x000007feff790000 - 0x000007feff82f000 	C:\Windows\system32\msvcrt.dll
0x000007fefeee0000 - 0x000007fefeeff000 	C:\Windows\SYSTEM32\sechost.dll
0x000007feff010000 - 0x000007feff13d000 	C:\Windows\system32\RPCRT4.dll
0x00000000773e0000 - 0x00000000774da000 	C:\Windows\system32\USER32.dll
0x000007feff490000 - 0x000007feff4f7000 	C:\Windows\system32\GDI32.dll
0x000007feff480000 - 0x000007feff48e000 	C:\Windows\system32\LPK.dll
0x000007feff840000 - 0x000007feff909000 	C:\Windows\system32\USP10.dll
0x000007fefbfe0000 - 0x000007fefc1d4000 	C:\Windows\WinSxS\amd64_microsoft.windows.common-controls_6595b64144ccf1df_6.0.7601.17514_none_fa396087175ac9ac\COMCTL32.dll
0x000007fefd8a0000 - 0x000007fefd911000 	C:\Windows\system32\SHLWAPI.dll
0x000007fefd870000 - 0x000007fefd89e000 	C:\Windows\system32\IMM32.DLL
0x000007fefef00000 - 0x000007feff009000 	C:\Windows\system32\MSCTF.dll
0x0000000073a10000 - 0x0000000073a90000 	c:\program files (x86)\f-secure\hips\fshook64.dll
0x00000000777c0000 - 0x00000000777c7000 	C:\Windows\system32\PSAPI.DLL
0x00000000678f0000 - 0x00000000679c2000 	C:\Program Files\Java\jre8\bin\msvcr100.dll
0x00000000637e0000 - 0x000000006400a000 	C:\Program Files\Java\jre8\bin\server\jvm.dll
0x000007fefa380000 - 0x000007fefa389000 	C:\Windows\system32\WSOCK32.dll
0x000007fefed20000 - 0x000007fefed6d000 	C:\Windows\system32\WS2_32.dll
0x000007feff830000 - 0x000007feff838000 	C:\Windows\system32\NSI.dll
0x000007fefaf60000 - 0x000007fefaf9b000 	C:\Windows\system32\WINMM.dll
0x00000000715b0000 - 0x00000000715bf000 	C:\Program Files\Java\jre8\bin\verify.dll
0x0000000071580000 - 0x00000000715a8000 	C:\Program Files\Java\jre8\bin\java.dll
0x0000000071560000 - 0x0000000071576000 	C:\Program Files\Java\jre8\bin\zip.dll
0x000007fefdc40000 - 0x000007fefe9c8000 	C:\Windows\system32\SHELL32.dll
0x000007feff580000 - 0x000007feff783000 	C:\Windows\system32\ole32.dll
0x000007fefd410000 - 0x000007fefd41f000 	C:\Windows\system32\profapi.dll
0x0000000072270000 - 0x0000000072406000 	C:\Program Files\Java\jre8\bin\awt.dll
0x000007feff140000 - 0x000007feff217000 	C:\Windows\system32\OLEAUT32.dll
0x000007fefb850000 - 0x000007fefb868000 	C:\Windows\system32\DWMAPI.DLL
0x000007fefbdb0000 - 0x000007fefbe06000 	C:\Windows\system32\uxtheme.dll
0x000007fefd2b0000 - 0x000007fefd2bf000 	C:\Windows\system32\CRYPTBASE.dll
0x000007fef7900000 - 0x000007fef7aff000 	C:\Windows\system32\d3d9.dll
0x000007fefc4d0000 - 0x000007fefc4dc000 	C:\Windows\system32\VERSION.dll
0x000007fef8b70000 - 0x000007fef8b77000 	C:\Windows\system32\d3d8thk.dll
0x000007feeafc0000 - 0x000007feebe5b000 	C:\Windows\system32\nvd3dumx.dll
0x000007fefb550000 - 0x000007fefb57c000 	C:\Windows\system32\powrprof.dll
0x000007fefda60000 - 0x000007fefdc37000 	C:\Windows\system32\SETUPAPI.dll
0x000007fefd480000 - 0x000007fefd4b6000 	C:\Windows\system32\CFGMGR32.dll
0x000007fefd450000 - 0x000007fefd46a000 	C:\Windows\system32\DEVOBJ.dll
0x000007fefccf0000 - 0x000007fefcd07000 	C:\Windows\system32\CRYPTSP.dll
0x000007fefc910000 - 0x000007fefc957000 	C:\Windows\system32\rsaenh.dll
0x000007fefd740000 - 0x000007fefd75e000 	C:\Windows\system32\USERENV.dll
0x0000000071540000 - 0x000000007155a000 	C:\Program Files\Java\jre8\bin\net.dll
0x000007fefcc90000 - 0x000007fefcce5000 	C:\Windows\system32\mswsock.dll
0x000007fefcc80000 - 0x000007fefcc87000 	C:\Windows\System32\wship6.dll
0x000007fefafb0000 - 0x000007fefafd7000 	C:\Windows\system32\IPHLPAPI.DLL
0x000007fefaee0000 - 0x000007fefaeeb000 	C:\Windows\system32\WINNSI.DLL
0x000007fefa830000 - 0x000007fefa841000 	C:\Windows\system32\dhcpcsvc6.DLL
0x000007fefa460000 - 0x000007fefa478000 	C:\Windows\system32\dhcpcsvc.DLL
0x0000000071520000 - 0x0000000071531000 	C:\Program Files\Java\jre8\bin\nio.dll
0x00000000637c0000 - 0x00000000637cd000 	C:\Users\alberto.debiasi\AppData\Local\Temp\jogamp_0000\file_cache\jln6763138763158941773\jln8465534435312212537\gluegen-rt.dll
0x0000000073a90000 - 0x0000000073a97000 	C:\Program Files\Java\jre8\bin\jawt.dll
0x000000006a440000 - 0x000000006a44d000 	C:\Users\alberto.debiasi\AppData\Local\Temp\jogamp_0000\file_cache\jln6763138763158941773\jln8465534435312212537\nativewindow_awt.dll
0x000000006c100000 - 0x000000006c10f000 	C:\Users\alberto.debiasi\AppData\Local\Temp\jogamp_0000\file_cache\jln6763138763158941773\jln8465534435312212537\nativewindow_win32.dll
0x000007fef8150000 - 0x000007fef826d000 	C:\Windows\system32\OpenGL32.dll
0x000007fefa870000 - 0x000007fefa89d000 	C:\Windows\system32\GLU32.dll
0x000007fef0fa0000 - 0x000007fef1091000 	C:\Windows\system32\DDRAW.dll
0x000007fefa850000 - 0x000007fefa858000 	C:\Windows\system32\DCIMAN32.dll
0x0000000064500000 - 0x00000000645a0000 	C:\Users\alberto.debiasi\AppData\Local\Temp\jogamp_0000\file_cache\jln6763138763158941773\jln8465534435312212537\jogl_desktop.dll
0x0000000021a70000 - 0x0000000022fe4000 	C:\Windows\system32\nvoglv64.DLL
0x000007fefd580000 - 0x000007fefd5ba000 	C:\Windows\system32\WINTRUST.dll
0x000007fefd5c0000 - 0x000007fefd72c000 	C:\Windows\system32\CRYPT32.dll
0x000007fefd420000 - 0x000007fefd42f000 	C:\Windows\system32\MSASN1.dll
0x000007fefc5a0000 - 0x000007fefc5a7000 	C:\Windows\System32\wshtcpip.dll
0x000007fefca70000 - 0x000007fefcacb000 	C:\Windows\system32\DNSAPI.dll
0x000007fef9ce0000 - 0x000007fef9ce8000 	C:\Windows\system32\rasadhlp.dll
0x000007fefae80000 - 0x000007fefaed3000 	C:\Windows\System32\fwpuclnt.dll
0x0000000072f20000 - 0x0000000072f67000 	C:\Program Files\Java\jre8\bin\fontmanager.dll
0x0000000072f70000 - 0x0000000072fb1000 	C:\Program Files\Java\jre8\bin\t2k.dll
0x000007fefd7d0000 - 0x000007fefd869000 	C:\Windows\system32\CLBCatQ.DLL
0x000007fef68f0000 - 0x000007fef6a15000 	C:\Windows\system32\dbghelp.dll

VM Arguments:
jvm_args: -Dfile.encoding=Cp1252 
java_command: it.graphitech.smeSpire.Main_STANDALONE_v3
java_class_path (initial): C:\Users\alberto.debiasi\Dropbox\PHD\workspace\ArcMapClutterReduction_v3\bin;C:\Users\alberto.debiasi\Dropbox\PHD\workspace\ArcMapClutterReduction_v3\lib\worldwind_2_0\gdal.jar;C:\Users\alberto.debiasi\Dropbox\PHD\workspace\ArcMapClutterReduction_v3\lib\worldwind_2_0\gluegen-rt-natives-linux-amd64.jar;C:\Users\alberto.debiasi\Dropbox\PHD\workspace\ArcMapClutterReduction_v3\lib\worldwind_2_0\gluegen-rt-natives-linux-i586.jar;C:\Users\alberto.debiasi\Dropbox\PHD\workspace\ArcMapClutterReduction_v3\lib\worldwind_2_0\gluegen-rt-natives-macosx-universal.jar;C:\Users\alberto.debiasi\Dropbox\PHD\workspace\ArcMapClutterReduction_v3\lib\worldwind_2_0\gluegen-rt-natives-windows-amd64.jar;C:\Users\alberto.debiasi\Dropbox\PHD\workspace\ArcMapClutterReduction_v3\lib\worldwind_2_0\gluegen-rt-natives-windows-i586.jar;C:\Users\alberto.debiasi\Dropbox\PHD\workspace\ArcMapClutterReduction_v3\lib\worldwind_2_0\gluegen-rt.jar;C:\Users\alberto.debiasi\Dropbox\PHD\workspace\ArcMapClutterReduction_v3\lib\worldwind_2_0\jogl-all-natives-linux-amd64.jar;C:\Users\alberto.debiasi\Dropbox\PHD\workspace\ArcMapClutterReduction_v3\lib\worldwind_2_0\jogl-all-natives-linux-i586.jar;C:\Users\alberto.debiasi\Dropbox\PHD\workspace\ArcMapClutterReduction_v3\lib\worldwind_2_0\jogl-all-natives-macosx-universal.jar;C:\Users\alberto.debiasi\Dropbox\PHD\workspace\ArcMapClutterReduction_v3\lib\worldwind_2_0\jogl-all-natives-windows-amd64.jar;C:\Users\alberto.debiasi\Dropbox\PHD\workspace\ArcMapClutterReduction_v3\lib\worldwind_2_0\jogl-all-natives-windows-i586.jar;C:\Users\alberto.debiasi\Dropbox\PHD\workspace\ArcMapClutterReduction_v3\lib\worldwind_2_0\jogl-all.jar;C:\Users\alberto.debiasi\Dropbox\PHD\workspace\ArcMapClutterReduction_v3\lib\worldwind_2_0\plugin.jar;C:\Users\alberto.debiasi\Dropbox\PHD\workspace\ArcMapClutterReduction_v3\lib\worldwind_2_0\vpf-symbols.jar;C:\Users\alberto.debiasi\Dropbox\PHD\workspace\ArcMapClutterReduction_v3\lib\worldwind_2_0\worldwind.jar;C:\Use
Launcher Type: SUN_STANDARD

Environment Variables:
PATH=C:\R\R-3.1.0\Rtools\bin;C:\R\R-3.1.0\Rtools\gcc-4.6.3\bin;C:\R\R-3.1.0\bin;C:\Program Files (x86)\MiKTeX 2.9\miktex\bin\;C:\texlive\2013\bin\win32;C:\Windows\system32;C:\Windows;C:\Windows\System32\Wbem;C:\Windows\System32\WindowsPowerShell\v1.0\;C:\Program Files (x86)\Git\cmd;C:\Program Files\TortoiseGit\bin;C:\Program Files\TortoiseSVN\bin;c:\Program Files (x86)\Microsoft SQL Server\100\Tools\Binn\;c:\Program Files\Microsoft SQL Server\100\Tools\Binn\;c:\Program Files\Microsoft SQL Server\100\DTS\Binn\
USERNAME=alberto.debiasi
OS=Windows_NT
PROCESSOR_IDENTIFIER=Intel64 Family 6 Model 26 Stepping 5, GenuineIntel



---------------  S Y S T E M  ---------------

OS: Windows 7 , 64 bit Build 7601 Service Pack 1

CPU:total 8 (4 cores per cpu, 2 threads per core) family 6 model 26 stepping 5, cmov, cx8, fxsr, mmx, sse, sse2, sse3, ssse3, sse4.1, sse4.2, popcnt, ht, tsc, tscinvbit

Memory: 4k page, physical 12580444k(6105656k free), swap 25159024k(17808508k free)

vm_info: Java HotSpot(TM) 64-Bit Server VM (25.5-b02) for windows-amd64 JRE (1.8.0_05-b13), built on Mar 18 2014 01:08:39 by "java_re" with MS VC++ 10.0 (VS2010)

time: Fri Sep 26 11:15:40 2014
elapsed time: 37 seconds

