#
# A fatal error has been detected by the Java Runtime Environment:
#
#  EXCEPTION_ACCESS_VIOLATION (0xc0000005) at pc=0x00000000225ee274, pid=3608, tid=3208
#
# JRE version: Java(TM) SE Runtime Environment (8.0_05-b13) (build 1.8.0_05-b13)
# Java VM: Java HotSpot(TM) 64-Bit Server VM (25.5-b02 mixed mode windows-amd64 compressed oops)
# Problematic frame:
# C  [nvoglv64.DLL+0xb9e274]
#
# Failed to write core dump. Minidumps are not enabled by default on client versions of Windows
#
# If you would like to submit a bug report, please visit:
#   http://bugreport.sun.com/bugreport/crash.jsp
# The crash happened outside the Java Virtual Machine in native code.
# See problematic frame for where to report the bug.
#

---------------  T H R E A D  ---------------

Current thread (0x000000001dc23000):  JavaThread "AWT-EventQueue-0" [_thread_in_native, id=3208, stack(0x00000000261b0000,0x00000000262b0000)]

siginfo: ExceptionCode=0xc0000005, reading address 0x0000000052b8fffc

Registers:
RAX=0x0000000000000028, RBX=0x000000004e9a1760, RCX=0x0000000052cee4e8, RDX=0xffffffffffea1b2c
RSP=0x00000000262ac1f8, RBP=0x0000000002370000, RSI=0x0000000002370000, RDI=0x0000000024d116d0
R8 =0x000000000015eae8, R9 =0x0000000000000000, R10=0x0000000000000000, R11=0x0000000052b90000
R12=0x0000000000000000, R13=0x00000000003e1aec, R14=0x0000000000000000, R15=0x0000000052a31b2c
RIP=0x00000000225ee274, EFLAGS=0x0000000000010206

Top of Stack: (sp=0x00000000262ac1f8)
0x00000000262ac1f8:   00000000222cc1af 0000000024d116d0
0x00000000262ac208:   00000000774edff7 000000004e9a1760
0x00000000262ac218:   0000000000000000 0000000000000000
0x00000000262ac228:   0000000000000000 0000000052a31b2c
0x00000000262ac238:   0000000000000000 0000000000000000
0x00000000262ac248:   000000000049f530 0000000000000000
0x00000000262ac258:   000000001dc23000 0000000000000000
0x00000000262ac268:   00000000000088e4 0000000052a31b2c
0x00000000262ac278:   0000000002370000 00000000003e1aec
0x00000000262ac288:   00000000003e1aec 000000004e9a1760
0x00000000262ac298:   00000000222cc573 000000004e9a1700
0x00000000262ac2a8:   00000000003e1a00 0000000000000000
0x00000000262ac2b8:   00000000003e1aec 0000000052a31b2c
0x00000000262ac2c8:   000000001dc23000 000000004e9a17ba
0x00000000262ac2d8:   00000000220e28f5 000000004e9a1760
0x00000000262ac2e8:   0000000002370000 0000000000000c88 

Instructions: (pc=0x00000000225ee274)
0x00000000225ee254:   48 81 c1 00 10 00 00 b8 40 00 00 00 4c 8b 4c 0a
0x00000000225ee264:   f8 4c 8b 54 0a f0 4c 0f c3 49 f8 4c 0f c3 51 f0
0x00000000225ee274:   4c 8b 4c 0a e8 4c 8b 54 0a e0 4c 0f c3 49 e8 4c
0x00000000225ee284:   0f c3 51 e0 4c 8b 4c 0a d8 4c 8b 54 0a d0 48 83 


Register to memory mapping:

RAX=0x0000000000000028 is an unknown value
RBX=0x000000004e9a1760 is an unknown value
RCX=0x0000000052cee4e8 is an unknown value
RDX=0xffffffffffea1b2c is an unknown value
RSP=0x00000000262ac1f8 is pointing into the stack for thread: 0x000000001dc23000
RBP=0x0000000002370000 is an unknown value
RSI=0x0000000002370000 is an unknown value
RDI=0x0000000024d116d0 is an unknown value
R8 =0x000000000015eae8 is an unknown value
R9 =0x0000000000000000 is an unknown value
R10=0x0000000000000000 is an unknown value
R11=0x0000000052b90000 is an unknown value
R12=0x0000000000000000 is an unknown value
R13=0x00000000003e1aec is an unknown value
R14=0x0000000000000000 is an unknown value
R15=0x0000000052a31b2c is an unknown value


Stack: [0x00000000261b0000,0x00000000262b0000],  sp=0x00000000262ac1f8,  free space=1008k
Native frames: (J=compiled Java code, j=interpreted, Vv=VM code, C=native code)
C  [nvoglv64.DLL+0xb9e274]

Java frames: (J=compiled Java code, j=interpreted, Vv=VM code)
J 3400  jogamp.opengl.gl4.GL4bcImpl.dispatch_glBufferData(IJLjava/lang/Object;IZIJ)V (0 bytes) @ 0x000000000343e873 [0x000000000343e800+0x73]
J 3397 C1 jogamp.opengl.gl4.GL4bcImpl$1.create(IJLjava/nio/Buffer;IJ)V (56 bytes) @ 0x000000000343e294 [0x000000000343e000+0x294]
J 3381 C1 jogamp.opengl.GLBufferObjectTracker.createBufferStorage(Ljogamp/opengl/GLBufferStateTracker;Ljavax/media/opengl/GL;IJLjava/nio/Buffer;IILjogamp/opengl/GLBufferObjectTracker$CreateStorageDispatch;J)V (398 bytes) @ 0x000000000343180c [0x000000000342f5a0+0x226c]
J 3380 C1 jogamp.opengl.gl4.GL4bcImpl.glBufferData(IJLjava/nio/Buffer;I)V (71 bytes) @ 0x000000000342e1d4 [0x000000000342d5e0+0xbf4]
j  it.graphitech.smeSpire.layers.MyRenderableLayer.bindData(Lgov/nasa/worldwind/render/DrawContext;ILjava/nio/FloatBuffer;I)V+33
j  it.graphitech.smeSpire.layers.MyRenderableLayer.doRenderNow(Lgov/nasa/worldwind/render/DrawContext;)V+429
j  it.graphitech.smeSpire.layers.MyRenderableLayer.doRender(Lgov/nasa/worldwind/render/DrawContext;)V+40
J 2900 C1 gov.nasa.worldwind.layers.AbstractLayer.render(Lgov/nasa/worldwind/render/DrawContext;)V (123 bytes) @ 0x0000000003303824 [0x0000000003301f60+0x18c4]
j  it.graphitech.shader.ShadingDecorator.render(Lgov/nasa/worldwind/render/DrawContext;Lgov/nasa/worldwind/layers/Layer;)V+281
J 3024 C1 it.graphitech.shader.DecoratedLayer.render(Lgov/nasa/worldwind/render/DrawContext;)V (13 bytes) @ 0x000000000335051c [0x0000000003350480+0x9c]
j  it.graphitech.core.MyAbstractSceneController.draw(Lgov/nasa/worldwind/render/DrawContext;)V+57
j  it.graphitech.core.MyBasicSceneController.doRepaint(Lgov/nasa/worldwind/render/DrawContext;)V+68
j  it.graphitech.core.MyAbstractSceneController.repaint()I+58
j  gov.nasa.worldwind.WorldWindowGLAutoDrawable.doDisplay()I+4
j  gov.nasa.worldwind.WorldWindowGLAutoDrawable.display(Ljavax/media/opengl/GLAutoDrawable;)V+122
j  jogamp.opengl.GLDrawableHelper.displayImpl(Ljavax/media/opengl/GLAutoDrawable;)V+81
j  jogamp.opengl.GLDrawableHelper.display(Ljavax/media/opengl/GLAutoDrawable;)V+2
j  javax.media.opengl.awt.GLCanvas$10.run()V+118
j  jogamp.opengl.GLDrawableHelper.invokeGLImpl(Ljavax/media/opengl/GLDrawable;Ljavax/media/opengl/GLContext;Ljava/lang/Runnable;Ljava/lang/Runnable;)V+206
j  jogamp.opengl.GLDrawableHelper.invokeGL(Ljavax/media/opengl/GLDrawable;Ljavax/media/opengl/GLContext;Ljava/lang/Runnable;Ljava/lang/Runnable;)V+80
j  javax.media.opengl.awt.GLCanvas$11.run()V+73
j  javax.media.opengl.Threading.invoke(ZLjava/lang/Runnable;Ljava/lang/Object;)V+33
j  javax.media.opengl.awt.GLCanvas.display()V+64
j  javax.media.opengl.awt.GLCanvas.paint(Ljava/awt/Graphics;)V+137
j  javax.media.opengl.awt.GLCanvas.update(Ljava/awt/Graphics;)V+2
j  sun.awt.RepaintArea.updateComponent(Ljava/awt/Component;Ljava/awt/Graphics;)V+6
j  sun.awt.RepaintArea.paint(Ljava/lang/Object;Z)V+263
J 3220 C1 sun.awt.windows.WComponentPeer.handleEvent(Ljava/awt/AWTEvent;)V (173 bytes) @ 0x0000000002b0d18c [0x0000000002b0c4c0+0xccc]
J 3205 C1 java.awt.Component.dispatchEventImpl(Ljava/awt/AWTEvent;)V (883 bytes) @ 0x0000000002c5303c [0x0000000002c4c760+0x68dc]
J 3177 C1 java.awt.EventQueue.dispatchEventImpl(Ljava/awt/AWTEvent;Ljava/lang/Object;)V (149 bytes) @ 0x0000000002ab7614 [0x0000000002ab5fc0+0x1654]
J 3175 C1 java.awt.EventQueue$3.run()Ljava/lang/Void; (60 bytes) @ 0x0000000002ddcd4c [0x0000000002ddcb40+0x20c]
J 3174 C1 java.awt.EventQueue$3.run()Ljava/lang/Object; (5 bytes) @ 0x0000000002a10704 [0x0000000002a10680+0x84]
v  ~StubRoutines::call_stub
J 1385  java.security.AccessController.doPrivileged(Ljava/security/PrivilegedAction;Ljava/security/AccessControlContext;)Ljava/lang/Object; (0 bytes) @ 0x0000000002dec566 [0x0000000002dec500+0x66]
J 2953 C1 java.security.ProtectionDomain$1.doIntersectionPrivilege(Ljava/security/PrivilegedAction;Ljava/security/AccessControlContext;Ljava/security/AccessControlContext;)Ljava/lang/Object; (32 bytes) @ 0x000000000331d954 [0x000000000331d660+0x2f4]
J 3213 C1 java.awt.EventQueue$4.run()Ljava/lang/Object; (5 bytes) @ 0x0000000002e1ec34 [0x0000000002e1e860+0x3d4]
v  ~StubRoutines::call_stub
J 1385  java.security.AccessController.doPrivileged(Ljava/security/PrivilegedAction;Ljava/security/AccessControlContext;)Ljava/lang/Object; (0 bytes) @ 0x0000000002dec566 [0x0000000002dec500+0x66]
J 3015 C1 java.awt.EventQueue.dispatchEvent(Ljava/awt/AWTEvent;)V (80 bytes) @ 0x0000000003360ce4 [0x00000000033600c0+0xc24]
J 3027 C1 java.awt.EventDispatchThread.pumpOneEventForFilters(I)V (295 bytes) @ 0x0000000003366724 [0x0000000003364c00+0x1b24]
j  java.awt.EventDispatchThread.pumpEventsForFilter(ILjava/awt/Conditional;Ljava/awt/EventFilter;)V+35
j  java.awt.EventDispatchThread.pumpEventsForHierarchy(ILjava/awt/Conditional;Ljava/awt/Component;)V+11
j  java.awt.EventDispatchThread.pumpEvents(ILjava/awt/Conditional;)V+4
j  java.awt.EventDispatchThread.pumpEvents(Ljava/awt/Conditional;)V+3
j  java.awt.EventDispatchThread.run()V+9
v  ~StubRoutines::call_stub

---------------  P R O C E S S  ---------------

Java Threads: ( => current thread )
  0x000000001e4ef800 JavaThread "Idle World Wind Task " daemon [_thread_blocked, id=4700, stack(0x000000002bf40000,0x000000002c040000)]
  0x000000001e4ef000 JavaThread "Idle World Wind Task " daemon [_thread_blocked, id=1112, stack(0x000000002bd40000,0x000000002be40000)]
  0x000000001e4ee000 JavaThread "Idle World Wind Task " daemon [_thread_blocked, id=1468, stack(0x000000002bbd0000,0x000000002bcd0000)]
  0x000000001e4ed800 JavaThread "Idle World Wind Task " daemon [_thread_blocked, id=3916, stack(0x000000002ba80000,0x000000002bb80000)]
  0x000000001e4ec800 JavaThread "Idle World Wind Task " daemon [_thread_blocked, id=4084, stack(0x000000002b340000,0x000000002b440000)]
  0x000000001e4ec000 JavaThread "D3D Screen Updater" daemon [_thread_blocked, id=2124, stack(0x0000000027c50000,0x0000000027d50000)]
  0x000000001e4eb000 JavaThread "DestroyJavaVM" [_thread_blocked, id=3052, stack(0x0000000002510000,0x0000000002610000)]
  0x000000001e4ea800 JavaThread "Thread-40" daemon [_thread_in_native, id=4156, stack(0x0000000027dc0000,0x0000000027ec0000)]
  0x000000001e4e9800 JavaThread "Thread-39" daemon [_thread_in_native, id=1064, stack(0x00000000279e0000,0x0000000027ae0000)]
  0x000000001e4e9000 JavaThread "Thread-38" [_thread_blocked, id=3996, stack(0x0000000027b50000,0x0000000027c50000)]
  0x000000001e4e8000 JavaThread "Thread-37" daemon [_thread_in_native, id=1900, stack(0x00000000278d0000,0x00000000279d0000)]
  0x000000001e4e7800 JavaThread "Thread-36" daemon [_thread_in_native, id=2128, stack(0x0000000026c50000,0x0000000026d50000)]
  0x000000001e4e6800 JavaThread "Thread-35" [_thread_blocked, id=2344, stack(0x0000000027720000,0x0000000027820000)]
  0x000000001e4e6000 JavaThread "Thread-34" daemon [_thread_in_native, id=1480, stack(0x00000000274f0000,0x00000000275f0000)]
  0x000000001e4e5000 JavaThread "Thread-33" [_thread_blocked, id=2152, stack(0x0000000027330000,0x0000000027430000)]
  0x000000001e4e4800 JavaThread "Thread-32" daemon [_thread_in_native, id=3136, stack(0x0000000027130000,0x0000000027230000)]
  0x000000001e4e3800 JavaThread "Thread-31" [_thread_blocked, id=3148, stack(0x0000000027020000,0x0000000027120000)]
  0x000000001e4e3000 JavaThread "Thread-29" daemon [_thread_in_native, id=3532, stack(0x0000000026ef0000,0x0000000026ff0000)]
  0x000000001dc2e800 JavaThread "Thread-30" [_thread_blocked, id=1408, stack(0x0000000026d80000,0x0000000026e80000)]
  0x000000001dc2d800 JavaThread "Thread-28" [_thread_blocked, id=2916, stack(0x0000000026990000,0x0000000026a90000)]
  0x000000001dc2d000 JavaThread "Thread-27" [_thread_blocked, id=1436, stack(0x0000000026b00000,0x0000000026c00000)]
  0x000000001dc2c000 JavaThread "Thread-26" daemon [_thread_in_native, id=3912, stack(0x0000000023720000,0x0000000023820000)]
  0x000000001dc2b800 JavaThread "Thread-25" [_thread_blocked, id=4092, stack(0x0000000026870000,0x0000000026970000)]
  0x000000001dc2a800 JavaThread "Thread-24" daemon [_thread_in_native, id=3596, stack(0x0000000025cd0000,0x0000000025dd0000)]
  0x000000001dc2a000 JavaThread "Thread-23" [_thread_blocked, id=1332, stack(0x00000000266b0000,0x00000000267b0000)]
  0x000000001dc29000 JavaThread "Thread-22" daemon [_thread_in_native, id=1344, stack(0x0000000026550000,0x0000000026650000)]
  0x000000001dc28800 JavaThread "Thread-21" [_thread_blocked, id=1228, stack(0x0000000026410000,0x0000000026510000)]
  0x000000001dc27800 JavaThread "Thread-20" daemon [_thread_in_native, id=1572, stack(0x000000001ead0000,0x000000001ebd0000)]
  0x000000001dc20000 JavaThread "Thread-19" [_thread_blocked, id=1200, stack(0x0000000025a70000,0x0000000025b70000)]
  0x000000001dc27000 JavaThread "Thread-18" daemon [_thread_in_native, id=4032, stack(0x00000000258f0000,0x00000000259f0000)]
  0x000000001dc26000 JavaThread "Thread-17" [_thread_blocked, id=3716, stack(0x00000000255c0000,0x00000000256c0000)]
  0x000000001dc24000 JavaThread "Thread-16" daemon [_thread_in_native, id=1032, stack(0x0000000025bd0000,0x0000000025cd0000)]
  0x000000001dc25800 JavaThread "Thread-15" [_thread_blocked, id=176, stack(0x0000000025370000,0x0000000025470000)]
  0x000000001dc24800 JavaThread "Keep-Alive-Timer" daemon [_thread_blocked, id=4492, stack(0x00000000214c0000,0x00000000215c0000)]
=>0x000000001dc23000 JavaThread "AWT-EventQueue-0" [_thread_in_native, id=3208, stack(0x00000000261b0000,0x00000000262b0000)]
  0x000000001dc22800 JavaThread "AWT-Shutdown" [_thread_blocked, id=1472, stack(0x00000000262f0000,0x00000000263f0000)]
  0x000000001dc21800 JavaThread "Thread-13" daemon [_thread_blocked, id=2508, stack(0x0000000025780000,0x0000000025880000)]
  0x000000001dc21000 JavaThread "TimerQueue" daemon [_thread_blocked, id=5096, stack(0x0000000026010000,0x0000000026110000)]
  0x000000001da07000 JavaThread "main-SharedResourceRunner" daemon [_thread_blocked, id=4712, stack(0x0000000021010000,0x0000000021110000)]
  0x000000001d601000 JavaThread "AWT-Windows" daemon [_thread_in_native, id=3640, stack(0x000000001ec30000,0x000000001ed30000)]
  0x000000001d881000 JavaThread "Java2D Disposer" daemon [_thread_blocked, id=3920, stack(0x000000001e8e0000,0x000000001e9e0000)]
  0x000000001b1f6800 JavaThread "Service Thread" daemon [_thread_blocked, id=3204, stack(0x000000001cd80000,0x000000001ce80000)]
  0x000000001b192000 JavaThread "C1 CompilerThread3" daemon [_thread_blocked, id=5000, stack(0x000000001cab0000,0x000000001cbb0000)]
  0x000000001b17d000 JavaThread "C2 CompilerThread2" daemon [_thread_blocked, id=1364, stack(0x000000001cbd0000,0x000000001ccd0000)]
  0x000000001b177800 JavaThread "C2 CompilerThread1" daemon [_thread_blocked, id=728, stack(0x000000001c960000,0x000000001ca60000)]
  0x000000001b170000 JavaThread "C2 CompilerThread0" daemon [_thread_blocked, id=1636, stack(0x000000001c6b0000,0x000000001c7b0000)]
  0x000000001b16f000 JavaThread "Attach Listener" daemon [_thread_blocked, id=4272, stack(0x000000001c820000,0x000000001c920000)]
  0x000000001b16e000 JavaThread "Signal Dispatcher" daemon [_thread_blocked, id=2204, stack(0x000000001c560000,0x000000001c660000)]
  0x000000001a2da800 JavaThread "Finalizer" daemon [_thread_blocked, id=1792, stack(0x000000001c420000,0x000000001c520000)]
  0x000000001a2d1800 JavaThread "Reference Handler" daemon [_thread_blocked, id=3288, stack(0x000000001c310000,0x000000001c410000)]

Other Threads:
  0x000000001b120800 VMThread [stack: 0x000000001c0f0000,0x000000001c1f0000] [id=2752]
  0x000000001b208000 WatcherThread [stack: 0x000000001cfe0000,0x000000001d0e0000] [id=4404]

VM state:not at safepoint (normal execution)

VM Mutex/Monitor currently owned by a thread: None

Heap:
 PSYoungGen      total 208896K, used 120558K [0x0000000780000000, 0x0000000790c80000, 0x00000007c0000000)
  eden space 204288K, 59% used [0x0000000780000000,0x00000007875bbae0,0x000000078c780000)
  from space 4608K, 0% used [0x000000078c780000,0x000000078c780000,0x000000078cc00000)
  to   space 4608K, 0% used [0x0000000790800000,0x0000000790800000,0x0000000790c80000)
 ParOldGen       total 20480K, used 16092K [0x0000000700000000, 0x0000000701400000, 0x0000000780000000)
  object space 20480K, 78% used [0x0000000700000000,0x0000000700fb71f8,0x0000000701400000)
 Metaspace       used 23116K, capacity 23365K, committed 23680K, reserved 1071104K
  class space    used 2547K, capacity 2623K, committed 2688K, reserved 1048576K

Card table byte_map: [0x0000000011ca0000,0x00000000122b0000] byte_map_base: 0x000000000e4a0000

Marking Bits: (ParMarkBitMap*) 0x0000000063f913b0
 Begin Bits: [0x00000000132f0000, 0x00000000162f0000)
 End Bits:   [0x00000000162f0000, 0x00000000192f0000)

Polling page: 0x0000000000140000

CodeCache: size=245760Kb used=11724Kb max_used=11724Kb free=234035Kb
 bounds [0x00000000028e0000, 0x0000000003460000, 0x00000000118e0000]
 total_blobs=4292 nmethods=3349 adapters=856
 compilation: enabled

Compilation events (10 events):
Event: 10.309 Thread 0x000000001b192000 3433       3       it.graphitech.smeSpire.lines.cubicCurve.CubicSplinePolyline::initUpdateControlPoints (41 bytes)
Event: 10.309 Thread 0x000000001b192000 nmethod 3433 0x0000000003454590 code [0x0000000003454780, 0x0000000003454d58]
Event: 10.309 Thread 0x000000001b192000 3430       3       it.graphitech.smeSpire.lines.cubicCurve.CubicSplinePolyline::createBuffers (55 bytes)
Event: 10.310 Thread 0x000000001b192000 nmethod 3430 0x0000000003451490 code [0x0000000003451620, 0x00000000034518d8]
Event: 10.310 Thread 0x000000001b192000 3431       3       it.graphitech.smeSpire.lines.cubicCurve.CubicSplinePolyline::setArrayIndices (60 bytes)
Event: 10.310 Thread 0x000000001b192000 nmethod 3431 0x0000000003453990 code [0x0000000003453b60, 0x0000000003454268]
Event: 10.310 Thread 0x000000001b192000 3432       3       it.graphitech.smeSpire.lines.cubicCurve.CubicSplinePolyline::drawLines (124 bytes)
Event: 10.310 Thread 0x000000001b192000 nmethod 3432 0x000000000345ce90 code [0x000000000345d0c0, 0x000000000345dcf8]
Event: 10.330 Thread 0x000000001b192000 3434       1       java.nio.DirectFloatBufferU::isDirect (2 bytes)
Event: 10.330 Thread 0x000000001b192000 nmethod 3434 0x000000000344c910 code [0x000000000344ca60, 0x000000000344cb70]

GC Heap History (10 events):
Event: 3.324 GC heap before
{Heap before GC invocations=22 (full 0):
 PSYoungGen      total 106496K, used 106480K [0x0000000780000000, 0x0000000789880000, 0x00000007c0000000)
  eden space 103936K, 100% used [0x0000000780000000,0x0000000786580000,0x0000000786580000)
  from space 2560K, 99% used [0x0000000786580000,0x00000007867fc2e8,0x0000000786800000)
  to   space 5120K, 0% used [0x0000000789380000,0x0000000789380000,0x0000000789880000)
 ParOldGen       total 195072K, used 12272K [0x0000000700000000, 0x000000070be80000, 0x0000000780000000)
  object space 195072K, 6% used [0x0000000700000000,0x0000000700bfc200,0x000000070be80000)
 Metaspace       used 19850K, capacity 20071K, committed 20224K, reserved 1067008K
  class space    used 2186K, capacity 2234K, committed 2304K, reserved 1048576K
Event: 3.329 GC heap after
Heap after GC invocations=22 (full 0):
 PSYoungGen      total 151040K, used 128K [0x0000000780000000, 0x0000000789880000, 0x00000007c0000000)
  eden space 145920K, 0% used [0x0000000780000000,0x0000000780000000,0x0000000788e80000)
  from space 5120K, 2% used [0x0000000789380000,0x00000007893a0000,0x0000000789880000)
  to   space 5120K, 0% used [0x0000000788e80000,0x0000000788e80000,0x0000000789380000)
 ParOldGen       total 195072K, used 14820K [0x0000000700000000, 0x000000070be80000, 0x0000000780000000)
  object space 195072K, 7% used [0x0000000700000000,0x0000000700e79238,0x000000070be80000)
 Metaspace       used 19850K, capacity 20071K, committed 20224K, reserved 1067008K
  class space    used 2186K, capacity 2234K, committed 2304K, reserved 1048576K
}
Event: 3.691 GC heap before
{Heap before GC invocations=23 (full 0):
 PSYoungGen      total 151040K, used 146048K [0x0000000780000000, 0x0000000789880000, 0x00000007c0000000)
  eden space 145920K, 100% used [0x0000000780000000,0x0000000788e80000,0x0000000788e80000)
  from space 5120K, 2% used [0x0000000789380000,0x00000007893a0000,0x0000000789880000)
  to   space 5120K, 0% used [0x0000000788e80000,0x0000000788e80000,0x0000000789380000)
 ParOldGen       total 195072K, used 14820K [0x0000000700000000, 0x000000070be80000, 0x0000000780000000)
  object space 195072K, 7% used [0x0000000700000000,0x0000000700e79238,0x000000070be80000)
 Metaspace       used 19862K, capacity 20071K, committed 20224K, reserved 1067008K
  class space    used 2186K, capacity 2234K, committed 2304K, reserved 1048576K
Event: 3.694 GC heap after
Heap after GC invocations=23 (full 0):
 PSYoungGen      total 151040K, used 1152K [0x0000000780000000, 0x000000078d080000, 0x00000007c0000000)
  eden space 145920K, 0% used [0x0000000780000000,0x0000000780000000,0x0000000788e80000)
  from space 5120K, 22% used [0x0000000788e80000,0x0000000788fa0000,0x0000000789380000)
  to   space 4608K, 0% used [0x000000078cc00000,0x000000078cc00000,0x000000078d080000)
 ParOldGen       total 195072K, used 14928K [0x0000000700000000, 0x000000070be80000, 0x0000000780000000)
  object space 195072K, 7% used [0x0000000700000000,0x0000000700e94248,0x000000070be80000)
 Metaspace       used 19862K, capacity 20071K, committed 20224K, reserved 1067008K
  class space    used 2186K, capacity 2234K, committed 2304K, reserved 1048576K
}
Event: 4.005 GC heap before
{Heap before GC invocations=24 (full 0):
 PSYoungGen      total 151040K, used 147072K [0x0000000780000000, 0x000000078d080000, 0x00000007c0000000)
  eden space 145920K, 100% used [0x0000000780000000,0x0000000788e80000,0x0000000788e80000)
  from space 5120K, 22% used [0x0000000788e80000,0x0000000788fa0000,0x0000000789380000)
  to   space 4608K, 0% used [0x000000078cc00000,0x000000078cc00000,0x000000078d080000)
 ParOldGen       total 195072K, used 14928K [0x0000000700000000, 0x000000070be80000, 0x0000000780000000)
  object space 195072K, 7% used [0x0000000700000000,0x0000000700e94248,0x000000070be80000)
 Metaspace       used 19864K, capacity 20071K, committed 20224K, reserved 1067008K
  class space    used 2186K, capacity 2234K, committed 2304K, reserved 1048576K
Event: 4.026 GC heap after
Heap after GC invocations=24 (full 0):
 PSYoungGen      total 208896K, used 128K [0x0000000780000000, 0x000000078d080000, 0x00000007c0000000)
  eden space 204288K, 0% used [0x0000000780000000,0x0000000780000000,0x000000078c780000)
  from space 4608K, 2% used [0x000000078cc00000,0x000000078cc20000,0x000000078d080000)
  to   space 4608K, 0% used [0x000000078c780000,0x000000078c780000,0x000000078cc00000)
 ParOldGen       total 195072K, used 16000K [0x0000000700000000, 0x000000070be80000, 0x0000000780000000)
  object space 195072K, 8% used [0x0000000700000000,0x0000000700fa0268,0x000000070be80000)
 Metaspace       used 19864K, capacity 20071K, committed 20224K, reserved 1067008K
  class space    used 2186K, capacity 2234K, committed 2304K, reserved 1048576K
}
Event: 4.154 GC heap before
{Heap before GC invocations=25 (full 0):
 PSYoungGen      total 208896K, used 30907K [0x0000000780000000, 0x000000078d080000, 0x00000007c0000000)
  eden space 204288K, 15% used [0x0000000780000000,0x0000000781e0ed50,0x000000078c780000)
  from space 4608K, 2% used [0x000000078cc00000,0x000000078cc20000,0x000000078d080000)
  to   space 4608K, 0% used [0x000000078c780000,0x000000078c780000,0x000000078cc00000)
 ParOldGen       total 195072K, used 16000K [0x0000000700000000, 0x000000070be80000, 0x0000000780000000)
  object space 195072K, 8% used [0x0000000700000000,0x0000000700fa0268,0x000000070be80000)
 Metaspace       used 20920K, capacity 21107K, committed 21296K, reserved 1069056K
  class space    used 2328K, capacity 2364K, committed 2432K, reserved 1048576K
Event: 4.158 GC heap after
Heap after GC invocations=25 (full 0):
 PSYoungGen      total 208896K, used 2400K [0x0000000780000000, 0x0000000790c80000, 0x00000007c0000000)
  eden space 204288K, 0% used [0x0000000780000000,0x0000000780000000,0x000000078c780000)
  from space 4608K, 52% used [0x000000078c780000,0x000000078c9d8000,0x000000078cc00000)
  to   space 4608K, 0% used [0x0000000790800000,0x0000000790800000,0x0000000790c80000)
 ParOldGen       total 195072K, used 16024K [0x0000000700000000, 0x000000070be80000, 0x0000000780000000)
  object space 195072K, 8% used [0x0000000700000000,0x0000000700fa6268,0x000000070be80000)
 Metaspace       used 20920K, capacity 21107K, committed 21296K, reserved 1069056K
  class space    used 2328K, capacity 2364K, committed 2432K, reserved 1048576K
}
Event: 4.158 GC heap before
{Heap before GC invocations=26 (full 1):
 PSYoungGen      total 208896K, used 2400K [0x0000000780000000, 0x0000000790c80000, 0x00000007c0000000)
  eden space 204288K, 0% used [0x0000000780000000,0x0000000780000000,0x000000078c780000)
  from space 4608K, 52% used [0x000000078c780000,0x000000078c9d8000,0x000000078cc00000)
  to   space 4608K, 0% used [0x0000000790800000,0x0000000790800000,0x0000000790c80000)
 ParOldGen       total 195072K, used 16024K [0x0000000700000000, 0x000000070be80000, 0x0000000780000000)
  object space 195072K, 8% used [0x0000000700000000,0x0000000700fa6268,0x000000070be80000)
 Metaspace       used 20920K, capacity 21107K, committed 21296K, reserved 1069056K
  class space    used 2328K, capacity 2364K, committed 2432K, reserved 1048576K
Event: 4.299 GC heap after
Heap after GC invocations=26 (full 1):
 PSYoungGen      total 208896K, used 0K [0x0000000780000000, 0x0000000790c80000, 0x00000007c0000000)
  eden space 204288K, 0% used [0x0000000780000000,0x0000000780000000,0x000000078c780000)
  from space 4608K, 0% used [0x000000078c780000,0x000000078c780000,0x000000078cc00000)
  to   space 4608K, 0% used [0x0000000790800000,0x0000000790800000,0x0000000790c80000)
 ParOldGen       total 20480K, used 16092K [0x0000000700000000, 0x0000000701400000, 0x0000000780000000)
  object space 20480K, 78% used [0x0000000700000000,0x0000000700fb71f8,0x0000000701400000)
 Metaspace       used 20920K, capacity 21107K, committed 21296K, reserved 1069056K
  class space    used 2328K, capacity 2364K, committed 2432K, reserved 1048576K
}

Deoptimization events (10 events):
Event: 4.091 Thread 0x000000001d601000 Uncommon trap: reason=bimorphic action=maybe_recompile pc=0x0000000002c12964 method=java.util.HashMap.putVal(ILjava/lang/Object;Ljava/lang/Object;ZZ)Ljava/lang/Object; @ 91
Event: 4.122 Thread 0x00000000003de800 Uncommon trap: reason=class_check action=maybe_recompile pc=0x0000000002ea72d0 method=java.util.AbstractCollection.toArray([Ljava/lang/Object;)[Ljava/lang/Object; @ 1
Event: 4.123 Thread 0x00000000003de800 Uncommon trap: reason=class_check action=maybe_recompile pc=0x0000000002ea72d0 method=java.util.AbstractCollection.toArray([Ljava/lang/Object;)[Ljava/lang/Object; @ 1
Event: 4.131 Thread 0x00000000003de800 Uncommon trap: reason=predicate action=maybe_recompile pc=0x0000000002e6a804 method=java.util.ArrayList.indexOf(Ljava/lang/Object;)I @ 44
Event: 4.133 Thread 0x00000000003de800 Uncommon trap: reason=predicate action=maybe_recompile pc=0x0000000002eade88 method=java.util.ArrayList.indexOf(Ljava/lang/Object;)I @ 44
Event: 4.308 Thread 0x00000000003de800 Uncommon trap: reason=class_check action=maybe_recompile pc=0x0000000002e6b000 method=java.util.ArrayList.indexOf(Ljava/lang/Object;)I @ 51
Event: 6.849 Thread 0x000000001dc23000 Uncommon trap: reason=class_check action=maybe_recompile pc=0x00000000032f00d8 method=gov.nasa.worldwind.globes.EllipsoidalGlobe.getElevation(Lgov/nasa/worldwind/geom/Angle;Lgov/nasa/worldwind/geom/Angle;)D @ 45
Event: 6.849 Thread 0x000000001dc23000 Uncommon trap: reason=class_check action=maybe_recompile pc=0x00000000032f00d8 method=gov.nasa.worldwind.globes.EllipsoidalGlobe.getElevation(Lgov/nasa/worldwind/geom/Angle;Lgov/nasa/worldwind/geom/Angle;)D @ 45
Event: 6.849 Thread 0x000000001dc23000 Uncommon trap: reason=class_check action=maybe_recompile pc=0x00000000032f00d8 method=gov.nasa.worldwind.globes.EllipsoidalGlobe.getElevation(Lgov/nasa/worldwind/geom/Angle;Lgov/nasa/worldwind/geom/Angle;)D @ 45
Event: 6.849 Thread 0x000000001dc23000 Uncommon trap: reason=class_check action=maybe_recompile pc=0x00000000032f00d8 method=gov.nasa.worldwind.globes.EllipsoidalGlobe.getElevation(Lgov/nasa/worldwind/geom/Angle;Lgov/nasa/worldwind/geom/Angle;)D @ 45

Internal exceptions (10 events):
Event: 5.331 Thread 0x000000001dc23000 Exception <a 'java/security/PrivilegedActionException'> (0x0000000783b17d80) thrown at [D:\re\workspace\8-2-build-windows-amd64-cygwin\jdk8u5\2488\hotspot\src\share\vm\prims\jvm.cpp, line 1248]
Event: 5.332 Thread 0x000000001dc23000 Exception <a 'java/security/PrivilegedActionException'> (0x0000000783b1ee30) thrown at [D:\re\workspace\8-2-build-windows-amd64-cygwin\jdk8u5\2488\hotspot\src\share\vm\prims\jvm.cpp, line 1248]
Event: 5.332 Thread 0x000000001dc23000 Exception <a 'java/security/PrivilegedActionException'> (0x0000000783b20c40) thrown at [D:\re\workspace\8-2-build-windows-amd64-cygwin\jdk8u5\2488\hotspot\src\share\vm\prims\jvm.cpp, line 1248]
Event: 5.332 Thread 0x000000001dc23000 Exception <a 'java/security/PrivilegedActionException'> (0x0000000783b26218) thrown at [D:\re\workspace\8-2-build-windows-amd64-cygwin\jdk8u5\2488\hotspot\src\share\vm\prims\jvm.cpp, line 1248]
Event: 5.334 Thread 0x000000001dc23000 Exception <a 'java/security/PrivilegedActionException'> (0x0000000783b2a8c8) thrown at [D:\re\workspace\8-2-build-windows-amd64-cygwin\jdk8u5\2488\hotspot\src\share\vm\prims\jvm.cpp, line 1248]
Event: 5.353 Thread 0x000000001dc23000 Exception <a 'java/security/PrivilegedActionException'> (0x0000000783b33dc8) thrown at [D:\re\workspace\8-2-build-windows-amd64-cygwin\jdk8u5\2488\hotspot\src\share\vm\prims\jvm.cpp, line 1248]
Event: 5.494 Thread 0x000000001e4ec800 Exception <a 'java/security/PrivilegedActionException'> (0x0000000783c16738) thrown at [D:\re\workspace\8-2-build-windows-amd64-cygwin\jdk8u5\2488\hotspot\src\share\vm\prims\jvm.cpp, line 1248]
Event: 6.761 Thread 0x000000001dc23000 Exception <a 'java/security/PrivilegedActionException'> (0x0000000783eb8470) thrown at [D:\re\workspace\8-2-build-windows-amd64-cygwin\jdk8u5\2488\hotspot\src\share\vm\prims\jvm.cpp, line 1248]
Event: 6.867 Thread 0x000000001dc23000 Exception <a 'java/security/PrivilegedActionException'> (0x000000078441efe0) thrown at [D:\re\workspace\8-2-build-windows-amd64-cygwin\jdk8u5\2488\hotspot\src\share\vm\prims\jvm.cpp, line 1248]
Event: 10.214 Thread 0x000000001dc23000 Exception <a 'java/security/PrivilegedActionException'> (0x00000007854c8530) thrown at [D:\re\workspace\8-2-build-windows-amd64-cygwin\jdk8u5\2488\hotspot\src\share\vm\prims\jvm.cpp, line 1248]

Events (10 events):
Event: 10.278 Thread 0x000000001dc23000 DEOPT PACKING pc=0x000000000343abcf sp=0x00000000262ac7e0
Event: 10.278 Thread 0x000000001dc23000 DEOPT UNPACKING pc=0x0000000002927204 sp=0x00000000262ac560 mode 0
Event: 10.279 Thread 0x000000001dc23000 DEOPT PACKING pc=0x000000000343abcf sp=0x00000000262ac7e0
Event: 10.279 Thread 0x000000001dc23000 DEOPT UNPACKING pc=0x0000000002927204 sp=0x00000000262ac560 mode 0
Event: 10.281 Thread 0x000000001dc23000 DEOPT PACKING pc=0x000000000343abcf sp=0x00000000262ac7e0
Event: 10.281 Thread 0x000000001dc23000 DEOPT UNPACKING pc=0x0000000002927204 sp=0x00000000262ac560 mode 0
Event: 10.282 Thread 0x000000001dc23000 DEOPT PACKING pc=0x000000000343abcf sp=0x00000000262ac7e0
Event: 10.282 Thread 0x000000001dc23000 DEOPT UNPACKING pc=0x0000000002927204 sp=0x00000000262ac560 mode 0
Event: 10.284 Thread 0x000000001dc23000 DEOPT PACKING pc=0x0000000003438fb9 sp=0x00000000262ac7c0
Event: 10.284 Thread 0x000000001dc23000 DEOPT UNPACKING pc=0x0000000002927204 sp=0x00000000262ac560 mode 0


Dynamic libraries:
0x000000013f920000 - 0x000000013f954000 	C:\Program Files\Java\jre8\bin\javaw.exe
0x0000000077600000 - 0x00000000777a9000 	C:\Windows\SYSTEM32\ntdll.dll
0x00000000774e0000 - 0x00000000775ff000 	C:\Windows\system32\kernel32.dll
0x000007fefd760000 - 0x000007fefd7cc000 	C:\Windows\system32\KERNELBASE.dll
0x000007fefd920000 - 0x000007fefd9fb000 	C:\Windows\system32\ADVAPI32.dll
0x000007feff790000 - 0x000007feff82f000 	C:\Windows\system32\msvcrt.dll
0x000007fefeee0000 - 0x000007fefeeff000 	C:\Windows\SYSTEM32\sechost.dll
0x000007feff010000 - 0x000007feff13d000 	C:\Windows\system32\RPCRT4.dll
0x00000000773e0000 - 0x00000000774da000 	C:\Windows\system32\USER32.dll
0x000007feff490000 - 0x000007feff4f7000 	C:\Windows\system32\GDI32.dll
0x000007feff480000 - 0x000007feff48e000 	C:\Windows\system32\LPK.dll
0x000007feff840000 - 0x000007feff909000 	C:\Windows\system32\USP10.dll
0x000007fefbfe0000 - 0x000007fefc1d4000 	C:\Windows\WinSxS\amd64_microsoft.windows.common-controls_6595b64144ccf1df_6.0.7601.17514_none_fa396087175ac9ac\COMCTL32.dll
0x000007fefd8a0000 - 0x000007fefd911000 	C:\Windows\system32\SHLWAPI.dll
0x000007fefd870000 - 0x000007fefd89e000 	C:\Windows\system32\IMM32.DLL
0x000007fefef00000 - 0x000007feff009000 	C:\Windows\system32\MSCTF.dll
0x0000000073a10000 - 0x0000000073a90000 	c:\program files (x86)\f-secure\hips\fshook64.dll
0x00000000777c0000 - 0x00000000777c7000 	C:\Windows\system32\PSAPI.DLL
0x00000000678f0000 - 0x00000000679c2000 	C:\Program Files\Java\jre8\bin\msvcr100.dll
0x00000000637e0000 - 0x000000006400a000 	C:\Program Files\Java\jre8\bin\server\jvm.dll
0x000007fefa380000 - 0x000007fefa389000 	C:\Windows\system32\WSOCK32.dll
0x000007fefed20000 - 0x000007fefed6d000 	C:\Windows\system32\WS2_32.dll
0x000007feff830000 - 0x000007feff838000 	C:\Windows\system32\NSI.dll
0x000007fefaf60000 - 0x000007fefaf9b000 	C:\Windows\system32\WINMM.dll
0x00000000715b0000 - 0x00000000715bf000 	C:\Program Files\Java\jre8\bin\verify.dll
0x0000000071580000 - 0x00000000715a8000 	C:\Program Files\Java\jre8\bin\java.dll
0x0000000071560000 - 0x0000000071576000 	C:\Program Files\Java\jre8\bin\zip.dll
0x000007fefdc40000 - 0x000007fefe9c8000 	C:\Windows\system32\SHELL32.dll
0x000007feff580000 - 0x000007feff783000 	C:\Windows\system32\ole32.dll
0x000007fefd410000 - 0x000007fefd41f000 	C:\Windows\system32\profapi.dll
0x00000000728f0000 - 0x0000000072a86000 	C:\Program Files\Java\jre8\bin\awt.dll
0x000007feff140000 - 0x000007feff217000 	C:\Windows\system32\OLEAUT32.dll
0x000007fefb850000 - 0x000007fefb868000 	C:\Windows\system32\DWMAPI.DLL
0x000007fefbdb0000 - 0x000007fefbe06000 	C:\Windows\system32\uxtheme.dll
0x000007fefd2b0000 - 0x000007fefd2bf000 	C:\Windows\system32\CRYPTBASE.dll
0x000007fef7900000 - 0x000007fef7aff000 	C:\Windows\system32\d3d9.dll
0x000007fefc4d0000 - 0x000007fefc4dc000 	C:\Windows\system32\VERSION.dll
0x000007fef8b70000 - 0x000007fef8b77000 	C:\Windows\system32\d3d8thk.dll
0x000007feebe60000 - 0x000007feeccfb000 	C:\Windows\system32\nvd3dumx.dll
0x000007fefb550000 - 0x000007fefb57c000 	C:\Windows\system32\powrprof.dll
0x000007fefda60000 - 0x000007fefdc37000 	C:\Windows\system32\SETUPAPI.dll
0x000007fefd480000 - 0x000007fefd4b6000 	C:\Windows\system32\CFGMGR32.dll
0x000007fefd450000 - 0x000007fefd46a000 	C:\Windows\system32\DEVOBJ.dll
0x000007fefccf0000 - 0x000007fefcd07000 	C:\Windows\system32\CRYPTSP.dll
0x000007fefc910000 - 0x000007fefc957000 	C:\Windows\system32\rsaenh.dll
0x000007fefd740000 - 0x000007fefd75e000 	C:\Windows\system32\USERENV.dll
0x0000000071540000 - 0x000000007155a000 	C:\Program Files\Java\jre8\bin\net.dll
0x000007fefcc90000 - 0x000007fefcce5000 	C:\Windows\system32\mswsock.dll
0x000007fefcc80000 - 0x000007fefcc87000 	C:\Windows\System32\wship6.dll
0x000007fefafb0000 - 0x000007fefafd7000 	C:\Windows\system32\IPHLPAPI.DLL
0x000007fefaee0000 - 0x000007fefaeeb000 	C:\Windows\system32\WINNSI.DLL
0x000007fefa830000 - 0x000007fefa841000 	C:\Windows\system32\dhcpcsvc6.DLL
0x000007fefa460000 - 0x000007fefa478000 	C:\Windows\system32\dhcpcsvc.DLL
0x0000000071520000 - 0x0000000071531000 	C:\Program Files\Java\jre8\bin\nio.dll
0x00000000637c0000 - 0x00000000637cd000 	C:\Users\alberto.debiasi\AppData\Local\Temp\jogamp_0000\file_cache\jln4836334389245974311\jln7002114346678472433\gluegen-rt.dll
0x0000000073aa0000 - 0x0000000073aa7000 	C:\Program Files\Java\jre8\bin\jawt.dll
0x000000006a440000 - 0x000000006a44d000 	C:\Users\alberto.debiasi\AppData\Local\Temp\jogamp_0000\file_cache\jln4836334389245974311\jln7002114346678472433\nativewindow_awt.dll
0x000000006c100000 - 0x000000006c10f000 	C:\Users\alberto.debiasi\AppData\Local\Temp\jogamp_0000\file_cache\jln4836334389245974311\jln7002114346678472433\nativewindow_win32.dll
0x000007fef0f80000 - 0x000007fef109d000 	C:\Windows\system32\OpenGL32.dll
0x000007fef8240000 - 0x000007fef826d000 	C:\Windows\system32\GLU32.dll
0x000007fef8140000 - 0x000007fef8231000 	C:\Windows\system32\DDRAW.dll
0x000007fefa890000 - 0x000007fefa898000 	C:\Windows\system32\DCIMAN32.dll
0x0000000064500000 - 0x00000000645a0000 	C:\Users\alberto.debiasi\AppData\Local\Temp\jogamp_0000\file_cache\jln4836334389245974311\jln7002114346678472433\jogl_desktop.dll
0x0000000021a50000 - 0x0000000022fc4000 	C:\Windows\system32\nvoglv64.DLL
0x000007fefd580000 - 0x000007fefd5ba000 	C:\Windows\system32\WINTRUST.dll
0x000007fefd5c0000 - 0x000007fefd72c000 	C:\Windows\system32\CRYPT32.dll
0x000007fefd420000 - 0x000007fefd42f000 	C:\Windows\system32\MSASN1.dll
0x000007fefc5a0000 - 0x000007fefc5a7000 	C:\Windows\System32\wshtcpip.dll
0x000007fefca70000 - 0x000007fefcacb000 	C:\Windows\system32\DNSAPI.dll
0x000007fef9ce0000 - 0x000007fef9ce8000 	C:\Windows\system32\rasadhlp.dll
0x000007fefae80000 - 0x000007fefaed3000 	C:\Windows\System32\fwpuclnt.dll
0x0000000072f70000 - 0x0000000072fb7000 	C:\Program Files\Java\jre8\bin\fontmanager.dll
0x0000000072f20000 - 0x0000000072f61000 	C:\Program Files\Java\jre8\bin\t2k.dll
0x000007fefd7d0000 - 0x000007fefd869000 	C:\Windows\system32\CLBCatQ.DLL
0x000007fef68f0000 - 0x000007fef6a15000 	C:\Windows\system32\dbghelp.dll

VM Arguments:
jvm_args: -Dfile.encoding=Cp1252 
java_command: it.graphitech.smeSpire.Main_STANDALONE_v3
java_class_path (initial): C:\Users\alberto.debiasi\Dropbox\PHD\workspace\ArcMapClutterReduction_v3\bin;C:\Users\alberto.debiasi\Dropbox\PHD\workspace\ArcMapClutterReduction_v3\lib\worldwind_2_0\gdal.jar;C:\Users\alberto.debiasi\Dropbox\PHD\workspace\ArcMapClutterReduction_v3\lib\worldwind_2_0\gluegen-rt-natives-linux-amd64.jar;C:\Users\alberto.debiasi\Dropbox\PHD\workspace\ArcMapClutterReduction_v3\lib\worldwind_2_0\gluegen-rt-natives-linux-i586.jar;C:\Users\alberto.debiasi\Dropbox\PHD\workspace\ArcMapClutterReduction_v3\lib\worldwind_2_0\gluegen-rt-natives-macosx-universal.jar;C:\Users\alberto.debiasi\Dropbox\PHD\workspace\ArcMapClutterReduction_v3\lib\worldwind_2_0\gluegen-rt-natives-windows-amd64.jar;C:\Users\alberto.debiasi\Dropbox\PHD\workspace\ArcMapClutterReduction_v3\lib\worldwind_2_0\gluegen-rt-natives-windows-i586.jar;C:\Users\alberto.debiasi\Dropbox\PHD\workspace\ArcMapClutterReduction_v3\lib\worldwind_2_0\gluegen-rt.jar;C:\Users\alberto.debiasi\Dropbox\PHD\workspace\ArcMapClutterReduction_v3\lib\worldwind_2_0\jogl-all-natives-linux-amd64.jar;C:\Users\alberto.debiasi\Dropbox\PHD\workspace\ArcMapClutterReduction_v3\lib\worldwind_2_0\jogl-all-natives-linux-i586.jar;C:\Users\alberto.debiasi\Dropbox\PHD\workspace\ArcMapClutterReduction_v3\lib\worldwind_2_0\jogl-all-natives-macosx-universal.jar;C:\Users\alberto.debiasi\Dropbox\PHD\workspace\ArcMapClutterReduction_v3\lib\worldwind_2_0\jogl-all-natives-windows-amd64.jar;C:\Users\alberto.debiasi\Dropbox\PHD\workspace\ArcMapClutterReduction_v3\lib\worldwind_2_0\jogl-all-natives-windows-i586.jar;C:\Users\alberto.debiasi\Dropbox\PHD\workspace\ArcMapClutterReduction_v3\lib\worldwind_2_0\jogl-all.jar;C:\Users\alberto.debiasi\Dropbox\PHD\workspace\ArcMapClutterReduction_v3\lib\worldwind_2_0\plugin.jar;C:\Users\alberto.debiasi\Dropbox\PHD\workspace\ArcMapClutterReduction_v3\lib\worldwind_2_0\vpf-symbols.jar;C:\Users\alberto.debiasi\Dropbox\PHD\workspace\ArcMapClutterReduction_v3\lib\worldwind_2_0\worldwind.jar;C:\Use
Launcher Type: SUN_STANDARD

Environment Variables:
PATH=C:\R\R-3.1.0\Rtools\bin;C:\R\R-3.1.0\Rtools\gcc-4.6.3\bin;C:\R\R-3.1.0\bin;C:\Program Files (x86)\MiKTeX 2.9\miktex\bin\;C:\texlive\2013\bin\win32;C:\Windows\system32;C:\Windows;C:\Windows\System32\Wbem;C:\Windows\System32\WindowsPowerShell\v1.0\;C:\Program Files (x86)\Git\cmd;C:\Program Files\TortoiseGit\bin;C:\Program Files\TortoiseSVN\bin;c:\Program Files (x86)\Microsoft SQL Server\100\Tools\Binn\;c:\Program Files\Microsoft SQL Server\100\Tools\Binn\;c:\Program Files\Microsoft SQL Server\100\DTS\Binn\
USERNAME=alberto.debiasi
OS=Windows_NT
PROCESSOR_IDENTIFIER=Intel64 Family 6 Model 26 Stepping 5, GenuineIntel



---------------  S Y S T E M  ---------------

OS: Windows 7 , 64 bit Build 7601 Service Pack 1

CPU:total 8 (4 cores per cpu, 2 threads per core) family 6 model 26 stepping 5, cmov, cx8, fxsr, mmx, sse, sse2, sse3, ssse3, sse4.1, sse4.2, popcnt, ht, tsc, tscinvbit

Memory: 4k page, physical 12580444k(8221808k free), swap 25159024k(19874184k free)

vm_info: Java HotSpot(TM) 64-Bit Server VM (25.5-b02) for windows-amd64 JRE (1.8.0_05-b13), built on Mar 18 2014 01:08:39 by "java_re" with MS VC++ 10.0 (VS2010)

time: Fri Sep 26 11:14:39 2014
elapsed time: 10 seconds

