#
# A fatal error has been detected by the Java Runtime Environment:
#
#  EXCEPTION_ACCESS_VIOLATION (0xc0000005) at pc=0x0000000070d6fd34, pid=4580, tid=3600
#
# JRE version: Java(TM) SE Runtime Environment (8.0_05-b13) (build 1.8.0_05-b13)
# Java VM: Java HotSpot(TM) 64-Bit Server VM (25.5-b02 mixed mode windows-amd64 compressed oops)
# Problematic frame:
# V  [jvm.dll+0x41fd34]
#
# Failed to write core dump. Minidumps are not enabled by default on client versions of Windows
#
# If you would like to submit a bug report, please visit:
#   http://bugreport.sun.com/bugreport/crash.jsp
#

---------------  T H R E A D  ---------------

Current thread (0x0000000058d55800):  JavaThread "C2 CompilerThread1" daemon [_thread_in_native, id=3600, stack(0x000000005a240000,0x000000005a340000)]

siginfo: ExceptionCode=0xc0000005, writing address 0x000000005b749d00

Registers:
RAX=0x0000000000000005, RBX=0x000000005acbbc08, RCX=0x000000005c013c30, RDX=0x000000005b749d00
RSP=0x000000005a33bd00, RBP=0x0000000068125440, RSI=0x000000005a33eae0, RDI=0x000000005c013c30
R8 =0x00000000681210f0, R9 =0x0000000000000001, R10=0x000000005c013c60, R11=0x0000000070f6c918
R12=0x000000005acbbc08, R13=0x000000005a33be90, R14=0x000000000000002c, R15=0x000000005c3de788
RIP=0x0000000070d6fd34, EFLAGS=0x0000000000010206

Top of Stack: (sp=0x000000005a33bd00)
0x000000005a33bd00:   000000005c3de788 000000005a33be90
0x000000005a33bd10:   0000000068121b68 000000005a33be90
0x000000005a33bd20:   000000005c013c30 0000000070d8ccd5
0x000000005a33bd30:   0000000000000000 000000005a33eae0
0x000000005a33bd40:   000000005acbbb40 000000005acbbb80
0x000000005a33bd50:   000000005b8f1960 00000000681210f0
0x000000005a33bd60:   000000005a33be90 0000000000018360
0x000000005a33bd70:   000000005c013c30 000000005a33be10
0x000000005a33bd80:   0000000000000004 000000005a33be70
0x000000005a33bd90:   0000000000000004 0000000070d8d8b7
0x000000005a33bda0:   000000005b48c918 0000000000000051
0x000000005a33bdb0:   0000000000000001 00000000000000d4
0x000000005a33bdc0:   0000000058d40600 0000000000000020
0x000000005a33bdd0:   000000005ba4a5d0 000000000000001e
0x000000005a33bde0:   0000000070f7b968 0000000058d40600
0x000000005a33bdf0:   0000000000000200 000000005ba49dd0 

Instructions: (pc=0x0000000070d6fd34)
0x0000000070d6fd14:   48 85 c9 74 1e 41 8b 40 20 48 8d 14 c1 48 83 ea
0x0000000070d6fd24:   08 48 39 3a 75 f7 ff c8 41 89 40 20 48 8b 0c c1
0x0000000070d6fd34:   48 89 0a 4b 89 1c ca 48 85 db 74 25 48 83 7b 10
0x0000000070d6fd44:   00 74 1e 8b 53 20 3b 53 24 75 08 48 8b cb e8 79 


Register to memory mapping:

RAX=0x0000000000000005 is an unknown value
RBX=0x000000005acbbc08 is an unknown value
RCX=0x000000005c013c30 is an unknown value
RDX=0x000000005b749d00 is an unknown value
RSP=0x000000005a33bd00 is pointing into the stack for thread: 0x0000000058d55800
RBP=0x0000000068125440 is an unknown value
RSI=0x000000005a33eae0 is pointing into the stack for thread: 0x0000000058d55800
RDI=0x000000005c013c30 is an unknown value
R8 =0x00000000681210f0 is an unknown value
R9 =0x0000000000000001 is an unknown value
R10=0x000000005c013c60 is an unknown value
R11=0x0000000070f6c918 is an unknown value
R12=0x000000005acbbc08 is an unknown value
R13=0x000000005a33be90 is pointing into the stack for thread: 0x0000000058d55800
R14=0x000000000000002c is an unknown value
R15=0x000000005c3de788 is an unknown value


Stack: [0x000000005a240000,0x000000005a340000],  sp=0x000000005a33bd00,  free space=1007k
Native frames: (J=compiled Java code, j=interpreted, Vv=VM code, C=native code)
V  [jvm.dll+0x41fd34]
V  [jvm.dll+0x43ccd5]
V  [jvm.dll+0x43d8b7]
V  [jvm.dll+0x441536]
V  [jvm.dll+0x4429b8]
V  [jvm.dll+0x44366b]
V  [jvm.dll+0x427532]
V  [jvm.dll+0x96702]
V  [jvm.dll+0x96ef3]
V  [jvm.dll+0x2232c4]
V  [jvm.dll+0x27baca]
C  [msvcr100.dll+0x21d9f]
C  [msvcr100.dll+0x21e3b]
C  [kernel32.dll+0x159ed]
C  [ntdll.dll+0x2c541]


Current CompileTask:
C2:   7955 3161   !   4       gov.nasa.worldwind.geom.Sector::computeBoundingBox (772 bytes)


---------------  P R O C E S S  ---------------

Java Threads: ( => current thread )
  0x000000005bf56000 JavaThread "Idle World Wind Task " daemon [_thread_blocked, id=5220, stack(0x0000000069f10000,0x000000006a010000)]
  0x000000005bf55800 JavaThread "Idle World Wind Task " daemon [_thread_blocked, id=2748, stack(0x000000006a070000,0x000000006a170000)]
  0x000000005bf54800 JavaThread "Idle World Wind Task " daemon [_thread_blocked, id=5816, stack(0x0000000069dc0000,0x0000000069ec0000)]
  0x000000005bf54000 JavaThread "Idle World Wind Task " daemon [_thread_blocked, id=1176, stack(0x00000000699c0000,0x0000000069ac0000)]
  0x000000005bf53000 JavaThread "Idle World Wind Task " daemon [_thread_blocked, id=1296, stack(0x0000000069190000,0x0000000069290000)]
  0x000000005bf52800 JavaThread "D3D Screen Updater" daemon [_thread_blocked, id=1124, stack(0x0000000066160000,0x0000000066260000)]
  0x000000005bf51800 JavaThread "DestroyJavaVM" [_thread_blocked, id=4372, stack(0x0000000002500000,0x0000000002600000)]
  0x000000005bf51000 JavaThread "Thread-40" daemon [_thread_in_native, id=1140, stack(0x0000000065da0000,0x0000000065ea0000)]
  0x000000005bf50000 JavaThread "Thread-38" [_thread_blocked, id=5944, stack(0x0000000064400000,0x0000000064500000)]
  0x000000005bf4f800 JavaThread "Thread-39" daemon [_thread_in_native, id=5248, stack(0x0000000065b00000,0x0000000065c00000)]
  0x000000005bf4e800 JavaThread "Thread-37" daemon [_thread_in_native, id=4116, stack(0x00000000658f0000,0x00000000659f0000)]
  0x000000005bf4e000 JavaThread "Thread-36" [_thread_blocked, id=5304, stack(0x0000000065780000,0x0000000065880000)]
  0x000000005bf4d000 JavaThread "Thread-35" daemon [_thread_in_native, id=2092, stack(0x0000000065660000,0x0000000065760000)]
  0x000000005bf4c800 JavaThread "Thread-34" [_thread_blocked, id=5016, stack(0x0000000065200000,0x0000000065300000)]
  0x000000005bf4b800 JavaThread "Thread-33" daemon [_thread_in_native, id=4600, stack(0x0000000065470000,0x0000000065570000)]
  0x000000005bf4a800 JavaThread "Thread-31" daemon [_thread_in_native, id=3592, stack(0x0000000065310000,0x0000000065410000)]
  0x000000005bf4a000 JavaThread "Thread-32" [_thread_blocked, id=5176, stack(0x0000000064970000,0x0000000064a70000)]
  0x000000005bf49000 JavaThread "Thread-30" [_thread_blocked, id=6116, stack(0x0000000065070000,0x0000000065170000)]
  0x000000005b2f2800 JavaThread "Thread-29" daemon [_thread_in_native, id=4896, stack(0x0000000064eb0000,0x0000000064fb0000)]
  0x000000005b2f2000 JavaThread "Thread-28" [_thread_blocked, id=2348, stack(0x0000000064d70000,0x0000000064e70000)]
  0x000000005b2f1000 JavaThread "Thread-27" [_thread_blocked, id=3276, stack(0x0000000064bf0000,0x0000000064cf0000)]
  0x000000005b2f0800 JavaThread "Thread-26" daemon [_thread_in_native, id=5988, stack(0x0000000064a90000,0x0000000064b90000)]
  0x000000005b2ef800 JavaThread "Thread-25" [_thread_blocked, id=812, stack(0x0000000063a40000,0x0000000063b40000)]
  0x000000005b2ef000 JavaThread "Thread-24" daemon [_thread_in_native, id=4612, stack(0x00000000641c0000,0x00000000642c0000)]
  0x000000005b2ee000 JavaThread "Thread-23" [_thread_blocked, id=2352, stack(0x00000000647e0000,0x00000000648e0000)]
  0x000000005b2ed800 JavaThread "Thread-22" daemon [_thread_in_native, id=1300, stack(0x0000000064660000,0x0000000064760000)]
  0x000000005b2ec800 JavaThread "Thread-21" [_thread_blocked, id=1420, stack(0x0000000063810000,0x0000000063910000)]
  0x000000005b2ec000 JavaThread "Thread-20" daemon [_thread_in_native, id=6104, stack(0x0000000063470000,0x0000000063570000)]
  0x000000005b2eb000 JavaThread "Thread-19" [_thread_blocked, id=4764, stack(0x0000000063650000,0x0000000063750000)]
  0x000000005b2e8000 JavaThread "Thread-18" daemon [_thread_in_native, id=3012, stack(0x000000005f180000,0x000000005f280000)]
  0x000000005b2e4800 JavaThread "Thread-17" [_thread_blocked, id=4196, stack(0x0000000062130000,0x0000000062230000)]
  0x000000005b2ea800 JavaThread "Thread-16" daemon [_thread_in_native, id=6128, stack(0x0000000063360000,0x0000000063460000)]
  0x000000005b2e3800 JavaThread "Thread-15" [_thread_blocked, id=2772, stack(0x0000000062f50000,0x0000000063050000)]
  0x000000005b2e9000 JavaThread "Keep-Alive-Timer" daemon [_thread_blocked, id=3364, stack(0x0000000063190000,0x0000000063290000)]
  0x000000005b2e7800 JavaThread "AWT-EventQueue-0" [_thread_in_Java, id=2804, stack(0x0000000063940000,0x0000000063a40000)]
  0x000000005b2e6800 JavaThread "AWT-Shutdown" [_thread_blocked, id=5556, stack(0x0000000063d70000,0x0000000063e70000)]
  0x000000005b2e6000 JavaThread "Thread-13" daemon [_thread_blocked, id=3964, stack(0x00000000642e0000,0x00000000643e0000)]
  0x000000005b2e5000 JavaThread "TimerQueue" daemon [_thread_blocked, id=5512, stack(0x00000000640a0000,0x00000000641a0000)]
  0x000000005b8a5000 JavaThread "main-SharedResourceRunner" daemon [_thread_blocked, id=4904, stack(0x000000005ed20000,0x000000005ee20000)]
  0x000000005b2b8800 JavaThread "AWT-Windows" daemon [_thread_in_native, id=6108, stack(0x000000005c860000,0x000000005c960000)]
  0x000000005acd7800 JavaThread "Java2D Disposer" daemon [_thread_blocked, id=5804, stack(0x000000005c4e0000,0x000000005c5e0000)]
  0x0000000058dd7800 JavaThread "Service Thread" daemon [_thread_blocked, id=5888, stack(0x000000005a8d0000,0x000000005a9d0000)]
  0x0000000058d73000 JavaThread "C1 CompilerThread3" daemon [_thread_blocked, id=5252, stack(0x000000005a7d0000,0x000000005a8d0000)]
  0x0000000058d61000 JavaThread "C2 CompilerThread2" daemon [_thread_in_native, id=5684, stack(0x000000005a610000,0x000000005a710000)]
=>0x0000000058d55800 JavaThread "C2 CompilerThread1" daemon [_thread_in_native, id=3600, stack(0x000000005a240000,0x000000005a340000)]
  0x0000000058d3f800 JavaThread "C2 CompilerThread0" daemon [_thread_blocked, id=1036, stack(0x000000005a490000,0x000000005a590000)]
  0x0000000058d3e000 JavaThread "Attach Listener" daemon [_thread_blocked, id=3556, stack(0x000000005a340000,0x000000005a440000)]
  0x0000000057daf000 JavaThread "Signal Dispatcher" daemon [_thread_blocked, id=1948, stack(0x000000005a090000,0x000000005a190000)]
  0x000000000224f000 JavaThread "Finalizer" daemon [_thread_blocked, id=3168, stack(0x0000000059c50000,0x0000000059d50000)]
  0x0000000057d94000 JavaThread "Reference Handler" daemon [_thread_blocked, id=960, stack(0x0000000059f70000,0x000000005a070000)]

Other Threads:
  0x0000000058cf3000 VMThread [stack: 0x0000000059d90000,0x0000000059e90000] [id=2768]
  0x0000000058de0800 WatcherThread [stack: 0x000000005ab40000,0x000000005ac40000] [id=3788]

VM state:not at safepoint (normal execution)

VM Mutex/Monitor currently owned by a thread: None

Heap:
 PSYoungGen      total 611840K, used 132176K [0x00000000d5580000, 0x0000000100000000, 0x0000000100000000)
  eden space 524800K, 25% used [0x00000000d5580000,0x00000000dd694300,0x00000000f5600000)
  from space 87040K, 0% used [0x00000000f5600000,0x00000000f5600000,0x00000000fab00000)
  to   space 87040K, 0% used [0x00000000fab00000,0x00000000fab00000,0x0000000100000000)
 ParOldGen       total 1398272K, used 15381K [0x0000000080000000, 0x00000000d5580000, 0x00000000d5580000)
  object space 1398272K, 1% used [0x0000000080000000,0x0000000080f057e8,0x00000000d5580000)
 Metaspace       used 22928K, capacity 23141K, committed 23424K, reserved 1071104K
  class space    used 2543K, capacity 2591K, committed 2688K, reserved 1048576K

Card table byte_map: [0x0000000011c90000,0x00000000120a0000] byte_map_base: 0x0000000011890000

Marking Bits: (ParMarkBitMap*) 0x00000000711013b0
 Begin Bits: [0x0000000012fb0000, 0x0000000014fb0000)
 End Bits:   [0x0000000014fb0000, 0x0000000016fb0000)

Polling page: 0x0000000000140000

CodeCache: size=245760Kb used=9886Kb max_used=10990Kb free=235873Kb
 bounds [0x00000000028d0000, 0x00000000033a0000, 0x00000000118d0000]
 total_blobs=3852 nmethods=2910 adapters=856
 compilation: enabled

Compilation events (10 events):
Event: 7.910 Thread 0x0000000058d73000 3237       3       sun.awt.AWTAccessor::getSequencedEventAccessor (4 bytes)
Event: 7.910 Thread 0x0000000058d73000 nmethod 3237 0x0000000002bb6710 code [0x0000000002bb6860, 0x0000000002bb6990]
Event: 7.910 Thread 0x0000000058d73000 3238   !   3       sun.awt.PostEventQueue::postEvent (81 bytes)
Event: 7.910 Thread 0x0000000058d73000 nmethod 3238 0x0000000002a44a50 code [0x0000000002a44c20, 0x0000000002a454f8]
Event: 7.912 Thread 0x0000000058d73000 3239       3       java.nio.FloatBuffer::get (9 bytes)
Event: 7.912 Thread 0x0000000058d73000 nmethod 3239 0x0000000002bd8e50 code [0x0000000002bd8fc0, 0x0000000002bd91e8]
Event: 7.912 Thread 0x0000000058d73000 3240       3       java.nio.DirectFloatBufferU::get (154 bytes)
Event: 7.913 Thread 0x0000000058d73000 nmethod 3240 0x0000000002e4e090 code [0x0000000002e4e2a0, 0x0000000002e4eba8]
Event: 7.913 Thread 0x0000000058d73000 3241       1       gov.nasa.worldwind.pick.PickedObject::getPickPoint (5 bytes)
Event: 7.913 Thread 0x0000000058d73000 nmethod 3241 0x0000000002e4ddd0 code [0x0000000002e4df20, 0x0000000002e4e030]

GC Heap History (8 events):
Event: 2.299 GC heap before
{Heap before GC invocations=1 (full 0):
 PSYoungGen      total 611840K, used 524800K [0x00000000d5580000, 0x0000000100000000, 0x0000000100000000)
  eden space 524800K, 100% used [0x00000000d5580000,0x00000000f5600000,0x00000000f5600000)
  from space 87040K, 0% used [0x00000000fab00000,0x00000000fab00000,0x0000000100000000)
  to   space 87040K, 0% used [0x00000000f5600000,0x00000000f5600000,0x00000000fab00000)
 ParOldGen       total 1398272K, used 0K [0x0000000080000000, 0x00000000d5580000, 0x00000000d5580000)
  object space 1398272K, 0% used [0x0000000080000000,0x0000000080000000,0x00000000d5580000)
 Metaspace       used 18019K, capacity 18229K, committed 18432K, reserved 1064960K
  class space    used 1944K, capacity 2007K, committed 2048K, reserved 1048576K
Event: 2.311 GC heap after
Heap after GC invocations=1 (full 0):
 PSYoungGen      total 611840K, used 8378K [0x00000000d5580000, 0x0000000100000000, 0x0000000100000000)
  eden space 524800K, 0% used [0x00000000d5580000,0x00000000d5580000,0x00000000f5600000)
  from space 87040K, 9% used [0x00000000f5600000,0x00000000f5e2ea18,0x00000000fab00000)
  to   space 87040K, 0% used [0x00000000fab00000,0x00000000fab00000,0x0000000100000000)
 ParOldGen       total 1398272K, used 88K [0x0000000080000000, 0x00000000d5580000, 0x00000000d5580000)
  object space 1398272K, 0% used [0x0000000080000000,0x0000000080016010,0x00000000d5580000)
 Metaspace       used 18019K, capacity 18229K, committed 18432K, reserved 1064960K
  class space    used 1944K, capacity 2007K, committed 2048K, reserved 1048576K
}
Event: 3.860 GC heap before
{Heap before GC invocations=2 (full 0):
 PSYoungGen      total 611840K, used 533178K [0x00000000d5580000, 0x0000000100000000, 0x0000000100000000)
  eden space 524800K, 100% used [0x00000000d5580000,0x00000000f5600000,0x00000000f5600000)
  from space 87040K, 9% used [0x00000000f5600000,0x00000000f5e2ea18,0x00000000fab00000)
  to   space 87040K, 0% used [0x00000000fab00000,0x00000000fab00000,0x0000000100000000)
 ParOldGen       total 1398272K, used 88K [0x0000000080000000, 0x00000000d5580000, 0x00000000d5580000)
  object space 1398272K, 0% used [0x0000000080000000,0x0000000080016010,0x00000000d5580000)
 Metaspace       used 19860K, capacity 20071K, committed 20224K, reserved 1067008K
  class space    used 2186K, capacity 2234K, committed 2304K, reserved 1048576K
Event: 3.873 GC heap after
Heap after GC invocations=2 (full 0):
 PSYoungGen      total 611840K, used 13808K [0x00000000d5580000, 0x0000000100000000, 0x0000000100000000)
  eden space 524800K, 0% used [0x00000000d5580000,0x00000000d5580000,0x00000000f5600000)
  from space 87040K, 15% used [0x00000000fab00000,0x00000000fb87c0c8,0x0000000100000000)
  to   space 87040K, 0% used [0x00000000f5600000,0x00000000f5600000,0x00000000fab00000)
 ParOldGen       total 1398272K, used 96K [0x0000000080000000, 0x00000000d5580000, 0x00000000d5580000)
  object space 1398272K, 0% used [0x0000000080000000,0x0000000080018010,0x00000000d5580000)
 Metaspace       used 19860K, capacity 20071K, committed 20224K, reserved 1067008K
  class space    used 2186K, capacity 2234K, committed 2304K, reserved 1048576K
}
Event: 4.127 GC heap before
{Heap before GC invocations=3 (full 0):
 PSYoungGen      total 611840K, used 128913K [0x00000000d5580000, 0x0000000100000000, 0x0000000100000000)
  eden space 524800K, 21% used [0x00000000d5580000,0x00000000dc5e8540,0x00000000f5600000)
  from space 87040K, 15% used [0x00000000fab00000,0x00000000fb87c0c8,0x0000000100000000)
  to   space 87040K, 0% used [0x00000000f5600000,0x00000000f5600000,0x00000000fab00000)
 ParOldGen       total 1398272K, used 96K [0x0000000080000000, 0x00000000d5580000, 0x00000000d5580000)
  object space 1398272K, 0% used [0x0000000080000000,0x0000000080018010,0x00000000d5580000)
 Metaspace       used 20925K, capacity 21107K, committed 21296K, reserved 1069056K
  class space    used 2329K, capacity 2364K, committed 2432K, reserved 1048576K
Event: 4.141 GC heap after
Heap after GC invocations=3 (full 0):
 PSYoungGen      total 611840K, used 15490K [0x00000000d5580000, 0x0000000100000000, 0x0000000100000000)
  eden space 524800K, 0% used [0x00000000d5580000,0x00000000d5580000,0x00000000f5600000)
  from space 87040K, 17% used [0x00000000f5600000,0x00000000f65209f0,0x00000000fab00000)
  to   space 87040K, 0% used [0x00000000fab00000,0x00000000fab00000,0x0000000100000000)
 ParOldGen       total 1398272K, used 104K [0x0000000080000000, 0x00000000d5580000, 0x00000000d5580000)
  object space 1398272K, 0% used [0x0000000080000000,0x000000008001a010,0x00000000d5580000)
 Metaspace       used 20925K, capacity 21107K, committed 21296K, reserved 1069056K
  class space    used 2329K, capacity 2364K, committed 2432K, reserved 1048576K
}
Event: 4.141 GC heap before
{Heap before GC invocations=4 (full 1):
 PSYoungGen      total 611840K, used 15490K [0x00000000d5580000, 0x0000000100000000, 0x0000000100000000)
  eden space 524800K, 0% used [0x00000000d5580000,0x00000000d5580000,0x00000000f5600000)
  from space 87040K, 17% used [0x00000000f5600000,0x00000000f65209f0,0x00000000fab00000)
  to   space 87040K, 0% used [0x00000000fab00000,0x00000000fab00000,0x0000000100000000)
 ParOldGen       total 1398272K, used 104K [0x0000000080000000, 0x00000000d5580000, 0x00000000d5580000)
  object space 1398272K, 0% used [0x0000000080000000,0x000000008001a010,0x00000000d5580000)
 Metaspace       used 20925K, capacity 21107K, committed 21296K, reserved 1069056K
  class space    used 2329K, capacity 2364K, committed 2432K, reserved 1048576K
Event: 4.222 GC heap after
Heap after GC invocations=4 (full 1):
 PSYoungGen      total 611840K, used 0K [0x00000000d5580000, 0x0000000100000000, 0x0000000100000000)
  eden space 524800K, 0% used [0x00000000d5580000,0x00000000d5580000,0x00000000f5600000)
  from space 87040K, 0% used [0x00000000f5600000,0x00000000f5600000,0x00000000fab00000)
  to   space 87040K, 0% used [0x00000000fab00000,0x00000000fab00000,0x0000000100000000)
 ParOldGen       total 1398272K, used 15381K [0x0000000080000000, 0x00000000d5580000, 0x00000000d5580000)
  object space 1398272K, 1% used [0x0000000080000000,0x0000000080f057e8,0x00000000d5580000)
 Metaspace       used 20925K, capacity 21107K, committed 21296K, reserved 1069056K
  class space    used 2329K, capacity 2364K, committed 2432K, reserved 1048576K
}

Deoptimization events (10 events):
Event: 4.071 Thread 0x000000005b2b8800 Uncommon trap: reason=class_check action=maybe_recompile pc=0x0000000002bfe294 method=java.util.HashMap.putVal(ILjava/lang/Object;Ljava/lang/Object;ZZ)Ljava/lang/Object; @ 203
Event: 4.071 Thread 0x000000005b2b8800 Uncommon trap: reason=bimorphic action=maybe_recompile pc=0x0000000002bfe2dc method=java.util.HashMap.putVal(ILjava/lang/Object;Ljava/lang/Object;ZZ)Ljava/lang/Object; @ 91
Event: 4.096 Thread 0x000000000226e800 Uncommon trap: reason=class_check action=maybe_recompile pc=0x0000000002e98a14 method=java.util.AbstractCollection.toArray([Ljava/lang/Object;)[Ljava/lang/Object; @ 1
Event: 4.096 Thread 0x000000000226e800 Uncommon trap: reason=class_check action=maybe_recompile pc=0x0000000002e98a14 method=java.util.AbstractCollection.toArray([Ljava/lang/Object;)[Ljava/lang/Object; @ 1
Event: 4.103 Thread 0x000000000226e800 Uncommon trap: reason=predicate action=maybe_recompile pc=0x0000000002e7161c method=java.util.ArrayList.indexOf(Ljava/lang/Object;)I @ 44
Event: 4.104 Thread 0x000000000226e800 Uncommon trap: reason=predicate action=maybe_recompile pc=0x0000000002ec0828 method=java.util.ArrayList.indexOf(Ljava/lang/Object;)I @ 44
Event: 6.710 Thread 0x000000005b2e7800 Uncommon trap: reason=class_check action=maybe_recompile pc=0x000000000329bf08 method=gov.nasa.worldwind.globes.EllipsoidalGlobe.getElevation(Lgov/nasa/worldwind/geom/Angle;Lgov/nasa/worldwind/geom/Angle;)D @ 45
Event: 6.710 Thread 0x000000005b2e7800 Uncommon trap: reason=class_check action=maybe_recompile pc=0x000000000329bf08 method=gov.nasa.worldwind.globes.EllipsoidalGlobe.getElevation(Lgov/nasa/worldwind/geom/Angle;Lgov/nasa/worldwind/geom/Angle;)D @ 45
Event: 6.710 Thread 0x000000005b2e7800 Uncommon trap: reason=class_check action=maybe_recompile pc=0x000000000329bf08 method=gov.nasa.worldwind.globes.EllipsoidalGlobe.getElevation(Lgov/nasa/worldwind/geom/Angle;Lgov/nasa/worldwind/geom/Angle;)D @ 45
Event: 6.710 Thread 0x000000005b2e7800 Uncommon trap: reason=class_check action=maybe_recompile pc=0x000000000329bf08 method=gov.nasa.worldwind.globes.EllipsoidalGlobe.getElevation(Lgov/nasa/worldwind/geom/Angle;Lgov/nasa/worldwind/geom/Angle;)D @ 45

Internal exceptions (10 events):
Event: 5.234 Thread 0x000000005b2e7800 Exception <a 'java/security/PrivilegedActionException'> (0x00000000daef6ef8) thrown at [D:\re\workspace\8-2-build-windows-amd64-cygwin\jdk8u5\2488\hotspot\src\share\vm\prims\jvm.cpp, line 1248]
Event: 5.234 Thread 0x000000005b2e7800 Exception <a 'java/security/PrivilegedActionException'> (0x00000000daefc468) thrown at [D:\re\workspace\8-2-build-windows-amd64-cygwin\jdk8u5\2488\hotspot\src\share\vm\prims\jvm.cpp, line 1248]
Event: 5.235 Thread 0x000000005b2e7800 Exception <a 'java/security/PrivilegedActionException'> (0x00000000daf00b08) thrown at [D:\re\workspace\8-2-build-windows-amd64-cygwin\jdk8u5\2488\hotspot\src\share\vm\prims\jvm.cpp, line 1248]
Event: 5.255 Thread 0x000000005b2e7800 Exception <a 'java/security/PrivilegedActionException'> (0x00000000daf0a008) thrown at [D:\re\workspace\8-2-build-windows-amd64-cygwin\jdk8u5\2488\hotspot\src\share\vm\prims\jvm.cpp, line 1248]
Event: 5.256 Thread 0x000000005b2e7800 Exception <a 'java/security/PrivilegedActionException'> (0x00000000daf0c198) thrown at [D:\re\workspace\8-2-build-windows-amd64-cygwin\jdk8u5\2488\hotspot\src\share\vm\prims\jvm.cpp, line 1248]
Event: 5.398 Thread 0x000000005bf53000 Exception <a 'java/security/PrivilegedActionException'> (0x00000000db149198) thrown at [D:\re\workspace\8-2-build-windows-amd64-cygwin\jdk8u5\2488\hotspot\src\share\vm\prims\jvm.cpp, line 1248]
Event: 6.697 Thread 0x000000005b2e7800 Exception <a 'java/security/PrivilegedActionException'> (0x00000000db68d600) thrown at [D:\re\workspace\8-2-build-windows-amd64-cygwin\jdk8u5\2488\hotspot\src\share\vm\prims\jvm.cpp, line 1248]
Event: 6.698 Thread 0x000000005b2e7800 Exception <a 'java/security/PrivilegedActionException'> (0x00000000db692570) thrown at [D:\re\workspace\8-2-build-windows-amd64-cygwin\jdk8u5\2488\hotspot\src\share\vm\prims\jvm.cpp, line 1248]
Event: 7.098 Thread 0x000000005b2e7800 Exception <a 'java/security/PrivilegedActionException'> (0x00000000dbe1add0) thrown at [D:\re\workspace\8-2-build-windows-amd64-cygwin\jdk8u5\2488\hotspot\src\share\vm\prims\jvm.cpp, line 1248]
Event: 7.105 Thread 0x000000005b2e7800 Exception <a 'java/security/PrivilegedActionException'> (0x00000000dbe39390) thrown at [D:\re\workspace\8-2-build-windows-amd64-cygwin\jdk8u5\2488\hotspot\src\share\vm\prims\jvm.cpp, line 1248]

Events (10 events):
Event: 7.665 Thread 0x0000000058d73000 flushing nmethod 0x0000000002f78b10
Event: 7.665 Thread 0x0000000058d73000 flushing nmethod 0x0000000002f78e50
Event: 7.665 Thread 0x0000000058d73000 flushing nmethod 0x0000000002f80e50
Event: 7.665 Thread 0x0000000058d73000 flushing nmethod 0x0000000002fb7050
Event: 7.670 Executing VM operation: BulkRevokeBias
Event: 7.670 Executing VM operation: BulkRevokeBias done
Event: 7.717 loading class java/util/Collections$SynchronizedRandomAccessList
Event: 7.717 loading class java/util/Collections$SynchronizedList
Event: 7.718 loading class java/util/Collections$SynchronizedList done
Event: 7.718 loading class java/util/Collections$SynchronizedRandomAccessList done


Dynamic libraries:
0x000000013f890000 - 0x000000013f8c4000 	C:\Program Files\Java\jre8\bin\javaw.exe
0x0000000077950000 - 0x0000000077af9000 	C:\Windows\SYSTEM32\ntdll.dll
0x0000000077830000 - 0x000000007794f000 	C:\Windows\system32\kernel32.dll
0x000007fefd950000 - 0x000007fefd9bc000 	C:\Windows\system32\KERNELBASE.dll
0x000007feffb80000 - 0x000007feffc5b000 	C:\Windows\system32\ADVAPI32.dll
0x000007fefdca0000 - 0x000007fefdd3f000 	C:\Windows\system32\msvcrt.dll
0x000007feff550000 - 0x000007feff56f000 	C:\Windows\SYSTEM32\sechost.dll
0x000007feff7b0000 - 0x000007feff8dd000 	C:\Windows\system32\RPCRT4.dll
0x0000000077730000 - 0x000000007782a000 	C:\Windows\system32\USER32.dll
0x000007fefde20000 - 0x000007fefde87000 	C:\Windows\system32\GDI32.dll
0x000007fefdc90000 - 0x000007fefdc9e000 	C:\Windows\system32\LPK.dll
0x000007fefdb20000 - 0x000007fefdbe9000 	C:\Windows\system32\USP10.dll
0x000007fefc160000 - 0x000007fefc354000 	C:\Windows\WinSxS\amd64_microsoft.windows.common-controls_6595b64144ccf1df_6.0.7601.17514_none_fa396087175ac9ac\COMCTL32.dll
0x000007fefe430000 - 0x000007fefe4a1000 	C:\Windows\system32\SHLWAPI.dll
0x000007fefde90000 - 0x000007fefdebe000 	C:\Windows\system32\IMM32.DLL
0x000007fefe690000 - 0x000007fefe799000 	C:\Windows\system32\MSCTF.dll
0x0000000074bc0000 - 0x0000000074c40000 	c:\program files (x86)\f-secure\hips\fshook64.dll
0x0000000077b10000 - 0x0000000077b17000 	C:\Windows\system32\PSAPI.DLL
0x0000000071180000 - 0x0000000071252000 	C:\Program Files\Java\jre8\bin\msvcr100.dll
0x0000000070950000 - 0x000000007117a000 	C:\Program Files\Java\jre8\bin\server\jvm.dll
0x000007fef7a80000 - 0x000007fef7a89000 	C:\Windows\system32\WSOCK32.dll
0x000007fefe380000 - 0x000007fefe3cd000 	C:\Windows\system32\WS2_32.dll
0x000007feff8e0000 - 0x000007feff8e8000 	C:\Windows\system32\NSI.dll
0x000007fefb2c0000 - 0x000007fefb2fb000 	C:\Windows\system32\WINMM.dll
0x00000000738d0000 - 0x00000000738df000 	C:\Program Files\Java\jre8\bin\verify.dll
0x00000000738a0000 - 0x00000000738c8000 	C:\Program Files\Java\jre8\bin\java.dll
0x0000000071cd0000 - 0x0000000071ce6000 	C:\Program Files\Java\jre8\bin\zip.dll
0x000007fefe7c0000 - 0x000007feff548000 	C:\Windows\system32\SHELL32.dll
0x000007feff8f0000 - 0x000007feffaf3000 	C:\Windows\system32\ole32.dll
0x000007fefd770000 - 0x000007fefd77f000 	C:\Windows\system32\profapi.dll
0x0000000063e70000 - 0x0000000064006000 	C:\Program Files\Java\jre8\bin\awt.dll
0x000007fefdd40000 - 0x000007fefde17000 	C:\Windows\system32\OLEAUT32.dll
0x000007fefbba0000 - 0x000007fefbbb8000 	C:\Windows\system32\DWMAPI.DLL
0x000007fefc100000 - 0x000007fefc156000 	C:\Windows\system32\uxtheme.dll
0x000007fefd600000 - 0x000007fefd60f000 	C:\Windows\system32\CRYPTBASE.dll
0x000007fef7f90000 - 0x000007fef818f000 	C:\Windows\system32\d3d9.dll
0x000007fefc820000 - 0x000007fefc82c000 	C:\Windows\system32\VERSION.dll
0x000007fef7f80000 - 0x000007fef7f87000 	C:\Windows\system32\d3d8thk.dll
0x000007feeb6a0000 - 0x000007feec53b000 	C:\Windows\system32\nvd3dumx.dll
0x000007fefba80000 - 0x000007fefbaac000 	C:\Windows\system32\powrprof.dll
0x000007fefe4b0000 - 0x000007fefe687000 	C:\Windows\system32\SETUPAPI.dll
0x000007fefda80000 - 0x000007fefdab6000 	C:\Windows\system32\CFGMGR32.dll
0x000007fefd920000 - 0x000007fefd93a000 	C:\Windows\system32\DEVOBJ.dll
0x000007fefd060000 - 0x000007fefd077000 	C:\Windows\system32\CRYPTSP.dll
0x000007fefcc40000 - 0x000007fefcc87000 	C:\Windows\system32\rsaenh.dll
0x000007fefda60000 - 0x000007fefda7e000 	C:\Windows\system32\USERENV.dll
0x0000000071c90000 - 0x0000000071caa000 	C:\Program Files\Java\jre8\bin\net.dll
0x000007fefd000000 - 0x000007fefd055000 	C:\Windows\system32\mswsock.dll
0x000007fefcff0000 - 0x000007fefcff7000 	C:\Windows\System32\wship6.dll
0x000007feface0000 - 0x000007fefad07000 	C:\Windows\system32\IPHLPAPI.DLL
0x000007fefacd0000 - 0x000007fefacdb000 	C:\Windows\system32\WINNSI.DLL
0x000007fefa900000 - 0x000007fefa911000 	C:\Windows\system32\dhcpcsvc6.DLL
0x000007fefa8e0000 - 0x000007fefa8f8000 	C:\Windows\system32\dhcpcsvc.DLL
0x0000000071c70000 - 0x0000000071c81000 	C:\Program Files\Java\jre8\bin\nio.dll
0x00000000637c0000 - 0x00000000637cd000 	C:\Users\alberto.debiasi\AppData\Local\Temp\jogamp_0000\file_cache\jln2574416791933266368\jln3105341972167197117\gluegen-rt.dll
0x0000000074420000 - 0x0000000074427000 	C:\Program Files\Java\jre8\bin\jawt.dll
0x000000006a440000 - 0x000000006a44d000 	C:\Users\alberto.debiasi\AppData\Local\Temp\jogamp_0000\file_cache\jln2574416791933266368\jln3105341972167197117\nativewindow_awt.dll
0x000000006c100000 - 0x000000006c10f000 	C:\Users\alberto.debiasi\AppData\Local\Temp\jogamp_0000\file_cache\jln2574416791933266368\jln3105341972167197117\nativewindow_win32.dll
0x000007fef82e0000 - 0x000007fef83fd000 	C:\Windows\system32\OpenGL32.dll
0x000007fefad60000 - 0x000007fefad8d000 	C:\Windows\system32\GLU32.dll
0x000007fef0a30000 - 0x000007fef0b21000 	C:\Windows\system32\DDRAW.dll
0x000007fefb530000 - 0x000007fefb538000 	C:\Windows\system32\DCIMAN32.dll
0x0000000064500000 - 0x00000000645a0000 	C:\Users\alberto.debiasi\AppData\Local\Temp\jogamp_0000\file_cache\jln2574416791933266368\jln3105341972167197117\jogl_desktop.dll
0x000000005f650000 - 0x0000000060bc4000 	C:\Windows\system32\nvoglv64.DLL
0x000007fefdae0000 - 0x000007fefdb1a000 	C:\Windows\system32\WINTRUST.dll
0x000007fefd790000 - 0x000007fefd8fc000 	C:\Windows\system32\CRYPT32.dll
0x000007fefd760000 - 0x000007fefd76f000 	C:\Windows\system32\MSASN1.dll
0x000007fefc8f0000 - 0x000007fefc8f7000 	C:\Windows\System32\wshtcpip.dll
0x000007fefce80000 - 0x000007fefcedb000 	C:\Windows\system32\DNSAPI.dll
0x000007fef9640000 - 0x000007fef9648000 	C:\Windows\system32\rasadhlp.dll
0x000007fefa990000 - 0x000007fefa9e3000 	C:\Windows\System32\fwpuclnt.dll
0x0000000071c20000 - 0x0000000071c67000 	C:\Program Files\Java\jre8\bin\fontmanager.dll
0x0000000071bd0000 - 0x0000000071c11000 	C:\Program Files\Java\jre8\bin\t2k.dll
0x000007fefdec0000 - 0x000007fefdf59000 	C:\Windows\system32\CLBCatQ.DLL
0x000007fef50e0000 - 0x000007fef5205000 	C:\Windows\system32\dbghelp.dll

VM Arguments:
jvm_args: -Xms2g -Xmx2g -Dfile.encoding=Cp1252 
java_command: it.graphitech.smeSpire.Main_STANDALONE_v3
java_class_path (initial): C:\Users\alberto.debiasi\Dropbox\PHD\workspace\ArcMapClutterReduction_v3\bin;C:\Users\alberto.debiasi\Dropbox\PHD\workspace\ArcMapClutterReduction_v3\lib\worldwind_2_0\gdal.jar;C:\Users\alberto.debiasi\Dropbox\PHD\workspace\ArcMapClutterReduction_v3\lib\worldwind_2_0\gluegen-rt-natives-linux-amd64.jar;C:\Users\alberto.debiasi\Dropbox\PHD\workspace\ArcMapClutterReduction_v3\lib\worldwind_2_0\gluegen-rt-natives-linux-i586.jar;C:\Users\alberto.debiasi\Dropbox\PHD\workspace\ArcMapClutterReduction_v3\lib\worldwind_2_0\gluegen-rt-natives-macosx-universal.jar;C:\Users\alberto.debiasi\Dropbox\PHD\workspace\ArcMapClutterReduction_v3\lib\worldwind_2_0\gluegen-rt-natives-windows-amd64.jar;C:\Users\alberto.debiasi\Dropbox\PHD\workspace\ArcMapClutterReduction_v3\lib\worldwind_2_0\gluegen-rt-natives-windows-i586.jar;C:\Users\alberto.debiasi\Dropbox\PHD\workspace\ArcMapClutterReduction_v3\lib\worldwind_2_0\gluegen-rt.jar;C:\Users\alberto.debiasi\Dropbox\PHD\workspace\ArcMapClutterReduction_v3\lib\worldwind_2_0\jogl-all-natives-linux-amd64.jar;C:\Users\alberto.debiasi\Dropbox\PHD\workspace\ArcMapClutterReduction_v3\lib\worldwind_2_0\jogl-all-natives-linux-i586.jar;C:\Users\alberto.debiasi\Dropbox\PHD\workspace\ArcMapClutterReduction_v3\lib\worldwind_2_0\jogl-all-natives-macosx-universal.jar;C:\Users\alberto.debiasi\Dropbox\PHD\workspace\ArcMapClutterReduction_v3\lib\worldwind_2_0\jogl-all-natives-windows-amd64.jar;C:\Users\alberto.debiasi\Dropbox\PHD\workspace\ArcMapClutterReduction_v3\lib\worldwind_2_0\jogl-all-natives-windows-i586.jar;C:\Users\alberto.debiasi\Dropbox\PHD\workspace\ArcMapClutterReduction_v3\lib\worldwind_2_0\jogl-all.jar;C:\Users\alberto.debiasi\Dropbox\PHD\workspace\ArcMapClutterReduction_v3\lib\worldwind_2_0\plugin.jar;C:\Users\alberto.debiasi\Dropbox\PHD\workspace\ArcMapClutterReduction_v3\lib\worldwind_2_0\vpf-symbols.jar;C:\Users\alberto.debiasi\Dropbox\PHD\workspace\ArcMapClutterReduction_v3\lib\worldwind_2_0\worldwind.jar;C:\Use
Launcher Type: SUN_STANDARD

Environment Variables:
PATH=C:\R\R-3.1.0\Rtools\bin;C:\R\R-3.1.0\Rtools\gcc-4.6.3\bin;C:\R\R-3.1.0\bin;C:\Program Files (x86)\MiKTeX 2.9\miktex\bin\;C:\texlive\2013\bin\win32;C:\Windows\system32;C:\Windows;C:\Windows\System32\Wbem;C:\Windows\System32\WindowsPowerShell\v1.0\;C:\Program Files (x86)\Git\cmd;C:\Program Files\TortoiseGit\bin;C:\Program Files\TortoiseSVN\bin;c:\Program Files (x86)\Microsoft SQL Server\100\Tools\Binn\;c:\Program Files\Microsoft SQL Server\100\Tools\Binn\;c:\Program Files\Microsoft SQL Server\100\DTS\Binn\
USERNAME=alberto.debiasi
OS=Windows_NT
PROCESSOR_IDENTIFIER=Intel64 Family 6 Model 26 Stepping 5, GenuineIntel



---------------  S Y S T E M  ---------------

OS: Windows 7 , 64 bit Build 7601 Service Pack 1

CPU:total 8 (4 cores per cpu, 2 threads per core) family 6 model 26 stepping 5, cmov, cx8, fxsr, mmx, sse, sse2, sse3, ssse3, sse4.1, sse4.2, popcnt, ht, tsc, tscinvbit

Memory: 4k page, physical 12580444k(7823380k free), swap 25159024k(17888216k free)

vm_info: Java HotSpot(TM) 64-Bit Server VM (25.5-b02) for windows-amd64 JRE (1.8.0_05-b13), built on Mar 18 2014 01:08:39 by "java_re" with MS VC++ 10.0 (VS2010)

time: Wed Oct 01 13:27:15 2014
elapsed time: 7 seconds

