#
# A fatal error has been detected by the Java Runtime Environment:
#
#  EXCEPTION_ACCESS_VIOLATION (0xc0000005) at pc=0x000000006038e103, pid=1536, tid=1104
#
# JRE version: Java(TM) SE Runtime Environment (8.0_05-b13) (build 1.8.0_05-b13)
# Java VM: Java HotSpot(TM) 64-Bit Server VM (25.5-b02 mixed mode windows-amd64 compressed oops)
# Problematic frame:
# C  [nvoglv64.DLL+0xb9e103]
#
# Failed to write core dump. Minidumps are not enabled by default on client versions of Windows
#
# If you would like to submit a bug report, please visit:
#   http://bugreport.sun.com/bugreport/crash.jsp
# The crash happened outside the Java Virtual Machine in native code.
# See problematic frame for where to report the bug.
#

---------------  T H R E A D  ---------------

Current thread (0x000000005b5c7800):  JavaThread "AWT-EventQueue-0" [_thread_in_native, id=1104, stack(0x0000000064d30000,0x0000000064e30000)]

siginfo: ExceptionCode=0xc0000005, reading address 0x0000000068967000

Registers:
RAX=0x0000000000000020, RBX=0x0000000070801510, RCX=0x0000000059f36840, RDX=0x000000000ea307c4
RSP=0x0000000064e2c448, RBP=0x00000000129a0000, RSI=0x00000000129a0000, RDI=0x000000006278b080
R8 =0x00000000000412e4, R9 =0x0000000100000000, R10=0x6896753000000000, R11=0x0000000059ee0000
R12=0x0000000000000000, R13=0x00000000000972e4, R14=0x0000000000000000, R15=0x00000000689107c4
RIP=0x000000006038e103, EFLAGS=0x0000000000010202

Top of Stack: (sp=0x0000000064e2c448)
0x0000000064e2c448:   000000006006c1af 000000006278b080
0x0000000064e2c458:   00000000774edff7 0000000070801510
0x0000000064e2c468:   0000000000000000 0000000000000000
0x0000000064e2c478:   0000000000000000 00000000689107c4
0x0000000064e2c488:   0000000000000000 0000000000000000
0x0000000064e2c498:   000000005eedf680 0000000000000000
0x0000000064e2c4a8:   000000005b5c7800 0000000000000000
0x0000000064e2c4b8:   00000000000088e4 00000000689107c4
0x0000000064e2c4c8:   00000000129a0000 00000000000972e4
0x0000000064e2c4d8:   00000000000972e4 0000000070801510
0x0000000064e2c4e8:   000000006006c573 0000000070801500
0x0000000064e2c4f8:   0000000000097200 0000000000000000
0x0000000064e2c508:   00000000000972e4 00000000689107c4
0x0000000064e2c518:   000000005b5c7800 000000007080156a
0x0000000064e2c528:   000000005fe828f5 0000000070801510
0x0000000064e2c538:   00000000129a0000 0000000000000450 

Instructions: (pc=0x000000006038e103)
0x000000006038e0e3:   c3 51 18 4c 8b 4c 0a 20 4c 8b 54 0a 28 48 83 c1
0x000000006038e0f3:   40 4c 0f c3 49 e0 4c 0f c3 51 e8 4c 8b 4c 0a f0
0x000000006038e103:   4c 8b 54 0a f8 ff c8 4c 0f c3 49 f0 4c 0f c3 51
0x000000006038e113:   f8 75 aa 49 81 e8 00 10 00 00 49 81 f8 00 10 00 


Register to memory mapping:

RAX=0x0000000000000020 is an unknown value
RBX=0x0000000070801510 is an unknown value
RCX=0x0000000059f36840 is an unknown value
RDX=0x000000000ea307c4 is an unknown value
RSP=0x0000000064e2c448 is pointing into the stack for thread: 0x000000005b5c7800
RBP=0x00000000129a0000 is an unknown value
RSI=0x00000000129a0000 is an unknown value
RDI=0x000000006278b080 is an unknown value
R8 =0x00000000000412e4 is an unknown value
R9 =0x0000000100000000 is an unknown value
R10=0x6896753000000000 is an unknown value
R11=0x0000000059ee0000 is an unknown value
R12=0x0000000000000000 is an unknown value
R13=0x00000000000972e4 is an unknown value
R14=0x0000000000000000 is an unknown value
R15=0x00000000689107c4 is an unknown value


Stack: [0x0000000064d30000,0x0000000064e30000],  sp=0x0000000064e2c448,  free space=1009k
Native frames: (J=compiled Java code, j=interpreted, Vv=VM code, C=native code)
C  [nvoglv64.DLL+0xb9e103]

Java frames: (J=compiled Java code, j=interpreted, Vv=VM code)
j  jogamp.opengl.gl4.GL4bcImpl.dispatch_glBufferData(IJLjava/lang/Object;IZIJ)V+0
j  jogamp.opengl.gl4.GL4bcImpl.access$000(Ljogamp/opengl/gl4/GL4bcImpl;IJLjava/lang/Object;IZIJ)V+13
j  jogamp.opengl.gl4.GL4bcImpl$1.create(IJLjava/nio/Buffer;IJ)V+52
j  jogamp.opengl.GLBufferObjectTracker.createBufferStorage(Ljogamp/opengl/GLBufferStateTracker;Ljavax/media/opengl/GL;IJLjava/nio/Buffer;IILjogamp/opengl/GLBufferObjectTracker$CreateStorageDispatch;J)V+209
j  jogamp.opengl.gl4.GL4bcImpl.glBufferData(IJLjava/nio/Buffer;I)V+67
j  it.graphitech.smeSpire.layers.MyRenderableLayer.bindData(Lgov/nasa/worldwind/render/DrawContext;ILjava/nio/FloatBuffer;I)V+33
j  it.graphitech.smeSpire.layers.MyRenderableLayer.doRenderNow(Lgov/nasa/worldwind/render/DrawContext;)V+429
j  it.graphitech.smeSpire.layers.MyRenderableLayer.doRender(Lgov/nasa/worldwind/render/DrawContext;)V+40
J 2915 C1 gov.nasa.worldwind.layers.AbstractLayer.render(Lgov/nasa/worldwind/render/DrawContext;)V (123 bytes) @ 0x0000000003195b14 [0x00000000031942e0+0x1834]
j  it.graphitech.shader.ShadingDecorator.render(Lgov/nasa/worldwind/render/DrawContext;Lgov/nasa/worldwind/layers/Layer;)V+281
j  it.graphitech.shader.DecoratedLayer.render(Lgov/nasa/worldwind/render/DrawContext;)V+9
j  it.graphitech.core.MyAbstractSceneController.draw(Lgov/nasa/worldwind/render/DrawContext;)V+57
j  it.graphitech.core.MyBasicSceneController.doRepaint(Lgov/nasa/worldwind/render/DrawContext;)V+68
j  it.graphitech.core.MyAbstractSceneController.repaint()I+58
j  gov.nasa.worldwind.WorldWindowGLAutoDrawable.doDisplay()I+4
j  gov.nasa.worldwind.WorldWindowGLAutoDrawable.display(Ljavax/media/opengl/GLAutoDrawable;)V+122
j  jogamp.opengl.GLDrawableHelper.displayImpl(Ljavax/media/opengl/GLAutoDrawable;)V+81
j  jogamp.opengl.GLDrawableHelper.display(Ljavax/media/opengl/GLAutoDrawable;)V+2
j  javax.media.opengl.awt.GLCanvas$10.run()V+118
j  jogamp.opengl.GLDrawableHelper.invokeGLImpl(Ljavax/media/opengl/GLDrawable;Ljavax/media/opengl/GLContext;Ljava/lang/Runnable;Ljava/lang/Runnable;)V+206
j  jogamp.opengl.GLDrawableHelper.invokeGL(Ljavax/media/opengl/GLDrawable;Ljavax/media/opengl/GLContext;Ljava/lang/Runnable;Ljava/lang/Runnable;)V+80
j  javax.media.opengl.awt.GLCanvas$11.run()V+73
j  javax.media.opengl.Threading.invoke(ZLjava/lang/Runnable;Ljava/lang/Object;)V+33
j  javax.media.opengl.awt.GLCanvas.display()V+64
j  javax.media.opengl.awt.GLCanvas.paint(Ljava/awt/Graphics;)V+137
j  javax.media.opengl.awt.GLCanvas.update(Ljava/awt/Graphics;)V+2
j  sun.awt.RepaintArea.updateComponent(Ljava/awt/Component;Ljava/awt/Graphics;)V+6
j  sun.awt.RepaintArea.paint(Ljava/lang/Object;Z)V+263
J 3151 C1 sun.awt.windows.WComponentPeer.handleEvent(Ljava/awt/AWTEvent;)V (173 bytes) @ 0x000000000324917c [0x0000000003248500+0xc7c]
j  java.awt.Component.dispatchEventImpl(Ljava/awt/AWTEvent;)V+877
J 3101 C1 java.awt.EventQueue.dispatchEventImpl(Ljava/awt/AWTEvent;Ljava/lang/Object;)V (149 bytes) @ 0x000000000320edcc [0x000000000320d800+0x15cc]
J 3099 C1 java.awt.EventQueue$3.run()Ljava/lang/Void; (60 bytes) @ 0x000000000320cc34 [0x000000000320ca40+0x1f4]
J 3098 C1 java.awt.EventQueue$3.run()Ljava/lang/Object; (5 bytes) @ 0x000000000320c704 [0x000000000320c680+0x84]
v  ~StubRoutines::call_stub
J 1367  java.security.AccessController.doPrivileged(Ljava/security/PrivilegedAction;Ljava/security/AccessControlContext;)Ljava/lang/Object; (0 bytes) @ 0x0000000002e279e6 [0x0000000002e27980+0x66]
J 2778 C1 java.security.ProtectionDomain$1.doIntersectionPrivilege(Ljava/security/PrivilegedAction;Ljava/security/AccessControlContext;Ljava/security/AccessControlContext;)Ljava/lang/Object; (32 bytes) @ 0x00000000030e97bc [0x00000000030e94e0+0x2dc]
J 3146 C1 java.awt.EventQueue$4.run()Ljava/lang/Object; (5 bytes) @ 0x00000000032460ec [0x0000000003245d20+0x3cc]
v  ~StubRoutines::call_stub
J 1367  java.security.AccessController.doPrivileged(Ljava/security/PrivilegedAction;Ljava/security/AccessControlContext;)Ljava/lang/Object; (0 bytes) @ 0x0000000002e279e6 [0x0000000002e27980+0x66]
J 2991 C1 java.awt.EventQueue.dispatchEvent(Ljava/awt/AWTEvent;)V (80 bytes) @ 0x00000000031ced3c [0x00000000031ce180+0xbbc]
J 3107 C1 java.awt.EventDispatchThread.pumpOneEventForFilters(I)V (295 bytes) @ 0x0000000003213954 [0x0000000003211ec0+0x1a94]
j  java.awt.EventDispatchThread.pumpEventsForFilter(ILjava/awt/Conditional;Ljava/awt/EventFilter;)V+35
j  java.awt.EventDispatchThread.pumpEventsForHierarchy(ILjava/awt/Conditional;Ljava/awt/Component;)V+11
j  java.awt.EventDispatchThread.pumpEvents(ILjava/awt/Conditional;)V+4
j  java.awt.EventDispatchThread.pumpEvents(Ljava/awt/Conditional;)V+3
j  java.awt.EventDispatchThread.run()V+9
v  ~StubRoutines::call_stub

---------------  P R O C E S S  ---------------

Java Threads: ( => current thread )
  0x000000005bc8b000 JavaThread "Idle World Wind Task " daemon [_thread_blocked, id=3640, stack(0x000000006a910000,0x000000006aa10000)]
  0x000000005bc8a800 JavaThread "Idle World Wind Task " daemon [_thread_blocked, id=956, stack(0x000000006a780000,0x000000006a880000)]
  0x000000005bc89800 JavaThread "Idle World Wind Task " daemon [_thread_blocked, id=2916, stack(0x000000006a5a0000,0x000000006a6a0000)]
  0x000000005bc89000 JavaThread "Idle World Wind Task " daemon [_thread_blocked, id=2508, stack(0x000000006a170000,0x000000006a270000)]
  0x000000005bc88000 JavaThread "Idle World Wind Task " daemon [_thread_blocked, id=1640, stack(0x00000000698b0000,0x00000000699b0000)]
  0x000000005bc87800 JavaThread "D3D Screen Updater" daemon [_thread_blocked, id=4332, stack(0x0000000066210000,0x0000000066310000)]
  0x000000005bc86800 JavaThread "DestroyJavaVM" [_thread_blocked, id=3084, stack(0x0000000002540000,0x0000000002640000)]
  0x000000005bc86000 JavaThread "Thread-40" daemon [_thread_in_native, id=976, stack(0x00000000664e0000,0x00000000665e0000)]
  0x000000005bc85000 JavaThread "Thread-39" [_thread_blocked, id=3636, stack(0x0000000066310000,0x0000000066410000)]
  0x000000005bc84800 JavaThread "Thread-38" daemon [_thread_in_native, id=3128, stack(0x0000000066100000,0x0000000066200000)]
  0x000000005bc83800 JavaThread "Thread-37" [_thread_blocked, id=3652, stack(0x0000000065fe0000,0x00000000660e0000)]
  0x000000005bc83000 JavaThread "Thread-36" daemon [_thread_in_native, id=3720, stack(0x0000000065ee0000,0x0000000065fe0000)]
  0x000000005bc82000 JavaThread "Thread-35" [_thread_blocked, id=3500, stack(0x0000000065cd0000,0x0000000065dd0000)]
  0x000000005bc81800 JavaThread "Thread-34" daemon [_thread_in_native, id=4636, stack(0x0000000065b30000,0x0000000065c30000)]
  0x000000005bc80800 JavaThread "Thread-33" [_thread_blocked, id=5048, stack(0x00000000659f0000,0x0000000065af0000)]
  0x000000005bc80000 JavaThread "Thread-32" daemon [_thread_in_native, id=3404, stack(0x00000000656c0000,0x00000000657c0000)]
  0x000000005bc7f000 JavaThread "Thread-31" [_thread_blocked, id=1636, stack(0x0000000065840000,0x0000000065940000)]
  0x000000005bc7e800 JavaThread "Thread-30" daemon [_thread_in_native, id=3296, stack(0x00000000650c0000,0x00000000651c0000)]
  0x000000005b5d3000 JavaThread "Thread-29" [_thread_blocked, id=1920, stack(0x00000000655a0000,0x00000000656a0000)]
  0x000000005b5d2000 JavaThread "Thread-28" daemon [_thread_in_native, id=4496, stack(0x0000000065470000,0x0000000065570000)]
  0x000000005b5d1800 JavaThread "Thread-27" [_thread_blocked, id=4032, stack(0x0000000065330000,0x0000000065430000)]
  0x000000005b5d0800 JavaThread "Thread-26" daemon [_thread_in_native, id=1916, stack(0x00000000651c0000,0x00000000652c0000)]
  0x000000005b5d0000 JavaThread "Thread-25" [_thread_blocked, id=1148, stack(0x0000000064630000,0x0000000064730000)]
  0x000000005b5cf000 JavaThread "Thread-24" daemon [_thread_in_native, id=1136, stack(0x0000000064fa0000,0x00000000650a0000)]
  0x000000005b5ce800 JavaThread "Thread-23" [_thread_blocked, id=1340, stack(0x0000000064e80000,0x0000000064f80000)]
  0x000000005b5cd800 JavaThread "Thread-22" daemon [_thread_in_native, id=396, stack(0x0000000064c30000,0x0000000064d30000)]
  0x000000005b5cd000 JavaThread "Thread-21" [_thread_blocked, id=2708, stack(0x0000000064150000,0x0000000064250000)]
  0x000000005b5cc000 JavaThread "Thread-20" daemon [_thread_in_native, id=3980, stack(0x0000000064020000,0x0000000064120000)]
  0x000000005b5cb800 JavaThread "Thread-19" [_thread_blocked, id=3140, stack(0x0000000063430000,0x0000000063530000)]
  0x000000005b5ca800 JavaThread "Thread-18" daemon [_thread_in_native, id=716, stack(0x00000000632d0000,0x00000000633d0000)]
  0x000000005b5c4800 JavaThread "Thread-17" [_thread_blocked, id=2544, stack(0x0000000062fe0000,0x00000000630e0000)]
  0x000000005b5ca000 JavaThread "Thread-16" daemon [_thread_in_native, id=368, stack(0x0000000060e10000,0x0000000060f10000)]
  0x000000005b5c8000 JavaThread "Thread-15" [_thread_blocked, id=4088, stack(0x0000000062df0000,0x0000000062ef0000)]
  0x000000005b5c9000 JavaThread "Keep-Alive-Timer" daemon [_thread_blocked, id=3524, stack(0x00000000635a0000,0x00000000636a0000)]
=>0x000000005b5c7800 JavaThread "AWT-EventQueue-0" [_thread_in_native, id=1104, stack(0x0000000064d30000,0x0000000064e30000)]
  0x000000005b5c6800 JavaThread "AWT-Shutdown" [_thread_blocked, id=1056, stack(0x0000000064ac0000,0x0000000064bc0000)]
  0x000000005b5c6000 JavaThread "Thread-13" daemon [_thread_blocked, id=2148, stack(0x00000000648d0000,0x00000000649d0000)]
  0x000000005b5c5000 JavaThread "TimerQueue" daemon [_thread_blocked, id=3900, stack(0x00000000647a0000,0x00000000648a0000)]
  0x000000005b217000 JavaThread "main-SharedResourceRunner" daemon [_thread_blocked, id=1900, stack(0x000000005c820000,0x000000005c920000)]
  0x000000005b650800 JavaThread "AWT-Windows" daemon [_thread_in_native, id=4192, stack(0x000000005caf0000,0x000000005cbf0000)]
  0x000000005b757000 JavaThread "Java2D Disposer" daemon [_thread_blocked, id=4004, stack(0x000000005c6f0000,0x000000005c7f0000)]
  0x0000000058e38800 JavaThread "Service Thread" daemon [_thread_blocked, id=2128, stack(0x000000005ab80000,0x000000005ac80000)]
  0x0000000058dc8800 JavaThread "C1 CompilerThread3" daemon [_thread_blocked, id=2168, stack(0x000000005a9a0000,0x000000005aaa0000)]
  0x0000000058dc1000 JavaThread "C2 CompilerThread2" daemon [_thread_blocked, id=2152, stack(0x000000005a8a0000,0x000000005a9a0000)]
  0x0000000058db7800 JavaThread "C2 CompilerThread1" daemon [_thread_blocked, id=3344, stack(0x000000005a610000,0x000000005a710000)]
  0x0000000058dad800 JavaThread "C2 CompilerThread0" daemon [_thread_blocked, id=4272, stack(0x000000005a740000,0x000000005a840000)]
  0x0000000058dac000 JavaThread "Attach Listener" daemon [_thread_blocked, id=3388, stack(0x000000005a4d0000,0x000000005a5d0000)]
  0x0000000058dab000 JavaThread "Signal Dispatcher" daemon [_thread_blocked, id=3536, stack(0x000000005a310000,0x000000005a410000)]
  0x000000000231d000 JavaThread "Finalizer" daemon [_thread_blocked, id=1116, stack(0x000000005a0e0000,0x000000005a1e0000)]
  0x0000000057f14000 JavaThread "Reference Handler" daemon [_thread_blocked, id=4196, stack(0x0000000059fc0000,0x000000005a0c0000)]

Other Threads:
  0x0000000058d63000 VMThread [stack: 0x0000000059de0000,0x0000000059ee0000] [id=3896]
  0x0000000058e42000 WatcherThread [stack: 0x000000005ad80000,0x000000005ae80000] [id=4156]

VM state:not at safepoint (normal execution)

VM Mutex/Monitor currently owned by a thread: None

Heap:
 PSYoungGen      total 208896K, used 81340K [0x00000000d5580000, 0x00000000e6200000, 0x0000000100000000)
  eden space 204288K, 39% used [0x00000000d5580000,0x00000000da4ef318,0x00000000e1d00000)
  from space 4608K, 0% used [0x00000000e1d00000,0x00000000e1d00000,0x00000000e2180000)
  to   space 4608K, 0% used [0x00000000e5d80000,0x00000000e5d80000,0x00000000e6200000)
 ParOldGen       total 522752K, used 16071K [0x0000000080000000, 0x000000009fe80000, 0x00000000d5580000)
  object space 522752K, 3% used [0x0000000080000000,0x0000000080fb1ce8,0x000000009fe80000)
 Metaspace       used 23003K, capacity 23237K, committed 23424K, reserved 1071104K
  class space    used 2548K, capacity 2623K, committed 2688K, reserved 1048576K

Card table byte_map: [0x0000000011cd0000,0x00000000120e0000] byte_map_base: 0x00000000118d0000

Marking Bits: (ParMarkBitMap*) 0x0000000063f913b0
 Begin Bits: [0x0000000013130000, 0x0000000015130000)
 End Bits:   [0x0000000015130000, 0x0000000017130000)

Polling page: 0x00000000001c0000

CodeCache: size=245760Kb used=9685Kb max_used=9690Kb free=236074Kb
 bounds [0x0000000002910000, 0x00000000032a0000, 0x0000000011910000]
 total_blobs=3826 nmethods=2883 adapters=856
 compilation: enabled

Compilation events (10 events):
Event: 9.354 Thread 0x0000000058dc8800 3223       3       java.nio.HeapIntBuffer::get (15 bytes)
Event: 9.354 Thread 0x0000000058dc8800 nmethod 3223 0x0000000003280e50 code [0x0000000003280fc0, 0x0000000003281250]
Event: 9.358 Thread 0x0000000058dc8800 3224       3       com.jogamp.common.util.IntObjectHashMap$Entry::access$002 (7 bytes)
Event: 9.359 Thread 0x0000000058dc8800 nmethod 3224 0x00000000032813d0 code [0x0000000003281520, 0x0000000003281670]
Event: 9.362 Thread 0x0000000058dc8800 3225       3       java.nio.DirectFloatBufferU::order (19 bytes)
Event: 9.362 Thread 0x0000000058dc8800 nmethod 3225 0x0000000003281710 code [0x0000000003281880, 0x0000000003281ab0]
Event: 9.363 Thread 0x0000000058dc8800 3226       3       it.graphitech.smeSpire.lines.cubicCurve.CubicSplinePolyline::createPointsBuffer (112 bytes)
Event: 9.364 Thread 0x0000000058dc1000 3229 %     4       it.graphitech.smeSpire.lines.cubicCurve.CubicSplinePolyline::makeSegment @ 14 (94 bytes)
Event: 9.364 Thread 0x0000000058dc8800 nmethod 3226 0x0000000003281b90 code [0x0000000003281dc0, 0x0000000003282a18]
Event: 9.364 Thread 0x0000000058dc8800 3227       3       jogamp.opengl.gl4.GL4bcImpl::glBufferData (71 bytes)

GC Heap History (10 events):
Event: 3.592 GC heap before
{Heap before GC invocations=22 (full 0):
 PSYoungGen      total 106496K, used 106480K [0x00000000d5580000, 0x00000000dee00000, 0x0000000100000000)
  eden space 103936K, 100% used [0x00000000d5580000,0x00000000dbb00000,0x00000000dbb00000)
  from space 2560K, 99% used [0x00000000dbb00000,0x00000000dbd7c200,0x00000000dbd80000)
  to   space 5120K, 0% used [0x00000000de900000,0x00000000de900000,0x00000000dee00000)
 ParOldGen       total 522752K, used 12338K [0x0000000080000000, 0x000000009fe80000, 0x00000000d5580000)
  object space 522752K, 2% used [0x0000000080000000,0x0000000080c0c9b8,0x000000009fe80000)
 Metaspace       used 19865K, capacity 20071K, committed 20224K, reserved 1067008K
  class space    used 2186K, capacity 2234K, committed 2304K, reserved 1048576K
Event: 3.595 GC heap after
Heap after GC invocations=22 (full 0):
 PSYoungGen      total 151040K, used 96K [0x00000000d5580000, 0x00000000dee00000, 0x0000000100000000)
  eden space 145920K, 0% used [0x00000000d5580000,0x00000000d5580000,0x00000000de400000)
  from space 5120K, 1% used [0x00000000de900000,0x00000000de918000,0x00000000dee00000)
  to   space 5120K, 0% used [0x00000000de400000,0x00000000de400000,0x00000000de900000)
 ParOldGen       total 522752K, used 14883K [0x0000000080000000, 0x000000009fe80000, 0x00000000d5580000)
  object space 522752K, 2% used [0x0000000080000000,0x0000000080e88fe0,0x000000009fe80000)
 Metaspace       used 19865K, capacity 20071K, committed 20224K, reserved 1067008K
  class space    used 2186K, capacity 2234K, committed 2304K, reserved 1048576K
}
Event: 3.956 GC heap before
{Heap before GC invocations=23 (full 0):
 PSYoungGen      total 151040K, used 146016K [0x00000000d5580000, 0x00000000dee00000, 0x0000000100000000)
  eden space 145920K, 100% used [0x00000000d5580000,0x00000000de400000,0x00000000de400000)
  from space 5120K, 1% used [0x00000000de900000,0x00000000de918000,0x00000000dee00000)
  to   space 5120K, 0% used [0x00000000de400000,0x00000000de400000,0x00000000de900000)
 ParOldGen       total 522752K, used 14883K [0x0000000080000000, 0x000000009fe80000, 0x00000000d5580000)
  object space 522752K, 2% used [0x0000000080000000,0x0000000080e88fe0,0x000000009fe80000)
 Metaspace       used 19877K, capacity 20071K, committed 20224K, reserved 1067008K
  class space    used 2186K, capacity 2234K, committed 2304K, reserved 1048576K
Event: 3.959 GC heap after
Heap after GC invocations=23 (full 0):
 PSYoungGen      total 151040K, used 1104K [0x00000000d5580000, 0x00000000e2600000, 0x0000000100000000)
  eden space 145920K, 0% used [0x00000000d5580000,0x00000000d5580000,0x00000000de400000)
  from space 5120K, 21% used [0x00000000de400000,0x00000000de514010,0x00000000de900000)
  to   space 4608K, 0% used [0x00000000e2180000,0x00000000e2180000,0x00000000e2600000)
 ParOldGen       total 522752K, used 14975K [0x0000000080000000, 0x000000009fe80000, 0x00000000d5580000)
  object space 522752K, 2% used [0x0000000080000000,0x0000000080e9fff0,0x000000009fe80000)
 Metaspace       used 19877K, capacity 20071K, committed 20224K, reserved 1067008K
  class space    used 2186K, capacity 2234K, committed 2304K, reserved 1048576K
}
Event: 4.266 GC heap before
{Heap before GC invocations=24 (full 0):
 PSYoungGen      total 151040K, used 147024K [0x00000000d5580000, 0x00000000e2600000, 0x0000000100000000)
  eden space 145920K, 100% used [0x00000000d5580000,0x00000000de400000,0x00000000de400000)
  from space 5120K, 21% used [0x00000000de400000,0x00000000de514010,0x00000000de900000)
  to   space 4608K, 0% used [0x00000000e2180000,0x00000000e2180000,0x00000000e2600000)
 ParOldGen       total 522752K, used 14975K [0x0000000080000000, 0x000000009fe80000, 0x00000000d5580000)
  object space 522752K, 2% used [0x0000000080000000,0x0000000080e9fff0,0x000000009fe80000)
 Metaspace       used 19879K, capacity 20071K, committed 20224K, reserved 1067008K
  class space    used 2186K, capacity 2234K, committed 2304K, reserved 1048576K
Event: 4.268 GC heap after
Heap after GC invocations=24 (full 0):
 PSYoungGen      total 208896K, used 96K [0x00000000d5580000, 0x00000000e2600000, 0x0000000100000000)
  eden space 204288K, 0% used [0x00000000d5580000,0x00000000d5580000,0x00000000e1d00000)
  from space 4608K, 2% used [0x00000000e2180000,0x00000000e2198000,0x00000000e2600000)
  to   space 4608K, 0% used [0x00000000e1d00000,0x00000000e1d00000,0x00000000e2180000)
 ParOldGen       total 522752K, used 16040K [0x0000000080000000, 0x000000009fe80000, 0x00000000d5580000)
  object space 522752K, 3% used [0x0000000080000000,0x0000000080faa010,0x000000009fe80000)
 Metaspace       used 19879K, capacity 20071K, committed 20224K, reserved 1067008K
  class space    used 2186K, capacity 2234K, committed 2304K, reserved 1048576K
}
Event: 4.393 GC heap before
{Heap before GC invocations=25 (full 0):
 PSYoungGen      total 208896K, used 30793K [0x00000000d5580000, 0x00000000e2600000, 0x0000000100000000)
  eden space 204288K, 15% used [0x00000000d5580000,0x00000000d737a6e8,0x00000000e1d00000)
  from space 4608K, 2% used [0x00000000e2180000,0x00000000e2198000,0x00000000e2600000)
  to   space 4608K, 0% used [0x00000000e1d00000,0x00000000e1d00000,0x00000000e2180000)
 ParOldGen       total 522752K, used 16040K [0x0000000080000000, 0x000000009fe80000, 0x00000000d5580000)
  object space 522752K, 3% used [0x0000000080000000,0x0000000080faa010,0x000000009fe80000)
 Metaspace       used 20915K, capacity 21107K, committed 21296K, reserved 1069056K
  class space    used 2325K, capacity 2364K, committed 2432K, reserved 1048576K
Event: 4.396 GC heap after
Heap after GC invocations=25 (full 0):
 PSYoungGen      total 208896K, used 2368K [0x00000000d5580000, 0x00000000e6200000, 0x0000000100000000)
  eden space 204288K, 0% used [0x00000000d5580000,0x00000000d5580000,0x00000000e1d00000)
  from space 4608K, 51% used [0x00000000e1d00000,0x00000000e1f50000,0x00000000e2180000)
  to   space 4608K, 0% used [0x00000000e5d80000,0x00000000e5d80000,0x00000000e6200000)
 ParOldGen       total 522752K, used 16056K [0x0000000080000000, 0x000000009fe80000, 0x00000000d5580000)
  object space 522752K, 3% used [0x0000000080000000,0x0000000080fae010,0x000000009fe80000)
 Metaspace       used 20915K, capacity 21107K, committed 21296K, reserved 1069056K
  class space    used 2325K, capacity 2364K, committed 2432K, reserved 1048576K
}
Event: 4.396 GC heap before
{Heap before GC invocations=26 (full 1):
 PSYoungGen      total 208896K, used 2368K [0x00000000d5580000, 0x00000000e6200000, 0x0000000100000000)
  eden space 204288K, 0% used [0x00000000d5580000,0x00000000d5580000,0x00000000e1d00000)
  from space 4608K, 51% used [0x00000000e1d00000,0x00000000e1f50000,0x00000000e2180000)
  to   space 4608K, 0% used [0x00000000e5d80000,0x00000000e5d80000,0x00000000e6200000)
 ParOldGen       total 522752K, used 16056K [0x0000000080000000, 0x000000009fe80000, 0x00000000d5580000)
  object space 522752K, 3% used [0x0000000080000000,0x0000000080fae010,0x000000009fe80000)
 Metaspace       used 20915K, capacity 21107K, committed 21296K, reserved 1069056K
  class space    used 2325K, capacity 2364K, committed 2432K, reserved 1048576K
Event: 4.518 GC heap after
Heap after GC invocations=26 (full 1):
 PSYoungGen      total 208896K, used 0K [0x00000000d5580000, 0x00000000e6200000, 0x0000000100000000)
  eden space 204288K, 0% used [0x00000000d5580000,0x00000000d5580000,0x00000000e1d00000)
  from space 4608K, 0% used [0x00000000e1d00000,0x00000000e1d00000,0x00000000e2180000)
  to   space 4608K, 0% used [0x00000000e5d80000,0x00000000e5d80000,0x00000000e6200000)
 ParOldGen       total 522752K, used 16071K [0x0000000080000000, 0x000000009fe80000, 0x00000000d5580000)
  object space 522752K, 3% used [0x0000000080000000,0x0000000080fb1ce8,0x000000009fe80000)
 Metaspace       used 20915K, capacity 21107K, committed 21296K, reserved 1069056K
  class space    used 2325K, capacity 2364K, committed 2432K, reserved 1048576K
}

Deoptimization events (10 events):
Event: 4.337 Thread 0x000000005b650800 Uncommon trap: reason=class_check action=maybe_recompile pc=0x0000000002c449d4 method=java.util.HashMap.putVal(ILjava/lang/Object;Ljava/lang/Object;ZZ)Ljava/lang/Object; @ 203
Event: 4.337 Thread 0x000000005b650800 Uncommon trap: reason=bimorphic action=maybe_recompile pc=0x0000000002c44a1c method=java.util.HashMap.putVal(ILjava/lang/Object;Ljava/lang/Object;ZZ)Ljava/lang/Object; @ 91
Event: 4.363 Thread 0x000000000233e800 Uncommon trap: reason=class_check action=maybe_recompile pc=0x0000000002ed7494 method=java.util.AbstractCollection.toArray([Ljava/lang/Object;)[Ljava/lang/Object; @ 1
Event: 4.363 Thread 0x000000000233e800 Uncommon trap: reason=class_check action=maybe_recompile pc=0x0000000002ed7494 method=java.util.AbstractCollection.toArray([Ljava/lang/Object;)[Ljava/lang/Object; @ 1
Event: 4.370 Thread 0x000000000233e800 Uncommon trap: reason=predicate action=maybe_recompile pc=0x0000000002e914dc method=java.util.ArrayList.indexOf(Ljava/lang/Object;)I @ 44
Event: 4.371 Thread 0x000000000233e800 Uncommon trap: reason=predicate action=maybe_recompile pc=0x0000000002ed0c68 method=java.util.ArrayList.indexOf(Ljava/lang/Object;)I @ 44
Event: 6.586 Thread 0x000000005b5c7800 Uncommon trap: reason=class_check action=maybe_recompile pc=0x00000000031902c8 method=gov.nasa.worldwind.globes.EllipsoidalGlobe.getElevation(Lgov/nasa/worldwind/geom/Angle;Lgov/nasa/worldwind/geom/Angle;)D @ 45
Event: 6.586 Thread 0x000000005b5c7800 Uncommon trap: reason=class_check action=maybe_recompile pc=0x00000000031902c8 method=gov.nasa.worldwind.globes.EllipsoidalGlobe.getElevation(Lgov/nasa/worldwind/geom/Angle;Lgov/nasa/worldwind/geom/Angle;)D @ 45
Event: 6.586 Thread 0x000000005b5c7800 Uncommon trap: reason=class_check action=maybe_recompile pc=0x00000000031902c8 method=gov.nasa.worldwind.globes.EllipsoidalGlobe.getElevation(Lgov/nasa/worldwind/geom/Angle;Lgov/nasa/worldwind/geom/Angle;)D @ 45
Event: 6.586 Thread 0x000000005b5c7800 Uncommon trap: reason=class_check action=maybe_recompile pc=0x00000000031902c8 method=gov.nasa.worldwind.globes.EllipsoidalGlobe.getElevation(Lgov/nasa/worldwind/geom/Angle;Lgov/nasa/worldwind/geom/Angle;)D @ 45

Internal exceptions (10 events):
Event: 5.629 Thread 0x000000005b5c7800 Exception <a 'java/security/PrivilegedActionException'> (0x00000000d90827b0) thrown at [D:\re\workspace\8-2-build-windows-amd64-cygwin\jdk8u5\2488\hotspot\src\share\vm\prims\jvm.cpp, line 1248]
Event: 5.630 Thread 0x000000005b5c7800 Exception <a 'java/security/PrivilegedActionException'> (0x00000000d9088078) thrown at [D:\re\workspace\8-2-build-windows-amd64-cygwin\jdk8u5\2488\hotspot\src\share\vm\prims\jvm.cpp, line 1248]
Event: 5.630 Thread 0x000000005b5c7800 Exception <a 'java/security/PrivilegedActionException'> (0x00000000d908d608) thrown at [D:\re\workspace\8-2-build-windows-amd64-cygwin\jdk8u5\2488\hotspot\src\share\vm\prims\jvm.cpp, line 1248]
Event: 5.631 Thread 0x000000005b5c7800 Exception <a 'java/security/PrivilegedActionException'> (0x00000000d908f418) thrown at [D:\re\workspace\8-2-build-windows-amd64-cygwin\jdk8u5\2488\hotspot\src\share\vm\prims\jvm.cpp, line 1248]
Event: 5.632 Thread 0x000000005b5c7800 Exception <a 'java/security/PrivilegedActionException'> (0x00000000d9094988) thrown at [D:\re\workspace\8-2-build-windows-amd64-cygwin\jdk8u5\2488\hotspot\src\share\vm\prims\jvm.cpp, line 1248]
Event: 5.633 Thread 0x000000005b5c7800 Exception <a 'java/security/PrivilegedActionException'> (0x00000000d9099058) thrown at [D:\re\workspace\8-2-build-windows-amd64-cygwin\jdk8u5\2488\hotspot\src\share\vm\prims\jvm.cpp, line 1248]
Event: 5.643 Thread 0x000000005b5c7800 Exception <a 'java/security/PrivilegedActionException'> (0x00000000d90a2558) thrown at [D:\re\workspace\8-2-build-windows-amd64-cygwin\jdk8u5\2488\hotspot\src\share\vm\prims\jvm.cpp, line 1248]
Event: 5.644 Thread 0x000000005b5c7800 Exception <a 'java/security/PrivilegedActionException'> (0x00000000d90a4710) thrown at [D:\re\workspace\8-2-build-windows-amd64-cygwin\jdk8u5\2488\hotspot\src\share\vm\prims\jvm.cpp, line 1248]
Event: 5.707 Thread 0x000000005bc88000 Exception <a 'java/security/PrivilegedActionException'> (0x00000000d92371c0) thrown at [D:\re\workspace\8-2-build-windows-amd64-cygwin\jdk8u5\2488\hotspot\src\share\vm\prims\jvm.cpp, line 1248]
Event: 9.328 Thread 0x000000005b5c7800 Exception <a 'java/security/PrivilegedActionException'> (0x00000000d9fe5518) thrown at [D:\re\workspace\8-2-build-windows-amd64-cygwin\jdk8u5\2488\hotspot\src\share\vm\prims\jvm.cpp, line 1248]

Events (10 events):
Event: 9.184 loading class javax/swing/ClientPropertyKey
Event: 9.184 loading class javax/swing/ClientPropertyKey done
Event: 9.184 loading class javax/swing/ClientPropertyKey$1
Event: 9.184 loading class sun/awt/AWTAccessor$ClientPropertyKeyAccessor
Event: 9.184 loading class sun/awt/AWTAccessor$ClientPropertyKeyAccessor done
Event: 9.185 loading class javax/swing/ClientPropertyKey$1 done
Event: 9.248 Executing VM operation: RevokeBias
Event: 9.249 Executing VM operation: RevokeBias done
Event: 9.328 loading class it/graphitech/smeSpire/lines/cubicCurve/Cubic
Event: 9.328 loading class it/graphitech/smeSpire/lines/cubicCurve/Cubic done


Dynamic libraries:
0x000000013f080000 - 0x000000013f0b4000 	C:\Program Files\Java\jre8\bin\javaw.exe
0x0000000077600000 - 0x00000000777a9000 	C:\Windows\SYSTEM32\ntdll.dll
0x00000000774e0000 - 0x00000000775ff000 	C:\Windows\system32\kernel32.dll
0x000007fefd760000 - 0x000007fefd7cc000 	C:\Windows\system32\KERNELBASE.dll
0x000007fefd920000 - 0x000007fefd9fb000 	C:\Windows\system32\ADVAPI32.dll
0x000007feff790000 - 0x000007feff82f000 	C:\Windows\system32\msvcrt.dll
0x000007fefeee0000 - 0x000007fefeeff000 	C:\Windows\SYSTEM32\sechost.dll
0x000007feff010000 - 0x000007feff13d000 	C:\Windows\system32\RPCRT4.dll
0x00000000773e0000 - 0x00000000774da000 	C:\Windows\system32\USER32.dll
0x000007feff490000 - 0x000007feff4f7000 	C:\Windows\system32\GDI32.dll
0x000007feff480000 - 0x000007feff48e000 	C:\Windows\system32\LPK.dll
0x000007feff840000 - 0x000007feff909000 	C:\Windows\system32\USP10.dll
0x000007fefbfe0000 - 0x000007fefc1d4000 	C:\Windows\WinSxS\amd64_microsoft.windows.common-controls_6595b64144ccf1df_6.0.7601.17514_none_fa396087175ac9ac\COMCTL32.dll
0x000007fefd8a0000 - 0x000007fefd911000 	C:\Windows\system32\SHLWAPI.dll
0x000007fefd870000 - 0x000007fefd89e000 	C:\Windows\system32\IMM32.DLL
0x000007fefef00000 - 0x000007feff009000 	C:\Windows\system32\MSCTF.dll
0x0000000073a10000 - 0x0000000073a90000 	c:\program files (x86)\f-secure\hips\fshook64.dll
0x00000000777c0000 - 0x00000000777c7000 	C:\Windows\system32\PSAPI.DLL
0x00000000678f0000 - 0x00000000679c2000 	C:\Program Files\Java\jre8\bin\msvcr100.dll
0x00000000637e0000 - 0x000000006400a000 	C:\Program Files\Java\jre8\bin\server\jvm.dll
0x000007fefa380000 - 0x000007fefa389000 	C:\Windows\system32\WSOCK32.dll
0x000007fefed20000 - 0x000007fefed6d000 	C:\Windows\system32\WS2_32.dll
0x000007feff830000 - 0x000007feff838000 	C:\Windows\system32\NSI.dll
0x000007fefaf60000 - 0x000007fefaf9b000 	C:\Windows\system32\WINMM.dll
0x00000000715b0000 - 0x00000000715bf000 	C:\Program Files\Java\jre8\bin\verify.dll
0x0000000071580000 - 0x00000000715a8000 	C:\Program Files\Java\jre8\bin\java.dll
0x0000000071560000 - 0x0000000071576000 	C:\Program Files\Java\jre8\bin\zip.dll
0x000007fefdc40000 - 0x000007fefe9c8000 	C:\Windows\system32\SHELL32.dll
0x000007feff580000 - 0x000007feff783000 	C:\Windows\system32\ole32.dll
0x000007fefd410000 - 0x000007fefd41f000 	C:\Windows\system32\profapi.dll
0x00000000728f0000 - 0x0000000072a86000 	C:\Program Files\Java\jre8\bin\awt.dll
0x000007feff140000 - 0x000007feff217000 	C:\Windows\system32\OLEAUT32.dll
0x000007fefb850000 - 0x000007fefb868000 	C:\Windows\system32\DWMAPI.DLL
0x000007fefbdb0000 - 0x000007fefbe06000 	C:\Windows\system32\uxtheme.dll
0x000007fefd2b0000 - 0x000007fefd2bf000 	C:\Windows\system32\CRYPTBASE.dll
0x000007fef7900000 - 0x000007fef7aff000 	C:\Windows\system32\d3d9.dll
0x000007fefc4d0000 - 0x000007fefc4dc000 	C:\Windows\system32\VERSION.dll
0x000007fef8b70000 - 0x000007fef8b77000 	C:\Windows\system32\d3d8thk.dll
0x000007feebe60000 - 0x000007feeccfb000 	C:\Windows\system32\nvd3dumx.dll
0x000007fefb550000 - 0x000007fefb57c000 	C:\Windows\system32\powrprof.dll
0x000007fefda60000 - 0x000007fefdc37000 	C:\Windows\system32\SETUPAPI.dll
0x000007fefd480000 - 0x000007fefd4b6000 	C:\Windows\system32\CFGMGR32.dll
0x000007fefd450000 - 0x000007fefd46a000 	C:\Windows\system32\DEVOBJ.dll
0x000007fefccf0000 - 0x000007fefcd07000 	C:\Windows\system32\CRYPTSP.dll
0x000007fefc910000 - 0x000007fefc957000 	C:\Windows\system32\rsaenh.dll
0x000007fefd740000 - 0x000007fefd75e000 	C:\Windows\system32\USERENV.dll
0x0000000071540000 - 0x000000007155a000 	C:\Program Files\Java\jre8\bin\net.dll
0x000007fefcc90000 - 0x000007fefcce5000 	C:\Windows\system32\mswsock.dll
0x000007fefcc80000 - 0x000007fefcc87000 	C:\Windows\System32\wship6.dll
0x000007fefafb0000 - 0x000007fefafd7000 	C:\Windows\system32\IPHLPAPI.DLL
0x000007fefaee0000 - 0x000007fefaeeb000 	C:\Windows\system32\WINNSI.DLL
0x000007fefa830000 - 0x000007fefa841000 	C:\Windows\system32\dhcpcsvc6.DLL
0x000007fefa460000 - 0x000007fefa478000 	C:\Windows\system32\dhcpcsvc.DLL
0x0000000071520000 - 0x0000000071531000 	C:\Program Files\Java\jre8\bin\nio.dll
0x00000000637c0000 - 0x00000000637cd000 	C:\Users\alberto.debiasi\AppData\Local\Temp\jogamp_0000\file_cache\jln8421462714002457108\jln2597833549751471121\gluegen-rt.dll
0x0000000073aa0000 - 0x0000000073aa7000 	C:\Program Files\Java\jre8\bin\jawt.dll
0x000000006a440000 - 0x000000006a44d000 	C:\Users\alberto.debiasi\AppData\Local\Temp\jogamp_0000\file_cache\jln8421462714002457108\jln2597833549751471121\nativewindow_awt.dll
0x000000006c100000 - 0x000000006c10f000 	C:\Users\alberto.debiasi\AppData\Local\Temp\jogamp_0000\file_cache\jln8421462714002457108\jln2597833549751471121\nativewindow_win32.dll
0x000007fef1d20000 - 0x000007fef1e3d000 	C:\Windows\system32\OpenGL32.dll
0x000007fefa800000 - 0x000007fefa82d000 	C:\Windows\system32\GLU32.dll
0x000007fef1c20000 - 0x000007fef1d11000 	C:\Windows\system32\DDRAW.dll
0x000007fefa890000 - 0x000007fefa898000 	C:\Windows\system32\DCIMAN32.dll
0x0000000064500000 - 0x00000000645a0000 	C:\Users\alberto.debiasi\AppData\Local\Temp\jogamp_0000\file_cache\jln8421462714002457108\jln2597833549751471121\jogl_desktop.dll
0x000000005f7f0000 - 0x0000000060d64000 	C:\Windows\system32\nvoglv64.DLL
0x000007fefd580000 - 0x000007fefd5ba000 	C:\Windows\system32\WINTRUST.dll
0x000007fefd5c0000 - 0x000007fefd72c000 	C:\Windows\system32\CRYPT32.dll
0x000007fefd420000 - 0x000007fefd42f000 	C:\Windows\system32\MSASN1.dll
0x000007fefc5a0000 - 0x000007fefc5a7000 	C:\Windows\System32\wshtcpip.dll
0x000007fefca70000 - 0x000007fefcacb000 	C:\Windows\system32\DNSAPI.dll
0x000007fef9ce0000 - 0x000007fef9ce8000 	C:\Windows\system32\rasadhlp.dll
0x000007fefae80000 - 0x000007fefaed3000 	C:\Windows\System32\fwpuclnt.dll
0x0000000072f70000 - 0x0000000072fb7000 	C:\Program Files\Java\jre8\bin\fontmanager.dll
0x0000000072f20000 - 0x0000000072f61000 	C:\Program Files\Java\jre8\bin\t2k.dll
0x000007fefd7d0000 - 0x000007fefd869000 	C:\Windows\system32\CLBCatQ.DLL
0x000007fef68f0000 - 0x000007fef6a15000 	C:\Windows\system32\dbghelp.dll

VM Arguments:
jvm_args: -Xmx2048m -Xms512m -Dfile.encoding=Cp1252 
java_command: it.graphitech.smeSpire.Main_STANDALONE_v3
java_class_path (initial): C:\Users\alberto.debiasi\Dropbox\PHD\workspace\ArcMapClutterReduction_v3\bin;C:\Users\alberto.debiasi\Dropbox\PHD\workspace\ArcMapClutterReduction_v3\lib\worldwind_2_0\gdal.jar;C:\Users\alberto.debiasi\Dropbox\PHD\workspace\ArcMapClutterReduction_v3\lib\worldwind_2_0\gluegen-rt-natives-linux-amd64.jar;C:\Users\alberto.debiasi\Dropbox\PHD\workspace\ArcMapClutterReduction_v3\lib\worldwind_2_0\gluegen-rt-natives-linux-i586.jar;C:\Users\alberto.debiasi\Dropbox\PHD\workspace\ArcMapClutterReduction_v3\lib\worldwind_2_0\gluegen-rt-natives-macosx-universal.jar;C:\Users\alberto.debiasi\Dropbox\PHD\workspace\ArcMapClutterReduction_v3\lib\worldwind_2_0\gluegen-rt-natives-windows-amd64.jar;C:\Users\alberto.debiasi\Dropbox\PHD\workspace\ArcMapClutterReduction_v3\lib\worldwind_2_0\gluegen-rt-natives-windows-i586.jar;C:\Users\alberto.debiasi\Dropbox\PHD\workspace\ArcMapClutterReduction_v3\lib\worldwind_2_0\gluegen-rt.jar;C:\Users\alberto.debiasi\Dropbox\PHD\workspace\ArcMapClutterReduction_v3\lib\worldwind_2_0\jogl-all-natives-linux-amd64.jar;C:\Users\alberto.debiasi\Dropbox\PHD\workspace\ArcMapClutterReduction_v3\lib\worldwind_2_0\jogl-all-natives-linux-i586.jar;C:\Users\alberto.debiasi\Dropbox\PHD\workspace\ArcMapClutterReduction_v3\lib\worldwind_2_0\jogl-all-natives-macosx-universal.jar;C:\Users\alberto.debiasi\Dropbox\PHD\workspace\ArcMapClutterReduction_v3\lib\worldwind_2_0\jogl-all-natives-windows-amd64.jar;C:\Users\alberto.debiasi\Dropbox\PHD\workspace\ArcMapClutterReduction_v3\lib\worldwind_2_0\jogl-all-natives-windows-i586.jar;C:\Users\alberto.debiasi\Dropbox\PHD\workspace\ArcMapClutterReduction_v3\lib\worldwind_2_0\jogl-all.jar;C:\Users\alberto.debiasi\Dropbox\PHD\workspace\ArcMapClutterReduction_v3\lib\worldwind_2_0\plugin.jar;C:\Users\alberto.debiasi\Dropbox\PHD\workspace\ArcMapClutterReduction_v3\lib\worldwind_2_0\vpf-symbols.jar;C:\Users\alberto.debiasi\Dropbox\PHD\workspace\ArcMapClutterReduction_v3\lib\worldwind_2_0\worldwind.jar;C:\Use
Launcher Type: SUN_STANDARD

Environment Variables:
PATH=C:\R\R-3.1.0\Rtools\bin;C:\R\R-3.1.0\Rtools\gcc-4.6.3\bin;C:\R\R-3.1.0\bin;C:\Program Files (x86)\MiKTeX 2.9\miktex\bin\;C:\texlive\2013\bin\win32;C:\Windows\system32;C:\Windows;C:\Windows\System32\Wbem;C:\Windows\System32\WindowsPowerShell\v1.0\;C:\Program Files (x86)\Git\cmd;C:\Program Files\TortoiseGit\bin;C:\Program Files\TortoiseSVN\bin;c:\Program Files (x86)\Microsoft SQL Server\100\Tools\Binn\;c:\Program Files\Microsoft SQL Server\100\Tools\Binn\;c:\Program Files\Microsoft SQL Server\100\DTS\Binn\
USERNAME=alberto.debiasi
OS=Windows_NT
PROCESSOR_IDENTIFIER=Intel64 Family 6 Model 26 Stepping 5, GenuineIntel



---------------  S Y S T E M  ---------------

OS: Windows 7 , 64 bit Build 7601 Service Pack 1

CPU:total 8 (4 cores per cpu, 2 threads per core) family 6 model 26 stepping 5, cmov, cx8, fxsr, mmx, sse, sse2, sse3, ssse3, sse4.1, sse4.2, popcnt, ht, tsc, tscinvbit

Memory: 4k page, physical 12580444k(7978692k free), swap 25159024k(18938536k free)

vm_info: Java HotSpot(TM) 64-Bit Server VM (25.5-b02) for windows-amd64 JRE (1.8.0_05-b13), built on Mar 18 2014 01:08:39 by "java_re" with MS VC++ 10.0 (VS2010)

time: Fri Sep 26 11:23:17 2014
elapsed time: 9 seconds

