#
# A fatal error has been detected by the Java Runtime Environment:
#
#  EXCEPTION_ACCESS_VIOLATION (0xc0000005) at pc=0x00000000602be274, pid=1584, tid=2460
#
# JRE version: Java(TM) SE Runtime Environment (8.0_05-b13) (build 1.8.0_05-b13)
# Java VM: Java HotSpot(TM) 64-Bit Server VM (25.5-b02 mixed mode windows-amd64 compressed oops)
# Problematic frame:
# C  [nvoglv64.DLL+0xb9e274]
#
# Failed to write core dump. Minidumps are not enabled by default on client versions of Windows
#
# If you would like to submit a bug report, please visit:
#   http://bugreport.sun.com/bugreport/crash.jsp
# The crash happened outside the Java Virtual Machine in native code.
# See problematic frame for where to report the bug.
#

---------------  T H R E A D  ---------------

Current thread (0x0000000058db6000):  JavaThread "AWT-EventQueue-0" [_thread_in_native, id=2460, stack(0x0000000064910000,0x0000000064a10000)]

siginfo: ExceptionCode=0xc0000005, reading address 0x00000000727ffffc

Registers:
RAX=0x0000000000000028, RBX=0x00000000706f0800, RCX=0x000000007280e4e8, RDX=0xffffffffffff1b2c
RSP=0x0000000064a0bd58, RBP=0x0000000012b70000, RSI=0x0000000012b70000, RDI=0x00000000628320d0
R8 =0x000000000000eae8, R9 =0x0000000000000000, R10=0x0000000000000000, R11=0x0000000072800000
R12=0x0000000000000000, R13=0x00000000003e1aec, R14=0x0000000000000000, R15=0x00000000727f1b2c
RIP=0x00000000602be274, EFLAGS=0x0000000000010206

Top of Stack: (sp=0x0000000064a0bd58)
0x0000000064a0bd58:   000000005ff9c1af 00000000628320d0
0x0000000064a0bd68:   00000000774edff7 00000000706f0800
0x0000000064a0bd78:   0000000000000000 3ee6b5da82bf656f
0x0000000064a0bd88:   0000000000000000 00000000727f1b2c
0x0000000064a0bd98:   0000000000000000 0000000000000000
0x0000000064a0bda8:   000000005f5d7640 0000000000000000
0x0000000064a0bdb8:   0000000058db6000 0000000000000000
0x0000000064a0bdc8:   00000000000088e4 00000000727f1b2c
0x0000000064a0bdd8:   0000000012b70000 00000000003e1aec
0x0000000064a0bde8:   00000000003e1aec 00000000706f0800
0x0000000064a0bdf8:   000000005ff9c573 00000000706f0800
0x0000000064a0be08:   00000000003e1a00 0000000000000000
0x0000000064a0be18:   00000000003e1aec 00000000727f1b2c
0x0000000064a0be28:   0000000058db6000 00000000706f085a
0x0000000064a0be38:   000000005fdb28f5 00000000706f0800
0x0000000064a0be48:   0000000012b70000 000000000000099c 

Instructions: (pc=0x00000000602be274)
0x00000000602be254:   48 81 c1 00 10 00 00 b8 40 00 00 00 4c 8b 4c 0a
0x00000000602be264:   f8 4c 8b 54 0a f0 4c 0f c3 49 f8 4c 0f c3 51 f0
0x00000000602be274:   4c 8b 4c 0a e8 4c 8b 54 0a e0 4c 0f c3 49 e8 4c
0x00000000602be284:   0f c3 51 e0 4c 8b 4c 0a d8 4c 8b 54 0a d0 48 83 


Register to memory mapping:

RAX=0x0000000000000028 is an unknown value
RBX=0x00000000706f0800 is an unknown value
RCX=0x000000007280e4e8 is an unknown value
RDX=0xffffffffffff1b2c is an unknown value
RSP=0x0000000064a0bd58 is pointing into the stack for thread: 0x0000000058db6000
RBP=0x0000000012b70000 is an unknown value
RSI=0x0000000012b70000 is an unknown value
RDI=0x00000000628320d0 is an unknown value
R8 =0x000000000000eae8 is an unknown value
R9 =0x0000000000000000 is an unknown value
R10=0x0000000000000000 is an unknown value
R11=0x0000000072800000 is an unknown value
R12=0x0000000000000000 is an unknown value
R13=0x00000000003e1aec is an unknown value
R14=0x0000000000000000 is an unknown value
R15=0x00000000727f1b2c is an unknown value


Stack: [0x0000000064910000,0x0000000064a10000],  sp=0x0000000064a0bd58,  free space=1007k
Native frames: (J=compiled Java code, j=interpreted, Vv=VM code, C=native code)
C  [nvoglv64.DLL+0xb9e274]

Java frames: (J=compiled Java code, j=interpreted, Vv=VM code)
J 3434  jogamp.opengl.gl4.GL4bcImpl.dispatch_glBufferData(IJLjava/lang/Object;IZIJ)V (0 bytes) @ 0x000000000335aab3 [0x000000000335aa40+0x73]
J 3431 C1 jogamp.opengl.gl4.GL4bcImpl$1.create(IJLjava/nio/Buffer;IJ)V (56 bytes) @ 0x000000000335b0cc [0x000000000335ae40+0x28c]
J 3414 C1 jogamp.opengl.GLBufferObjectTracker.createBufferStorage(Ljogamp/opengl/GLBufferStateTracker;Ljavax/media/opengl/GL;IJLjava/nio/Buffer;IILjogamp/opengl/GLBufferObjectTracker$CreateStorageDispatch;J)V (398 bytes) @ 0x000000000334d4fc [0x000000000334b3a0+0x215c]
J 3413 C1 jogamp.opengl.gl4.GL4bcImpl.glBufferData(IJLjava/nio/Buffer;I)V (71 bytes) @ 0x0000000003349fa4 [0x0000000003349420+0xb84]
j  it.graphitech.smeSpire.layers.MyRenderableLayer.bindData(Lgov/nasa/worldwind/render/DrawContext;ILjava/nio/FloatBuffer;I)V+33
j  it.graphitech.smeSpire.layers.MyRenderableLayer.doRenderNow(Lgov/nasa/worldwind/render/DrawContext;)V+429
j  it.graphitech.smeSpire.layers.MyRenderableLayer.doRender(Lgov/nasa/worldwind/render/DrawContext;)V+40
J 2895 C1 gov.nasa.worldwind.layers.AbstractLayer.render(Lgov/nasa/worldwind/render/DrawContext;)V (123 bytes) @ 0x000000000314b754 [0x0000000003149f20+0x1834]
J 3000 C1 it.graphitech.shader.ShadingDecorator.render(Lgov/nasa/worldwind/render/DrawContext;Lgov/nasa/worldwind/layers/Layer;)V (311 bytes) @ 0x00000000031a3aec [0x00000000031a2440+0x16ac]
J 2999 C1 it.graphitech.shader.DecoratedLayer.render(Lgov/nasa/worldwind/render/DrawContext;)V (13 bytes) @ 0x000000000319cc14 [0x000000000319cb80+0x94]
j  it.graphitech.core.MyAbstractSceneController.draw(Lgov/nasa/worldwind/render/DrawContext;)V+57
j  it.graphitech.core.MyBasicSceneController.doRepaint(Lgov/nasa/worldwind/render/DrawContext;)V+68
j  it.graphitech.core.MyAbstractSceneController.repaint()I+58
j  gov.nasa.worldwind.WorldWindowGLAutoDrawable.doDisplay()I+4
j  gov.nasa.worldwind.WorldWindowGLAutoDrawable.display(Ljavax/media/opengl/GLAutoDrawable;)V+122
j  jogamp.opengl.GLDrawableHelper.displayImpl(Ljavax/media/opengl/GLAutoDrawable;)V+81
j  jogamp.opengl.GLDrawableHelper.display(Ljavax/media/opengl/GLAutoDrawable;)V+2
j  javax.media.opengl.awt.GLCanvas$10.run()V+118
j  jogamp.opengl.GLDrawableHelper.invokeGLImpl(Ljavax/media/opengl/GLDrawable;Ljavax/media/opengl/GLContext;Ljava/lang/Runnable;Ljava/lang/Runnable;)V+206
j  jogamp.opengl.GLDrawableHelper.invokeGL(Ljavax/media/opengl/GLDrawable;Ljavax/media/opengl/GLContext;Ljava/lang/Runnable;Ljava/lang/Runnable;)V+80
j  javax.media.opengl.awt.GLCanvas$11.run()V+73
j  javax.media.opengl.Threading.invoke(ZLjava/lang/Runnable;Ljava/lang/Object;)V+33
j  javax.media.opengl.awt.GLCanvas.display()V+64
j  javax.media.opengl.awt.GLCanvas.paint(Ljava/awt/Graphics;)V+137
j  javax.media.opengl.awt.GLCanvas.update(Ljava/awt/Graphics;)V+2
j  sun.awt.RepaintArea.updateComponent(Ljava/awt/Component;Ljava/awt/Graphics;)V+6
j  sun.awt.RepaintArea.paint(Ljava/lang/Object;Z)V+263
j  sun.awt.windows.WComponentPeer.handleEvent(Ljava/awt/AWTEvent;)V+155
J 3354 C1 java.awt.Component.dispatchEventImpl(Ljava/awt/AWTEvent;)V (883 bytes) @ 0x000000000330e7f4 [0x0000000003308160+0x6694]
J 3358 C1 java.awt.EventQueue.dispatchEventImpl(Ljava/awt/AWTEvent;Ljava/lang/Object;)V (149 bytes) @ 0x0000000003313e0c [0x0000000003312840+0x15cc]
J 3356 C1 java.awt.EventQueue$3.run()Ljava/lang/Void; (60 bytes) @ 0x00000000032f7bb4 [0x00000000032f79c0+0x1f4]
J 3298 C1 java.awt.EventQueue$3.run()Ljava/lang/Object; (5 bytes) @ 0x00000000032c45c4 [0x00000000032c4540+0x84]
v  ~StubRoutines::call_stub
J 1384  java.security.AccessController.doPrivileged(Ljava/security/PrivilegedAction;Ljava/security/AccessControlContext;)Ljava/lang/Object; (0 bytes) @ 0x0000000002c5ae66 [0x0000000002c5ae00+0x66]
J 2935 C1 java.security.ProtectionDomain$1.doIntersectionPrivilege(Ljava/security/PrivilegedAction;Ljava/security/AccessControlContext;Ljava/security/AccessControlContext;)Ljava/lang/Object; (32 bytes) @ 0x0000000003172a7c [0x00000000031727a0+0x2dc]
j  java.security.ProtectionDomain$1.doIntersectionPrivilege(Ljava/security/PrivilegedAction;Ljava/security/AccessControlContext;)Ljava/lang/Object;+6
j  java.awt.EventQueue$4.run()Ljava/lang/Void;+11
j  java.awt.EventQueue$4.run()Ljava/lang/Object;+1
v  ~StubRoutines::call_stub
J 1384  java.security.AccessController.doPrivileged(Ljava/security/PrivilegedAction;Ljava/security/AccessControlContext;)Ljava/lang/Object; (0 bytes) @ 0x0000000002c5ae66 [0x0000000002c5ae00+0x66]
J 3294 C1 java.awt.EventQueue.dispatchEvent(Ljava/awt/AWTEvent;)V (80 bytes) @ 0x00000000032c7dbc [0x00000000032c7200+0xbbc]
J 3299 C1 java.awt.EventDispatchThread.pumpOneEventForFilters(I)V (295 bytes) @ 0x00000000032d0914 [0x00000000032cee80+0x1a94]
j  java.awt.EventDispatchThread.pumpEventsForFilter(ILjava/awt/Conditional;Ljava/awt/EventFilter;)V+35
j  java.awt.EventDispatchThread.pumpEventsForHierarchy(ILjava/awt/Conditional;Ljava/awt/Component;)V+11
j  java.awt.EventDispatchThread.pumpEvents(ILjava/awt/Conditional;)V+4
j  java.awt.EventDispatchThread.pumpEvents(Ljava/awt/Conditional;)V+3
j  java.awt.EventDispatchThread.run()V+9
v  ~StubRoutines::call_stub

---------------  P R O C E S S  ---------------

Java Threads: ( => current thread )
  0x000000005b913000 JavaThread "Idle World Wind Task " daemon [_thread_blocked, id=2152, stack(0x000000006a9c0000,0x000000006aac0000)]
  0x000000005b912800 JavaThread "Idle World Wind Task " daemon [_thread_blocked, id=2168, stack(0x000000006a830000,0x000000006a930000)]
  0x000000005b911800 JavaThread "Idle World Wind Task " daemon [_thread_blocked, id=3052, stack(0x000000006a260000,0x000000006a360000)]
  0x000000005b911000 JavaThread "Idle World Wind Task " daemon [_thread_blocked, id=3640, stack(0x000000006a140000,0x000000006a240000)]
  0x000000005b910000 JavaThread "Idle World Wind Task " daemon [_thread_blocked, id=956, stack(0x0000000069d10000,0x0000000069e10000)]
  0x000000005b90f800 JavaThread "D3D Screen Updater" daemon [_thread_blocked, id=2916, stack(0x0000000067500000,0x0000000067600000)]
  0x000000005b90e800 JavaThread "DestroyJavaVM" [_thread_blocked, id=4200, stack(0x0000000002380000,0x0000000002480000)]
  0x000000005b90e000 JavaThread "Thread-39" daemon [_thread_in_native, id=2508, stack(0x0000000067140000,0x0000000067240000)]
  0x000000005b90d000 JavaThread "Thread-40" daemon [_thread_in_native, id=1116, stack(0x0000000066fa0000,0x00000000670a0000)]
  0x000000005b90c800 JavaThread "Thread-38" [_thread_blocked, id=5096, stack(0x0000000066dc0000,0x0000000066ec0000)]
  0x000000005b90b800 JavaThread "Thread-37" [_thread_blocked, id=728, stack(0x0000000066b20000,0x0000000066c20000)]
  0x000000005b90b000 JavaThread "Thread-36" daemon [_thread_in_native, id=4412, stack(0x0000000066c20000,0x0000000066d20000)]
  0x000000005b90a000 JavaThread "Thread-35" [_thread_blocked, id=2232, stack(0x00000000666e0000,0x00000000667e0000)]
  0x000000005b909800 JavaThread "Thread-34" daemon [_thread_in_native, id=4544, stack(0x00000000669d0000,0x0000000066ad0000)]
  0x000000005b908800 JavaThread "Thread-33" [_thread_blocked, id=4332, stack(0x00000000667f0000,0x00000000668f0000)]
  0x000000005b908000 JavaThread "Thread-28" daemon [_thread_in_native, id=1340, stack(0x00000000665c0000,0x00000000666c0000)]
  0x000000005b907000 JavaThread "Thread-29" daemon [_thread_in_native, id=3716, stack(0x0000000066340000,0x0000000066440000)]
  0x000000005b906800 JavaThread "Thread-30" daemon [_thread_in_native, id=1572, stack(0x0000000066460000,0x0000000066560000)]
  0x000000005b905800 JavaThread "Thread-32" daemon [_thread_in_native, id=3296, stack(0x00000000660b0000,0x00000000661b0000)]
  0x000000005b905000 JavaThread "Thread-31" daemon [_thread_in_native, id=4088, stack(0x00000000661f0000,0x00000000662f0000)]
  0x000000005b904000 JavaThread "Thread-27" [_thread_blocked, id=4240, stack(0x0000000065f30000,0x0000000066030000)]
  0x0000000058dc0000 JavaThread "Thread-26" [_thread_blocked, id=3520, stack(0x0000000065b50000,0x0000000065c50000)]
  0x0000000058dbf800 JavaThread "Thread-25" [_thread_blocked, id=4436, stack(0x0000000065d70000,0x0000000065e70000)]
  0x0000000058dbe800 JavaThread "Thread-24" [_thread_blocked, id=4052, stack(0x0000000065c70000,0x0000000065d70000)]
  0x0000000058dbe000 JavaThread "Thread-23" [_thread_blocked, id=1060, stack(0x00000000640d0000,0x00000000641d0000)]
  0x0000000058dbd000 JavaThread "Thread-22" daemon [_thread_in_native, id=2180, stack(0x000000005f060000,0x000000005f160000)]
  0x0000000058dbc800 JavaThread "Thread-21" [_thread_blocked, id=4020, stack(0x0000000065a50000,0x0000000065b50000)]
  0x0000000058dbb800 JavaThread "Thread-20" daemon [_thread_in_native, id=3452, stack(0x0000000063470000,0x0000000063570000)]
  0x0000000058db3000 JavaThread "Thread-19" [_thread_blocked, id=4668, stack(0x000000005c750000,0x000000005c850000)]
  0x0000000058dbb000 JavaThread "Thread-18" daemon [_thread_in_native, id=4032, stack(0x0000000061210000,0x0000000061310000)]
  0x0000000058dba000 JavaThread "Thread-17" [_thread_blocked, id=1568, stack(0x0000000063320000,0x0000000063420000)]
  0x0000000058db9800 JavaThread "Thread-16" daemon [_thread_in_native, id=2752, stack(0x0000000063650000,0x0000000063750000)]
  0x0000000058db8800 JavaThread "Thread-15" [_thread_blocked, id=3288, stack(0x0000000063090000,0x0000000063190000)]
  0x0000000058db8000 JavaThread "Keep-Alive-Timer" daemon [_thread_blocked, id=3780, stack(0x0000000062060000,0x0000000062160000)]
=>0x0000000058db6000 JavaThread "AWT-EventQueue-0" [_thread_in_native, id=2460, stack(0x0000000064910000,0x0000000064a10000)]
  0x0000000058db5800 JavaThread "AWT-Shutdown" [_thread_blocked, id=3456, stack(0x0000000064780000,0x0000000064880000)]
  0x0000000058db4800 JavaThread "Thread-13" daemon [_thread_blocked, id=1228, stack(0x0000000063210000,0x0000000063310000)]
  0x0000000058db4000 JavaThread "TimerQueue" daemon [_thread_blocked, id=3200, stack(0x0000000064680000,0x0000000064780000)]
  0x000000005b3e4800 JavaThread "main-SharedResourceRunner" daemon [_thread_blocked, id=4092, stack(0x000000005f3e0000,0x000000005f4e0000)]
  0x000000005b336000 JavaThread "AWT-Windows" daemon [_thread_in_native, id=1640, stack(0x000000005a220000,0x000000005a320000)]
  0x000000005b264000 JavaThread "Java2D Disposer" daemon [_thread_blocked, id=3132, stack(0x000000005c5d0000,0x000000005c6d0000)]
  0x0000000058e31000 JavaThread "Service Thread" daemon [_thread_blocked, id=4004, stack(0x000000005a8c0000,0x000000005a9c0000)]
  0x0000000058db1800 JavaThread "C1 CompilerThread3" daemon [_thread_blocked, id=3864, stack(0x000000005a9e0000,0x000000005aae0000)]
  0x0000000058db1000 JavaThread "C2 CompilerThread2" daemon [_thread_blocked, id=3204, stack(0x000000005a610000,0x000000005a710000)]
  0x0000000058da8000 JavaThread "C2 CompilerThread1" daemon [_thread_blocked, id=2480, stack(0x000000005a740000,0x000000005a840000)]
  0x0000000058d91800 JavaThread "C2 CompilerThread0" daemon [_thread_blocked, id=2396, stack(0x000000005a4f0000,0x000000005a5f0000)]
  0x0000000058d90800 JavaThread "Attach Listener" daemon [_thread_blocked, id=3128, stack(0x000000005a340000,0x000000005a440000)]
  0x0000000057cef800 JavaThread "Signal Dispatcher" daemon [_thread_blocked, id=5000, stack(0x0000000059e00000,0x0000000059f00000)]
  0x0000000057cda000 JavaThread "Finalizer" daemon [_thread_blocked, id=1636, stack(0x000000005a100000,0x000000005a200000)]
  0x0000000057cd1800 JavaThread "Reference Handler" daemon [_thread_blocked, id=1916, stack(0x0000000059fa0000,0x000000005a0a0000)]

Other Threads:
  0x000000000234f800 VMThread [stack: 0x0000000059cd0000,0x0000000059dd0000] [id=1148]
  0x0000000058e3c800 WatcherThread [stack: 0x000000005ac30000,0x000000005ad30000] [id=4404]

VM state:not at safepoint (normal execution)

VM Mutex/Monitor currently owned by a thread: None

Heap:
 PSYoungGen      total 208896K, used 148014K [0x00000000d5580000, 0x00000000e6200000, 0x0000000100000000)
  eden space 204288K, 72% used [0x00000000d5580000,0x00000000de60b968,0x00000000e1d00000)
  from space 4608K, 0% used [0x00000000e1d00000,0x00000000e1d00000,0x00000000e2180000)
  to   space 4608K, 0% used [0x00000000e5d80000,0x00000000e5d80000,0x00000000e6200000)
 ParOldGen       total 260608K, used 16093K [0x0000000080000000, 0x000000008fe80000, 0x00000000d5580000)
  object space 260608K, 6% used [0x0000000080000000,0x0000000080fb77a0,0x000000008fe80000)
 Metaspace       used 23084K, capacity 23333K, committed 23680K, reserved 1071104K
  class space    used 2549K, capacity 2591K, committed 2688K, reserved 1048576K

Card table byte_map: [0x0000000011b10000,0x0000000011f20000] byte_map_base: 0x0000000011710000

Marking Bits: (ParMarkBitMap*) 0x0000000063f913b0
 Begin Bits: [0x0000000012ef0000, 0x0000000014ef0000)
 End Bits:   [0x0000000014ef0000, 0x0000000016ef0000)

Polling page: 0x0000000000450000

CodeCache: size=245760Kb used=12404Kb max_used=12410Kb free=233355Kb
 bounds [0x0000000002750000, 0x0000000003380000, 0x0000000011750000]
 total_blobs=4391 nmethods=3448 adapters=856
 compilation: enabled

Compilation events (10 events):
Event: 8.193 Thread 0x0000000058db1800 3462       3       it.graphitech.smeSpire.lines.cubicCurve.CubicSplinePolyline::initUpdateControlPoints (41 bytes)
Event: 8.193 Thread 0x0000000058db1800 nmethod 3462 0x000000000336db90 code [0x000000000336dd80, 0x000000000336e318]
Event: 8.193 Thread 0x0000000058db1800 3461       3       it.graphitech.smeSpire.lines.cubicCurve.CubicSplinePolyline::drawLines (124 bytes)
Event: 8.194 Thread 0x0000000058db1800 nmethod 3461 0x000000000336c990 code [0x000000000336cbc0, 0x000000000336d7d8]
Event: 8.196 Thread 0x0000000058d91800 nmethod 3453 0x0000000003376e90 code [0x00000000033770c0, 0x0000000003377d30]
Event: 8.197 Thread 0x0000000058da8000 nmethod 3454 0x0000000003374b10 code [0x0000000003374d00, 0x00000000033757d8]
Event: 8.199 Thread 0x0000000058db1800 3463       3       java.nio.DirectByteBuffer$Deallocator::<init> (9 bytes)
Event: 8.199 Thread 0x0000000058db1800 nmethod 3463 0x00000000033685d0 code [0x0000000003368740, 0x00000000033688c8]
Event: 8.203 Thread 0x0000000058db1800 3464       3       it.graphitech.smeSpire.lines.cubicCurve.CubicSplinePolyline::setArrayIndices (60 bytes)
Event: 8.203 Thread 0x0000000058db1800 nmethod 3464 0x000000000336bdd0 code [0x000000000336bfa0, 0x000000000336c668]

GC Heap History (10 events):
Event: 3.183 GC heap before
{Heap before GC invocations=22 (full 0):
 PSYoungGen      total 105984K, used 105952K [0x00000000d5580000, 0x00000000dee00000, 0x0000000100000000)
  eden space 103936K, 100% used [0x00000000d5580000,0x00000000dbb00000,0x00000000dbb00000)
  from space 2048K, 98% used [0x00000000dbb00000,0x00000000dbcf81a8,0x00000000dbd00000)
  to   space 5120K, 0% used [0x00000000de900000,0x00000000de900000,0x00000000dee00000)
 ParOldGen       total 260608K, used 12642K [0x0000000080000000, 0x000000008fe80000, 0x00000000d5580000)
  object space 260608K, 4% used [0x0000000080000000,0x0000000080c58bd8,0x000000008fe80000)
 Metaspace       used 19854K, capacity 20071K, committed 20224K, reserved 1067008K
  class space    used 2186K, capacity 2234K, committed 2304K, reserved 1048576K
Event: 3.186 GC heap after
Heap after GC invocations=22 (full 0):
 PSYoungGen      total 151040K, used 192K [0x00000000d5580000, 0x00000000dee00000, 0x0000000100000000)
  eden space 145920K, 0% used [0x00000000d5580000,0x00000000d5580000,0x00000000de400000)
  from space 5120K, 3% used [0x00000000de900000,0x00000000de930000,0x00000000dee00000)
  to   space 5120K, 0% used [0x00000000de400000,0x00000000de400000,0x00000000de900000)
 ParOldGen       total 260608K, used 14662K [0x0000000080000000, 0x000000008fe80000, 0x00000000d5580000)
  object space 260608K, 5% used [0x0000000080000000,0x0000000080e51950,0x000000008fe80000)
 Metaspace       used 19854K, capacity 20071K, committed 20224K, reserved 1067008K
  class space    used 2186K, capacity 2234K, committed 2304K, reserved 1048576K
}
Event: 3.553 GC heap before
{Heap before GC invocations=23 (full 0):
 PSYoungGen      total 151040K, used 146112K [0x00000000d5580000, 0x00000000dee00000, 0x0000000100000000)
  eden space 145920K, 100% used [0x00000000d5580000,0x00000000de400000,0x00000000de400000)
  from space 5120K, 3% used [0x00000000de900000,0x00000000de930000,0x00000000dee00000)
  to   space 5120K, 0% used [0x00000000de400000,0x00000000de400000,0x00000000de900000)
 ParOldGen       total 260608K, used 14662K [0x0000000080000000, 0x000000008fe80000, 0x00000000d5580000)
  object space 260608K, 5% used [0x0000000080000000,0x0000000080e51950,0x000000008fe80000)
 Metaspace       used 19867K, capacity 20071K, committed 20224K, reserved 1067008K
  class space    used 2186K, capacity 2234K, committed 2304K, reserved 1048576K
Event: 3.555 GC heap after
Heap after GC invocations=23 (full 0):
 PSYoungGen      total 151040K, used 1120K [0x00000000d5580000, 0x00000000e2600000, 0x0000000100000000)
  eden space 145920K, 0% used [0x00000000d5580000,0x00000000d5580000,0x00000000de400000)
  from space 5120K, 21% used [0x00000000de400000,0x00000000de518000,0x00000000de900000)
  to   space 4608K, 0% used [0x00000000e2180000,0x00000000e2180000,0x00000000e2600000)
 ParOldGen       total 260608K, used 14782K [0x0000000080000000, 0x000000008fe80000, 0x00000000d5580000)
  object space 260608K, 5% used [0x0000000080000000,0x0000000080e6f950,0x000000008fe80000)
 Metaspace       used 19867K, capacity 20071K, committed 20224K, reserved 1067008K
  class space    used 2186K, capacity 2234K, committed 2304K, reserved 1048576K
}
Event: 3.869 GC heap before
{Heap before GC invocations=24 (full 0):
 PSYoungGen      total 151040K, used 147040K [0x00000000d5580000, 0x00000000e2600000, 0x0000000100000000)
  eden space 145920K, 100% used [0x00000000d5580000,0x00000000de400000,0x00000000de400000)
  from space 5120K, 21% used [0x00000000de400000,0x00000000de518000,0x00000000de900000)
  to   space 4608K, 0% used [0x00000000e2180000,0x00000000e2180000,0x00000000e2600000)
 ParOldGen       total 260608K, used 14782K [0x0000000080000000, 0x000000008fe80000, 0x00000000d5580000)
  object space 260608K, 5% used [0x0000000080000000,0x0000000080e6f950,0x000000008fe80000)
 Metaspace       used 19869K, capacity 20071K, committed 20224K, reserved 1067008K
  class space    used 2186K, capacity 2234K, committed 2304K, reserved 1048576K
Event: 3.871 GC heap after
Heap after GC invocations=24 (full 0):
 PSYoungGen      total 208896K, used 96K [0x00000000d5580000, 0x00000000e2600000, 0x0000000100000000)
  eden space 204288K, 0% used [0x00000000d5580000,0x00000000d5580000,0x00000000e1d00000)
  from space 4608K, 2% used [0x00000000e2180000,0x00000000e2198000,0x00000000e2600000)
  to   space 4608K, 0% used [0x00000000e1d00000,0x00000000e1d00000,0x00000000e2180000)
 ParOldGen       total 260608K, used 15842K [0x0000000080000000, 0x000000008fe80000, 0x00000000d5580000)
  object space 260608K, 6% used [0x0000000080000000,0x0000000080f78980,0x000000008fe80000)
 Metaspace       used 19869K, capacity 20071K, committed 20224K, reserved 1067008K
  class space    used 2186K, capacity 2234K, committed 2304K, reserved 1048576K
}
Event: 3.996 GC heap before
{Heap before GC invocations=25 (full 0):
 PSYoungGen      total 208896K, used 30948K [0x00000000d5580000, 0x00000000e2600000, 0x0000000100000000)
  eden space 204288K, 15% used [0x00000000d5580000,0x00000000d73a1108,0x00000000e1d00000)
  from space 4608K, 2% used [0x00000000e2180000,0x00000000e2198000,0x00000000e2600000)
  to   space 4608K, 0% used [0x00000000e1d00000,0x00000000e1d00000,0x00000000e2180000)
 ParOldGen       total 260608K, used 15842K [0x0000000080000000, 0x000000008fe80000, 0x00000000d5580000)
  object space 260608K, 6% used [0x0000000080000000,0x0000000080f78980,0x000000008fe80000)
 Metaspace       used 20909K, capacity 21107K, committed 21296K, reserved 1069056K
  class space    used 2328K, capacity 2364K, committed 2432K, reserved 1048576K
Event: 4.000 GC heap after
Heap after GC invocations=25 (full 0):
 PSYoungGen      total 208896K, used 2368K [0x00000000d5580000, 0x00000000e6200000, 0x0000000100000000)
  eden space 204288K, 0% used [0x00000000d5580000,0x00000000d5580000,0x00000000e1d00000)
  from space 4608K, 51% used [0x00000000e1d00000,0x00000000e1f50000,0x00000000e2180000)
  to   space 4608K, 0% used [0x00000000e5d80000,0x00000000e5d80000,0x00000000e6200000)
 ParOldGen       total 260608K, used 15858K [0x0000000080000000, 0x000000008fe80000, 0x00000000d5580000)
  object space 260608K, 6% used [0x0000000080000000,0x0000000080f7c980,0x000000008fe80000)
 Metaspace       used 20909K, capacity 21107K, committed 21296K, reserved 1069056K
  class space    used 2328K, capacity 2364K, committed 2432K, reserved 1048576K
}
Event: 4.000 GC heap before
{Heap before GC invocations=26 (full 1):
 PSYoungGen      total 208896K, used 2368K [0x00000000d5580000, 0x00000000e6200000, 0x0000000100000000)
  eden space 204288K, 0% used [0x00000000d5580000,0x00000000d5580000,0x00000000e1d00000)
  from space 4608K, 51% used [0x00000000e1d00000,0x00000000e1f50000,0x00000000e2180000)
  to   space 4608K, 0% used [0x00000000e5d80000,0x00000000e5d80000,0x00000000e6200000)
 ParOldGen       total 260608K, used 15858K [0x0000000080000000, 0x000000008fe80000, 0x00000000d5580000)
  object space 260608K, 6% used [0x0000000080000000,0x0000000080f7c980,0x000000008fe80000)
 Metaspace       used 20909K, capacity 21107K, committed 21296K, reserved 1069056K
  class space    used 2328K, capacity 2364K, committed 2432K, reserved 1048576K
Event: 4.136 GC heap after
Heap after GC invocations=26 (full 1):
 PSYoungGen      total 208896K, used 0K [0x00000000d5580000, 0x00000000e6200000, 0x0000000100000000)
  eden space 204288K, 0% used [0x00000000d5580000,0x00000000d5580000,0x00000000e1d00000)
  from space 4608K, 0% used [0x00000000e1d00000,0x00000000e1d00000,0x00000000e2180000)
  to   space 4608K, 0% used [0x00000000e5d80000,0x00000000e5d80000,0x00000000e6200000)
 ParOldGen       total 260608K, used 16093K [0x0000000080000000, 0x000000008fe80000, 0x00000000d5580000)
  object space 260608K, 6% used [0x0000000080000000,0x0000000080fb77a0,0x000000008fe80000)
 Metaspace       used 20909K, capacity 21107K, committed 21296K, reserved 1069056K
  class space    used 2328K, capacity 2364K, committed 2432K, reserved 1048576K
}

Deoptimization events (10 events):
Event: 6.718 Thread 0x0000000058db6000 Uncommon trap: reason=class_check action=maybe_recompile pc=0x000000000327d4a8 method=gov.nasa.worldwind.layers.TiledImageLayer.needToSplit(Lgov/nasa/worldwind/render/DrawContext;Lgov/nasa/worldwind/geom/Sector;Lgov/nasa/worldwind/util/Level;)Z @ 41
Event: 6.718 Thread 0x0000000058db6000 Uncommon trap: reason=class_check action=maybe_recompile pc=0x000000000327d4a8 method=gov.nasa.worldwind.layers.TiledImageLayer.needToSplit(Lgov/nasa/worldwind/render/DrawContext;Lgov/nasa/worldwind/geom/Sector;Lgov/nasa/worldwind/util/Level;)Z @ 41
Event: 6.956 Thread 0x0000000058db6000 Uncommon trap: reason=class_check action=maybe_recompile pc=0x00000000032a6e30 method=gov.nasa.worldwind.geom.Sector.computeBoundingBox(Lgov/nasa/worldwind/globes/Globe;DLgov/nasa/worldwind/geom/Sector;)Lgov/nasa/worldwind/geom/Box; @ 60
Event: 6.956 Thread 0x0000000058db6000 Uncommon trap: reason=predicate action=maybe_recompile pc=0x00000000032ac3cc method=gov.nasa.worldwind.geom.Sector.computeBoundingBox(Lgov/nasa/worldwind/globes/Globe;DLgov/nasa/worldwind/geom/Sector;DD)Lgov/nasa/worldwind/geom/Box; @ 111
Event: 6.956 Thread 0x0000000058db6000 Uncommon trap: reason=class_check action=maybe_recompile pc=0x00000000032a6e30 method=gov.nasa.worldwind.geom.Sector.computeBoundingBox(Lgov/nasa/worldwind/globes/Globe;DLgov/nasa/worldwind/geom/Sector;)Lgov/nasa/worldwind/geom/Box; @ 60
Event: 6.956 Thread 0x0000000058db6000 Uncommon trap: reason=class_check action=maybe_recompile pc=0x00000000032a6e30 method=gov.nasa.worldwind.geom.Sector.computeBoundingBox(Lgov/nasa/worldwind/globes/Globe;DLgov/nasa/worldwind/geom/Sector;)Lgov/nasa/worldwind/geom/Box; @ 60
Event: 6.956 Thread 0x0000000058db6000 Uncommon trap: reason=class_check action=maybe_recompile pc=0x00000000032a6e30 method=gov.nasa.worldwind.geom.Sector.computeBoundingBox(Lgov/nasa/worldwind/globes/Globe;DLgov/nasa/worldwind/geom/Sector;)Lgov/nasa/worldwind/geom/Box; @ 60
Event: 7.118 Thread 0x0000000058db6000 Uncommon trap: reason=class_check action=maybe_recompile pc=0x00000000032e289c method=gov.nasa.worldwind.terrain.RectangularTessellator.renderTrianglesWithUniqueColors(Lgov/nasa/worldwind/render/DrawContext;Lgov/nasa/worldwind/terrain/RectangularTessellato#Q%± @
Event: 8.007 Thread 0x0000000058db6000 Uncommon trap: reason=class_check action=maybe_recompile pc=0x00000000032e289c method=gov.nasa.worldwind.terrain.RectangularTessellator.renderTrianglesWithUniqueColors(Lgov/nasa/worldwind/render/DrawContext;Lgov/nasa/worldwind/terrain/RectangularTessellatoOyž#! @
Event: 8.061 Thread 0x0000000058db6000 Uncommon trap: reason=class_check action=maybe_recompile pc=0x00000000032e289c method=gov.nasa.worldwind.terrain.RectangularTessellator.renderTrianglesWithUniqueColors(Lgov/nasa/worldwind/render/DrawContext;Lgov/nasa/worldwind/terrain/RectangularTessellato^ŸU2˜ß@

Internal exceptions (10 events):
Event: 5.154 Thread 0x0000000058db6000 Exception <a 'java/security/PrivilegedActionException'> (0x00000000d9256568) thrown at [D:\re\workspace\8-2-build-windows-amd64-cygwin\jdk8u5\2488\hotspot\src\share\vm\prims\jvm.cpp, line 1248]
Event: 5.155 Thread 0x0000000058db6000 Exception <a 'java/security/PrivilegedActionException'> (0x00000000d925ac18) thrown at [D:\re\workspace\8-2-build-windows-amd64-cygwin\jdk8u5\2488\hotspot\src\share\vm\prims\jvm.cpp, line 1248]
Event: 5.166 Thread 0x0000000058db6000 Exception <a 'java/security/PrivilegedActionException'> (0x00000000d92646c0) thrown at [D:\re\workspace\8-2-build-windows-amd64-cygwin\jdk8u5\2488\hotspot\src\share\vm\prims\jvm.cpp, line 1248]
Event: 5.167 Thread 0x0000000058db6000 Exception <a 'java/security/PrivilegedActionException'> (0x00000000d9266818) thrown at [D:\re\workspace\8-2-build-windows-amd64-cygwin\jdk8u5\2488\hotspot\src\share\vm\prims\jvm.cpp, line 1248]
Event: 5.371 Thread 0x000000005b910000 Exception <a 'java/security/PrivilegedActionException'> (0x00000000d94f0628) thrown at [D:\re\workspace\8-2-build-windows-amd64-cygwin\jdk8u5\2488\hotspot\src\share\vm\prims\jvm.cpp, line 1248]
Event: 6.065 Thread 0x0000000058db6000 Exception <a 'java/security/PrivilegedActionException'> (0x00000000d9e2a528) thrown at [D:\re\workspace\8-2-build-windows-amd64-cygwin\jdk8u5\2488\hotspot\src\share\vm\prims\jvm.cpp, line 1248]
Event: 6.066 Thread 0x0000000058db6000 Exception <a 'java/security/PrivilegedActionException'> (0x00000000d9e2f498) thrown at [D:\re\workspace\8-2-build-windows-amd64-cygwin\jdk8u5\2488\hotspot\src\share\vm\prims\jvm.cpp, line 1248]
Event: 6.487 Thread 0x0000000058db6000 Exception <a 'java/security/PrivilegedActionException'> (0x00000000db0e5078) thrown at [D:\re\workspace\8-2-build-windows-amd64-cygwin\jdk8u5\2488\hotspot\src\share\vm\prims\jvm.cpp, line 1248]
Event: 6.550 Thread 0x0000000058db6000 Exception <a 'java/security/PrivilegedActionException'> (0x00000000db2e7390) thrown at [D:\re\workspace\8-2-build-windows-amd64-cygwin\jdk8u5\2488\hotspot\src\share\vm\prims\jvm.cpp, line 1248]
Event: 8.110 Thread 0x0000000058db6000 Exception <a 'java/security/PrivilegedActionException'> (0x00000000dc52cd30) thrown at [D:\re\workspace\8-2-build-windows-amd64-cygwin\jdk8u5\2488\hotspot\src\share\vm\prims\jvm.cpp, line 1248]

Events (10 events):
Event: 8.181 Thread 0x0000000058db6000 DEOPT PACKING pc=0x00000000033489d9 sp=0x0000000064a0c320
Event: 8.181 Thread 0x0000000058db6000 DEOPT UNPACKING pc=0x0000000002797204 sp=0x0000000064a0c0c0 mode 0
Event: 8.188 Thread 0x0000000058db6000 DEOPT PACKING pc=0x00000000033489d9 sp=0x0000000064a0c320
Event: 8.188 Thread 0x0000000058db6000 DEOPT UNPACKING pc=0x0000000002797204 sp=0x0000000064a0c0c0 mode 0
Event: 8.189 Thread 0x0000000058db6000 DEOPT PACKING pc=0x00000000033489d9 sp=0x0000000064a0c320
Event: 8.189 Thread 0x0000000058db6000 DEOPT UNPACKING pc=0x0000000002797204 sp=0x0000000064a0c0c0 mode 0
Event: 8.191 Thread 0x0000000058db6000 DEOPT PACKING pc=0x00000000033489d9 sp=0x0000000064a0c320
Event: 8.191 Thread 0x0000000058db6000 DEOPT UNPACKING pc=0x0000000002797204 sp=0x0000000064a0c0c0 mode 0
Event: 8.194 Thread 0x0000000058db6000 DEOPT PACKING pc=0x00000000033489d9 sp=0x0000000064a0c330
Event: 8.194 Thread 0x0000000058db6000 DEOPT UNPACKING pc=0x0000000002797204 sp=0x0000000064a0c0b8 mode 0


Dynamic libraries:
0x000000013f110000 - 0x000000013f144000 	C:\Program Files\Java\jre8\bin\javaw.exe
0x0000000077600000 - 0x00000000777a9000 	C:\Windows\SYSTEM32\ntdll.dll
0x00000000774e0000 - 0x00000000775ff000 	C:\Windows\system32\kernel32.dll
0x000007fefd760000 - 0x000007fefd7cc000 	C:\Windows\system32\KERNELBASE.dll
0x000007fefd920000 - 0x000007fefd9fb000 	C:\Windows\system32\ADVAPI32.dll
0x000007feff790000 - 0x000007feff82f000 	C:\Windows\system32\msvcrt.dll
0x000007fefeee0000 - 0x000007fefeeff000 	C:\Windows\SYSTEM32\sechost.dll
0x000007feff010000 - 0x000007feff13d000 	C:\Windows\system32\RPCRT4.dll
0x00000000773e0000 - 0x00000000774da000 	C:\Windows\system32\USER32.dll
0x000007feff490000 - 0x000007feff4f7000 	C:\Windows\system32\GDI32.dll
0x000007feff480000 - 0x000007feff48e000 	C:\Windows\system32\LPK.dll
0x000007feff840000 - 0x000007feff909000 	C:\Windows\system32\USP10.dll
0x000007fefbfe0000 - 0x000007fefc1d4000 	C:\Windows\WinSxS\amd64_microsoft.windows.common-controls_6595b64144ccf1df_6.0.7601.17514_none_fa396087175ac9ac\COMCTL32.dll
0x000007fefd8a0000 - 0x000007fefd911000 	C:\Windows\system32\SHLWAPI.dll
0x000007fefd870000 - 0x000007fefd89e000 	C:\Windows\system32\IMM32.DLL
0x000007fefef00000 - 0x000007feff009000 	C:\Windows\system32\MSCTF.dll
0x0000000073a10000 - 0x0000000073a90000 	c:\program files (x86)\f-secure\hips\fshook64.dll
0x00000000777c0000 - 0x00000000777c7000 	C:\Windows\system32\PSAPI.DLL
0x00000000678f0000 - 0x00000000679c2000 	C:\Program Files\Java\jre8\bin\msvcr100.dll
0x00000000637e0000 - 0x000000006400a000 	C:\Program Files\Java\jre8\bin\server\jvm.dll
0x000007fefa380000 - 0x000007fefa389000 	C:\Windows\system32\WSOCK32.dll
0x000007fefed20000 - 0x000007fefed6d000 	C:\Windows\system32\WS2_32.dll
0x000007feff830000 - 0x000007feff838000 	C:\Windows\system32\NSI.dll
0x000007fefaf60000 - 0x000007fefaf9b000 	C:\Windows\system32\WINMM.dll
0x00000000715b0000 - 0x00000000715bf000 	C:\Program Files\Java\jre8\bin\verify.dll
0x0000000071580000 - 0x00000000715a8000 	C:\Program Files\Java\jre8\bin\java.dll
0x0000000071560000 - 0x0000000071576000 	C:\Program Files\Java\jre8\bin\zip.dll
0x000007fefdc40000 - 0x000007fefe9c8000 	C:\Windows\system32\SHELL32.dll
0x000007feff580000 - 0x000007feff783000 	C:\Windows\system32\ole32.dll
0x000007fefd410000 - 0x000007fefd41f000 	C:\Windows\system32\profapi.dll
0x0000000072270000 - 0x0000000072406000 	C:\Program Files\Java\jre8\bin\awt.dll
0x000007feff140000 - 0x000007feff217000 	C:\Windows\system32\OLEAUT32.dll
0x000007fefb850000 - 0x000007fefb868000 	C:\Windows\system32\DWMAPI.DLL
0x000007fefbdb0000 - 0x000007fefbe06000 	C:\Windows\system32\uxtheme.dll
0x000007fefd2b0000 - 0x000007fefd2bf000 	C:\Windows\system32\CRYPTBASE.dll
0x000007fef7900000 - 0x000007fef7aff000 	C:\Windows\system32\d3d9.dll
0x000007fefc4d0000 - 0x000007fefc4dc000 	C:\Windows\system32\VERSION.dll
0x000007fef8b70000 - 0x000007fef8b77000 	C:\Windows\system32\d3d8thk.dll
0x000007feeafc0000 - 0x000007feebe5b000 	C:\Windows\system32\nvd3dumx.dll
0x000007fefb550000 - 0x000007fefb57c000 	C:\Windows\system32\powrprof.dll
0x000007fefda60000 - 0x000007fefdc37000 	C:\Windows\system32\SETUPAPI.dll
0x000007fefd480000 - 0x000007fefd4b6000 	C:\Windows\system32\CFGMGR32.dll
0x000007fefd450000 - 0x000007fefd46a000 	C:\Windows\system32\DEVOBJ.dll
0x000007fefccf0000 - 0x000007fefcd07000 	C:\Windows\system32\CRYPTSP.dll
0x000007fefc910000 - 0x000007fefc957000 	C:\Windows\system32\rsaenh.dll
0x000007fefd740000 - 0x000007fefd75e000 	C:\Windows\system32\USERENV.dll
0x0000000071540000 - 0x000000007155a000 	C:\Program Files\Java\jre8\bin\net.dll
0x000007fefcc90000 - 0x000007fefcce5000 	C:\Windows\system32\mswsock.dll
0x000007fefcc80000 - 0x000007fefcc87000 	C:\Windows\System32\wship6.dll
0x000007fefafb0000 - 0x000007fefafd7000 	C:\Windows\system32\IPHLPAPI.DLL
0x000007fefaee0000 - 0x000007fefaeeb000 	C:\Windows\system32\WINNSI.DLL
0x000007fefa830000 - 0x000007fefa841000 	C:\Windows\system32\dhcpcsvc6.DLL
0x000007fefa460000 - 0x000007fefa478000 	C:\Windows\system32\dhcpcsvc.DLL
0x0000000071520000 - 0x0000000071531000 	C:\Program Files\Java\jre8\bin\nio.dll
0x00000000637c0000 - 0x00000000637cd000 	C:\Users\alberto.debiasi\AppData\Local\Temp\jogamp_0000\file_cache\jln6155812208234418119\jln4993999435983431045\gluegen-rt.dll
0x0000000073a90000 - 0x0000000073a97000 	C:\Program Files\Java\jre8\bin\jawt.dll
0x000000006a440000 - 0x000000006a44d000 	C:\Users\alberto.debiasi\AppData\Local\Temp\jogamp_0000\file_cache\jln6155812208234418119\jln4993999435983431045\nativewindow_awt.dll
0x000000006c100000 - 0x000000006c10f000 	C:\Users\alberto.debiasi\AppData\Local\Temp\jogamp_0000\file_cache\jln6155812208234418119\jln4993999435983431045\nativewindow_win32.dll
0x000007fef1c00000 - 0x000007fef1d1d000 	C:\Windows\system32\OpenGL32.dll
0x000007fefa7d0000 - 0x000007fefa7fd000 	C:\Windows\system32\GLU32.dll
0x000007fef1d40000 - 0x000007fef1e31000 	C:\Windows\system32\DDRAW.dll
0x000007fefa8a0000 - 0x000007fefa8a8000 	C:\Windows\system32\DCIMAN32.dll
0x0000000064500000 - 0x00000000645a0000 	C:\Users\alberto.debiasi\AppData\Local\Temp\jogamp_0000\file_cache\jln6155812208234418119\jln4993999435983431045\jogl_desktop.dll
0x000000005f720000 - 0x0000000060c94000 	C:\Windows\system32\nvoglv64.DLL
0x000007fefd580000 - 0x000007fefd5ba000 	C:\Windows\system32\WINTRUST.dll
0x000007fefd5c0000 - 0x000007fefd72c000 	C:\Windows\system32\CRYPT32.dll
0x000007fefd420000 - 0x000007fefd42f000 	C:\Windows\system32\MSASN1.dll
0x000007fefc5a0000 - 0x000007fefc5a7000 	C:\Windows\System32\wshtcpip.dll
0x000007fefca70000 - 0x000007fefcacb000 	C:\Windows\system32\DNSAPI.dll
0x000007fef9ce0000 - 0x000007fef9ce8000 	C:\Windows\system32\rasadhlp.dll
0x000007fefae80000 - 0x000007fefaed3000 	C:\Windows\System32\fwpuclnt.dll
0x0000000072f20000 - 0x0000000072f67000 	C:\Program Files\Java\jre8\bin\fontmanager.dll
0x0000000072f70000 - 0x0000000072fb1000 	C:\Program Files\Java\jre8\bin\t2k.dll
0x000007fefd7d0000 - 0x000007fefd869000 	C:\Windows\system32\CLBCatQ.DLL
0x000007fef68f0000 - 0x000007fef6a15000 	C:\Windows\system32\dbghelp.dll

VM Arguments:
jvm_args: -Xmx2048m -Xms256m -Dfile.encoding=Cp1252 
java_command: it.graphitech.smeSpire.Main_STANDALONE_v3
java_class_path (initial): C:\Users\alberto.debiasi\Dropbox\PHD\workspace\ArcMapClutterReduction_v3\bin;C:\Users\alberto.debiasi\Dropbox\PHD\workspace\ArcMapClutterReduction_v3\lib\worldwind_2_0\gdal.jar;C:\Users\alberto.debiasi\Dropbox\PHD\workspace\ArcMapClutterReduction_v3\lib\worldwind_2_0\gluegen-rt-natives-linux-amd64.jar;C:\Users\alberto.debiasi\Dropbox\PHD\workspace\ArcMapClutterReduction_v3\lib\worldwind_2_0\gluegen-rt-natives-linux-i586.jar;C:\Users\alberto.debiasi\Dropbox\PHD\workspace\ArcMapClutterReduction_v3\lib\worldwind_2_0\gluegen-rt-natives-macosx-universal.jar;C:\Users\alberto.debiasi\Dropbox\PHD\workspace\ArcMapClutterReduction_v3\lib\worldwind_2_0\gluegen-rt-natives-windows-amd64.jar;C:\Users\alberto.debiasi\Dropbox\PHD\workspace\ArcMapClutterReduction_v3\lib\worldwind_2_0\gluegen-rt-natives-windows-i586.jar;C:\Users\alberto.debiasi\Dropbox\PHD\workspace\ArcMapClutterReduction_v3\lib\worldwind_2_0\gluegen-rt.jar;C:\Users\alberto.debiasi\Dropbox\PHD\workspace\ArcMapClutterReduction_v3\lib\worldwind_2_0\jogl-all-natives-linux-amd64.jar;C:\Users\alberto.debiasi\Dropbox\PHD\workspace\ArcMapClutterReduction_v3\lib\worldwind_2_0\jogl-all-natives-linux-i586.jar;C:\Users\alberto.debiasi\Dropbox\PHD\workspace\ArcMapClutterReduction_v3\lib\worldwind_2_0\jogl-all-natives-macosx-universal.jar;C:\Users\alberto.debiasi\Dropbox\PHD\workspace\ArcMapClutterReduction_v3\lib\worldwind_2_0\jogl-all-natives-windows-amd64.jar;C:\Users\alberto.debiasi\Dropbox\PHD\workspace\ArcMapClutterReduction_v3\lib\worldwind_2_0\jogl-all-natives-windows-i586.jar;C:\Users\alberto.debiasi\Dropbox\PHD\workspace\ArcMapClutterReduction_v3\lib\worldwind_2_0\jogl-all.jar;C:\Users\alberto.debiasi\Dropbox\PHD\workspace\ArcMapClutterReduction_v3\lib\worldwind_2_0\plugin.jar;C:\Users\alberto.debiasi\Dropbox\PHD\workspace\ArcMapClutterReduction_v3\lib\worldwind_2_0\vpf-symbols.jar;C:\Users\alberto.debiasi\Dropbox\PHD\workspace\ArcMapClutterReduction_v3\lib\worldwind_2_0\worldwind.jar;C:\Use
Launcher Type: SUN_STANDARD

Environment Variables:
PATH=C:\R\R-3.1.0\Rtools\bin;C:\R\R-3.1.0\Rtools\gcc-4.6.3\bin;C:\R\R-3.1.0\bin;C:\Program Files (x86)\MiKTeX 2.9\miktex\bin\;C:\texlive\2013\bin\win32;C:\Windows\system32;C:\Windows;C:\Windows\System32\Wbem;C:\Windows\System32\WindowsPowerShell\v1.0\;C:\Program Files (x86)\Git\cmd;C:\Program Files\TortoiseGit\bin;C:\Program Files\TortoiseSVN\bin;c:\Program Files (x86)\Microsoft SQL Server\100\Tools\Binn\;c:\Program Files\Microsoft SQL Server\100\Tools\Binn\;c:\Program Files\Microsoft SQL Server\100\DTS\Binn\
USERNAME=alberto.debiasi
OS=Windows_NT
PROCESSOR_IDENTIFIER=Intel64 Family 6 Model 26 Stepping 5, GenuineIntel



---------------  S Y S T E M  ---------------

OS: Windows 7 , 64 bit Build 7601 Service Pack 1

CPU:total 8 (4 cores per cpu, 2 threads per core) family 6 model 26 stepping 5, cmov, cx8, fxsr, mmx, sse, sse2, sse3, ssse3, sse4.1, sse4.2, popcnt, ht, tsc, tscinvbit

Memory: 4k page, physical 12580444k(8179136k free), swap 25159024k(19564468k free)

vm_info: Java HotSpot(TM) 64-Bit Server VM (25.5-b02) for windows-amd64 JRE (1.8.0_05-b13), built on Mar 18 2014 01:08:39 by "java_re" with MS VC++ 10.0 (VS2010)

time: Fri Sep 26 11:19:07 2014
elapsed time: 8 seconds

