#
# A fatal error has been detected by the Java Runtime Environment:
#
#  EXCEPTION_ACCESS_VIOLATION (0xc0000005) at pc=0x000000002254e274, pid=3980, tid=3144
#
# JRE version: Java(TM) SE Runtime Environment (8.0_05-b13) (build 1.8.0_05-b13)
# Java VM: Java HotSpot(TM) 64-Bit Server VM (25.5-b02 mixed mode windows-amd64 compressed oops)
# Problematic frame:
# C  [nvoglv64.DLL+0xb9e274]
#
# Failed to write core dump. Minidumps are not enabled by default on client versions of Windows
#
# If you would like to submit a bug report, please visit:
#   http://bugreport.sun.com/bugreport/crash.jsp
# The crash happened outside the Java Virtual Machine in native code.
# See problematic frame for where to report the bug.
#

---------------  T H R E A D  ---------------

Current thread (0x000000001d662000):  JavaThread "AWT-EventQueue-0" [_thread_in_native, id=3144, stack(0x0000000026460000,0x0000000026560000)]

siginfo: ExceptionCode=0xc0000005, reading address 0x000000005287fffc

Registers:
RAX=0x0000000000000028, RBX=0x000000004e8e2250, RCX=0x00000000529de4e8, RDX=0xffffffffffea1b2c
RSP=0x000000002655bf68, RBP=0x0000000012710000, RSI=0x0000000012710000, RDI=0x0000000024d2d1a0
R8 =0x000000000015eae8, R9 =0x0000000000000000, R10=0x0000000000000000, R11=0x0000000052880000
R12=0x0000000000000000, R13=0x00000000003e1aec, R14=0x0000000000000000, R15=0x0000000052721b2c
RIP=0x000000002254e274, EFLAGS=0x0000000000010206

Top of Stack: (sp=0x000000002655bf68)
0x000000002655bf68:   000000002222c1af 0000000024d2d1a0
0x000000002655bf78:   00000000774edff7 000000004e8e2250
0x000000002655bf88:   0000000000000000 3ee6b5da82bf656f
0x000000002655bf98:   0000000000000000 0000000052721b2c
0x000000002655bfa8:   0000000000000000 0000000000000000
0x000000002655bfb8:   000000000055f530 0000000000000000
0x000000002655bfc8:   000000001d662000 0000000000000000
0x000000002655bfd8:   00000000000088e4 0000000052721b2c
0x000000002655bfe8:   0000000012710000 00000000003e1aec
0x000000002655bff8:   00000000003e1aec 000000004e8e2250
0x000000002655c008:   000000002222c573 000000004e8e2200
0x000000002655c018:   00000000003e1a00 0000000000000000
0x000000002655c028:   00000000003e1aec 0000000052721b2c
0x000000002655c038:   000000001d662000 000000004e8e22aa
0x000000002655c048:   00000000220428f5 000000004e8e2250
0x000000002655c058:   0000000012710000 0000000000000c48 

Instructions: (pc=0x000000002254e274)
0x000000002254e254:   48 81 c1 00 10 00 00 b8 40 00 00 00 4c 8b 4c 0a
0x000000002254e264:   f8 4c 8b 54 0a f0 4c 0f c3 49 f8 4c 0f c3 51 f0
0x000000002254e274:   4c 8b 4c 0a e8 4c 8b 54 0a e0 4c 0f c3 49 e8 4c
0x000000002254e284:   0f c3 51 e0 4c 8b 4c 0a d8 4c 8b 54 0a d0 48 83 


Register to memory mapping:

RAX=0x0000000000000028 is an unknown value
RBX=0x000000004e8e2250 is an unknown value
RCX=0x00000000529de4e8 is an unknown value
RDX=0xffffffffffea1b2c is an unknown value
RSP=0x000000002655bf68 is pointing into the stack for thread: 0x000000001d662000
RBP=0x0000000012710000 is an unknown value
RSI=0x0000000012710000 is an unknown value
RDI=0x0000000024d2d1a0 is an unknown value
R8 =0x000000000015eae8 is an unknown value
R9 =0x0000000000000000 is an unknown value
R10=0x0000000000000000 is an unknown value
R11=0x0000000052880000 is an unknown value
R12=0x0000000000000000 is an unknown value
R13=0x00000000003e1aec is an unknown value
R14=0x0000000000000000 is an unknown value
R15=0x0000000052721b2c is an unknown value


Stack: [0x0000000026460000,0x0000000026560000],  sp=0x000000002655bf68,  free space=1007k
Native frames: (J=compiled Java code, j=interpreted, Vv=VM code, C=native code)
C  [nvoglv64.DLL+0xb9e274]

Java frames: (J=compiled Java code, j=interpreted, Vv=VM code)
J 3540  jogamp.opengl.gl4.GL4bcImpl.dispatch_glBufferData(IJLjava/lang/Object;IZIJ)V (0 bytes) @ 0x0000000003391633 [0x00000000033915c0+0x73]
J 3537 C1 jogamp.opengl.gl4.GL4bcImpl$1.create(IJLjava/nio/Buffer;IJ)V (56 bytes) @ 0x0000000003391c54 [0x00000000033919c0+0x294]
J 3520 C1 jogamp.opengl.GLBufferObjectTracker.createBufferStorage(Ljogamp/opengl/GLBufferStateTracker;Ljavax/media/opengl/GL;IJLjava/nio/Buffer;IILjogamp/opengl/GLBufferObjectTracker$CreateStorageDispatch;J)V (398 bytes) @ 0x000000000338300c [0x0000000003380da0+0x226c]
J 3519 C1 jogamp.opengl.gl4.GL4bcImpl.glBufferData(IJLjava/nio/Buffer;I)V (71 bytes) @ 0x000000000337f9d4 [0x000000000337ede0+0xbf4]
j  it.graphitech.smeSpire.layers.MyRenderableLayer.bindData(Lgov/nasa/worldwind/render/DrawContext;ILjava/nio/FloatBuffer;I)V+33
j  it.graphitech.smeSpire.layers.MyRenderableLayer.doRenderNow(Lgov/nasa/worldwind/render/DrawContext;)V+323
j  it.graphitech.smeSpire.layers.MyRenderableLayer.doRender(Lgov/nasa/worldwind/render/DrawContext;)V+40
J 2869 C1 gov.nasa.worldwind.layers.AbstractLayer.render(Lgov/nasa/worldwind/render/DrawContext;)V (123 bytes) @ 0x00000000030fb164 [0x00000000030f98a0+0x18c4]
J 3093 C1 it.graphitech.shader.ShadingDecorator.render(Lgov/nasa/worldwind/render/DrawContext;Lgov/nasa/worldwind/layers/Layer;)V (311 bytes) @ 0x00000000031b44b4 [0x00000000031b2d80+0x1734]
J 3092 C1 it.graphitech.shader.DecoratedLayer.render(Lgov/nasa/worldwind/render/DrawContext;)V (13 bytes) @ 0x00000000031b279c [0x00000000031b2700+0x9c]
j  it.graphitech.core.MyAbstractSceneController.draw(Lgov/nasa/worldwind/render/DrawContext;)V+57
j  it.graphitech.core.MyBasicSceneController.doRepaint(Lgov/nasa/worldwind/render/DrawContext;)V+68
j  it.graphitech.core.MyAbstractSceneController.repaint()I+58
j  gov.nasa.worldwind.WorldWindowGLAutoDrawable.doDisplay()I+4
j  gov.nasa.worldwind.WorldWindowGLAutoDrawable.display(Ljavax/media/opengl/GLAutoDrawable;)V+122
j  jogamp.opengl.GLDrawableHelper.displayImpl(Ljavax/media/opengl/GLAutoDrawable;)V+81
j  jogamp.opengl.GLDrawableHelper.display(Ljavax/media/opengl/GLAutoDrawable;)V+2
j  javax.media.opengl.awt.GLCanvas$10.run()V+118
j  jogamp.opengl.GLDrawableHelper.invokeGLImpl(Ljavax/media/opengl/GLDrawable;Ljavax/media/opengl/GLContext;Ljava/lang/Runnable;Ljava/lang/Runnable;)V+206
j  jogamp.opengl.GLDrawableHelper.invokeGL(Ljavax/media/opengl/GLDrawable;Ljavax/media/opengl/GLContext;Ljava/lang/Runnable;Ljava/lang/Runnable;)V+80
j  javax.media.opengl.awt.GLCanvas$11.run()V+73
j  javax.media.opengl.Threading.invoke(ZLjava/lang/Runnable;Ljava/lang/Object;)V+33
j  javax.media.opengl.awt.GLCanvas.display()V+64
j  javax.media.opengl.awt.GLCanvas.paint(Ljava/awt/Graphics;)V+137
j  javax.media.opengl.awt.GLCanvas.update(Ljava/awt/Graphics;)V+2
j  sun.awt.RepaintArea.updateComponent(Ljava/awt/Component;Ljava/awt/Graphics;)V+6
j  sun.awt.RepaintArea.paint(Ljava/lang/Object;Z)V+263
J 3348 C1 sun.awt.windows.WComponentPeer.handleEvent(Ljava/awt/AWTEvent;)V (173 bytes) @ 0x000000000329f88c [0x000000000329ebc0+0xccc]
J 3329 C1 java.awt.Component.dispatchEventImpl(Ljava/awt/AWTEvent;)V (883 bytes) @ 0x0000000003295a7c [0x000000000328f1a0+0x68dc]
J 3232 C1 java.awt.EventQueue.dispatchEventImpl(Ljava/awt/AWTEvent;Ljava/lang/Object;)V (149 bytes) @ 0x000000000323d2d4 [0x000000000323bc80+0x1654]
J 3230 C1 java.awt.EventQueue$3.run()Ljava/lang/Void; (60 bytes) @ 0x0000000003225d8c [0x0000000003225b80+0x20c]
J 3229 C1 java.awt.EventQueue$3.run()Ljava/lang/Object; (5 bytes) @ 0x0000000003223d04 [0x0000000003223c80+0x84]
v  ~StubRoutines::call_stub
J 1308  java.security.AccessController.doPrivileged(Ljava/security/PrivilegedAction;Ljava/security/AccessControlContext;)Ljava/lang/Object; (0 bytes) @ 0x0000000002c92fe6 [0x0000000002c92f80+0x66]
J 2825 C1 java.security.ProtectionDomain$1.doIntersectionPrivilege(Ljava/security/PrivilegedAction;Ljava/security/AccessControlContext;Ljava/security/AccessControlContext;)Ljava/lang/Object; (32 bytes) @ 0x0000000002d00d14 [0x0000000002d00a20+0x2f4]
j  java.security.ProtectionDomain$1.doIntersectionPrivilege(Ljava/security/PrivilegedAction;Ljava/security/AccessControlContext;)Ljava/lang/Object;+6
j  java.awt.EventQueue$4.run()Ljava/lang/Void;+11
j  java.awt.EventQueue$4.run()Ljava/lang/Object;+1
v  ~StubRoutines::call_stub
J 1308  java.security.AccessController.doPrivileged(Ljava/security/PrivilegedAction;Ljava/security/AccessControlContext;)Ljava/lang/Object; (0 bytes) @ 0x0000000002c92fe6 [0x0000000002c92f80+0x66]
J 2986 C1 java.awt.EventQueue.dispatchEvent(Ljava/awt/AWTEvent;)V (80 bytes) @ 0x00000000031576a4 [0x0000000003156a80+0xc24]
J 3233 C1 java.awt.EventDispatchThread.pumpOneEventForFilters(I)V (295 bytes) @ 0x0000000003239664 [0x0000000003237b40+0x1b24]
j  java.awt.EventDispatchThread.pumpEventsForFilter(ILjava/awt/Conditional;Ljava/awt/EventFilter;)V+35
j  java.awt.EventDispatchThread.pumpEventsForHierarchy(ILjava/awt/Conditional;Ljava/awt/Component;)V+11
j  java.awt.EventDispatchThread.pumpEvents(ILjava/awt/Conditional;)V+4
j  java.awt.EventDispatchThread.pumpEvents(Ljava/awt/Conditional;)V+3
j  java.awt.EventDispatchThread.run()V+9
v  ~StubRoutines::call_stub

---------------  P R O C E S S  ---------------

Java Threads: ( => current thread )
  0x000000001d8de000 JavaThread "Idle World Wind Task " daemon [_thread_blocked, id=4688, stack(0x000000002be60000,0x000000002bf60000)]
  0x000000001d8dd800 JavaThread "Idle World Wind Task " daemon [_thread_blocked, id=5048, stack(0x000000002bba0000,0x000000002bca0000)]
  0x000000001d8dc800 JavaThread "Idle World Wind Task " daemon [_thread_blocked, id=3288, stack(0x000000002afa0000,0x000000002b0a0000)]
  0x000000001d8dc000 JavaThread "Idle World Wind Task " daemon [_thread_blocked, id=1340, stack(0x000000002b880000,0x000000002b980000)]
  0x000000001d8db000 JavaThread "Idle World Wind Task " daemon [_thread_blocked, id=1872, stack(0x000000002b0e0000,0x000000002b1e0000)]
  0x000000001d8da800 JavaThread "D3D Screen Updater" daemon [_thread_blocked, id=4748, stack(0x0000000029120000,0x0000000029220000)]
  0x000000001d8d9800 JavaThread "DestroyJavaVM" [_thread_blocked, id=1320, stack(0x00000000023f0000,0x00000000024f0000)]
  0x000000001d8d9000 JavaThread "Thread-40" daemon [_thread_in_native, id=3536, stack(0x0000000028c20000,0x0000000028d20000)]
  0x000000001d8d8000 JavaThread "Thread-39" [_thread_blocked, id=4764, stack(0x00000000281e0000,0x00000000282e0000)]
  0x000000001d8d7000 JavaThread "Thread-38" daemon [_thread_in_native, id=3884, stack(0x00000000289f0000,0x0000000028af0000)]
  0x000000001d8d6800 JavaThread "Thread-37" [_thread_blocked, id=2940, stack(0x00000000288e0000,0x00000000289e0000)]
  0x000000001d8d5800 JavaThread "Thread-36" daemon [_thread_in_native, id=3116, stack(0x00000000286b0000,0x00000000287b0000)]
  0x000000001d8d5000 JavaThread "Thread-35" [_thread_blocked, id=5096, stack(0x0000000028420000,0x0000000028520000)]
  0x000000001d8d4000 JavaThread "Thread-33" daemon [_thread_in_native, id=1932, stack(0x0000000028530000,0x0000000028630000)]
  0x000000001d8d3800 JavaThread "Thread-34" daemon [_thread_in_native, id=1108, stack(0x00000000282f0000,0x00000000283f0000)]
  0x000000001d8d2800 JavaThread "Thread-32" [_thread_blocked, id=728, stack(0x0000000027db0000,0x0000000027eb0000)]
  0x000000001d8d2000 JavaThread "Thread-31" [_thread_blocked, id=4200, stack(0x00000000280c0000,0x00000000281c0000)]
  0x000000001d8d1000 JavaThread "Thread-30" daemon [_thread_in_native, id=4176, stack(0x0000000027fc0000,0x00000000280c0000)]
  0x000000001d66d800 JavaThread "Thread-29" daemon [_thread_in_native, id=3136, stack(0x0000000027ec0000,0x0000000027fc0000)]
  0x000000001d66c800 JavaThread "Thread-28" [_thread_blocked, id=1636, stack(0x0000000024570000,0x0000000024670000)]
  0x000000001d66b800 JavaThread "Thread-27" [_thread_blocked, id=3700, stack(0x0000000027c80000,0x0000000027d80000)]
  0x000000001d66b000 JavaThread "Thread-26" daemon [_thread_in_native, id=2480, stack(0x0000000027ae0000,0x0000000027be0000)]
  0x000000001d66a000 JavaThread "Thread-25" [_thread_blocked, id=1332, stack(0x0000000027960000,0x0000000027a60000)]
  0x000000001d669800 JavaThread "Thread-24" daemon [_thread_in_native, id=3204, stack(0x0000000027830000,0x0000000027930000)]
  0x000000001d668800 JavaThread "Thread-23" [_thread_blocked, id=4628, stack(0x0000000026110000,0x0000000026210000)]
  0x000000001d668000 JavaThread "Thread-22" daemon [_thread_in_native, id=3900, stack(0x0000000027690000,0x0000000027790000)]
  0x000000001d667000 JavaThread "Thread-21" [_thread_blocked, id=3820, stack(0x0000000027580000,0x0000000027680000)]
  0x000000001d666800 JavaThread "Thread-20" daemon [_thread_in_native, id=472, stack(0x0000000025af0000,0x0000000025bf0000)]
  0x000000001d665800 JavaThread "Thread-19" [_thread_blocked, id=3000, stack(0x0000000025750000,0x0000000025850000)]
  0x000000001d665000 JavaThread "Thread-18" daemon [_thread_in_native, id=1904, stack(0x0000000025650000,0x0000000025750000)]
  0x000000001d65f000 JavaThread "Thread-17" [_thread_blocked, id=1300, stack(0x000000001ce20000,0x000000001cf20000)]
  0x000000001d664000 JavaThread "Thread-16" daemon [_thread_in_native, id=3636, stack(0x00000000253a0000,0x00000000254a0000)]
  0x000000001d662800 JavaThread "Thread-15" [_thread_blocked, id=4740, stack(0x0000000025930000,0x0000000025a30000)]
  0x000000001d663800 JavaThread "Keep-Alive-Timer" daemon [_thread_blocked, id=1236, stack(0x0000000023750000,0x0000000023850000)]
=>0x000000001d662000 JavaThread "AWT-EventQueue-0" [_thread_in_native, id=3144, stack(0x0000000026460000,0x0000000026560000)]
  0x000000001d661000 JavaThread "AWT-Shutdown" [_thread_blocked, id=2344, stack(0x00000000254f0000,0x00000000255f0000)]
  0x000000001d660800 JavaThread "Thread-13" daemon [_thread_blocked, id=1480, stack(0x0000000026230000,0x0000000026330000)]
  0x000000001d65f800 JavaThread "TimerQueue" daemon [_thread_blocked, id=4268, stack(0x0000000025fe0000,0x00000000260e0000)]
  0x000000001dc37800 JavaThread "main-SharedResourceRunner" daemon [_thread_blocked, id=4084, stack(0x00000000218b0000,0x00000000219b0000)]
  0x000000001d6a7800 JavaThread "AWT-Windows" daemon [_thread_in_native, id=192, stack(0x000000001eb30000,0x000000001ec30000)]
  0x000000001d511800 JavaThread "Java2D Disposer" daemon [_thread_blocked, id=4588, stack(0x000000001e8f0000,0x000000001e9f0000)]
  0x000000001b255800 JavaThread "Service Thread" daemon [_thread_blocked, id=4800, stack(0x000000001cfd0000,0x000000001d0d0000)]
  0x000000001b1f8800 JavaThread "C1 CompilerThread3" daemon [_thread_blocked, id=2560, stack(0x000000001cbf0000,0x000000001ccf0000)]
  0x000000001b1dc800 JavaThread "C2 CompilerThread2" daemon [_thread_blocked, id=3640, stack(0x000000001ccf0000,0x000000001cdf0000)]
  0x000000001b1d7800 JavaThread "C2 CompilerThread1" daemon [_thread_blocked, id=3920, stack(0x000000001c780000,0x000000001c880000)]
  0x000000001b1cf800 JavaThread "C2 CompilerThread0" daemon [_thread_blocked, id=3344, stack(0x000000001ca70000,0x000000001cb70000)]
  0x000000001b1ce800 JavaThread "Attach Listener" daemon [_thread_blocked, id=4896, stack(0x000000001c8c0000,0x000000001c9c0000)]
  0x000000001a23f800 JavaThread "Signal Dispatcher" daemon [_thread_blocked, id=2148, stack(0x000000001c0d0000,0x000000001c1d0000)]
  0x000000001a22c800 JavaThread "Finalizer" daemon [_thread_blocked, id=260, stack(0x000000001c5e0000,0x000000001c6e0000)]
  0x000000001a223800 JavaThread "Reference Handler" daemon [_thread_blocked, id=2168, stack(0x000000001c3e0000,0x000000001c4e0000)]

Other Threads:
  0x000000001b182800 VMThread [stack: 0x000000001c2b0000,0x000000001c3b0000] [id=1352]
  0x000000001b266800 WatcherThread [stack: 0x000000001c4e0000,0x000000001c5e0000] [id=4636]

VM state:not at safepoint (normal execution)

VM Mutex/Monitor currently owned by a thread: None

Heap:
 PSYoungGen      total 208896K, used 165204K [0x0000000780000000, 0x0000000790c80000, 0x00000007c0000000)
  eden space 204288K, 80% used [0x0000000780000000,0x000000078a1551d0,0x000000078c780000)
  from space 4608K, 0% used [0x000000078c780000,0x000000078c780000,0x000000078cc00000)
  to   space 4608K, 0% used [0x0000000790800000,0x0000000790800000,0x0000000790c80000)
 ParOldGen       total 20480K, used 16194K [0x0000000700000000, 0x0000000701400000, 0x0000000780000000)
  object space 20480K, 79% used [0x0000000700000000,0x0000000700fd08b8,0x0000000701400000)
 Metaspace       used 23252K, capacity 23429K, committed 23680K, reserved 1071104K
  class space    used 2568K, capacity 2623K, committed 2688K, reserved 1048576K

Card table byte_map: [0x0000000011b80000,0x0000000012190000] byte_map_base: 0x000000000e380000

Marking Bits: (ParMarkBitMap*) 0x0000000063f913b0
 Begin Bits: [0x0000000013240000, 0x0000000016240000)
 End Bits:   [0x0000000016240000, 0x0000000019240000)

Polling page: 0x0000000001c60000

CodeCache: size=245760Kb used=12174Kb max_used=12174Kb free=233585Kb
 bounds [0x00000000027c0000, 0x00000000033c0000, 0x00000000117c0000]
 total_blobs=4285 nmethods=3333 adapters=865
 compilation: enabled

Compilation events (10 events):
Event: 9.447 Thread 0x000000001b1f8800 3571       3       it.graphitech.smeSpire.lines.cubicCurve.CubicSplinePolyline::setArrayBufferData (62 bytes)
Event: 9.447 Thread 0x000000001b1f8800 nmethod 3571 0x00000000033ae190 code [0x00000000033ae360, 0x00000000033aea68]
Event: 9.447 Thread 0x000000001b1f8800 3572       3       it.graphitech.smeSpire.lines.cubicCurve.CubicSplinePolyline::setArrayIndices (60 bytes)
Event: 9.447 Thread 0x000000001b1f8800 nmethod 3572 0x00000000033b09d0 code [0x00000000033b0ba0, 0x00000000033b12a8]
Event: 9.451 Thread 0x000000001b1f8800 3573   !   3       java.awt.event.InputEvent::canAccessSystemClipboard (57 bytes)
Event: 9.452 Thread 0x000000001b1f8800 nmethod 3573 0x00000000033b15d0 code [0x00000000033b17c0, 0x00000000033b2078]
Event: 9.462 Thread 0x000000001b1f8800 3574       1       java.nio.DirectFloatBufferU::isDirect (2 bytes)
Event: 9.462 Thread 0x000000001b1f8800 nmethod 3574 0x00000000033a34d0 code [0x00000000033a3620, 0x00000000033a3730]
Event: 9.470 Thread 0x000000001b1f8800 3575   !   3       sun.awt.GlobalCursorManager$NativeUpdater::postIfNotPending (48 bytes)
Event: 9.470 Thread 0x000000001b1f8800 nmethod 3575 0x00000000033adb10 code [0x00000000033adc80, 0x00000000033ae078]

GC Heap History (10 events):
Event: 3.147 GC heap before
{Heap before GC invocations=22 (full 0):
 PSYoungGen      total 106496K, used 106464K [0x0000000780000000, 0x0000000789880000, 0x00000007c0000000)
  eden space 103936K, 100% used [0x0000000780000000,0x0000000786580000,0x0000000786580000)
  from space 2560K, 98% used [0x0000000786580000,0x00000007867f81c8,0x0000000786800000)
  to   space 5120K, 0% used [0x0000000789380000,0x0000000789380000,0x0000000789880000)
 ParOldGen       total 195072K, used 12252K [0x0000000700000000, 0x000000070be80000, 0x0000000780000000)
  object space 195072K, 6% used [0x0000000700000000,0x0000000700bf72f0,0x000000070be80000)
 Metaspace       used 19876K, capacity 20103K, committed 20224K, reserved 1067008K
  class space    used 2190K, capacity 2266K, committed 2304K, reserved 1048576K
Event: 3.150 GC heap after
Heap after GC invocations=22 (full 0):
 PSYoungGen      total 151040K, used 192K [0x0000000780000000, 0x0000000789880000, 0x00000007c0000000)
  eden space 145920K, 0% used [0x0000000780000000,0x0000000780000000,0x0000000788e80000)
  from space 5120K, 3% used [0x0000000789380000,0x00000007893b0000,0x0000000789880000)
  to   space 5120K, 0% used [0x0000000788e80000,0x0000000788e80000,0x0000000789380000)
 ParOldGen       total 195072K, used 14771K [0x0000000700000000, 0x000000070be80000, 0x0000000780000000)
  object space 195072K, 7% used [0x0000000700000000,0x0000000700e6ce30,0x000000070be80000)
 Metaspace       used 19876K, capacity 20103K, committed 20224K, reserved 1067008K
  class space    used 2190K, capacity 2266K, committed 2304K, reserved 1048576K
}
Event: 3.511 GC heap before
{Heap before GC invocations=23 (full 0):
 PSYoungGen      total 151040K, used 146112K [0x0000000780000000, 0x0000000789880000, 0x00000007c0000000)
  eden space 145920K, 100% used [0x0000000780000000,0x0000000788e80000,0x0000000788e80000)
  from space 5120K, 3% used [0x0000000789380000,0x00000007893b0000,0x0000000789880000)
  to   space 5120K, 0% used [0x0000000788e80000,0x0000000788e80000,0x0000000789380000)
 ParOldGen       total 195072K, used 14771K [0x0000000700000000, 0x000000070be80000, 0x0000000780000000)
  object space 195072K, 7% used [0x0000000700000000,0x0000000700e6ce30,0x000000070be80000)
 Metaspace       used 19888K, capacity 20103K, committed 20224K, reserved 1067008K
  class space    used 2190K, capacity 2266K, committed 2304K, reserved 1048576K
Event: 3.513 GC heap after
Heap after GC invocations=23 (full 0):
 PSYoungGen      total 151040K, used 1136K [0x0000000780000000, 0x000000078d080000, 0x00000007c0000000)
  eden space 145920K, 0% used [0x0000000780000000,0x0000000780000000,0x0000000788e80000)
  from space 5120K, 22% used [0x0000000788e80000,0x0000000788f9c010,0x0000000789380000)
  to   space 4608K, 0% used [0x000000078cc00000,0x000000078cc00000,0x000000078d080000)
 ParOldGen       total 195072K, used 14871K [0x0000000700000000, 0x000000070be80000, 0x0000000780000000)
  object space 195072K, 7% used [0x0000000700000000,0x0000000700e85e40,0x000000070be80000)
 Metaspace       used 19888K, capacity 20103K, committed 20224K, reserved 1067008K
  class space    used 2190K, capacity 2266K, committed 2304K, reserved 1048576K
}
Event: 3.822 GC heap before
{Heap before GC invocations=24 (full 0):
 PSYoungGen      total 151040K, used 147056K [0x0000000780000000, 0x000000078d080000, 0x00000007c0000000)
  eden space 145920K, 100% used [0x0000000780000000,0x0000000788e80000,0x0000000788e80000)
  from space 5120K, 22% used [0x0000000788e80000,0x0000000788f9c010,0x0000000789380000)
  to   space 4608K, 0% used [0x000000078cc00000,0x000000078cc00000,0x000000078d080000)
 ParOldGen       total 195072K, used 14871K [0x0000000700000000, 0x000000070be80000, 0x0000000780000000)
  object space 195072K, 7% used [0x0000000700000000,0x0000000700e85e40,0x000000070be80000)
 Metaspace       used 19890K, capacity 20103K, committed 20224K, reserved 1067008K
  class space    used 2190K, capacity 2266K, committed 2304K, reserved 1048576K
Event: 3.855 GC heap after
Heap after GC invocations=24 (full 0):
 PSYoungGen      total 208896K, used 96K [0x0000000780000000, 0x000000078d080000, 0x00000007c0000000)
  eden space 204288K, 0% used [0x0000000780000000,0x0000000780000000,0x000000078c780000)
  from space 4608K, 2% used [0x000000078cc00000,0x000000078cc18000,0x000000078d080000)
  to   space 4608K, 0% used [0x000000078c780000,0x000000078c780000,0x000000078cc00000)
 ParOldGen       total 195072K, used 15931K [0x0000000700000000, 0x000000070be80000, 0x0000000780000000)
  object space 195072K, 8% used [0x0000000700000000,0x0000000700f8ee70,0x000000070be80000)
 Metaspace       used 19890K, capacity 20103K, committed 20224K, reserved 1067008K
  class space    used 2190K, capacity 2266K, committed 2304K, reserved 1048576K
}
Event: 3.981 GC heap before
{Heap before GC invocations=25 (full 0):
 PSYoungGen      total 208896K, used 30861K [0x0000000780000000, 0x000000078d080000, 0x00000007c0000000)
  eden space 204288K, 15% used [0x0000000780000000,0x0000000781e0b738,0x000000078c780000)
  from space 4608K, 2% used [0x000000078cc00000,0x000000078cc18000,0x000000078d080000)
  to   space 4608K, 0% used [0x000000078c780000,0x000000078c780000,0x000000078cc00000)
 ParOldGen       total 195072K, used 15931K [0x0000000700000000, 0x000000070be80000, 0x0000000780000000)
  object space 195072K, 8% used [0x0000000700000000,0x0000000700f8ee70,0x000000070be80000)
 Metaspace       used 20927K, capacity 21139K, committed 21296K, reserved 1069056K
  class space    used 2331K, capacity 2396K, committed 2432K, reserved 1048576K
Event: 3.985 GC heap after
Heap after GC invocations=25 (full 0):
 PSYoungGen      total 208896K, used 2368K [0x0000000780000000, 0x0000000790c80000, 0x00000007c0000000)
  eden space 204288K, 0% used [0x0000000780000000,0x0000000780000000,0x000000078c780000)
  from space 4608K, 51% used [0x000000078c780000,0x000000078c9d0000,0x000000078cc00000)
  to   space 4608K, 0% used [0x0000000790800000,0x0000000790800000,0x0000000790c80000)
 ParOldGen       total 195072K, used 15947K [0x0000000700000000, 0x000000070be80000, 0x0000000780000000)
  object space 195072K, 8% used [0x0000000700000000,0x0000000700f92e70,0x000000070be80000)
 Metaspace       used 20927K, capacity 21139K, committed 21296K, reserved 1069056K
  class space    used 2331K, capacity 2396K, committed 2432K, reserved 1048576K
}
Event: 3.985 GC heap before
{Heap before GC invocations=26 (full 1):
 PSYoungGen      total 208896K, used 2368K [0x0000000780000000, 0x0000000790c80000, 0x00000007c0000000)
  eden space 204288K, 0% used [0x0000000780000000,0x0000000780000000,0x000000078c780000)
  from space 4608K, 51% used [0x000000078c780000,0x000000078c9d0000,0x000000078cc00000)
  to   space 4608K, 0% used [0x0000000790800000,0x0000000790800000,0x0000000790c80000)
 ParOldGen       total 195072K, used 15947K [0x0000000700000000, 0x000000070be80000, 0x0000000780000000)
  object space 195072K, 8% used [0x0000000700000000,0x0000000700f92e70,0x000000070be80000)
 Metaspace       used 20927K, capacity 21139K, committed 21296K, reserved 1069056K
  class space    used 2331K, capacity 2396K, committed 2432K, reserved 1048576K
Event: 4.128 GC heap after
Heap after GC invocations=26 (full 1):
 PSYoungGen      total 208896K, used 0K [0x0000000780000000, 0x0000000790c80000, 0x00000007c0000000)
  eden space 204288K, 0% used [0x0000000780000000,0x0000000780000000,0x000000078c780000)
  from space 4608K, 0% used [0x000000078c780000,0x000000078c780000,0x000000078cc00000)
  to   space 4608K, 0% used [0x0000000790800000,0x0000000790800000,0x0000000790c80000)
 ParOldGen       total 20480K, used 16194K [0x0000000700000000, 0x0000000701400000, 0x0000000780000000)
  object space 20480K, 79% used [0x0000000700000000,0x0000000700fd08b8,0x0000000701400000)
 Metaspace       used 20927K, capacity 21139K, committed 21296K, reserved 1069056K
  class space    used 2331K, capacity 2396K, committed 2432K, reserved 1048576K
}

Deoptimization events (10 events):
Event: 6.795 Thread 0x000000001d662000 Uncommon trap: reason=class_check action=maybe_recompile pc=0x00000000031052d8 method=gov.nasa.worldwind.globes.EllipsoidalGlobe.getElevation(Lgov/nasa/worldwind/geom/Angle;Lgov/nasa/worldwind/geom/Angle;)D @ 45
Event: 8.004 Thread 0x000000001d662000 Uncommon trap: reason=class_check action=maybe_recompile pc=0x000000000329a994 method=gov.nasa.worldwind.geom.Sector.computeBoundingBox(Lgov/nasa/worldwind/globes/Globe;DLgov/nasa/worldwind/geom/Sector;)Lgov/nasa/worldwind/geom/Box; @ 60
Event: 8.004 Thread 0x000000001d662000 Uncommon trap: reason=class_check action=maybe_recompile pc=0x000000000329a994 method=gov.nasa.worldwind.geom.Sector.computeBoundingBox(Lgov/nasa/worldwind/globes/Globe;DLgov/nasa/worldwind/geom/Sector;)Lgov/nasa/worldwind/geom/Box; @ 60
Event: 8.004 Thread 0x000000001d662000 Uncommon trap: reason=class_check action=maybe_recompile pc=0x000000000329a994 method=gov.nasa.worldwind.geom.Sector.computeBoundingBox(Lgov/nasa/worldwind/globes/Globe;DLgov/nasa/worldwind/geom/Sector;)Lgov/nasa/worldwind/geom/Box; @ 60
Event: 8.004 Thread 0x000000001d662000 Uncommon trap: reason=class_check action=maybe_recompile pc=0x000000000329a994 method=gov.nasa.worldwind.geom.Sector.computeBoundingBox(Lgov/nasa/worldwind/globes/Globe;DLgov/nasa/worldwind/geom/Sector;)Lgov/nasa/worldwind/geom/Box; @ 60
Event: 8.261 Thread 0x000000001d662000 Uncommon trap: reason=class_check action=maybe_recompile pc=0x000000000330f658 method=gov.nasa.worldwind.terrain.RectangularTessellator.renderTrianglesWithUniqueColors(Lgov/nasa/worldwind/render/DrawContext;Lgov/nasa/worldwind/terrain/RectangularTessellatoYuOÁ‘Ö @
Event: 8.261 Thread 0x000000001d662000 Uncommon trap: reason=class_check action=maybe_recompile pc=0x000000000330f658 method=gov.nasa.worldwind.terrain.RectangularTessellator.renderTrianglesWithUniqueColors(Lgov/nasa/worldwind/render/DrawContext;Lgov/nasa/worldwind/terrain/RectangularTessellatoˆ¯é @
Event: 8.279 Thread 0x000000001d662000 Uncommon trap: reason=class_check action=maybe_recompile pc=0x000000000330f658 method=gov.nasa.worldwind.terrain.RectangularTessellator.renderTrianglesWithUniqueColors(Lgov/nasa/worldwind/render/DrawContext;Lgov/nasa/worldwind/terrain/RectangularTessellato˚ M,è @
Event: 8.280 Thread 0x000000001d662000 Uncommon trap: reason=class_check action=maybe_recompile pc=0x000000000330f658 method=gov.nasa.worldwind.terrain.RectangularTessellator.renderTrianglesWithUniqueColors(Lgov/nasa/worldwind/render/DrawContext;Lgov/nasa/worldwind/terrain/RectangularTessellato•meö @
Event: 8.302 Thread 0x000000001d662000 Uncommon trap: reason=class_check action=maybe_recompile pc=0x00000000032d1784 method=gov.nasa.worldwind.terrain.RectangularTessellator.renderTrianglesWithUniqueColors(Lgov/nasa/worldwind/render/DrawContext;Lgov/nasa/worldwind/terrain/RectangularTessellato.ñÒBÀ-@

Internal exceptions (10 events):
Event: 5.143 Thread 0x000000001d662000 Exception <a 'java/security/PrivilegedActionException'> (0x0000000783b0aa00) thrown at [D:\re\workspace\8-2-build-windows-amd64-cygwin\jdk8u5\2488\hotspot\src\share\vm\prims\jvm.cpp, line 1248]
Event: 5.144 Thread 0x000000001d662000 Exception <a 'java/security/PrivilegedActionException'> (0x0000000783b0f0b0) thrown at [D:\re\workspace\8-2-build-windows-amd64-cygwin\jdk8u5\2488\hotspot\src\share\vm\prims\jvm.cpp, line 1248]
Event: 5.163 Thread 0x000000001d662000 Exception <a 'java/security/PrivilegedActionException'> (0x0000000783b187f0) thrown at [D:\re\workspace\8-2-build-windows-amd64-cygwin\jdk8u5\2488\hotspot\src\share\vm\prims\jvm.cpp, line 1248]
Event: 5.164 Thread 0x000000001d662000 Exception <a 'java/security/PrivilegedActionException'> (0x0000000783b1a930) thrown at [D:\re\workspace\8-2-build-windows-amd64-cygwin\jdk8u5\2488\hotspot\src\share\vm\prims\jvm.cpp, line 1248]
Event: 5.308 Thread 0x000000001d8db000 Exception <a 'java/security/PrivilegedActionException'> (0x0000000783fd34a8) thrown at [D:\re\workspace\8-2-build-windows-amd64-cygwin\jdk8u5\2488\hotspot\src\share\vm\prims\jvm.cpp, line 1248]
Event: 6.998 Thread 0x000000001d662000 Exception <a 'java/security/PrivilegedActionException'> (0x0000000784c3bec0) thrown at [D:\re\workspace\8-2-build-windows-amd64-cygwin\jdk8u5\2488\hotspot\src\share\vm\prims\jvm.cpp, line 1248]
Event: 6.999 Thread 0x000000001d662000 Exception <a 'java/security/PrivilegedActionException'> (0x0000000784c40e30) thrown at [D:\re\workspace\8-2-build-windows-amd64-cygwin\jdk8u5\2488\hotspot\src\share\vm\prims\jvm.cpp, line 1248]
Event: 7.237 Thread 0x000000001d662000 Exception <a 'java/security/PrivilegedActionException'> (0x000000078569cdb8) thrown at [D:\re\workspace\8-2-build-windows-amd64-cygwin\jdk8u5\2488\hotspot\src\share\vm\prims\jvm.cpp, line 1248]
Event: 7.250 Thread 0x000000001d662000 Exception <a 'java/security/PrivilegedActionException'> (0x0000000785773368) thrown at [D:\re\workspace\8-2-build-windows-amd64-cygwin\jdk8u5\2488\hotspot\src\share\vm\prims\jvm.cpp, line 1248]
Event: 9.337 Thread 0x000000001d662000 Exception <a 'java/security/PrivilegedActionException'> (0x0000000788046900) thrown at [D:\re\workspace\8-2-build-windows-amd64-cygwin\jdk8u5\2488\hotspot\src\share\vm\prims\jvm.cpp, line 1248]

Events (10 events):
Event: 9.423 Thread 0x000000001d662000 DEOPT PACKING pc=0x000000000338a7b9 sp=0x000000002655c530
Event: 9.423 Thread 0x000000001d662000 DEOPT UNPACKING pc=0x0000000002807204 sp=0x000000002655c2d0 mode 0
Event: 9.423 Thread 0x000000001d662000 DEOPT PACKING pc=0x000000000338b8cf sp=0x000000002655c550
Event: 9.423 Thread 0x000000001d662000 DEOPT UNPACKING pc=0x0000000002807204 sp=0x000000002655c2d0 mode 0
Event: 9.429 Thread 0x000000001d662000 DEOPT PACKING pc=0x000000000338a7b9 sp=0x000000002655c530
Event: 9.429 Thread 0x000000001d662000 DEOPT UNPACKING pc=0x0000000002807204 sp=0x000000002655c2d0 mode 0
Event: 9.431 Thread 0x000000001d662000 DEOPT PACKING pc=0x000000000338a7b9 sp=0x000000002655c530
Event: 9.431 Thread 0x000000001d662000 DEOPT UNPACKING pc=0x0000000002807204 sp=0x000000002655c2d0 mode 0
Event: 9.433 Thread 0x000000001d662000 DEOPT PACKING pc=0x000000000338a7b9 sp=0x000000002655c530
Event: 9.433 Thread 0x000000001d662000 DEOPT UNPACKING pc=0x0000000002807204 sp=0x000000002655c2d0 mode 0


Dynamic libraries:
0x000000013f970000 - 0x000000013f9a4000 	C:\Program Files\Java\jre8\bin\javaw.exe
0x0000000077600000 - 0x00000000777a9000 	C:\Windows\SYSTEM32\ntdll.dll
0x00000000774e0000 - 0x00000000775ff000 	C:\Windows\system32\kernel32.dll
0x000007fefd760000 - 0x000007fefd7cc000 	C:\Windows\system32\KERNELBASE.dll
0x000007fefd920000 - 0x000007fefd9fb000 	C:\Windows\system32\ADVAPI32.dll
0x000007feff790000 - 0x000007feff82f000 	C:\Windows\system32\msvcrt.dll
0x000007fefeee0000 - 0x000007fefeeff000 	C:\Windows\SYSTEM32\sechost.dll
0x000007feff010000 - 0x000007feff13d000 	C:\Windows\system32\RPCRT4.dll
0x00000000773e0000 - 0x00000000774da000 	C:\Windows\system32\USER32.dll
0x000007feff490000 - 0x000007feff4f7000 	C:\Windows\system32\GDI32.dll
0x000007feff480000 - 0x000007feff48e000 	C:\Windows\system32\LPK.dll
0x000007feff840000 - 0x000007feff909000 	C:\Windows\system32\USP10.dll
0x000007fefbfe0000 - 0x000007fefc1d4000 	C:\Windows\WinSxS\amd64_microsoft.windows.common-controls_6595b64144ccf1df_6.0.7601.17514_none_fa396087175ac9ac\COMCTL32.dll
0x000007fefd8a0000 - 0x000007fefd911000 	C:\Windows\system32\SHLWAPI.dll
0x000007fefd870000 - 0x000007fefd89e000 	C:\Windows\system32\IMM32.DLL
0x000007fefef00000 - 0x000007feff009000 	C:\Windows\system32\MSCTF.dll
0x0000000073a10000 - 0x0000000073a90000 	c:\program files (x86)\f-secure\hips\fshook64.dll
0x00000000777c0000 - 0x00000000777c7000 	C:\Windows\system32\PSAPI.DLL
0x00000000678f0000 - 0x00000000679c2000 	C:\Program Files\Java\jre8\bin\msvcr100.dll
0x00000000637e0000 - 0x000000006400a000 	C:\Program Files\Java\jre8\bin\server\jvm.dll
0x000007fefa380000 - 0x000007fefa389000 	C:\Windows\system32\WSOCK32.dll
0x000007fefed20000 - 0x000007fefed6d000 	C:\Windows\system32\WS2_32.dll
0x000007feff830000 - 0x000007feff838000 	C:\Windows\system32\NSI.dll
0x000007fefaf60000 - 0x000007fefaf9b000 	C:\Windows\system32\WINMM.dll
0x00000000715b0000 - 0x00000000715bf000 	C:\Program Files\Java\jre8\bin\verify.dll
0x0000000071580000 - 0x00000000715a8000 	C:\Program Files\Java\jre8\bin\java.dll
0x0000000071560000 - 0x0000000071576000 	C:\Program Files\Java\jre8\bin\zip.dll
0x000007fefdc40000 - 0x000007fefe9c8000 	C:\Windows\system32\SHELL32.dll
0x000007feff580000 - 0x000007feff783000 	C:\Windows\system32\ole32.dll
0x000007fefd410000 - 0x000007fefd41f000 	C:\Windows\system32\profapi.dll
0x0000000072270000 - 0x0000000072406000 	C:\Program Files\Java\jre8\bin\awt.dll
0x000007feff140000 - 0x000007feff217000 	C:\Windows\system32\OLEAUT32.dll
0x000007fefb850000 - 0x000007fefb868000 	C:\Windows\system32\DWMAPI.DLL
0x000007fefbdb0000 - 0x000007fefbe06000 	C:\Windows\system32\uxtheme.dll
0x000007fefd2b0000 - 0x000007fefd2bf000 	C:\Windows\system32\CRYPTBASE.dll
0x000007fef7900000 - 0x000007fef7aff000 	C:\Windows\system32\d3d9.dll
0x000007fefc4d0000 - 0x000007fefc4dc000 	C:\Windows\system32\VERSION.dll
0x000007fef8b70000 - 0x000007fef8b77000 	C:\Windows\system32\d3d8thk.dll
0x000007feeafc0000 - 0x000007feebe5b000 	C:\Windows\system32\nvd3dumx.dll
0x000007fefb550000 - 0x000007fefb57c000 	C:\Windows\system32\powrprof.dll
0x000007fefda60000 - 0x000007fefdc37000 	C:\Windows\system32\SETUPAPI.dll
0x000007fefd480000 - 0x000007fefd4b6000 	C:\Windows\system32\CFGMGR32.dll
0x000007fefd450000 - 0x000007fefd46a000 	C:\Windows\system32\DEVOBJ.dll
0x000007fefccf0000 - 0x000007fefcd07000 	C:\Windows\system32\CRYPTSP.dll
0x000007fefc910000 - 0x000007fefc957000 	C:\Windows\system32\rsaenh.dll
0x000007fefd740000 - 0x000007fefd75e000 	C:\Windows\system32\USERENV.dll
0x0000000071540000 - 0x000000007155a000 	C:\Program Files\Java\jre8\bin\net.dll
0x000007fefcc90000 - 0x000007fefcce5000 	C:\Windows\system32\mswsock.dll
0x000007fefcc80000 - 0x000007fefcc87000 	C:\Windows\System32\wship6.dll
0x000007fefafb0000 - 0x000007fefafd7000 	C:\Windows\system32\IPHLPAPI.DLL
0x000007fefaee0000 - 0x000007fefaeeb000 	C:\Windows\system32\WINNSI.DLL
0x000007fefa830000 - 0x000007fefa841000 	C:\Windows\system32\dhcpcsvc6.DLL
0x000007fefa460000 - 0x000007fefa478000 	C:\Windows\system32\dhcpcsvc.DLL
0x0000000071520000 - 0x0000000071531000 	C:\Program Files\Java\jre8\bin\nio.dll
0x00000000637c0000 - 0x00000000637cd000 	C:\Users\alberto.debiasi\AppData\Local\Temp\jogamp_0000\file_cache\jln7822188811368646906\jln8056107375495394800\gluegen-rt.dll
0x0000000073a90000 - 0x0000000073a97000 	C:\Program Files\Java\jre8\bin\jawt.dll
0x000000006a440000 - 0x000000006a44d000 	C:\Users\alberto.debiasi\AppData\Local\Temp\jogamp_0000\file_cache\jln7822188811368646906\jln8056107375495394800\nativewindow_awt.dll
0x000000006c100000 - 0x000000006c10f000 	C:\Users\alberto.debiasi\AppData\Local\Temp\jogamp_0000\file_cache\jln7822188811368646906\jln8056107375495394800\nativewindow_win32.dll
0x000007fef01f0000 - 0x000007fef030d000 	C:\Windows\system32\OpenGL32.dll
0x000007fef8240000 - 0x000007fef826d000 	C:\Windows\system32\GLU32.dll
0x000007fef0790000 - 0x000007fef0881000 	C:\Windows\system32\DDRAW.dll
0x000007fefa890000 - 0x000007fefa898000 	C:\Windows\system32\DCIMAN32.dll
0x0000000064500000 - 0x00000000645a0000 	C:\Users\alberto.debiasi\AppData\Local\Temp\jogamp_0000\file_cache\jln7822188811368646906\jln8056107375495394800\jogl_desktop.dll
0x00000000219b0000 - 0x0000000022f24000 	C:\Windows\system32\nvoglv64.DLL
0x000007fefd580000 - 0x000007fefd5ba000 	C:\Windows\system32\WINTRUST.dll
0x000007fefd5c0000 - 0x000007fefd72c000 	C:\Windows\system32\CRYPT32.dll
0x000007fefd420000 - 0x000007fefd42f000 	C:\Windows\system32\MSASN1.dll
0x000007fefc5a0000 - 0x000007fefc5a7000 	C:\Windows\System32\wshtcpip.dll
0x000007fefca70000 - 0x000007fefcacb000 	C:\Windows\system32\DNSAPI.dll
0x000007fef9ce0000 - 0x000007fef9ce8000 	C:\Windows\system32\rasadhlp.dll
0x000007fefae80000 - 0x000007fefaed3000 	C:\Windows\System32\fwpuclnt.dll
0x0000000072f20000 - 0x0000000072f67000 	C:\Program Files\Java\jre8\bin\fontmanager.dll
0x0000000072f70000 - 0x0000000072fb1000 	C:\Program Files\Java\jre8\bin\t2k.dll
0x000007fefd7d0000 - 0x000007fefd869000 	C:\Windows\system32\CLBCatQ.DLL
0x000007fef68f0000 - 0x000007fef6a15000 	C:\Windows\system32\dbghelp.dll

VM Arguments:
jvm_args: -Dfile.encoding=Cp1252 
java_command: it.graphitech.smeSpire.Main_STANDALONE_v3
java_class_path (initial): C:\Users\alberto.debiasi\Dropbox\PHD\workspace\ArcMapClutterReduction_v3\bin;C:\Users\alberto.debiasi\Dropbox\PHD\workspace\ArcMapClutterReduction_v3\lib\worldwind_2_0\gdal.jar;C:\Users\alberto.debiasi\Dropbox\PHD\workspace\ArcMapClutterReduction_v3\lib\worldwind_2_0\gluegen-rt-natives-linux-amd64.jar;C:\Users\alberto.debiasi\Dropbox\PHD\workspace\ArcMapClutterReduction_v3\lib\worldwind_2_0\gluegen-rt-natives-linux-i586.jar;C:\Users\alberto.debiasi\Dropbox\PHD\workspace\ArcMapClutterReduction_v3\lib\worldwind_2_0\gluegen-rt-natives-macosx-universal.jar;C:\Users\alberto.debiasi\Dropbox\PHD\workspace\ArcMapClutterReduction_v3\lib\worldwind_2_0\gluegen-rt-natives-windows-amd64.jar;C:\Users\alberto.debiasi\Dropbox\PHD\workspace\ArcMapClutterReduction_v3\lib\worldwind_2_0\gluegen-rt-natives-windows-i586.jar;C:\Users\alberto.debiasi\Dropbox\PHD\workspace\ArcMapClutterReduction_v3\lib\worldwind_2_0\gluegen-rt.jar;C:\Users\alberto.debiasi\Dropbox\PHD\workspace\ArcMapClutterReduction_v3\lib\worldwind_2_0\jogl-all-natives-linux-amd64.jar;C:\Users\alberto.debiasi\Dropbox\PHD\workspace\ArcMapClutterReduction_v3\lib\worldwind_2_0\jogl-all-natives-linux-i586.jar;C:\Users\alberto.debiasi\Dropbox\PHD\workspace\ArcMapClutterReduction_v3\lib\worldwind_2_0\jogl-all-natives-macosx-universal.jar;C:\Users\alberto.debiasi\Dropbox\PHD\workspace\ArcMapClutterReduction_v3\lib\worldwind_2_0\jogl-all-natives-windows-amd64.jar;C:\Users\alberto.debiasi\Dropbox\PHD\workspace\ArcMapClutterReduction_v3\lib\worldwind_2_0\jogl-all-natives-windows-i586.jar;C:\Users\alberto.debiasi\Dropbox\PHD\workspace\ArcMapClutterReduction_v3\lib\worldwind_2_0\jogl-all.jar;C:\Users\alberto.debiasi\Dropbox\PHD\workspace\ArcMapClutterReduction_v3\lib\worldwind_2_0\plugin.jar;C:\Users\alberto.debiasi\Dropbox\PHD\workspace\ArcMapClutterReduction_v3\lib\worldwind_2_0\vpf-symbols.jar;C:\Users\alberto.debiasi\Dropbox\PHD\workspace\ArcMapClutterReduction_v3\lib\worldwind_2_0\worldwind.jar;C:\Use
Launcher Type: SUN_STANDARD

Environment Variables:
PATH=C:\R\R-3.1.0\Rtools\bin;C:\R\R-3.1.0\Rtools\gcc-4.6.3\bin;C:\R\R-3.1.0\bin;C:\Program Files (x86)\MiKTeX 2.9\miktex\bin\;C:\texlive\2013\bin\win32;C:\Windows\system32;C:\Windows;C:\Windows\System32\Wbem;C:\Windows\System32\WindowsPowerShell\v1.0\;C:\Program Files (x86)\Git\cmd;C:\Program Files\TortoiseGit\bin;C:\Program Files\TortoiseSVN\bin;c:\Program Files (x86)\Microsoft SQL Server\100\Tools\Binn\;c:\Program Files\Microsoft SQL Server\100\Tools\Binn\;c:\Program Files\Microsoft SQL Server\100\DTS\Binn\
USERNAME=alberto.debiasi
OS=Windows_NT
PROCESSOR_IDENTIFIER=Intel64 Family 6 Model 26 Stepping 5, GenuineIntel



---------------  S Y S T E M  ---------------

OS: Windows 7 , 64 bit Build 7601 Service Pack 1

CPU:total 8 (4 cores per cpu, 2 threads per core) family 6 model 26 stepping 5, cmov, cx8, fxsr, mmx, sse, sse2, sse3, ssse3, sse4.1, sse4.2, popcnt, ht, tsc, tscinvbit

Memory: 4k page, physical 12580444k(8173048k free), swap 25159024k(19854040k free)

vm_info: Java HotSpot(TM) 64-Bit Server VM (25.5-b02) for windows-amd64 JRE (1.8.0_05-b13), built on Mar 18 2014 01:08:39 by "java_re" with MS VC++ 10.0 (VS2010)

time: Fri Sep 26 11:03:33 2014
elapsed time: 9 seconds

