#
# A fatal error has been detected by the Java Runtime Environment:
#
#  EXCEPTION_ACCESS_VIOLATION (0xc0000005) at pc=0x00000000601be0eb, pid=1572, tid=3204
#
# JRE version: Java(TM) SE Runtime Environment (8.0_05-b13) (build 1.8.0_05-b13)
# Java VM: Java HotSpot(TM) 64-Bit Server VM (25.5-b02 mixed mode windows-amd64 compressed oops)
# Problematic frame:
# C  [nvoglv64.DLL+0xb9e0eb]
#
# Failed to write core dump. Minidumps are not enabled by default on client versions of Windows
#
# If you would like to submit a bug report, please visit:
#   http://bugreport.sun.com/bugreport/crash.jsp
# The crash happened outside the Java Virtual Machine in native code.
# See problematic frame for where to report the bug.
#

---------------  T H R E A D  ---------------

Current thread (0x000000005b433800):  JavaThread "AWT-EventQueue-0" [_thread_in_native, id=3204, stack(0x00000000648f0000,0x00000000649f0000)]

siginfo: ExceptionCode=0xc0000005, reading address 0x0000000064e60000

Registers:
RAX=0x0000000000000001, RBX=0x000000006ff65e90, RCX=0x000000005a55afc0, RDX=0x000000000a905014
RSP=0x00000000649ec3b8, RBP=0x0000000012780000, RSI=0x0000000012780000, RDI=0x00000000628cb770
R8 =0x000000000006d2e4, R9 =0x0010800000000000, R10=0x64e6000000000000, R11=0x000000005a530000
R12=0x0000000000000000, R13=0x00000000000972e4, R14=0x0000000000000000, R15=0x0000000064e35014
RIP=0x00000000601be0eb, EFLAGS=0x0000000000010202

Top of Stack: (sp=0x00000000649ec3b8)
0x00000000649ec3b8:   000000005fe9c1af 00000000628cb770
0x00000000649ec3c8:   00000000774edff7 000000006ff65e90
0x00000000649ec3d8:   0000000000000000 3ee6b5da82bf656f
0x00000000649ec3e8:   0000000000000000 0000000064e35014
0x00000000649ec3f8:   0000000000000000 0000000000000000
0x00000000649ec408:   000000005ebdf650 0000000000000000
0x00000000649ec418:   000000005b433800 0000000000000000
0x00000000649ec428:   00000000000088e4 0000000064e35014
0x00000000649ec438:   0000000012780000 00000000000972e4
0x00000000649ec448:   00000000000972e4 000000006ff65e90
0x00000000649ec458:   000000005fe9c573 000000006ff65e00
0x00000000649ec468:   0000000000097200 0000000000000000
0x00000000649ec478:   00000000000972e4 0000000064e35014
0x00000000649ec488:   0000000000000002 000000006ff65eea
0x00000000649ec498:   000000005fcb28f5 000000006ff65e90
0x00000000649ec4a8:   0000000012780000 0000000000000c84 

Instructions: (pc=0x00000000601be0eb)
0x00000000601be0cb:   c3 09 4c 0f c3 51 08 4c 8b 4c 0a 10 4c 8b 54 0a
0x00000000601be0db:   18 4c 0f c3 49 10 4c 0f c3 51 18 4c 8b 4c 0a 20
0x00000000601be0eb:   4c 8b 54 0a 28 48 83 c1 40 4c 0f c3 49 e0 4c 0f
0x00000000601be0fb:   c3 51 e8 4c 8b 4c 0a f0 4c 8b 54 0a f8 ff c8 4c 


Register to memory mapping:

RAX=0x0000000000000001 is an unknown value
RBX=0x000000006ff65e90 is an unknown value
RCX=0x000000005a55afc0 is an unknown value
RDX=0x000000000a905014 is an unknown value
RSP=0x00000000649ec3b8 is pointing into the stack for thread: 0x000000005b433800
RBP=0x0000000012780000 is an unknown value
RSI=0x0000000012780000 is an unknown value
RDI=0x00000000628cb770 is an unknown value
R8 =0x000000000006d2e4 is an unknown value
R9 =0x0010800000000000 is an unknown value
R10=0x64e6000000000000 is an unknown value
R11=0x000000005a530000 is pointing into the stack for thread: 0x0000000058d10000
R12=0x0000000000000000 is an unknown value
R13=0x00000000000972e4 is an unknown value
R14=0x0000000000000000 is an unknown value
R15=0x0000000064e35014 is an unknown value


Stack: [0x00000000648f0000,0x00000000649f0000],  sp=0x00000000649ec3b8,  free space=1008k
Native frames: (J=compiled Java code, j=interpreted, Vv=VM code, C=native code)
C  [nvoglv64.DLL+0xb9e0eb]

Java frames: (J=compiled Java code, j=interpreted, Vv=VM code)
j  jogamp.opengl.gl4.GL4bcImpl.dispatch_glBufferData(IJLjava/lang/Object;IZIJ)V+0
j  jogamp.opengl.gl4.GL4bcImpl.access$000(Ljogamp/opengl/gl4/GL4bcImpl;IJLjava/lang/Object;IZIJ)V+13
j  jogamp.opengl.gl4.GL4bcImpl$1.create(IJLjava/nio/Buffer;IJ)V+52
j  jogamp.opengl.GLBufferObjectTracker.createBufferStorage(Ljogamp/opengl/GLBufferStateTracker;Ljavax/media/opengl/GL;IJLjava/nio/Buffer;IILjogamp/opengl/GLBufferObjectTracker$CreateStorageDispatch;J)V+209
J 3417 C1 jogamp.opengl.gl4.GL4bcImpl.glBufferData(IJLjava/nio/Buffer;I)V (71 bytes) @ 0x00000000033bc3a4 [0x00000000033bb820+0xb84]
j  it.graphitech.smeSpire.layers.MyRenderableLayer.bindData(Lgov/nasa/worldwind/render/DrawContext;ILjava/nio/FloatBuffer;I)V+33
j  it.graphitech.smeSpire.layers.MyRenderableLayer.doRenderNow(Lgov/nasa/worldwind/render/DrawContext;)V+429
j  it.graphitech.smeSpire.layers.MyRenderableLayer.doRender(Lgov/nasa/worldwind/render/DrawContext;)V+40
J 2918 C1 gov.nasa.worldwind.layers.AbstractLayer.render(Lgov/nasa/worldwind/render/DrawContext;)V (123 bytes) @ 0x00000000031ff054 [0x00000000031fd820+0x1834]
J 3017 C1 it.graphitech.shader.ShadingDecorator.render(Lgov/nasa/worldwind/render/DrawContext;Lgov/nasa/worldwind/layers/Layer;)V (311 bytes) @ 0x000000000324c82c [0x000000000324b180+0x16ac]
J 3016 C1 it.graphitech.shader.DecoratedLayer.render(Lgov/nasa/worldwind/render/DrawContext;)V (13 bytes) @ 0x000000000323e294 [0x000000000323e200+0x94]
j  it.graphitech.core.MyAbstractSceneController.draw(Lgov/nasa/worldwind/render/DrawContext;)V+57
j  it.graphitech.core.MyBasicSceneController.doRepaint(Lgov/nasa/worldwind/render/DrawContext;)V+68
j  it.graphitech.core.MyAbstractSceneController.repaint()I+58
j  gov.nasa.worldwind.WorldWindowGLAutoDrawable.doDisplay()I+4
j  gov.nasa.worldwind.WorldWindowGLAutoDrawable.display(Ljavax/media/opengl/GLAutoDrawable;)V+122
j  jogamp.opengl.GLDrawableHelper.displayImpl(Ljavax/media/opengl/GLAutoDrawable;)V+81
j  jogamp.opengl.GLDrawableHelper.display(Ljavax/media/opengl/GLAutoDrawable;)V+2
j  javax.media.opengl.awt.GLCanvas$10.run()V+118
j  jogamp.opengl.GLDrawableHelper.invokeGLImpl(Ljavax/media/opengl/GLDrawable;Ljavax/media/opengl/GLContext;Ljava/lang/Runnable;Ljava/lang/Runnable;)V+206
j  jogamp.opengl.GLDrawableHelper.invokeGL(Ljavax/media/opengl/GLDrawable;Ljavax/media/opengl/GLContext;Ljava/lang/Runnable;Ljava/lang/Runnable;)V+80
j  javax.media.opengl.awt.GLCanvas$11.run()V+73
j  javax.media.opengl.Threading.invoke(ZLjava/lang/Runnable;Ljava/lang/Object;)V+33
j  javax.media.opengl.awt.GLCanvas.display()V+64
j  javax.media.opengl.awt.GLCanvas.paint(Ljava/awt/Graphics;)V+137
j  javax.media.opengl.awt.GLCanvas.update(Ljava/awt/Graphics;)V+2
j  sun.awt.RepaintArea.updateComponent(Ljava/awt/Component;Ljava/awt/Graphics;)V+6
j  sun.awt.RepaintArea.paint(Ljava/lang/Object;Z)V+263
j  sun.awt.windows.WComponentPeer.handleEvent(Ljava/awt/AWTEvent;)V+155
J 3323 C1 java.awt.Component.dispatchEventImpl(Ljava/awt/AWTEvent;)V (883 bytes) @ 0x000000000336c734 [0x00000000033660a0+0x6694]
J 3268 C1 java.awt.EventQueue.dispatchEventImpl(Ljava/awt/AWTEvent;Ljava/lang/Object;)V (149 bytes) @ 0x000000000333e9cc [0x000000000333d400+0x15cc]
J 3266 C1 java.awt.EventQueue$3.run()Ljava/lang/Void; (60 bytes) @ 0x00000000033298b4 [0x00000000033296c0+0x1f4]
J 3265 C1 java.awt.EventQueue$3.run()Ljava/lang/Object; (5 bytes) @ 0x0000000003329fc4 [0x0000000003329f40+0x84]
v  ~StubRoutines::call_stub
J 1226  java.security.AccessController.doPrivileged(Ljava/security/PrivilegedAction;Ljava/security/AccessControlContext;)Ljava/lang/Object; (0 bytes) @ 0x0000000002c43266 [0x0000000002c43200+0x66]
J 2962 C1 java.security.ProtectionDomain$1.doIntersectionPrivilege(Ljava/security/PrivilegedAction;Ljava/security/AccessControlContext;Ljava/security/AccessControlContext;)Ljava/lang/Object; (32 bytes) @ 0x000000000322007c [0x000000000321fda0+0x2dc]
j  java.security.ProtectionDomain$1.doIntersectionPrivilege(Ljava/security/PrivilegedAction;Ljava/security/AccessControlContext;)Ljava/lang/Object;+6
j  java.awt.EventQueue$4.run()Ljava/lang/Void;+11
j  java.awt.EventQueue$4.run()Ljava/lang/Object;+1
v  ~StubRoutines::call_stub
J 1226  java.security.AccessController.doPrivileged(Ljava/security/PrivilegedAction;Ljava/security/AccessControlContext;)Ljava/lang/Object; (0 bytes) @ 0x0000000002c43266 [0x0000000002c43200+0x66]
J 3144 C1 java.awt.EventQueue.dispatchEvent(Ljava/awt/AWTEvent;)V (80 bytes) @ 0x00000000032c00fc [0x00000000032bf540+0xbbc]
J 3270 C1 java.awt.EventDispatchThread.pumpOneEventForFilters(I)V (295 bytes) @ 0x000000000334bc14 [0x000000000334a180+0x1a94]
j  java.awt.EventDispatchThread.pumpEventsForFilter(ILjava/awt/Conditional;Ljava/awt/EventFilter;)V+35
j  java.awt.EventDispatchThread.pumpEventsForHierarchy(ILjava/awt/Conditional;Ljava/awt/Component;)V+11
j  java.awt.EventDispatchThread.pumpEvents(ILjava/awt/Conditional;)V+4
j  java.awt.EventDispatchThread.pumpEvents(Ljava/awt/Conditional;)V+3
j  java.awt.EventDispatchThread.run()V+9
v  ~StubRoutines::call_stub

---------------  P R O C E S S  ---------------

Java Threads: ( => current thread )
  0x000000005b86c800 JavaThread "Idle World Wind Task " daemon [_thread_blocked, id=280, stack(0x000000006a2f0000,0x000000006a3f0000)]
  0x000000005b86b800 JavaThread "Idle World Wind Task " daemon [_thread_blocked, id=1568, stack(0x00000000636c0000,0x00000000637c0000)]
  0x000000005b86b000 JavaThread "Idle World Wind Task " daemon [_thread_blocked, id=4336, stack(0x0000000069f80000,0x000000006a080000)]
  0x000000005b86a000 JavaThread "Idle World Wind Task " daemon [_thread_blocked, id=1096, stack(0x0000000069e20000,0x0000000069f20000)]
  0x000000005b869800 JavaThread "Idle World Wind Task " daemon [_thread_blocked, id=4668, stack(0x00000000696c0000,0x00000000697c0000)]
  0x000000005b868800 JavaThread "D3D Screen Updater" daemon [_thread_blocked, id=2180, stack(0x00000000673a0000,0x00000000674a0000)]
  0x000000005b868000 JavaThread "DestroyJavaVM" [_thread_blocked, id=5096, stack(0x00000000023f0000,0x00000000024f0000)]
  0x000000005b867000 JavaThread "Thread-40" daemon [_thread_in_native, id=1228, stack(0x0000000067030000,0x0000000067130000)]
  0x000000005b866800 JavaThread "Thread-39" daemon [_thread_in_native, id=3200, stack(0x0000000065f80000,0x0000000066080000)]
  0x000000005b865800 JavaThread "Thread-38" [_thread_blocked, id=2940, stack(0x0000000066870000,0x0000000066970000)]
  0x000000005b865000 JavaThread "Thread-37" [_thread_blocked, id=460, stack(0x0000000066f20000,0x0000000067020000)]
  0x000000005b864000 JavaThread "Thread-36" daemon [_thread_in_native, id=3904, stack(0x0000000066d20000,0x0000000066e20000)]
  0x000000005b863800 JavaThread "Thread-35" daemon [_thread_in_native, id=552, stack(0x0000000066670000,0x0000000066770000)]
  0x000000005b862800 JavaThread "Thread-34" [_thread_blocked, id=4436, stack(0x0000000066b80000,0x0000000066c80000)]
  0x000000005b862000 JavaThread "Thread-33" [_thread_blocked, id=4272, stack(0x0000000066990000,0x0000000066a90000)]
  0x000000005b861000 JavaThread "Thread-32" daemon [_thread_in_native, id=3452, stack(0x0000000066770000,0x0000000066870000)]
  0x000000005b860800 JavaThread "Thread-31" [_thread_blocked, id=3536, stack(0x0000000066560000,0x0000000066660000)]
  0x000000005b85f800 JavaThread "Thread-30" daemon [_thread_in_native, id=1516, stack(0x0000000066410000,0x0000000066510000)]
  0x000000005b43f000 JavaThread "Thread-29" daemon [_thread_in_native, id=1584, stack(0x0000000066240000,0x0000000066340000)]
  0x000000005b43e000 JavaThread "Thread-28" [_thread_blocked, id=1060, stack(0x0000000065d70000,0x0000000065e70000)]
  0x000000005b43d800 JavaThread "Thread-27" [_thread_blocked, id=3780, stack(0x00000000660e0000,0x00000000661e0000)]
  0x000000005b43c800 JavaThread "Thread-26" daemon [_thread_in_native, id=3520, stack(0x0000000065e80000,0x0000000065f80000)]
  0x000000005b43c000 JavaThread "Thread-25" [_thread_blocked, id=3288, stack(0x0000000064210000,0x0000000064310000)]
  0x000000005b43b000 JavaThread "Thread-24" daemon [_thread_in_native, id=2752, stack(0x0000000065c70000,0x0000000065d70000)]
  0x000000005b43a800 JavaThread "Thread-23" [_thread_blocked, id=4240, stack(0x0000000065b10000,0x0000000065c10000)]
  0x000000005b439800 JavaThread "Thread-22" daemon [_thread_in_native, id=176, stack(0x00000000659d0000,0x0000000065ad0000)]
  0x000000005b439000 JavaThread "Thread-21" [_thread_blocked, id=4300, stack(0x0000000061ca0000,0x0000000061da0000)]
  0x000000005b438000 JavaThread "Thread-20" daemon [_thread_in_native, id=4616, stack(0x00000000635c0000,0x00000000636c0000)]
  0x000000005b437800 JavaThread "Thread-19" [_thread_blocked, id=4180, stack(0x00000000633a0000,0x00000000634a0000)]
  0x000000005b434800 JavaThread "Thread-18" daemon [_thread_in_native, id=3144, stack(0x0000000063240000,0x0000000063340000)]
  0x000000005b430800 JavaThread "Thread-17" [_thread_blocked, id=1328, stack(0x0000000062e00000,0x0000000062f00000)]
  0x000000005b436800 JavaThread "Thread-16" daemon [_thread_in_native, id=2480, stack(0x0000000061dd0000,0x0000000061ed0000)]
  0x000000005b436000 JavaThread "Thread-15" [_thread_blocked, id=2396, stack(0x0000000063050000,0x0000000063150000)]
  0x000000005b435000 JavaThread "Keep-Alive-Timer" daemon [_thread_blocked, id=5000, stack(0x0000000062040000,0x0000000062140000)]
=>0x000000005b433800 JavaThread "AWT-EventQueue-0" [_thread_in_native, id=3204, stack(0x00000000648f0000,0x00000000649f0000)]
  0x000000005b433000 JavaThread "AWT-Shutdown" [_thread_blocked, id=4004, stack(0x00000000647c0000,0x00000000648c0000)]
  0x000000005b432000 JavaThread "Thread-13" daemon [_thread_blocked, id=3864, stack(0x00000000645d0000,0x00000000646d0000)]
  0x000000005b431800 JavaThread "TimerQueue" daemon [_thread_blocked, id=4060, stack(0x0000000064370000,0x0000000064470000)]
  0x000000005b4fe800 JavaThread "main-SharedResourceRunner" daemon [_thread_blocked, id=1320, stack(0x000000005f3a0000,0x000000005f4a0000)]
  0x000000005b21d800 JavaThread "AWT-Windows" daemon [_thread_in_native, id=4896, stack(0x000000005c650000,0x000000005c750000)]
  0x000000005af59000 JavaThread "Java2D Disposer" daemon [_thread_blocked, id=2464, stack(0x000000005c4c0000,0x000000005c5c0000)]
  0x0000000058d95800 JavaThread "Service Thread" daemon [_thread_blocked, id=968, stack(0x000000005a9e0000,0x000000005aae0000)]
  0x0000000058d31000 JavaThread "C1 CompilerThread3" daemon [_thread_blocked, id=4624, stack(0x0000000059e30000,0x0000000059f30000)]
  0x0000000058d1c800 JavaThread "C2 CompilerThread2" daemon [_thread_in_native, id=1904, stack(0x000000005a820000,0x000000005a920000)]
  0x0000000058d17800 JavaThread "C2 CompilerThread1" daemon [_thread_blocked, id=2460, stack(0x000000005a620000,0x000000005a720000)]
  0x0000000058d10000 JavaThread "C2 CompilerThread0" daemon [_thread_blocked, id=2188, stack(0x000000005a430000,0x000000005a530000)]
  0x0000000058d0f000 JavaThread "Attach Listener" daemon [_thread_blocked, id=4564, stack(0x000000005a2e0000,0x000000005a3e0000)]
  0x0000000058d0e000 JavaThread "Signal Dispatcher" daemon [_thread_blocked, id=2560, stack(0x000000005a150000,0x000000005a250000)]
  0x0000000057d6a800 JavaThread "Finalizer" daemon [_thread_blocked, id=4084, stack(0x0000000059f50000,0x000000005a050000)]
  0x0000000057d61800 JavaThread "Reference Handler" daemon [_thread_blocked, id=2128, stack(0x0000000059d20000,0x0000000059e20000)]

Other Threads:
  0x0000000058cc0800 VMThread [stack: 0x0000000012d80000,0x0000000012e80000] [id=4156]
  0x0000000058daf000 WatcherThread [stack: 0x000000005ab20000,0x000000005ac20000] [id=4236]

VM state:not at safepoint (normal execution)

VM Mutex/Monitor currently owned by a thread: None

Heap:
 PSYoungGen      total 208896K, used 110594K [0x00000000d5580000, 0x00000000e6200000, 0x0000000100000000)
  eden space 204288K, 54% used [0x00000000d5580000,0x00000000dc180b98,0x00000000e1d00000)
  from space 4608K, 0% used [0x00000000e1d00000,0x00000000e1d00000,0x00000000e2180000)
  to   space 4608K, 0% used [0x00000000e5d80000,0x00000000e5d80000,0x00000000e6200000)
 ParOldGen       total 260608K, used 16069K [0x0000000080000000, 0x000000008fe80000, 0x00000000d5580000)
  object space 260608K, 6% used [0x0000000080000000,0x0000000080fb1400,0x000000008fe80000)
 Metaspace       used 23218K, capacity 23429K, committed 23680K, reserved 1071104K
  class space    used 2561K, capacity 2623K, committed 2688K, reserved 1048576K

Card table byte_map: [0x0000000011b80000,0x0000000011f90000] byte_map_base: 0x0000000011780000

Marking Bits: (ParMarkBitMap*) 0x0000000063f913b0
 Begin Bits: [0x0000000012f80000, 0x0000000014f80000)
 End Bits:   [0x0000000014f80000, 0x0000000016f80000)

Polling page: 0x0000000000130000

CodeCache: size=245760Kb used=12248Kb max_used=12253Kb free=233511Kb
 bounds [0x00000000027c0000, 0x00000000033d0000, 0x00000000117c0000]
 total_blobs=4369 nmethods=3417 adapters=865
 compilation: enabled

Compilation events (10 events):
Event: 8.219 Thread 0x0000000058d31000 nmethod 3413 0x00000000033b77d0 code [0x00000000033b7a20, 0x00000000033b8868]
Event: 8.219 Thread 0x0000000058d31000 3415       3       it.graphitech.smeSpire.lines.cubicCurve.CubicSplinePolyline::createPointsBuffer (112 bytes)
Event: 8.220 Thread 0x0000000058d10000 3418 %     4       it.graphitech.smeSpire.lines.cubicCurve.CubicSplinePolyline::makeSegment @ 14 (94 bytes)
Event: 8.220 Thread 0x0000000058d31000 nmethod 3415 0x00000000033b91d0 code [0x00000000033b9400, 0x00000000033ba058]
Event: 8.220 Thread 0x0000000058d31000 3416       3       it.graphitech.smeSpire.lines.cubicCurve.CubicSplinePolyline::createVerticesIndexBuffer (57 bytes)
Event: 8.221 Thread 0x0000000058d31000 nmethod 3416 0x00000000033ba6d0 code [0x00000000033ba8c0, 0x00000000033bb148]
Event: 8.221 Thread 0x0000000058d31000 3417       3       jogamp.opengl.gl4.GL4bcImpl::glBufferData (71 bytes)
Event: 8.221 Thread 0x0000000058d31000 nmethod 3417 0x00000000033bb5d0 code [0x00000000033bb820, 0x00000000033bc728]
Event: 8.232 Thread 0x0000000058d10000 nmethod 3418% 0x00000000033be790 code [0x00000000033be940, 0x00000000033bf348]
Event: 8.232 Thread 0x0000000058d17800 3419       4       it.graphitech.smeSpire.lines.cubicCurve.CubicSplinePolyline::makeSegment (94 bytes)

GC Heap History (10 events):
Event: 3.361 GC heap before
{Heap before GC invocations=22 (full 0):
 PSYoungGen      total 105984K, used 105968K [0x00000000d5580000, 0x00000000dee00000, 0x0000000100000000)
  eden space 103936K, 100% used [0x00000000d5580000,0x00000000dbb00000,0x00000000dbb00000)
  from space 2048K, 99% used [0x00000000dbb00000,0x00000000dbcfc1b8,0x00000000dbd00000)
  to   space 5120K, 0% used [0x00000000de900000,0x00000000de900000,0x00000000dee00000)
 ParOldGen       total 260608K, used 12663K [0x0000000080000000, 0x000000008fe80000, 0x00000000d5580000)
  object space 260608K, 4% used [0x0000000080000000,0x0000000080c5dd58,0x000000008fe80000)
 Metaspace       used 19882K, capacity 20071K, committed 20224K, reserved 1067008K
  class space    used 2186K, capacity 2234K, committed 2304K, reserved 1048576K
Event: 3.365 GC heap after
Heap after GC invocations=22 (full 0):
 PSYoungGen      total 151040K, used 128K [0x00000000d5580000, 0x00000000dee00000, 0x0000000100000000)
  eden space 145920K, 0% used [0x00000000d5580000,0x00000000d5580000,0x00000000de400000)
  from space 5120K, 2% used [0x00000000de900000,0x00000000de920000,0x00000000dee00000)
  to   space 5120K, 0% used [0x00000000de400000,0x00000000de400000,0x00000000de900000)
 ParOldGen       total 260608K, used 14705K [0x0000000080000000, 0x000000008fe80000, 0x00000000d5580000)
  object space 260608K, 5% used [0x0000000080000000,0x0000000080e5c400,0x000000008fe80000)
 Metaspace       used 19882K, capacity 20071K, committed 20224K, reserved 1067008K
  class space    used 2186K, capacity 2234K, committed 2304K, reserved 1048576K
}
Event: 3.716 GC heap before
{Heap before GC invocations=23 (full 0):
 PSYoungGen      total 151040K, used 146048K [0x00000000d5580000, 0x00000000dee00000, 0x0000000100000000)
  eden space 145920K, 100% used [0x00000000d5580000,0x00000000de400000,0x00000000de400000)
  from space 5120K, 2% used [0x00000000de900000,0x00000000de920000,0x00000000dee00000)
  to   space 5120K, 0% used [0x00000000de400000,0x00000000de400000,0x00000000de900000)
 ParOldGen       total 260608K, used 14705K [0x0000000080000000, 0x000000008fe80000, 0x00000000d5580000)
  object space 260608K, 5% used [0x0000000080000000,0x0000000080e5c400,0x000000008fe80000)
 Metaspace       used 19898K, capacity 20135K, committed 20480K, reserved 1067008K
  class space    used 2186K, capacity 2234K, committed 2304K, reserved 1048576K
Event: 3.718 GC heap after
Heap after GC invocations=23 (full 0):
 PSYoungGen      total 151040K, used 1104K [0x00000000d5580000, 0x00000000e2600000, 0x0000000100000000)
  eden space 145920K, 0% used [0x00000000d5580000,0x00000000d5580000,0x00000000de400000)
  from space 5120K, 21% used [0x00000000de400000,0x00000000de514010,0x00000000de900000)
  to   space 4608K, 0% used [0x00000000e2180000,0x00000000e2180000,0x00000000e2600000)
 ParOldGen       total 260608K, used 14809K [0x0000000080000000, 0x000000008fe80000, 0x00000000d5580000)
  object space 260608K, 5% used [0x0000000080000000,0x0000000080e76400,0x000000008fe80000)
 Metaspace       used 19898K, capacity 20135K, committed 20480K, reserved 1067008K
  class space    used 2186K, capacity 2234K, committed 2304K, reserved 1048576K
}
Event: 4.016 GC heap before
{Heap before GC invocations=24 (full 0):
 PSYoungGen      total 151040K, used 147024K [0x00000000d5580000, 0x00000000e2600000, 0x0000000100000000)
  eden space 145920K, 100% used [0x00000000d5580000,0x00000000de400000,0x00000000de400000)
  from space 5120K, 21% used [0x00000000de400000,0x00000000de514010,0x00000000de900000)
  to   space 4608K, 0% used [0x00000000e2180000,0x00000000e2180000,0x00000000e2600000)
 ParOldGen       total 260608K, used 14809K [0x0000000080000000, 0x000000008fe80000, 0x00000000d5580000)
  object space 260608K, 5% used [0x0000000080000000,0x0000000080e76400,0x000000008fe80000)
 Metaspace       used 19900K, capacity 20135K, committed 20480K, reserved 1067008K
  class space    used 2186K, capacity 2234K, committed 2304K, reserved 1048576K
Event: 4.042 GC heap after
Heap after GC invocations=24 (full 0):
 PSYoungGen      total 208896K, used 96K [0x00000000d5580000, 0x00000000e2600000, 0x0000000100000000)
  eden space 204288K, 0% used [0x00000000d5580000,0x00000000d5580000,0x00000000e1d00000)
  from space 4608K, 2% used [0x00000000e2180000,0x00000000e2198000,0x00000000e2600000)
  to   space 4608K, 0% used [0x00000000e1d00000,0x00000000e1d00000,0x00000000e2180000)
 ParOldGen       total 260608K, used 15873K [0x0000000080000000, 0x000000008fe80000, 0x00000000d5580000)
  object space 260608K, 6% used [0x0000000080000000,0x0000000080f80420,0x000000008fe80000)
 Metaspace       used 19900K, capacity 20135K, committed 20480K, reserved 1067008K
  class space    used 2186K, capacity 2234K, committed 2304K, reserved 1048576K
}
Event: 4.163 GC heap before
{Heap before GC invocations=25 (full 0):
 PSYoungGen      total 208896K, used 31036K [0x00000000d5580000, 0x00000000e2600000, 0x0000000100000000)
  eden space 204288K, 15% used [0x00000000d5580000,0x00000000d73b72b8,0x00000000e1d00000)
  from space 4608K, 2% used [0x00000000e2180000,0x00000000e2198000,0x00000000e2600000)
  to   space 4608K, 0% used [0x00000000e1d00000,0x00000000e1d00000,0x00000000e2180000)
 ParOldGen       total 260608K, used 15873K [0x0000000080000000, 0x000000008fe80000, 0x00000000d5580000)
  object space 260608K, 6% used [0x0000000080000000,0x0000000080f80420,0x000000008fe80000)
 Metaspace       used 20906K, capacity 21107K, committed 21296K, reserved 1069056K
  class space    used 2321K, capacity 2364K, committed 2432K, reserved 1048576K
Event: 4.166 GC heap after
Heap after GC invocations=25 (full 0):
 PSYoungGen      total 208896K, used 2368K [0x00000000d5580000, 0x00000000e6200000, 0x0000000100000000)
  eden space 204288K, 0% used [0x00000000d5580000,0x00000000d5580000,0x00000000e1d00000)
  from space 4608K, 51% used [0x00000000e1d00000,0x00000000e1f50000,0x00000000e2180000)
  to   space 4608K, 0% used [0x00000000e5d80000,0x00000000e5d80000,0x00000000e6200000)
 ParOldGen       total 260608K, used 15905K [0x0000000080000000, 0x000000008fe80000, 0x00000000d5580000)
  object space 260608K, 6% used [0x0000000080000000,0x0000000080f88420,0x000000008fe80000)
 Metaspace       used 20906K, capacity 21107K, committed 21296K, reserved 1069056K
  class space    used 2321K, capacity 2364K, committed 2432K, reserved 1048576K
}
Event: 4.166 GC heap before
{Heap before GC invocations=26 (full 1):
 PSYoungGen      total 208896K, used 2368K [0x00000000d5580000, 0x00000000e6200000, 0x0000000100000000)
  eden space 204288K, 0% used [0x00000000d5580000,0x00000000d5580000,0x00000000e1d00000)
  from space 4608K, 51% used [0x00000000e1d00000,0x00000000e1f50000,0x00000000e2180000)
  to   space 4608K, 0% used [0x00000000e5d80000,0x00000000e5d80000,0x00000000e6200000)
 ParOldGen       total 260608K, used 15905K [0x0000000080000000, 0x000000008fe80000, 0x00000000d5580000)
  object space 260608K, 6% used [0x0000000080000000,0x0000000080f88420,0x000000008fe80000)
 Metaspace       used 20906K, capacity 21107K, committed 21296K, reserved 1069056K
  class space    used 2321K, capacity 2364K, committed 2432K, reserved 1048576K
Event: 4.303 GC heap after
Heap after GC invocations=26 (full 1):
 PSYoungGen      total 208896K, used 0K [0x00000000d5580000, 0x00000000e6200000, 0x0000000100000000)
  eden space 204288K, 0% used [0x00000000d5580000,0x00000000d5580000,0x00000000e1d00000)
  from space 4608K, 0% used [0x00000000e1d00000,0x00000000e1d00000,0x00000000e2180000)
  to   space 4608K, 0% used [0x00000000e5d80000,0x00000000e5d80000,0x00000000e6200000)
 ParOldGen       total 260608K, used 16069K [0x0000000080000000, 0x000000008fe80000, 0x00000000d5580000)
  object space 260608K, 6% used [0x0000000080000000,0x0000000080fb1400,0x000000008fe80000)
 Metaspace       used 20906K, capacity 21107K, committed 21296K, reserved 1069056K
  class space    used 2321K, capacity 2364K, committed 2432K, reserved 1048576K
}

Deoptimization events (10 events):
Event: 4.142 Thread 0x000000000018e800 Uncommon trap: reason=predicate action=maybe_recompile pc=0x0000000002da91a8 method=java.util.ArrayList.indexOf(Ljava/lang/Object;)I @ 44
Event: 6.107 Thread 0x000000005b433800 Uncommon trap: reason=class_check action=maybe_recompile pc=0x00000000031f6d88 method=gov.nasa.worldwind.globes.EllipsoidalGlobe.getElevation(Lgov/nasa/worldwind/geom/Angle;Lgov/nasa/worldwind/geom/Angle;)D @ 45
Event: 6.107 Thread 0x000000005b433800 Uncommon trap: reason=class_check action=maybe_recompile pc=0x00000000031f6d88 method=gov.nasa.worldwind.globes.EllipsoidalGlobe.getElevation(Lgov/nasa/worldwind/geom/Angle;Lgov/nasa/worldwind/geom/Angle;)D @ 45
Event: 6.107 Thread 0x000000005b433800 Uncommon trap: reason=class_check action=maybe_recompile pc=0x00000000031f6d88 method=gov.nasa.worldwind.globes.EllipsoidalGlobe.getElevation(Lgov/nasa/worldwind/geom/Angle;Lgov/nasa/worldwind/geom/Angle;)D @ 45
Event: 6.109 Thread 0x000000005b433800 Uncommon trap: reason=class_check action=maybe_recompile pc=0x00000000031f6d88 method=gov.nasa.worldwind.globes.EllipsoidalGlobe.getElevation(Lgov/nasa/worldwind/geom/Angle;Lgov/nasa/worldwind/geom/Angle;)D @ 45
Event: 8.048 Thread 0x000000005b433800 Uncommon trap: reason=class_check action=maybe_recompile pc=0x0000000003331204 method=gov.nasa.worldwind.layers.TiledImageLayer.needToSplit(Lgov/nasa/worldwind/render/DrawContext;Lgov/nasa/worldwind/geom/Sector;Lgov/nasa/worldwind/util/Level;)Z @ 41
Event: 8.048 Thread 0x000000005b433800 Uncommon trap: reason=predicate action=maybe_recompile pc=0x0000000003343d48 method=gov.nasa.worldwind.geom.Sector.computeBoundingBox(Lgov/nasa/worldwind/globes/Globe;DLgov/nasa/worldwind/geom/Sector;DD)Lgov/nasa/worldwind/geom/Box; @ 111
Event: 8.048 Thread 0x000000005b433800 Uncommon trap: reason=class_check action=maybe_recompile pc=0x0000000003331204 method=gov.nasa.worldwind.layers.TiledImageLayer.needToSplit(Lgov/nasa/worldwind/render/DrawContext;Lgov/nasa/worldwind/geom/Sector;Lgov/nasa/worldwind/util/Level;)Z @ 41
Event: 8.048 Thread 0x000000005b433800 Uncommon trap: reason=class_check action=maybe_recompile pc=0x0000000003331204 method=gov.nasa.worldwind.layers.TiledImageLayer.needToSplit(Lgov/nasa/worldwind/render/DrawContext;Lgov/nasa/worldwind/geom/Sector;Lgov/nasa/worldwind/util/Level;)Z @ 41
Event: 8.048 Thread 0x000000005b433800 Uncommon trap: reason=class_check action=maybe_recompile pc=0x0000000003331204 method=gov.nasa.worldwind.layers.TiledImageLayer.needToSplit(Lgov/nasa/worldwind/render/DrawContext;Lgov/nasa/worldwind/geom/Sector;Lgov/nasa/worldwind/util/Level;)Z @ 41

Internal exceptions (10 events):
Event: 5.276 Thread 0x000000005b433800 Exception <a 'java/security/PrivilegedActionException'> (0x00000000d923e140) thrown at [D:\re\workspace\8-2-build-windows-amd64-cygwin\jdk8u5\2488\hotspot\src\share\vm\prims\jvm.cpp, line 1248]
Event: 5.277 Thread 0x000000005b433800 Exception <a 'java/security/PrivilegedActionException'> (0x00000000d92427f0) thrown at [D:\re\workspace\8-2-build-windows-amd64-cygwin\jdk8u5\2488\hotspot\src\share\vm\prims\jvm.cpp, line 1248]
Event: 5.290 Thread 0x000000005b433800 Exception <a 'java/security/PrivilegedActionException'> (0x00000000d924bdd0) thrown at [D:\re\workspace\8-2-build-windows-amd64-cygwin\jdk8u5\2488\hotspot\src\share\vm\prims\jvm.cpp, line 1248]
Event: 5.290 Thread 0x000000005b433800 Exception <a 'java/security/PrivilegedActionException'> (0x00000000d924df28) thrown at [D:\re\workspace\8-2-build-windows-amd64-cygwin\jdk8u5\2488\hotspot\src\share\vm\prims\jvm.cpp, line 1248]
Event: 5.476 Thread 0x000000005b869800 Exception <a 'java/security/PrivilegedActionException'> (0x00000000d93e5ae0) thrown at [D:\re\workspace\8-2-build-windows-amd64-cygwin\jdk8u5\2488\hotspot\src\share\vm\prims\jvm.cpp, line 1248]
Event: 6.188 Thread 0x000000005b433800 Exception <a 'java/security/PrivilegedActionException'> (0x00000000d9ca3970) thrown at [D:\re\workspace\8-2-build-windows-amd64-cygwin\jdk8u5\2488\hotspot\src\share\vm\prims\jvm.cpp, line 1248]
Event: 6.189 Thread 0x000000005b433800 Exception <a 'java/security/PrivilegedActionException'> (0x00000000d9ca88e0) thrown at [D:\re\workspace\8-2-build-windows-amd64-cygwin\jdk8u5\2488\hotspot\src\share\vm\prims\jvm.cpp, line 1248]
Event: 6.455 Thread 0x000000005b433800 Exception <a 'java/security/PrivilegedActionException'> (0x00000000da894da0) thrown at [D:\re\workspace\8-2-build-windows-amd64-cygwin\jdk8u5\2488\hotspot\src\share\vm\prims\jvm.cpp, line 1248]
Event: 6.457 Thread 0x000000005b433800 Exception <a 'java/security/PrivilegedActionException'> (0x00000000da8ac088) thrown at [D:\re\workspace\8-2-build-windows-amd64-cygwin\jdk8u5\2488\hotspot\src\share\vm\prims\jvm.cpp, line 1248]
Event: 8.183 Thread 0x000000005b433800 Exception <a 'java/security/PrivilegedActionException'> (0x00000000dbc6b400) thrown at [D:\re\workspace\8-2-build-windows-amd64-cygwin\jdk8u5\2488\hotspot\src\share\vm\prims\jvm.cpp, line 1248]

Events (10 events):
Event: 8.048 Thread 0x000000005b433800 DEOPT UNPACKING pc=0x00000000028073ef sp=0x00000000649ec948 mode 2
Event: 8.048 Thread 0x000000005b433800 Uncommon trap: trap_request=0xffffffde fr.pc=0x0000000003331204
Event: 8.048 Thread 0x000000005b433800 DEOPT PACKING pc=0x0000000003331204 sp=0x00000000649ec950
Event: 8.048 Thread 0x000000005b433800 DEOPT UNPACKING pc=0x00000000028073ef sp=0x00000000649ec948 mode 2
Event: 8.127 Executing VM operation: BulkRevokeBias
Event: 8.128 Executing VM operation: BulkRevokeBias done
Event: 8.182 loading class it/graphitech/smeSpire/lines/cubicCurve/Cubic
Event: 8.182 loading class it/graphitech/smeSpire/lines/cubicCurve/Cubic done
Event: 8.232 Thread 0x000000005b433800 DEOPT PACKING pc=0x00000000033b03be sp=0x00000000649ec8d0
Event: 8.232 Thread 0x000000005b433800 DEOPT UNPACKING pc=0x0000000002807204 sp=0x00000000649ec678 mode 0


Dynamic libraries:
0x000000013f420000 - 0x000000013f454000 	C:\Program Files\Java\jre8\bin\javaw.exe
0x0000000077600000 - 0x00000000777a9000 	C:\Windows\SYSTEM32\ntdll.dll
0x00000000774e0000 - 0x00000000775ff000 	C:\Windows\system32\kernel32.dll
0x000007fefd760000 - 0x000007fefd7cc000 	C:\Windows\system32\KERNELBASE.dll
0x000007fefd920000 - 0x000007fefd9fb000 	C:\Windows\system32\ADVAPI32.dll
0x000007feff790000 - 0x000007feff82f000 	C:\Windows\system32\msvcrt.dll
0x000007fefeee0000 - 0x000007fefeeff000 	C:\Windows\SYSTEM32\sechost.dll
0x000007feff010000 - 0x000007feff13d000 	C:\Windows\system32\RPCRT4.dll
0x00000000773e0000 - 0x00000000774da000 	C:\Windows\system32\USER32.dll
0x000007feff490000 - 0x000007feff4f7000 	C:\Windows\system32\GDI32.dll
0x000007feff480000 - 0x000007feff48e000 	C:\Windows\system32\LPK.dll
0x000007feff840000 - 0x000007feff909000 	C:\Windows\system32\USP10.dll
0x000007fefbfe0000 - 0x000007fefc1d4000 	C:\Windows\WinSxS\amd64_microsoft.windows.common-controls_6595b64144ccf1df_6.0.7601.17514_none_fa396087175ac9ac\COMCTL32.dll
0x000007fefd8a0000 - 0x000007fefd911000 	C:\Windows\system32\SHLWAPI.dll
0x000007fefd870000 - 0x000007fefd89e000 	C:\Windows\system32\IMM32.DLL
0x000007fefef00000 - 0x000007feff009000 	C:\Windows\system32\MSCTF.dll
0x0000000073a10000 - 0x0000000073a90000 	c:\program files (x86)\f-secure\hips\fshook64.dll
0x00000000777c0000 - 0x00000000777c7000 	C:\Windows\system32\PSAPI.DLL
0x00000000678f0000 - 0x00000000679c2000 	C:\Program Files\Java\jre8\bin\msvcr100.dll
0x00000000637e0000 - 0x000000006400a000 	C:\Program Files\Java\jre8\bin\server\jvm.dll
0x000007fefa380000 - 0x000007fefa389000 	C:\Windows\system32\WSOCK32.dll
0x000007fefed20000 - 0x000007fefed6d000 	C:\Windows\system32\WS2_32.dll
0x000007feff830000 - 0x000007feff838000 	C:\Windows\system32\NSI.dll
0x000007fefaf60000 - 0x000007fefaf9b000 	C:\Windows\system32\WINMM.dll
0x00000000715b0000 - 0x00000000715bf000 	C:\Program Files\Java\jre8\bin\verify.dll
0x0000000071580000 - 0x00000000715a8000 	C:\Program Files\Java\jre8\bin\java.dll
0x0000000071560000 - 0x0000000071576000 	C:\Program Files\Java\jre8\bin\zip.dll
0x000007fefdc40000 - 0x000007fefe9c8000 	C:\Windows\system32\SHELL32.dll
0x000007feff580000 - 0x000007feff783000 	C:\Windows\system32\ole32.dll
0x000007fefd410000 - 0x000007fefd41f000 	C:\Windows\system32\profapi.dll
0x0000000072270000 - 0x0000000072406000 	C:\Program Files\Java\jre8\bin\awt.dll
0x000007feff140000 - 0x000007feff217000 	C:\Windows\system32\OLEAUT32.dll
0x000007fefb850000 - 0x000007fefb868000 	C:\Windows\system32\DWMAPI.DLL
0x000007fefbdb0000 - 0x000007fefbe06000 	C:\Windows\system32\uxtheme.dll
0x000007fefd2b0000 - 0x000007fefd2bf000 	C:\Windows\system32\CRYPTBASE.dll
0x000007fef7900000 - 0x000007fef7aff000 	C:\Windows\system32\d3d9.dll
0x000007fefc4d0000 - 0x000007fefc4dc000 	C:\Windows\system32\VERSION.dll
0x000007fef8b70000 - 0x000007fef8b77000 	C:\Windows\system32\d3d8thk.dll
0x000007feeafc0000 - 0x000007feebe5b000 	C:\Windows\system32\nvd3dumx.dll
0x000007fefb550000 - 0x000007fefb57c000 	C:\Windows\system32\powrprof.dll
0x000007fefda60000 - 0x000007fefdc37000 	C:\Windows\system32\SETUPAPI.dll
0x000007fefd480000 - 0x000007fefd4b6000 	C:\Windows\system32\CFGMGR32.dll
0x000007fefd450000 - 0x000007fefd46a000 	C:\Windows\system32\DEVOBJ.dll
0x000007fefccf0000 - 0x000007fefcd07000 	C:\Windows\system32\CRYPTSP.dll
0x000007fefc910000 - 0x000007fefc957000 	C:\Windows\system32\rsaenh.dll
0x000007fefd740000 - 0x000007fefd75e000 	C:\Windows\system32\USERENV.dll
0x0000000071540000 - 0x000000007155a000 	C:\Program Files\Java\jre8\bin\net.dll
0x000007fefcc90000 - 0x000007fefcce5000 	C:\Windows\system32\mswsock.dll
0x000007fefcc80000 - 0x000007fefcc87000 	C:\Windows\System32\wship6.dll
0x000007fefafb0000 - 0x000007fefafd7000 	C:\Windows\system32\IPHLPAPI.DLL
0x000007fefaee0000 - 0x000007fefaeeb000 	C:\Windows\system32\WINNSI.DLL
0x000007fefa830000 - 0x000007fefa841000 	C:\Windows\system32\dhcpcsvc6.DLL
0x000007fefa460000 - 0x000007fefa478000 	C:\Windows\system32\dhcpcsvc.DLL
0x0000000071520000 - 0x0000000071531000 	C:\Program Files\Java\jre8\bin\nio.dll
0x00000000637c0000 - 0x00000000637cd000 	C:\Users\alberto.debiasi\AppData\Local\Temp\jogamp_0000\file_cache\jln6012713059433894184\jln7506313774270419095\gluegen-rt.dll
0x0000000073a90000 - 0x0000000073a97000 	C:\Program Files\Java\jre8\bin\jawt.dll
0x000000006a440000 - 0x000000006a44d000 	C:\Users\alberto.debiasi\AppData\Local\Temp\jogamp_0000\file_cache\jln6012713059433894184\jln7506313774270419095\nativewindow_awt.dll
0x000000006c100000 - 0x000000006c10f000 	C:\Users\alberto.debiasi\AppData\Local\Temp\jogamp_0000\file_cache\jln6012713059433894184\jln7506313774270419095\nativewindow_win32.dll
0x000007fef1c00000 - 0x000007fef1d1d000 	C:\Windows\system32\OpenGL32.dll
0x000007fefa7d0000 - 0x000007fefa7fd000 	C:\Windows\system32\GLU32.dll
0x000007fef1d40000 - 0x000007fef1e31000 	C:\Windows\system32\DDRAW.dll
0x000007fefa850000 - 0x000007fefa858000 	C:\Windows\system32\DCIMAN32.dll
0x0000000064500000 - 0x00000000645a0000 	C:\Users\alberto.debiasi\AppData\Local\Temp\jogamp_0000\file_cache\jln6012713059433894184\jln7506313774270419095\jogl_desktop.dll
0x000000005f620000 - 0x0000000060b94000 	C:\Windows\system32\nvoglv64.DLL
0x000007fefd580000 - 0x000007fefd5ba000 	C:\Windows\system32\WINTRUST.dll
0x000007fefd5c0000 - 0x000007fefd72c000 	C:\Windows\system32\CRYPT32.dll
0x000007fefd420000 - 0x000007fefd42f000 	C:\Windows\system32\MSASN1.dll
0x000007fefc5a0000 - 0x000007fefc5a7000 	C:\Windows\System32\wshtcpip.dll
0x000007fefca70000 - 0x000007fefcacb000 	C:\Windows\system32\DNSAPI.dll
0x000007fef9ce0000 - 0x000007fef9ce8000 	C:\Windows\system32\rasadhlp.dll
0x000007fefae80000 - 0x000007fefaed3000 	C:\Windows\System32\fwpuclnt.dll
0x0000000072f20000 - 0x0000000072f67000 	C:\Program Files\Java\jre8\bin\fontmanager.dll
0x0000000072f70000 - 0x0000000072fb1000 	C:\Program Files\Java\jre8\bin\t2k.dll
0x000007fefd7d0000 - 0x000007fefd869000 	C:\Windows\system32\CLBCatQ.DLL
0x000007fef68f0000 - 0x000007fef6a15000 	C:\Windows\system32\dbghelp.dll

VM Arguments:
jvm_args: -Xmx2048m -Xms256m -Dfile.encoding=Cp1252 
java_command: it.graphitech.smeSpire.Main_STANDALONE_v3
java_class_path (initial): C:\Users\alberto.debiasi\Dropbox\PHD\workspace\ArcMapClutterReduction_v3\bin;C:\Users\alberto.debiasi\Dropbox\PHD\workspace\ArcMapClutterReduction_v3\lib\worldwind_2_0\gdal.jar;C:\Users\alberto.debiasi\Dropbox\PHD\workspace\ArcMapClutterReduction_v3\lib\worldwind_2_0\gluegen-rt-natives-linux-amd64.jar;C:\Users\alberto.debiasi\Dropbox\PHD\workspace\ArcMapClutterReduction_v3\lib\worldwind_2_0\gluegen-rt-natives-linux-i586.jar;C:\Users\alberto.debiasi\Dropbox\PHD\workspace\ArcMapClutterReduction_v3\lib\worldwind_2_0\gluegen-rt-natives-macosx-universal.jar;C:\Users\alberto.debiasi\Dropbox\PHD\workspace\ArcMapClutterReduction_v3\lib\worldwind_2_0\gluegen-rt-natives-windows-amd64.jar;C:\Users\alberto.debiasi\Dropbox\PHD\workspace\ArcMapClutterReduction_v3\lib\worldwind_2_0\gluegen-rt-natives-windows-i586.jar;C:\Users\alberto.debiasi\Dropbox\PHD\workspace\ArcMapClutterReduction_v3\lib\worldwind_2_0\gluegen-rt.jar;C:\Users\alberto.debiasi\Dropbox\PHD\workspace\ArcMapClutterReduction_v3\lib\worldwind_2_0\jogl-all-natives-linux-amd64.jar;C:\Users\alberto.debiasi\Dropbox\PHD\workspace\ArcMapClutterReduction_v3\lib\worldwind_2_0\jogl-all-natives-linux-i586.jar;C:\Users\alberto.debiasi\Dropbox\PHD\workspace\ArcMapClutterReduction_v3\lib\worldwind_2_0\jogl-all-natives-macosx-universal.jar;C:\Users\alberto.debiasi\Dropbox\PHD\workspace\ArcMapClutterReduction_v3\lib\worldwind_2_0\jogl-all-natives-windows-amd64.jar;C:\Users\alberto.debiasi\Dropbox\PHD\workspace\ArcMapClutterReduction_v3\lib\worldwind_2_0\jogl-all-natives-windows-i586.jar;C:\Users\alberto.debiasi\Dropbox\PHD\workspace\ArcMapClutterReduction_v3\lib\worldwind_2_0\jogl-all.jar;C:\Users\alberto.debiasi\Dropbox\PHD\workspace\ArcMapClutterReduction_v3\lib\worldwind_2_0\plugin.jar;C:\Users\alberto.debiasi\Dropbox\PHD\workspace\ArcMapClutterReduction_v3\lib\worldwind_2_0\vpf-symbols.jar;C:\Users\alberto.debiasi\Dropbox\PHD\workspace\ArcMapClutterReduction_v3\lib\worldwind_2_0\worldwind.jar;C:\Use
Launcher Type: SUN_STANDARD

Environment Variables:
PATH=C:\R\R-3.1.0\Rtools\bin;C:\R\R-3.1.0\Rtools\gcc-4.6.3\bin;C:\R\R-3.1.0\bin;C:\Program Files (x86)\MiKTeX 2.9\miktex\bin\;C:\texlive\2013\bin\win32;C:\Windows\system32;C:\Windows;C:\Windows\System32\Wbem;C:\Windows\System32\WindowsPowerShell\v1.0\;C:\Program Files (x86)\Git\cmd;C:\Program Files\TortoiseGit\bin;C:\Program Files\TortoiseSVN\bin;c:\Program Files (x86)\Microsoft SQL Server\100\Tools\Binn\;c:\Program Files\Microsoft SQL Server\100\Tools\Binn\;c:\Program Files\Microsoft SQL Server\100\DTS\Binn\
USERNAME=alberto.debiasi
OS=Windows_NT
PROCESSOR_IDENTIFIER=Intel64 Family 6 Model 26 Stepping 5, GenuineIntel



---------------  S Y S T E M  ---------------

OS: Windows 7 , 64 bit Build 7601 Service Pack 1

CPU:total 8 (4 cores per cpu, 2 threads per core) family 6 model 26 stepping 5, cmov, cx8, fxsr, mmx, sse, sse2, sse3, ssse3, sse4.1, sse4.2, popcnt, ht, tsc, tscinvbit

Memory: 4k page, physical 12580444k(8192944k free), swap 25159024k(19553000k free)

vm_info: Java HotSpot(TM) 64-Bit Server VM (25.5-b02) for windows-amd64 JRE (1.8.0_05-b13), built on Mar 18 2014 01:08:39 by "java_re" with MS VC++ 10.0 (VS2010)

time: Fri Sep 26 11:20:13 2014
elapsed time: 8 seconds

