#
# A fatal error has been detected by the Java Runtime Environment:
#
#  EXCEPTION_ACCESS_VIOLATION (0xc0000005) at pc=0x000000002281e260, pid=2168, tid=1408
#
# JRE version: Java(TM) SE Runtime Environment (8.0_05-b13) (build 1.8.0_05-b13)
# Java VM: Java HotSpot(TM) 64-Bit Server VM (25.5-b02 mixed mode windows-amd64 compressed oops)
# Problematic frame:
# C  [nvoglv64.DLL+0xb9e260]
#
# Failed to write core dump. Minidumps are not enabled by default on client versions of Windows
#
# If you would like to submit a bug report, please visit:
#   http://bugreport.sun.com/bugreport/crash.jsp
# The crash happened outside the Java Virtual Machine in native code.
# See problematic frame for where to report the bug.
#

---------------  T H R E A D  ---------------

Current thread (0x000000001b432000):  JavaThread "AWT-EventQueue-0" [_thread_in_native, id=1408, stack(0x0000000026070000,0x0000000026170000)]

siginfo: ExceptionCode=0xc0000005, reading address 0x000000005294fffc

Registers:
RAX=0x0000000000000022, RBX=0x000000004e6b3080, RCX=0x0000000052954c20, RDX=0xffffffffffffb3e4
RSP=0x000000002616bd08, RBP=0x0000000001e20000, RSI=0x0000000001e20000, RDI=0x0000000024c551d0
R8 =0x00000000000053a0, R9 =0x0000000000000000, R10=0x0000000000000000, R11=0x0000000052950000
R12=0x0000000000000000, R13=0x000000000014b3a4, R14=0x0000000000000000, R15=0x000000005294b3e4
RIP=0x000000002281e260, EFLAGS=0x0000000000010206

Top of Stack: (sp=0x000000002616bd08)
0x000000002616bd08:   00000000224fc1af 0000000024c551d0
0x000000002616bd18:   00000000774edff7 000000004e6b3080
0x000000002616bd28:   0000000000000000 3ee6b5da82bf656f
0x000000002616bd38:   0000000000000000 000000005294b3e4
0x000000002616bd48:   0000000000000000 0000000000000000
0x000000002616bd58:   000000000027f530 0000000000000000
0x000000002616bd68:   000000001b432000 0000000000000000
0x000000002616bd78:   00000000000088e4 000000005294b3e4
0x000000002616bd88:   0000000001e20000 000000000014b3a4
0x000000002616bd98:   000000000014b3a4 000000004e6b3080
0x000000002616bda8:   00000000224fc573 000000004e6b3000
0x000000002616bdb8:   000000000014b300 0000000000000000
0x000000002616bdc8:   000000000014b3a4 000000005294b3e4
0x000000002616bdd8:   000000001b432000 000000004e6b30da
0x000000002616bde8:   00000000223128f5 000000004e6b3080
0x000000002616bdf8:   0000000001e20000 0000000000000580 

Instructions: (pc=0x000000002281e260)
0x000000002281e240:   48 81 e9 80 00 00 00 0f 18 04 0a 0f 18 44 0a 40
0x000000002281e250:   ff c8 75 ec 48 81 c1 00 10 00 00 b8 40 00 00 00
0x000000002281e260:   4c 8b 4c 0a f8 4c 8b 54 0a f0 4c 0f c3 49 f8 4c
0x000000002281e270:   0f c3 51 f0 4c 8b 4c 0a e8 4c 8b 54 0a e0 4c 0f 


Register to memory mapping:

RAX=0x0000000000000022 is an unknown value
RBX=0x000000004e6b3080 is an unknown value
RCX=0x0000000052954c20 is an unknown value
RDX=0xffffffffffffb3e4 is an unknown value
RSP=0x000000002616bd08 is pointing into the stack for thread: 0x000000001b432000
RBP=0x0000000001e20000 is an unknown value
RSI=0x0000000001e20000 is an unknown value
RDI=0x0000000024c551d0 is an unknown value
R8 =0x00000000000053a0 is an unknown value
R9 =0x0000000000000000 is an unknown value
R10=0x0000000000000000 is an unknown value
R11=0x0000000052950000 is an unknown value
R12=0x0000000000000000 is an unknown value
R13=0x000000000014b3a4 is an unknown value
R14=0x0000000000000000 is an unknown value
R15=0x000000005294b3e4 is an unknown value


Stack: [0x0000000026070000,0x0000000026170000],  sp=0x000000002616bd08,  free space=1007k
Native frames: (J=compiled Java code, j=interpreted, Vv=VM code, C=native code)
C  [nvoglv64.DLL+0xb9e260]

Java frames: (J=compiled Java code, j=interpreted, Vv=VM code)
J 3549  jogamp.opengl.gl4.GL4bcImpl.dispatch_glBufferData(IJLjava/lang/Object;IZIJ)V (0 bytes) @ 0x0000000003633eb3 [0x0000000003633e40+0x73]
J 3546 C1 jogamp.opengl.gl4.GL4bcImpl$1.create(IJLjava/nio/Buffer;IJ)V (56 bytes) @ 0x00000000036338d4 [0x0000000003633640+0x294]
J 3532 C1 jogamp.opengl.GLBufferObjectTracker.createBufferStorage(Ljogamp/opengl/GLBufferStateTracker;Ljavax/media/opengl/GL;IJLjava/nio/Buffer;IILjogamp/opengl/GLBufferObjectTracker$CreateStorageDispatch;J)V (398 bytes) @ 0x000000000362724c [0x0000000003624fe0+0x226c]
J 3531 C1 jogamp.opengl.gl4.GL4bcImpl.glBufferData(IJLjava/nio/Buffer;I)V (71 bytes) @ 0x0000000003623c14 [0x0000000003623020+0xbf4]
j  it.graphitech.smeSpire.layers.MyRenderableLayer.bindData(Lgov/nasa/worldwind/render/DrawContext;ILjava/nio/FloatBuffer;I)V+33
j  it.graphitech.smeSpire.layers.MyRenderableLayer.doRenderNow(Lgov/nasa/worldwind/render/DrawContext;)V+420
j  it.graphitech.smeSpire.layers.MyRenderableLayer.doRender(Lgov/nasa/worldwind/render/DrawContext;)V+40
J 2900 C1 gov.nasa.worldwind.layers.AbstractLayer.render(Lgov/nasa/worldwind/render/DrawContext;)V (123 bytes) @ 0x00000000033d8864 [0x00000000033d6fa0+0x18c4]
J 3144 C1 it.graphitech.shader.ShadingDecorator.render(Lgov/nasa/worldwind/render/DrawContext;Lgov/nasa/worldwind/layers/Layer;)V (311 bytes) @ 0x00000000034a25f4 [0x00000000034a0ec0+0x1734]
J 2999 C1 it.graphitech.shader.DecoratedLayer.render(Lgov/nasa/worldwind/render/DrawContext;)V (13 bytes) @ 0x0000000003422f5c [0x0000000003422ec0+0x9c]
j  it.graphitech.core.MyAbstractSceneController.draw(Lgov/nasa/worldwind/render/DrawContext;)V+57
j  it.graphitech.core.MyBasicSceneController.doRepaint(Lgov/nasa/worldwind/render/DrawContext;)V+68
j  it.graphitech.core.MyAbstractSceneController.repaint()I+58
j  gov.nasa.worldwind.WorldWindowGLAutoDrawable.doDisplay()I+4
j  gov.nasa.worldwind.WorldWindowGLAutoDrawable.display(Ljavax/media/opengl/GLAutoDrawable;)V+122
j  jogamp.opengl.GLDrawableHelper.displayImpl(Ljavax/media/opengl/GLAutoDrawable;)V+81
j  jogamp.opengl.GLDrawableHelper.display(Ljavax/media/opengl/GLAutoDrawable;)V+2
j  javax.media.opengl.awt.GLCanvas$10.run()V+118
j  jogamp.opengl.GLDrawableHelper.invokeGLImpl(Ljavax/media/opengl/GLDrawable;Ljavax/media/opengl/GLContext;Ljava/lang/Runnable;Ljava/lang/Runnable;)V+206
j  jogamp.opengl.GLDrawableHelper.invokeGL(Ljavax/media/opengl/GLDrawable;Ljavax/media/opengl/GLContext;Ljava/lang/Runnable;Ljava/lang/Runnable;)V+80
j  javax.media.opengl.awt.GLCanvas$11.run()V+73
j  javax.media.opengl.Threading.invoke(ZLjava/lang/Runnable;Ljava/lang/Object;)V+33
j  javax.media.opengl.awt.GLCanvas.display()V+64
j  javax.media.opengl.awt.GLCanvas.paint(Ljava/awt/Graphics;)V+137
j  javax.media.opengl.awt.GLCanvas.update(Ljava/awt/Graphics;)V+2
j  sun.awt.RepaintArea.updateComponent(Ljava/awt/Component;Ljava/awt/Graphics;)V+6
j  sun.awt.RepaintArea.paint(Ljava/lang/Object;Z)V+263
J 3420 C1 sun.awt.windows.WComponentPeer.handleEvent(Ljava/awt/AWTEvent;)V (173 bytes) @ 0x00000000035cfdcc [0x00000000035cf100+0xccc]
J 3392 C1 java.awt.Component.dispatchEventImpl(Ljava/awt/AWTEvent;)V (883 bytes) @ 0x00000000035a287c [0x000000000359bfa0+0x68dc]
J 3276 C1 java.awt.EventQueue.dispatchEventImpl(Ljava/awt/AWTEvent;Ljava/lang/Object;)V (149 bytes) @ 0x0000000003515f94 [0x0000000003514940+0x1654]
J 3274 C1 java.awt.EventQueue$3.run()Ljava/lang/Void; (60 bytes) @ 0x0000000003513d4c [0x0000000003513b40+0x20c]
J 3273 C1 java.awt.EventQueue$3.run()Ljava/lang/Object; (5 bytes) @ 0x0000000003513804 [0x0000000003513780+0x84]
v  ~StubRoutines::call_stub
J 1384  java.security.AccessController.doPrivileged(Ljava/security/PrivilegedAction;Ljava/security/AccessControlContext;)Ljava/lang/Object; (0 bytes) @ 0x0000000002ee4526 [0x0000000002ee44c0+0x66]
J 2960 C1 java.security.ProtectionDomain$1.doIntersectionPrivilege(Ljava/security/PrivilegedAction;Ljava/security/AccessControlContext;Ljava/security/AccessControlContext;)Ljava/lang/Object; (32 bytes) @ 0x0000000003410b94 [0x00000000034108a0+0x2f4]
J 3418 C1 java.awt.EventQueue$4.run()Ljava/lang/Object; (5 bytes) @ 0x00000000035cbdb4 [0x00000000035cb9e0+0x3d4]
v  ~StubRoutines::call_stub
J 1384  java.security.AccessController.doPrivileged(Ljava/security/PrivilegedAction;Ljava/security/AccessControlContext;)Ljava/lang/Object; (0 bytes) @ 0x0000000002ee4526 [0x0000000002ee44c0+0x66]
J 3092 C1 java.awt.EventQueue.dispatchEvent(Ljava/awt/AWTEvent;)V (80 bytes) @ 0x000000000346ec24 [0x000000000346e000+0xc24]
J 3280 C1 java.awt.EventDispatchThread.pumpOneEventForFilters(I)V (295 bytes) @ 0x000000000351ee64 [0x000000000351d340+0x1b24]
j  java.awt.EventDispatchThread.pumpEventsForFilter(ILjava/awt/Conditional;Ljava/awt/EventFilter;)V+35
j  java.awt.EventDispatchThread.pumpEventsForHierarchy(ILjava/awt/Conditional;Ljava/awt/Component;)V+11
j  java.awt.EventDispatchThread.pumpEvents(ILjava/awt/Conditional;)V+4
j  java.awt.EventDispatchThread.pumpEvents(Ljava/awt/Conditional;)V+3
j  java.awt.EventDispatchThread.run()V+9
v  ~StubRoutines::call_stub

---------------  P R O C E S S  ---------------

Java Threads: ( => current thread )
  0x0000000026a1e800 JavaThread "Idle World Wind Task " daemon [_thread_blocked, id=1344, stack(0x000000002c150000,0x000000002c250000)]
  0x0000000026a1d800 JavaThread "Idle World Wind Task " daemon [_thread_blocked, id=1228, stack(0x000000002bea0000,0x000000002bfa0000)]
  0x0000000026a1d000 JavaThread "Idle World Wind Task " daemon [_thread_blocked, id=1572, stack(0x000000002bc50000,0x000000002bd50000)]
  0x000000001e8b4000 JavaThread "Idle World Wind Task " daemon [_thread_blocked, id=1200, stack(0x000000002baf0000,0x000000002bbf0000)]
  0x000000001e8b3000 JavaThread "Idle World Wind Task " daemon [_thread_blocked, id=2436, stack(0x000000002b350000,0x000000002b450000)]
  0x000000001e8b2800 JavaThread "D3D Screen Updater" daemon [_thread_blocked, id=4032, stack(0x0000000026270000,0x0000000026370000)]
  0x000000001e8b1800 JavaThread "DestroyJavaVM" [_thread_blocked, id=1364, stack(0x0000000002600000,0x0000000002700000)]
  0x000000001e8b1000 JavaThread "Thread-40" daemon [_thread_in_native, id=3716, stack(0x0000000028f60000,0x0000000029060000)]
  0x000000001e8b0000 JavaThread "Thread-39" daemon [_thread_in_native, id=1032, stack(0x0000000028ce0000,0x0000000028de0000)]
  0x000000001e8af800 JavaThread "Thread-38" [_thread_blocked, id=176, stack(0x0000000028b80000,0x0000000028c80000)]
  0x000000001e8ae800 JavaThread "Thread-37" [_thread_blocked, id=4600, stack(0x0000000028a70000,0x0000000028b70000)]
  0x000000001e8ae000 JavaThread "Thread-36" daemon [_thread_in_native, id=4492, stack(0x00000000288e0000,0x00000000289e0000)]
  0x000000001e8ad000 JavaThread "Thread-35" [_thread_blocked, id=2508, stack(0x0000000028760000,0x0000000028860000)]
  0x000000001e8ac800 JavaThread "Thread-33" daemon [_thread_in_native, id=1472, stack(0x00000000285f0000,0x00000000286f0000)]
  0x000000001e8ab800 JavaThread "Thread-34" daemon [_thread_in_native, id=3208, stack(0x0000000028400000,0x0000000028500000)]
  0x000000001e8ab000 JavaThread "Thread-32" [_thread_blocked, id=5096, stack(0x0000000028210000,0x0000000028310000)]
  0x000000001e8aa000 JavaThread "Thread-31" [_thread_blocked, id=2492, stack(0x0000000028070000,0x0000000028170000)]
  0x000000001e8a9800 JavaThread "Thread-30" daemon [_thread_in_native, id=4440, stack(0x00000000278d0000,0x00000000279d0000)]
  0x000000001e8a8800 JavaThread "Thread-29" [_thread_blocked, id=1060, stack(0x0000000021750000,0x0000000021850000)]
  0x000000001e8a8000 JavaThread "Thread-28" daemon [_thread_in_native, id=2180, stack(0x0000000027f20000,0x0000000028020000)]
  0x000000001e8a7000 JavaThread "Thread-27" [_thread_blocked, id=4268, stack(0x0000000027d00000,0x0000000027e00000)]
  0x000000001e8a6800 JavaThread "Thread-26" daemon [_thread_in_native, id=5032, stack(0x0000000027b90000,0x0000000027c90000)]
  0x000000001e8a5800 JavaThread "Thread-25" [_thread_blocked, id=1136, stack(0x0000000025b20000,0x0000000025c20000)]
  0x000000001e8a5000 JavaThread "Thread-24" daemon [_thread_in_native, id=4200, stack(0x00000000279e0000,0x0000000027ae0000)]
  0x000000001b433800 JavaThread "Thread-23" [_thread_blocked, id=3328, stack(0x00000000277c0000,0x00000000278c0000)]
  0x000000001b426000 JavaThread "Thread-22" daemon [_thread_in_native, id=2004, stack(0x0000000027610000,0x0000000027710000)]
  0x000000001b42b000 JavaThread "Thread-21" [_thread_blocked, id=1932, stack(0x0000000023780000,0x0000000023880000)]
  0x000000001b432800 JavaThread "Thread-20" daemon [_thread_in_native, id=3900, stack(0x0000000025460000,0x0000000025560000)]
  0x000000001b42c800 JavaThread "Thread-19" [_thread_blocked, id=700, stack(0x0000000025a00000,0x0000000025b00000)]
  0x000000001b42d800 JavaThread "Thread-18" daemon [_thread_in_native, id=4300, stack(0x0000000025860000,0x0000000025960000)]
  0x000000001b42f000 JavaThread "Thread-17" [_thread_blocked, id=2380, stack(0x00000000256a0000,0x00000000257a0000)]
  0x000000001b429000 JavaThread "Thread-16" daemon [_thread_in_native, id=3092, stack(0x0000000025290000,0x0000000025390000)]
  0x000000001b429800 JavaThread "Thread-15" [_thread_blocked, id=3640, stack(0x0000000021a80000,0x0000000021b80000)]
  0x000000001b42a800 JavaThread "Keep-Alive-Timer" daemon [_thread_blocked, id=3200, stack(0x0000000025c60000,0x0000000025d60000)]
=>0x000000001b432000 JavaThread "AWT-EventQueue-0" [_thread_in_native, id=1408, stack(0x0000000026070000,0x0000000026170000)]
  0x000000001b431000 JavaThread "AWT-Shutdown" [_thread_blocked, id=976, stack(0x00000000264d0000,0x00000000265d0000)]
  0x000000001b430800 JavaThread "Thread-13" daemon [_thread_blocked, id=1240, stack(0x0000000026370000,0x0000000026470000)]
  0x000000001b42f800 JavaThread "TimerQueue" daemon [_thread_blocked, id=1904, stack(0x0000000026170000,0x0000000026270000)]
  0x000000001b428000 JavaThread "main-SharedResourceRunner" daemon [_thread_blocked, id=4404, stack(0x00000000211b0000,0x00000000212b0000)]
  0x000000001b426800 JavaThread "AWT-Windows" daemon [_thread_in_native, id=1636, stack(0x000000001ef90000,0x000000001f090000)]
  0x000000001b425000 JavaThread "Java2D Disposer" daemon [_thread_blocked, id=4272, stack(0x000000001ebe0000,0x000000001ece0000)]
  0x000000001b424800 JavaThread "Service Thread" daemon [_thread_blocked, id=1792, stack(0x000000001cf70000,0x000000001d070000)]
  0x000000001b3c6000 JavaThread "C1 CompilerThread3" daemon [_thread_blocked, id=3288, stack(0x000000001d070000,0x000000001d170000)]
  0x000000001b3b1000 JavaThread "C2 CompilerThread2" daemon [_thread_blocked, id=2752, stack(0x000000001ce70000,0x000000001cf70000)]
  0x000000001b3a3800 JavaThread "C2 CompilerThread1" daemon [_thread_blocked, id=192, stack(0x000000001cc60000,0x000000001cd60000)]
  0x000000001b38d800 JavaThread "C2 CompilerThread0" daemon [_thread_blocked, id=3756, stack(0x000000001cb10000,0x000000001cc10000)]
  0x000000001b38c000 JavaThread "Attach Listener" daemon [_thread_blocked, id=3520, stack(0x000000001c9c0000,0x000000001cac0000)]
  0x000000001b38b000 JavaThread "Signal Dispatcher" daemon [_thread_blocked, id=1624, stack(0x000000001c510000,0x000000001c610000)]
  0x00000000023bd000 JavaThread "Finalizer" daemon [_thread_blocked, id=1320, stack(0x000000001c800000,0x000000001c900000)]
  0x000000001a3e4000 JavaThread "Reference Handler" daemon [_thread_blocked, id=4588, stack(0x000000001c670000,0x000000001c770000)]

Other Threads:
  0x000000001b343000 VMThread [stack: 0x000000001c3b0000,0x000000001c4b0000] [id=4636]
  0x000000001b447000 WatcherThread [stack: 0x000000001d1f0000,0x000000001d2f0000] [id=2204]

VM state:not at safepoint (normal execution)

VM Mutex/Monitor currently owned by a thread: None

Heap:
 PSYoungGen      total 208896K, used 157805K [0x0000000780000000, 0x0000000790c80000, 0x00000007c0000000)
  eden space 204288K, 77% used [0x0000000780000000,0x0000000789a1b558,0x000000078c780000)
  from space 4608K, 0% used [0x000000078c780000,0x000000078c780000,0x000000078cc00000)
  to   space 4608K, 0% used [0x0000000790800000,0x0000000790800000,0x0000000790c80000)
 ParOldGen       total 20480K, used 16185K [0x0000000700000000, 0x0000000701400000, 0x0000000780000000)
  object space 20480K, 79% used [0x0000000700000000,0x0000000700fce570,0x0000000701400000)
 Metaspace       used 23201K, capacity 23429K, committed 23680K, reserved 1071104K
  class space    used 2562K, capacity 2623K, committed 2688K, reserved 1048576K

Card table byte_map: [0x0000000011d90000,0x00000000123a0000] byte_map_base: 0x000000000e590000

Marking Bits: (ParMarkBitMap*) 0x0000000063f913b0
 Begin Bits: [0x0000000013400000, 0x0000000016400000)
 End Bits:   [0x0000000016400000, 0x0000000019400000)

Polling page: 0x0000000000430000

CodeCache: size=245760Kb used=12757Kb max_used=12760Kb free=233002Kb
 bounds [0x00000000029d0000, 0x0000000003660000, 0x00000000119d0000]
 total_blobs=4453 nmethods=3510 adapters=856
 compilation: enabled

Compilation events (10 events):
Event: 8.921 Thread 0x000000001b3c6000 3578       3       it.graphitech.smeSpire.lines.cubicCurve.CubicSplinePolyline::drawLines (124 bytes)
Event: 8.922 Thread 0x000000001b3c6000 nmethod 3578 0x000000000364c9d0 code [0x000000000364cc00, 0x000000000364d838]
Event: 8.926 Thread 0x000000001b3a3800 nmethod 3570 0x0000000003651510 code [0x0000000003651740, 0x0000000003652450]
Event: 8.930 Thread 0x000000001b3b1000 nmethod 3571 0x000000000364f150 code [0x000000000364f340, 0x000000000364fe58]
Event: 8.934 Thread 0x000000001b3c6000 3579       3       it.graphitech.smeSpire.lines.cubicCurve.CubicSplinePolyline::setArrayBufferData (62 bytes)
Event: 8.934 Thread 0x000000001b3c6000 nmethod 3579 0x0000000003650910 code [0x0000000003650ae0, 0x00000000036511e8]
Event: 8.934 Thread 0x000000001b3c6000 3580       3       it.graphitech.smeSpire.lines.cubicCurve.CubicSplinePolyline::setArrayIndices (60 bytes)
Event: 8.935 Thread 0x000000001b3c6000 nmethod 3580 0x000000000364e550 code [0x000000000364e720, 0x000000000364ee28]
Event: 8.948 Thread 0x000000001b3c6000 3581       1       java.nio.DirectFloatBufferU::isDirect (2 bytes)
Event: 8.949 Thread 0x000000001b3c6000 nmethod 3581 0x0000000003632a50 code [0x0000000003632ba0, 0x0000000003632cb0]

GC Heap History (10 events):
Event: 3.372 GC heap before
{Heap before GC invocations=22 (full 0):
 PSYoungGen      total 105984K, used 105952K [0x0000000780000000, 0x0000000789880000, 0x00000007c0000000)
  eden space 103936K, 100% used [0x0000000780000000,0x0000000786580000,0x0000000786580000)
  from space 2048K, 98% used [0x0000000786580000,0x00000007867781a8,0x0000000786780000)
  to   space 5120K, 0% used [0x0000000789380000,0x0000000789380000,0x0000000789880000)
 ParOldGen       total 195072K, used 13021K [0x0000000700000000, 0x000000070be80000, 0x0000000780000000)
  object space 195072K, 6% used [0x0000000700000000,0x0000000700cb76a8,0x000000070be80000)
 Metaspace       used 19884K, capacity 20103K, committed 20224K, reserved 1067008K
  class space    used 2190K, capacity 2266K, committed 2304K, reserved 1048576K
Event: 3.375 GC heap after
Heap after GC invocations=22 (full 0):
 PSYoungGen      total 151040K, used 192K [0x0000000780000000, 0x0000000789880000, 0x00000007c0000000)
  eden space 145920K, 0% used [0x0000000780000000,0x0000000780000000,0x0000000788e80000)
  from space 5120K, 3% used [0x0000000789380000,0x00000007893b0000,0x0000000789880000)
  to   space 5120K, 0% used [0x0000000788e80000,0x0000000788e80000,0x0000000789380000)
 ParOldGen       total 195072K, used 15020K [0x0000000700000000, 0x000000070be80000, 0x0000000780000000)
  object space 195072K, 7% used [0x0000000700000000,0x0000000700eab168,0x000000070be80000)
 Metaspace       used 19884K, capacity 20103K, committed 20224K, reserved 1067008K
  class space    used 2190K, capacity 2266K, committed 2304K, reserved 1048576K
}
Event: 3.726 GC heap before
{Heap before GC invocations=23 (full 0):
 PSYoungGen      total 151040K, used 146112K [0x0000000780000000, 0x0000000789880000, 0x00000007c0000000)
  eden space 145920K, 100% used [0x0000000780000000,0x0000000788e80000,0x0000000788e80000)
  from space 5120K, 3% used [0x0000000789380000,0x00000007893b0000,0x0000000789880000)
  to   space 5120K, 0% used [0x0000000788e80000,0x0000000788e80000,0x0000000789380000)
 ParOldGen       total 195072K, used 15020K [0x0000000700000000, 0x000000070be80000, 0x0000000780000000)
  object space 195072K, 7% used [0x0000000700000000,0x0000000700eab168,0x000000070be80000)
 Metaspace       used 19897K, capacity 20103K, committed 20224K, reserved 1067008K
  class space    used 2190K, capacity 2266K, committed 2304K, reserved 1048576K
Event: 3.729 GC heap after
Heap after GC invocations=23 (full 0):
 PSYoungGen      total 151040K, used 1152K [0x0000000780000000, 0x000000078d080000, 0x00000007c0000000)
  eden space 145920K, 0% used [0x0000000780000000,0x0000000780000000,0x0000000788e80000)
  from space 5120K, 22% used [0x0000000788e80000,0x0000000788fa0000,0x0000000789380000)
  to   space 4608K, 0% used [0x000000078cc00000,0x000000078cc00000,0x000000078d080000)
 ParOldGen       total 195072K, used 15116K [0x0000000700000000, 0x000000070be80000, 0x0000000780000000)
  object space 195072K, 7% used [0x0000000700000000,0x0000000700ec3168,0x000000070be80000)
 Metaspace       used 19897K, capacity 20103K, committed 20224K, reserved 1067008K
  class space    used 2190K, capacity 2266K, committed 2304K, reserved 1048576K
}
Event: 4.032 GC heap before
{Heap before GC invocations=24 (full 0):
 PSYoungGen      total 151040K, used 147072K [0x0000000780000000, 0x000000078d080000, 0x00000007c0000000)
  eden space 145920K, 100% used [0x0000000780000000,0x0000000788e80000,0x0000000788e80000)
  from space 5120K, 22% used [0x0000000788e80000,0x0000000788fa0000,0x0000000789380000)
  to   space 4608K, 0% used [0x000000078cc00000,0x000000078cc00000,0x000000078d080000)
 ParOldGen       total 195072K, used 15116K [0x0000000700000000, 0x000000070be80000, 0x0000000780000000)
  object space 195072K, 7% used [0x0000000700000000,0x0000000700ec3168,0x000000070be80000)
 Metaspace       used 19899K, capacity 20103K, committed 20224K, reserved 1067008K
  class space    used 2190K, capacity 2266K, committed 2304K, reserved 1048576K
Event: 4.062 GC heap after
Heap after GC invocations=24 (full 0):
 PSYoungGen      total 208896K, used 64K [0x0000000780000000, 0x000000078d080000, 0x00000007c0000000)
  eden space 204288K, 0% used [0x0000000780000000,0x0000000780000000,0x000000078c780000)
  from space 4608K, 1% used [0x000000078cc00000,0x000000078cc10000,0x000000078d080000)
  to   space 4608K, 0% used [0x000000078c780000,0x000000078c780000,0x000000078cc00000)
 ParOldGen       total 195072K, used 16176K [0x0000000700000000, 0x000000070be80000, 0x0000000780000000)
  object space 195072K, 8% used [0x0000000700000000,0x0000000700fcc198,0x000000070be80000)
 Metaspace       used 19899K, capacity 20103K, committed 20224K, reserved 1067008K
  class space    used 2190K, capacity 2266K, committed 2304K, reserved 1048576K
}
Event: 4.186 GC heap before
{Heap before GC invocations=25 (full 0):
 PSYoungGen      total 208896K, used 30820K [0x0000000780000000, 0x000000078d080000, 0x00000007c0000000)
  eden space 204288K, 15% used [0x0000000780000000,0x0000000781e091f8,0x000000078c780000)
  from space 4608K, 1% used [0x000000078cc00000,0x000000078cc10000,0x000000078d080000)
  to   space 4608K, 0% used [0x000000078c780000,0x000000078c780000,0x000000078cc00000)
 ParOldGen       total 195072K, used 16176K [0x0000000700000000, 0x000000070be80000, 0x0000000780000000)
  object space 195072K, 8% used [0x0000000700000000,0x0000000700fcc198,0x000000070be80000)
 Metaspace       used 20909K, capacity 21107K, committed 21296K, reserved 1069056K
  class space    used 2324K, capacity 2364K, committed 2432K, reserved 1048576K
Event: 4.189 GC heap after
Heap after GC invocations=25 (full 0):
 PSYoungGen      total 208896K, used 2368K [0x0000000780000000, 0x0000000790c80000, 0x00000007c0000000)
  eden space 204288K, 0% used [0x0000000780000000,0x0000000780000000,0x000000078c780000)
  from space 4608K, 51% used [0x000000078c780000,0x000000078c9d0000,0x000000078cc00000)
  to   space 4608K, 0% used [0x0000000790800000,0x0000000790800000,0x0000000790c80000)
 ParOldGen       total 195072K, used 16200K [0x0000000700000000, 0x000000070be80000, 0x0000000780000000)
  object space 195072K, 8% used [0x0000000700000000,0x0000000700fd2198,0x000000070be80000)
 Metaspace       used 20909K, capacity 21107K, committed 21296K, reserved 1069056K
  class space    used 2324K, capacity 2364K, committed 2432K, reserved 1048576K
}
Event: 4.189 GC heap before
{Heap before GC invocations=26 (full 1):
 PSYoungGen      total 208896K, used 2368K [0x0000000780000000, 0x0000000790c80000, 0x00000007c0000000)
  eden space 204288K, 0% used [0x0000000780000000,0x0000000780000000,0x000000078c780000)
  from space 4608K, 51% used [0x000000078c780000,0x000000078c9d0000,0x000000078cc00000)
  to   space 4608K, 0% used [0x0000000790800000,0x0000000790800000,0x0000000790c80000)
 ParOldGen       total 195072K, used 16200K [0x0000000700000000, 0x000000070be80000, 0x0000000780000000)
  object space 195072K, 8% used [0x0000000700000000,0x0000000700fd2198,0x000000070be80000)
 Metaspace       used 20909K, capacity 21107K, committed 21296K, reserved 1069056K
  class space    used 2324K, capacity 2364K, committed 2432K, reserved 1048576K
Event: 4.323 GC heap after
Heap after GC invocations=26 (full 1):
 PSYoungGen      total 208896K, used 0K [0x0000000780000000, 0x0000000790c80000, 0x00000007c0000000)
  eden space 204288K, 0% used [0x0000000780000000,0x0000000780000000,0x000000078c780000)
  from space 4608K, 0% used [0x000000078c780000,0x000000078c780000,0x000000078cc00000)
  to   space 4608K, 0% used [0x0000000790800000,0x0000000790800000,0x0000000790c80000)
 ParOldGen       total 20480K, used 16185K [0x0000000700000000, 0x0000000701400000, 0x0000000780000000)
  object space 20480K, 79% used [0x0000000700000000,0x0000000700fce570,0x0000000701400000)
 Metaspace       used 20909K, capacity 21107K, committed 21296K, reserved 1069056K
  class space    used 2324K, capacity 2364K, committed 2432K, reserved 1048576K
}

Deoptimization events (10 events):
Event: 4.153 Thread 0x0000000001dee800 Uncommon trap: reason=class_check action=maybe_recompile pc=0x0000000002fad910 method=java.util.AbstractCollection.toArray([Ljava/lang/Object;)[Ljava/lang/Object; @ 1
Event: 4.160 Thread 0x0000000001dee800 Uncommon trap: reason=predicate action=maybe_recompile pc=0x0000000002f73ec4 method=java.util.ArrayList.indexOf(Ljava/lang/Object;)I @ 44
Event: 4.161 Thread 0x0000000001dee800 Uncommon trap: reason=predicate action=maybe_recompile pc=0x0000000002fafdc8 method=java.util.ArrayList.indexOf(Ljava/lang/Object;)I @ 44
Event: 4.631 Thread 0x000000001b432000 Uncommon trap: reason=unreached action=reinterpret pc=0x0000000002ade614 method=java.util.TreeMap.getFirstEntry()Ljava/util/TreeMap$Entry; @ 6
Event: 4.633 Thread 0x000000001b432000 Uncommon trap: reason=unreached action=reinterpret pc=0x0000000002b34054 method=java.util.TreeMap.getFirstEntry()Ljava/util/TreeMap$Entry; @ 6
Event: 5.173 Thread 0x000000001b432000 Uncommon trap: reason=null_check action=make_not_entrant pc=0x0000000002b2ddc0 method=gov.nasa.worldwind.terrain.BasicElevationModel.getExtremeElevations(Lgov/nasa/worldwind/geom/Sector;)[D @ 36
Event: 6.206 Thread 0x000000001b432000 Uncommon trap: reason=class_check action=maybe_recompile pc=0x00000000033c5e58 method=gov.nasa.worldwind.globes.EllipsoidalGlobe.getElevation(Lgov/nasa/worldwind/geom/Angle;Lgov/nasa/worldwind/geom/Angle;)D @ 45
Event: 6.206 Thread 0x000000001b432000 Uncommon trap: reason=class_check action=maybe_recompile pc=0x00000000033c5e58 method=gov.nasa.worldwind.globes.EllipsoidalGlobe.getElevation(Lgov/nasa/worldwind/geom/Angle;Lgov/nasa/worldwind/geom/Angle;)D @ 45
Event: 6.206 Thread 0x000000001b432000 Uncommon trap: reason=class_check action=maybe_recompile pc=0x00000000033c5e58 method=gov.nasa.worldwind.globes.EllipsoidalGlobe.getElevation(Lgov/nasa/worldwind/geom/Angle;Lgov/nasa/worldwind/geom/Angle;)D @ 45
Event: 6.206 Thread 0x000000001b432000 Uncommon trap: reason=class_check action=maybe_recompile pc=0x00000000033c5e58 method=gov.nasa.worldwind.globes.EllipsoidalGlobe.getElevation(Lgov/nasa/worldwind/geom/Angle;Lgov/nasa/worldwind/geom/Angle;)D @ 45

Internal exceptions (10 events):
Event: 5.253 Thread 0x000000001b432000 Exception <a 'java/security/PrivilegedActionException'> (0x0000000783c3ae50) thrown at [D:\re\workspace\8-2-build-windows-amd64-cygwin\jdk8u5\2488\hotspot\src\share\vm\prims\jvm.cpp, line 1248]
Event: 5.254 Thread 0x000000001b432000 Exception <a 'java/security/PrivilegedActionException'> (0x0000000783c3f500) thrown at [D:\re\workspace\8-2-build-windows-amd64-cygwin\jdk8u5\2488\hotspot\src\share\vm\prims\jvm.cpp, line 1248]
Event: 5.260 Thread 0x000000001b432000 Exception <a 'java/security/PrivilegedActionException'> (0x0000000783c48d18) thrown at [D:\re\workspace\8-2-build-windows-amd64-cygwin\jdk8u5\2488\hotspot\src\share\vm\prims\jvm.cpp, line 1248]
Event: 5.260 Thread 0x000000001b432000 Exception <a 'java/security/PrivilegedActionException'> (0x0000000783c4ae70) thrown at [D:\re\workspace\8-2-build-windows-amd64-cygwin\jdk8u5\2488\hotspot\src\share\vm\prims\jvm.cpp, line 1248]
Event: 5.515 Thread 0x000000001e8b3000 Exception <a 'java/security/PrivilegedActionException'> (0x0000000783de1e28) thrown at [D:\re\workspace\8-2-build-windows-amd64-cygwin\jdk8u5\2488\hotspot\src\share\vm\prims\jvm.cpp, line 1248]
Event: 6.990 Thread 0x000000001b432000 Exception <a 'java/security/PrivilegedActionException'> (0x0000000785cc89f0) thrown at [D:\re\workspace\8-2-build-windows-amd64-cygwin\jdk8u5\2488\hotspot\src\share\vm\prims\jvm.cpp, line 1248]
Event: 6.992 Thread 0x000000001b432000 Exception <a 'java/security/PrivilegedActionException'> (0x0000000785ccd960) thrown at [D:\re\workspace\8-2-build-windows-amd64-cygwin\jdk8u5\2488\hotspot\src\share\vm\prims\jvm.cpp, line 1248]
Event: 7.158 Thread 0x000000001b432000 Exception <a 'java/security/PrivilegedActionException'> (0x0000000786216120) thrown at [D:\re\workspace\8-2-build-windows-amd64-cygwin\jdk8u5\2488\hotspot\src\share\vm\prims\jvm.cpp, line 1248]
Event: 7.175 Thread 0x000000001b432000 Exception <a 'java/security/PrivilegedActionException'> (0x00000007862f4890) thrown at [D:\re\workspace\8-2-build-windows-amd64-cygwin\jdk8u5\2488\hotspot\src\share\vm\prims\jvm.cpp, line 1248]
Event: 8.822 Thread 0x000000001b432000 Exception <a 'java/security/PrivilegedActionException'> (0x0000000787924488) thrown at [D:\re\workspace\8-2-build-windows-amd64-cygwin\jdk8u5\2488\hotspot\src\share\vm\prims\jvm.cpp, line 1248]

Events (10 events):
Event: 8.914 Thread 0x000000001b432000 DEOPT PACKING pc=0x000000000362e9f9 sp=0x000000002616c2d0
Event: 8.914 Thread 0x000000001b432000 DEOPT UNPACKING pc=0x0000000002a17204 sp=0x000000002616c070 mode 0
Event: 8.916 Thread 0x000000001b432000 DEOPT PACKING pc=0x000000000362e9f9 sp=0x000000002616c2d0
Event: 8.916 Thread 0x000000001b432000 DEOPT UNPACKING pc=0x0000000002a17204 sp=0x000000002616c070 mode 0
Event: 8.919 Thread 0x000000001b432000 DEOPT PACKING pc=0x000000000362e9f9 sp=0x000000002616c2d0
Event: 8.919 Thread 0x000000001b432000 DEOPT UNPACKING pc=0x0000000002a17204 sp=0x000000002616c070 mode 0
Event: 8.922 Thread 0x000000001b432000 DEOPT PACKING pc=0x000000000362e9f9 sp=0x000000002616c2e0
Event: 8.922 Thread 0x000000001b432000 DEOPT UNPACKING pc=0x0000000002a17204 sp=0x000000002616c068 mode 0
Event: 8.924 Thread 0x000000001b432000 DEOPT PACKING pc=0x000000000362e9f9 sp=0x000000002616c2e0
Event: 8.924 Thread 0x000000001b432000 DEOPT UNPACKING pc=0x0000000002a17204 sp=0x000000002616c068 mode 0


Dynamic libraries:
0x000000013fb10000 - 0x000000013fb44000 	C:\Program Files\Java\jre8\bin\javaw.exe
0x0000000077600000 - 0x00000000777a9000 	C:\Windows\SYSTEM32\ntdll.dll
0x00000000774e0000 - 0x00000000775ff000 	C:\Windows\system32\kernel32.dll
0x000007fefd760000 - 0x000007fefd7cc000 	C:\Windows\system32\KERNELBASE.dll
0x000007fefd920000 - 0x000007fefd9fb000 	C:\Windows\system32\ADVAPI32.dll
0x000007feff790000 - 0x000007feff82f000 	C:\Windows\system32\msvcrt.dll
0x000007fefeee0000 - 0x000007fefeeff000 	C:\Windows\SYSTEM32\sechost.dll
0x000007feff010000 - 0x000007feff13d000 	C:\Windows\system32\RPCRT4.dll
0x00000000773e0000 - 0x00000000774da000 	C:\Windows\system32\USER32.dll
0x000007feff490000 - 0x000007feff4f7000 	C:\Windows\system32\GDI32.dll
0x000007feff480000 - 0x000007feff48e000 	C:\Windows\system32\LPK.dll
0x000007feff840000 - 0x000007feff909000 	C:\Windows\system32\USP10.dll
0x000007fefbfe0000 - 0x000007fefc1d4000 	C:\Windows\WinSxS\amd64_microsoft.windows.common-controls_6595b64144ccf1df_6.0.7601.17514_none_fa396087175ac9ac\COMCTL32.dll
0x000007fefd8a0000 - 0x000007fefd911000 	C:\Windows\system32\SHLWAPI.dll
0x000007fefd870000 - 0x000007fefd89e000 	C:\Windows\system32\IMM32.DLL
0x000007fefef00000 - 0x000007feff009000 	C:\Windows\system32\MSCTF.dll
0x0000000073a10000 - 0x0000000073a90000 	c:\program files (x86)\f-secure\hips\fshook64.dll
0x00000000777c0000 - 0x00000000777c7000 	C:\Windows\system32\PSAPI.DLL
0x00000000678f0000 - 0x00000000679c2000 	C:\Program Files\Java\jre8\bin\msvcr100.dll
0x00000000637e0000 - 0x000000006400a000 	C:\Program Files\Java\jre8\bin\server\jvm.dll
0x000007fefa380000 - 0x000007fefa389000 	C:\Windows\system32\WSOCK32.dll
0x000007fefed20000 - 0x000007fefed6d000 	C:\Windows\system32\WS2_32.dll
0x000007feff830000 - 0x000007feff838000 	C:\Windows\system32\NSI.dll
0x000007fefaf60000 - 0x000007fefaf9b000 	C:\Windows\system32\WINMM.dll
0x00000000715b0000 - 0x00000000715bf000 	C:\Program Files\Java\jre8\bin\verify.dll
0x0000000071580000 - 0x00000000715a8000 	C:\Program Files\Java\jre8\bin\java.dll
0x0000000071560000 - 0x0000000071576000 	C:\Program Files\Java\jre8\bin\zip.dll
0x000007fefdc40000 - 0x000007fefe9c8000 	C:\Windows\system32\SHELL32.dll
0x000007feff580000 - 0x000007feff783000 	C:\Windows\system32\ole32.dll
0x000007fefd410000 - 0x000007fefd41f000 	C:\Windows\system32\profapi.dll
0x00000000728f0000 - 0x0000000072a86000 	C:\Program Files\Java\jre8\bin\awt.dll
0x000007feff140000 - 0x000007feff217000 	C:\Windows\system32\OLEAUT32.dll
0x000007fefb850000 - 0x000007fefb868000 	C:\Windows\system32\DWMAPI.DLL
0x000007fefbdb0000 - 0x000007fefbe06000 	C:\Windows\system32\uxtheme.dll
0x000007fefd2b0000 - 0x000007fefd2bf000 	C:\Windows\system32\CRYPTBASE.dll
0x000007fef7900000 - 0x000007fef7aff000 	C:\Windows\system32\d3d9.dll
0x000007fefc4d0000 - 0x000007fefc4dc000 	C:\Windows\system32\VERSION.dll
0x000007fef8b70000 - 0x000007fef8b77000 	C:\Windows\system32\d3d8thk.dll
0x000007feebe60000 - 0x000007feeccfb000 	C:\Windows\system32\nvd3dumx.dll
0x000007fefb550000 - 0x000007fefb57c000 	C:\Windows\system32\powrprof.dll
0x000007fefda60000 - 0x000007fefdc37000 	C:\Windows\system32\SETUPAPI.dll
0x000007fefd480000 - 0x000007fefd4b6000 	C:\Windows\system32\CFGMGR32.dll
0x000007fefd450000 - 0x000007fefd46a000 	C:\Windows\system32\DEVOBJ.dll
0x000007fefccf0000 - 0x000007fefcd07000 	C:\Windows\system32\CRYPTSP.dll
0x000007fefc910000 - 0x000007fefc957000 	C:\Windows\system32\rsaenh.dll
0x000007fefd740000 - 0x000007fefd75e000 	C:\Windows\system32\USERENV.dll
0x0000000071540000 - 0x000000007155a000 	C:\Program Files\Java\jre8\bin\net.dll
0x000007fefcc90000 - 0x000007fefcce5000 	C:\Windows\system32\mswsock.dll
0x000007fefcc80000 - 0x000007fefcc87000 	C:\Windows\System32\wship6.dll
0x000007fefafb0000 - 0x000007fefafd7000 	C:\Windows\system32\IPHLPAPI.DLL
0x000007fefaee0000 - 0x000007fefaeeb000 	C:\Windows\system32\WINNSI.DLL
0x000007fefa830000 - 0x000007fefa841000 	C:\Windows\system32\dhcpcsvc6.DLL
0x000007fefa460000 - 0x000007fefa478000 	C:\Windows\system32\dhcpcsvc.DLL
0x0000000071520000 - 0x0000000071531000 	C:\Program Files\Java\jre8\bin\nio.dll
0x00000000637c0000 - 0x00000000637cd000 	C:\Users\alberto.debiasi\AppData\Local\Temp\jogamp_0000\file_cache\jln7778220475173368328\jln6822676539848508202\gluegen-rt.dll
0x0000000073aa0000 - 0x0000000073aa7000 	C:\Program Files\Java\jre8\bin\jawt.dll
0x000000006a440000 - 0x000000006a44d000 	C:\Users\alberto.debiasi\AppData\Local\Temp\jogamp_0000\file_cache\jln7778220475173368328\jln6822676539848508202\nativewindow_awt.dll
0x000000006c100000 - 0x000000006c10f000 	C:\Users\alberto.debiasi\AppData\Local\Temp\jogamp_0000\file_cache\jln7778220475173368328\jln6822676539848508202\nativewindow_win32.dll
0x000007fef1c00000 - 0x000007fef1d1d000 	C:\Windows\system32\OpenGL32.dll
0x000007fefa7d0000 - 0x000007fefa7fd000 	C:\Windows\system32\GLU32.dll
0x000007fef1d40000 - 0x000007fef1e31000 	C:\Windows\system32\DDRAW.dll
0x000007fefa8a0000 - 0x000007fefa8a8000 	C:\Windows\system32\DCIMAN32.dll
0x0000000064500000 - 0x00000000645a0000 	C:\Users\alberto.debiasi\AppData\Local\Temp\jogamp_0000\file_cache\jln7778220475173368328\jln6822676539848508202\jogl_desktop.dll
0x0000000021c80000 - 0x00000000231f4000 	C:\Windows\system32\nvoglv64.DLL
0x000007fefd580000 - 0x000007fefd5ba000 	C:\Windows\system32\WINTRUST.dll
0x000007fefd5c0000 - 0x000007fefd72c000 	C:\Windows\system32\CRYPT32.dll
0x000007fefd420000 - 0x000007fefd42f000 	C:\Windows\system32\MSASN1.dll
0x000007fefc5a0000 - 0x000007fefc5a7000 	C:\Windows\System32\wshtcpip.dll
0x000007fefca70000 - 0x000007fefcacb000 	C:\Windows\system32\DNSAPI.dll
0x000007fef9ce0000 - 0x000007fef9ce8000 	C:\Windows\system32\rasadhlp.dll
0x000007fefae80000 - 0x000007fefaed3000 	C:\Windows\System32\fwpuclnt.dll
0x0000000072f70000 - 0x0000000072fb7000 	C:\Program Files\Java\jre8\bin\fontmanager.dll
0x0000000072f20000 - 0x0000000072f61000 	C:\Program Files\Java\jre8\bin\t2k.dll
0x000007fefd7d0000 - 0x000007fefd869000 	C:\Windows\system32\CLBCatQ.DLL
0x000007fef68f0000 - 0x000007fef6a15000 	C:\Windows\system32\dbghelp.dll

VM Arguments:
jvm_args: -Dfile.encoding=Cp1252 
java_command: it.graphitech.smeSpire.Main_STANDALONE_v3
java_class_path (initial): C:\Users\alberto.debiasi\Dropbox\PHD\workspace\ArcMapClutterReduction_v3\bin;C:\Users\alberto.debiasi\Dropbox\PHD\workspace\ArcMapClutterReduction_v3\lib\worldwind_2_0\gdal.jar;C:\Users\alberto.debiasi\Dropbox\PHD\workspace\ArcMapClutterReduction_v3\lib\worldwind_2_0\gluegen-rt-natives-linux-amd64.jar;C:\Users\alberto.debiasi\Dropbox\PHD\workspace\ArcMapClutterReduction_v3\lib\worldwind_2_0\gluegen-rt-natives-linux-i586.jar;C:\Users\alberto.debiasi\Dropbox\PHD\workspace\ArcMapClutterReduction_v3\lib\worldwind_2_0\gluegen-rt-natives-macosx-universal.jar;C:\Users\alberto.debiasi\Dropbox\PHD\workspace\ArcMapClutterReduction_v3\lib\worldwind_2_0\gluegen-rt-natives-windows-amd64.jar;C:\Users\alberto.debiasi\Dropbox\PHD\workspace\ArcMapClutterReduction_v3\lib\worldwind_2_0\gluegen-rt-natives-windows-i586.jar;C:\Users\alberto.debiasi\Dropbox\PHD\workspace\ArcMapClutterReduction_v3\lib\worldwind_2_0\gluegen-rt.jar;C:\Users\alberto.debiasi\Dropbox\PHD\workspace\ArcMapClutterReduction_v3\lib\worldwind_2_0\jogl-all-natives-linux-amd64.jar;C:\Users\alberto.debiasi\Dropbox\PHD\workspace\ArcMapClutterReduction_v3\lib\worldwind_2_0\jogl-all-natives-linux-i586.jar;C:\Users\alberto.debiasi\Dropbox\PHD\workspace\ArcMapClutterReduction_v3\lib\worldwind_2_0\jogl-all-natives-macosx-universal.jar;C:\Users\alberto.debiasi\Dropbox\PHD\workspace\ArcMapClutterReduction_v3\lib\worldwind_2_0\jogl-all-natives-windows-amd64.jar;C:\Users\alberto.debiasi\Dropbox\PHD\workspace\ArcMapClutterReduction_v3\lib\worldwind_2_0\jogl-all-natives-windows-i586.jar;C:\Users\alberto.debiasi\Dropbox\PHD\workspace\ArcMapClutterReduction_v3\lib\worldwind_2_0\jogl-all.jar;C:\Users\alberto.debiasi\Dropbox\PHD\workspace\ArcMapClutterReduction_v3\lib\worldwind_2_0\plugin.jar;C:\Users\alberto.debiasi\Dropbox\PHD\workspace\ArcMapClutterReduction_v3\lib\worldwind_2_0\vpf-symbols.jar;C:\Users\alberto.debiasi\Dropbox\PHD\workspace\ArcMapClutterReduction_v3\lib\worldwind_2_0\worldwind.jar;C:\Use
Launcher Type: SUN_STANDARD

Environment Variables:
PATH=C:\R\R-3.1.0\Rtools\bin;C:\R\R-3.1.0\Rtools\gcc-4.6.3\bin;C:\R\R-3.1.0\bin;C:\Program Files (x86)\MiKTeX 2.9\miktex\bin\;C:\texlive\2013\bin\win32;C:\Windows\system32;C:\Windows;C:\Windows\System32\Wbem;C:\Windows\System32\WindowsPowerShell\v1.0\;C:\Program Files (x86)\Git\cmd;C:\Program Files\TortoiseGit\bin;C:\Program Files\TortoiseSVN\bin;c:\Program Files (x86)\Microsoft SQL Server\100\Tools\Binn\;c:\Program Files\Microsoft SQL Server\100\Tools\Binn\;c:\Program Files\Microsoft SQL Server\100\DTS\Binn\
USERNAME=alberto.debiasi
OS=Windows_NT
PROCESSOR_IDENTIFIER=Intel64 Family 6 Model 26 Stepping 5, GenuineIntel



---------------  S Y S T E M  ---------------

OS: Windows 7 , 64 bit Build 7601 Service Pack 1

CPU:total 8 (4 cores per cpu, 2 threads per core) family 6 model 26 stepping 5, cmov, cx8, fxsr, mmx, sse, sse2, sse3, ssse3, sse4.1, sse4.2, popcnt, ht, tsc, tscinvbit

Memory: 4k page, physical 12580444k(8220412k free), swap 25159024k(19889164k free)

vm_info: Java HotSpot(TM) 64-Bit Server VM (25.5-b02) for windows-amd64 JRE (1.8.0_05-b13), built on Mar 18 2014 01:08:39 by "java_re" with MS VC++ 10.0 (VS2010)

time: Fri Sep 26 11:12:58 2014
elapsed time: 8 seconds

