#
# A fatal error has been detected by the Java Runtime Environment:
#
#  EXCEPTION_ACCESS_VIOLATION (0xc0000005) at pc=0x000000002280e274, pid=4084, tid=3944
#
# JRE version: Java(TM) SE Runtime Environment (8.0_05-b13) (build 1.8.0_05-b13)
# Java VM: Java HotSpot(TM) 64-Bit Server VM (25.5-b02 mixed mode windows-amd64 compressed oops)
# Problematic frame:
# C  [nvoglv64.DLL+0xb9e274]
#
# Failed to write core dump. Minidumps are not enabled by default on client versions of Windows
#
# If you would like to submit a bug report, please visit:
#   http://bugreport.sun.com/bugreport/crash.jsp
# The crash happened outside the Java Virtual Machine in native code.
# See problematic frame for where to report the bug.
#

---------------  T H R E A D  ---------------

Current thread (0x000000001d872000):  JavaThread "AWT-EventQueue-0" [_thread_in_native, id=3944, stack(0x0000000025c70000,0x0000000025d70000)]

siginfo: ExceptionCode=0xc0000005, reading address 0x0000000052cbfffc

Registers:
RAX=0x0000000000000028, RBX=0x000000004eb10350, RCX=0x0000000052e1e4e8, RDX=0xffffffffffea1b2c
RSP=0x0000000025d6c478, RBP=0x000000001c530000, RSI=0x000000001c530000, RDI=0x0000000024e5fdf0
R8 =0x000000000015eae8, R9 =0x0000000000000000, R10=0x0000000000000000, R11=0x0000000052cc0000
R12=0x0000000000000000, R13=0x00000000003e1aec, R14=0x0000000000000000, R15=0x0000000052b61b2c
RIP=0x000000002280e274, EFLAGS=0x0000000000010206

Top of Stack: (sp=0x0000000025d6c478)
0x0000000025d6c478:   00000000224ec1af 0000000024e5fdf0
0x0000000025d6c488:   00000000774edff7 000000004eb10350
0x0000000025d6c498:   0000000000000000 3ee6b5da82bf656f
0x0000000025d6c4a8:   0000000000000000 0000000052b61b2c
0x0000000025d6c4b8:   0000000000000000 0000000000000000
0x0000000025d6c4c8:   000000000033f530 0000000000000000
0x0000000025d6c4d8:   000000001d872000 0000000000000000
0x0000000025d6c4e8:   00000000000088e4 0000000052b61b2c
0x0000000025d6c4f8:   000000001c530000 00000000003e1aec
0x0000000025d6c508:   00000000003e1aec 000000004eb10350
0x0000000025d6c518:   00000000224ec573 000000004eb10300
0x0000000025d6c528:   00000000003e1a00 0000000000000000
0x0000000025d6c538:   00000000003e1aec 0000000052b61b2c
0x0000000025d6c548:   000000001d872000 000000004eb103aa
0x0000000025d6c558:   00000000223028f5 000000004eb10350
0x0000000025d6c568:   000000001c530000 0000000000000f68 

Instructions: (pc=0x000000002280e274)
0x000000002280e254:   48 81 c1 00 10 00 00 b8 40 00 00 00 4c 8b 4c 0a
0x000000002280e264:   f8 4c 8b 54 0a f0 4c 0f c3 49 f8 4c 0f c3 51 f0
0x000000002280e274:   4c 8b 4c 0a e8 4c 8b 54 0a e0 4c 0f c3 49 e8 4c
0x000000002280e284:   0f c3 51 e0 4c 8b 4c 0a d8 4c 8b 54 0a d0 48 83 


Register to memory mapping:

RAX=0x0000000000000028 is an unknown value
RBX=0x000000004eb10350 is an unknown value
RCX=0x0000000052e1e4e8 is an unknown value
RDX=0xffffffffffea1b2c is an unknown value
RSP=0x0000000025d6c478 is pointing into the stack for thread: 0x000000001d872000
RBP=0x000000001c530000 is pointing into the stack for thread: 0x000000001a191800
RSI=0x000000001c530000 is pointing into the stack for thread: 0x000000001a191800
RDI=0x0000000024e5fdf0 is an unknown value
R8 =0x000000000015eae8 is an unknown value
R9 =0x0000000000000000 is an unknown value
R10=0x0000000000000000 is an unknown value
R11=0x0000000052cc0000 is an unknown value
R12=0x0000000000000000 is an unknown value
R13=0x00000000003e1aec is an unknown value
R14=0x0000000000000000 is an unknown value
R15=0x0000000052b61b2c is an unknown value


Stack: [0x0000000025c70000,0x0000000025d70000],  sp=0x0000000025d6c478,  free space=1009k
Native frames: (J=compiled Java code, j=interpreted, Vv=VM code, C=native code)
C  [nvoglv64.DLL+0xb9e274]

Java frames: (J=compiled Java code, j=interpreted, Vv=VM code)
J 3547  jogamp.opengl.gl4.GL4bcImpl.dispatch_glBufferData(IJLjava/lang/Object;IZIJ)V (0 bytes) @ 0x0000000003593933 [0x00000000035938c0+0x73]
J 3544 C1 jogamp.opengl.gl4.GL4bcImpl$1.create(IJLjava/nio/Buffer;IJ)V (56 bytes) @ 0x0000000003593f54 [0x0000000003593cc0+0x294]
J 3527 C1 jogamp.opengl.GLBufferObjectTracker.createBufferStorage(Ljogamp/opengl/GLBufferStateTracker;Ljavax/media/opengl/GL;IJLjava/nio/Buffer;IILjogamp/opengl/GLBufferObjectTracker$CreateStorageDispatch;J)V (398 bytes) @ 0x0000000003584c8c [0x0000000003582a20+0x226c]
J 3526 C1 jogamp.opengl.gl4.GL4bcImpl.glBufferData(IJLjava/nio/Buffer;I)V (71 bytes) @ 0x0000000003581654 [0x0000000003580a60+0xbf4]
j  it.graphitech.smeSpire.layers.MyRenderableLayer.bindData(Lgov/nasa/worldwind/render/DrawContext;ILjava/nio/FloatBuffer;I)V+33
j  it.graphitech.smeSpire.layers.MyRenderableLayer.doRenderNow(Lgov/nasa/worldwind/render/DrawContext;)V+383
j  it.graphitech.smeSpire.layers.MyRenderableLayer.doRender(Lgov/nasa/worldwind/render/DrawContext;)V+40
J 2961 C1 gov.nasa.worldwind.layers.AbstractLayer.render(Lgov/nasa/worldwind/render/DrawContext;)V (123 bytes) @ 0x00000000033ba7a4 [0x00000000033b8ee0+0x18c4]
J 3158 C1 it.graphitech.shader.ShadingDecorator.render(Lgov/nasa/worldwind/render/DrawContext;Lgov/nasa/worldwind/layers/Layer;)V (311 bytes) @ 0x00000000034749f4 [0x00000000034732c0+0x1734]
J 3072 C1 it.graphitech.shader.DecoratedLayer.render(Lgov/nasa/worldwind/render/DrawContext;)V (13 bytes) @ 0x000000000341bddc [0x000000000341bd40+0x9c]
j  it.graphitech.core.MyAbstractSceneController.draw(Lgov/nasa/worldwind/render/DrawContext;)V+57
j  it.graphitech.core.MyBasicSceneController.doRepaint(Lgov/nasa/worldwind/render/DrawContext;)V+68
j  it.graphitech.core.MyAbstractSceneController.repaint()I+58
j  gov.nasa.worldwind.WorldWindowGLAutoDrawable.doDisplay()I+4
j  gov.nasa.worldwind.WorldWindowGLAutoDrawable.display(Ljavax/media/opengl/GLAutoDrawable;)V+122
j  jogamp.opengl.GLDrawableHelper.displayImpl(Ljavax/media/opengl/GLAutoDrawable;)V+81
j  jogamp.opengl.GLDrawableHelper.display(Ljavax/media/opengl/GLAutoDrawable;)V+2
j  javax.media.opengl.awt.GLCanvas$10.run()V+118
j  jogamp.opengl.GLDrawableHelper.invokeGLImpl(Ljavax/media/opengl/GLDrawable;Ljavax/media/opengl/GLContext;Ljava/lang/Runnable;Ljava/lang/Runnable;)V+206
j  jogamp.opengl.GLDrawableHelper.invokeGL(Ljavax/media/opengl/GLDrawable;Ljavax/media/opengl/GLContext;Ljava/lang/Runnable;Ljava/lang/Runnable;)V+80
j  javax.media.opengl.awt.GLCanvas$11.run()V+73
j  javax.media.opengl.Threading.invoke(ZLjava/lang/Runnable;Ljava/lang/Object;)V+33
j  javax.media.opengl.awt.GLCanvas.display()V+64
j  javax.media.opengl.awt.GLCanvas.paint(Ljava/awt/Graphics;)V+137
j  javax.media.opengl.awt.GLCanvas.update(Ljava/awt/Graphics;)V+2
j  sun.awt.RepaintArea.updateComponent(Ljava/awt/Component;Ljava/awt/Graphics;)V+6
j  sun.awt.RepaintArea.paint(Ljava/lang/Object;Z)V+263
J 3463 C1 sun.awt.windows.WComponentPeer.handleEvent(Ljava/awt/AWTEvent;)V (173 bytes) @ 0x000000000355740c [0x0000000003556740+0xccc]
J 3174 C1 java.awt.Component.dispatchEventImpl(Ljava/awt/AWTEvent;)V (883 bytes) @ 0x00000000034966bc [0x000000000348fde0+0x68dc]
J 3014 C1 java.awt.EventQueue.dispatchEventImpl(Ljava/awt/AWTEvent;Ljava/lang/Object;)V (149 bytes) @ 0x00000000033e5814 [0x00000000033e41c0+0x1654]
J 3012 C1 java.awt.EventQueue$3.run()Ljava/lang/Void; (60 bytes) @ 0x00000000033e35cc [0x00000000033e33c0+0x20c]
J 3011 C1 java.awt.EventQueue$3.run()Ljava/lang/Object; (5 bytes) @ 0x00000000033e3084 [0x00000000033e3000+0x84]
v  ~StubRoutines::call_stub
J 1120  java.security.AccessController.doPrivileged(Ljava/security/PrivilegedAction;Ljava/security/AccessControlContext;)Ljava/lang/Object; (0 bytes) @ 0x0000000002d8bfa6 [0x0000000002d8bf40+0x66]
J 2822 C1 java.security.ProtectionDomain$1.doIntersectionPrivilege(Ljava/security/PrivilegedAction;Ljava/security/AccessControlContext;Ljava/security/AccessControlContext;)Ljava/lang/Object; (32 bytes) @ 0x0000000003333714 [0x0000000003333420+0x2f4]
J 3210 C1 java.awt.EventQueue$4.run()Ljava/lang/Object; (5 bytes) @ 0x00000000034cdd74 [0x00000000034cd9a0+0x3d4]
v  ~StubRoutines::call_stub
J 1120  java.security.AccessController.doPrivileged(Ljava/security/PrivilegedAction;Ljava/security/AccessControlContext;)Ljava/lang/Object; (0 bytes) @ 0x0000000002d8bfa6 [0x0000000002d8bf40+0x66]
J 2840 C1 java.awt.EventQueue.dispatchEvent(Ljava/awt/AWTEvent;)V (80 bytes) @ 0x000000000333df24 [0x000000000333d300+0xc24]
J 2843 C1 java.awt.EventDispatchThread.pumpOneEventForFilters(I)V (295 bytes) @ 0x0000000003340ae4 [0x000000000333efc0+0x1b24]
j  java.awt.EventDispatchThread.pumpEventsForFilter(ILjava/awt/Conditional;Ljava/awt/EventFilter;)V+35
j  java.awt.EventDispatchThread.pumpEventsForHierarchy(ILjava/awt/Conditional;Ljava/awt/Component;)V+11
j  java.awt.EventDispatchThread.pumpEvents(ILjava/awt/Conditional;)V+4
j  java.awt.EventDispatchThread.pumpEvents(Ljava/awt/Conditional;)V+3
j  java.awt.EventDispatchThread.run()V+9
v  ~StubRoutines::call_stub

---------------  P R O C E S S  ---------------

Java Threads: ( => current thread )
  0x000000001de8d000 JavaThread "Idle World Wind Task " daemon [_thread_blocked, id=3852, stack(0x000000002c360000,0x000000002c460000)]
  0x000000001de8c800 JavaThread "Idle World Wind Task " daemon [_thread_blocked, id=4168, stack(0x000000002c100000,0x000000002c200000)]
  0x000000001de8b800 JavaThread "Idle World Wind Task " daemon [_thread_blocked, id=3128, stack(0x000000002bfc0000,0x000000002c0c0000)]
  0x000000001de8b000 JavaThread "Idle World Wind Task " daemon [_thread_blocked, id=3864, stack(0x000000002be00000,0x000000002bf00000)]
  0x000000001de8a000 JavaThread "Idle World Wind Task " daemon [_thread_blocked, id=4492, stack(0x000000002b4d0000,0x000000002b5d0000)]
  0x000000001de89800 JavaThread "D3D Screen Updater" daemon [_thread_blocked, id=2156, stack(0x0000000029300000,0x0000000029400000)]
  0x000000001de88800 JavaThread "DestroyJavaVM" [_thread_blocked, id=3900, stack(0x0000000002590000,0x0000000002690000)]
  0x000000001de88000 JavaThread "Thread-40" daemon [_thread_in_native, id=4372, stack(0x0000000028e50000,0x0000000028f50000)]
  0x000000001de87000 JavaThread "Thread-39" [_thread_blocked, id=1920, stack(0x0000000028c70000,0x0000000028d70000)]
  0x000000001de86000 JavaThread "Thread-38" daemon [_thread_in_native, id=3124, stack(0x0000000028b40000,0x0000000028c40000)]
  0x000000001de85800 JavaThread "Thread-37" [_thread_blocked, id=4724, stack(0x0000000028a20000,0x0000000028b20000)]
  0x000000001de84800 JavaThread "Thread-36" daemon [_thread_in_native, id=2508, stack(0x00000000288a0000,0x00000000289a0000)]
  0x000000001de84000 JavaThread "Thread-35" [_thread_blocked, id=1336, stack(0x0000000028770000,0x0000000028870000)]
  0x000000001de83000 JavaThread "Thread-34" daemon [_thread_in_native, id=4736, stack(0x00000000285b0000,0x00000000286b0000)]
  0x000000001de82800 JavaThread "Thread-33" [_thread_blocked, id=1464, stack(0x00000000283a0000,0x00000000284a0000)]
  0x000000001de81800 JavaThread "Thread-32" daemon [_thread_in_native, id=1116, stack(0x0000000027ec0000,0x0000000027fc0000)]
  0x000000001de81000 JavaThread "Thread-31" [_thread_blocked, id=460, stack(0x0000000028210000,0x0000000028310000)]
  0x000000001de80000 JavaThread "Thread-30" daemon [_thread_in_native, id=3788, stack(0x0000000027fc0000,0x00000000280c0000)]
  0x000000001d87d000 JavaThread "Thread-29" daemon [_thread_in_native, id=1652, stack(0x0000000027dc0000,0x0000000027ec0000)]
  0x000000001d87c800 JavaThread "Thread-28" [_thread_blocked, id=3228, stack(0x0000000027c50000,0x0000000027d50000)]
  0x000000001d87b800 JavaThread "Thread-27" [_thread_blocked, id=2368, stack(0x0000000025dc0000,0x0000000025ec0000)]
  0x000000001d87b000 JavaThread "Thread-26" daemon [_thread_in_native, id=1064, stack(0x0000000027820000,0x0000000027920000)]
  0x000000001d87a000 JavaThread "Thread-25" [_thread_blocked, id=4016, stack(0x0000000027a60000,0x0000000027b60000)]
  0x000000001d879800 JavaThread "Thread-24" daemon [_thread_in_native, id=3780, stack(0x0000000027920000,0x0000000027a20000)]
  0x000000001d878800 JavaThread "Thread-23" [_thread_blocked, id=3980, stack(0x0000000027700000,0x0000000027800000)]
  0x000000001d878000 JavaThread "Thread-22" daemon [_thread_in_native, id=3016, stack(0x000000001ecf0000,0x000000001edf0000)]
  0x000000001d877000 JavaThread "Thread-21" [_thread_blocked, id=1112, stack(0x0000000026470000,0x0000000026570000)]
  0x000000001d876800 JavaThread "Thread-20" daemon [_thread_in_native, id=2004, stack(0x0000000023820000,0x0000000023920000)]
  0x000000001d875800 JavaThread "Thread-19" [_thread_blocked, id=3212, stack(0x0000000025b10000,0x0000000025c10000)]
  0x000000001d875000 JavaThread "Thread-18" daemon [_thread_in_native, id=2592, stack(0x0000000025920000,0x0000000025a20000)]
  0x000000001d86f000 JavaThread "Thread-17" [_thread_blocked, id=4652, stack(0x00000000256d0000,0x00000000257d0000)]
  0x000000001d874000 JavaThread "Thread-16" daemon [_thread_in_native, id=2128, stack(0x00000000216d0000,0x00000000217d0000)]
  0x000000001d872800 JavaThread "Thread-15" [_thread_blocked, id=1008, stack(0x0000000025490000,0x0000000025590000)]
  0x000000001d873800 JavaThread "Keep-Alive-Timer" daemon [_thread_blocked, id=448, stack(0x00000000265e0000,0x00000000266e0000)]
=>0x000000001d872000 JavaThread "AWT-EventQueue-0" [_thread_in_native, id=3944, stack(0x0000000025c70000,0x0000000025d70000)]
  0x000000001d871000 JavaThread "AWT-Shutdown" [_thread_blocked, id=3916, stack(0x0000000026370000,0x0000000026470000)]
  0x000000001d870800 JavaThread "Thread-13" daemon [_thread_blocked, id=2152, stack(0x0000000026270000,0x0000000026370000)]
  0x000000001d86f800 JavaThread "TimerQueue" daemon [_thread_blocked, id=3604, stack(0x0000000026130000,0x0000000026230000)]
  0x000000001d46f000 JavaThread "main-SharedResourceRunner" daemon [_thread_blocked, id=2144, stack(0x00000000215c0000,0x00000000216c0000)]
  0x000000001dd4b800 JavaThread "AWT-Windows" daemon [_thread_in_native, id=3536, stack(0x000000001ced0000,0x000000001cfd0000)]
  0x000000001e071800 JavaThread "Java2D Disposer" daemon [_thread_blocked, id=3884, stack(0x000000001ebb0000,0x000000001ecb0000)]
  0x000000001b2d7000 JavaThread "Service Thread" daemon [_thread_blocked, id=2940, stack(0x000000001d0a0000,0x000000001d1a0000)]
  0x000000001b27e800 JavaThread "C1 CompilerThread3" daemon [_thread_blocked, id=1108, stack(0x000000001cdb0000,0x000000001ceb0000)]
  0x000000001b262800 JavaThread "C2 CompilerThread2" daemon [_thread_blocked, id=5096, stack(0x000000001cc70000,0x000000001cd70000)]
  0x000000001b259800 JavaThread "C2 CompilerThread1" daemon [_thread_blocked, id=1932, stack(0x000000001ca80000,0x000000001cb80000)]
  0x000000001b252000 JavaThread "C2 CompilerThread0" daemon [_thread_blocked, id=728, stack(0x000000001c920000,0x000000001ca20000)]
  0x000000001b251000 JavaThread "Attach Listener" daemon [_thread_blocked, id=4200, stack(0x000000001c7d0000,0x000000001c8d0000)]
  0x000000001b250000 JavaThread "Signal Dispatcher" daemon [_thread_blocked, id=3136, stack(0x000000001c5f0000,0x000000001c6f0000)]
  0x000000001a19a800 JavaThread "Finalizer" daemon [_thread_blocked, id=4176, stack(0x000000001c2c0000,0x000000001c3c0000)]
  0x000000001a191800 JavaThread "Reference Handler" daemon [_thread_blocked, id=1636, stack(0x000000001c430000,0x000000001c530000)]

Other Threads:
  0x000000001b200800 VMThread [stack: 0x000000001c170000,0x000000001c270000] [id=3700]
  0x000000001b2ec800 WatcherThread [stack: 0x000000001d280000,0x000000001d380000] [id=3116]

VM state:not at safepoint (normal execution)

VM Mutex/Monitor currently owned by a thread: None

Heap:
 PSYoungGen      total 208896K, used 141867K [0x0000000780000000, 0x0000000790c80000, 0x00000007c0000000)
  eden space 204288K, 69% used [0x0000000780000000,0x0000000788a8adc8,0x000000078c780000)
  from space 4608K, 0% used [0x000000078c780000,0x000000078c780000,0x000000078cc00000)
  to   space 4608K, 0% used [0x0000000790800000,0x0000000790800000,0x0000000790c80000)
 ParOldGen       total 20480K, used 16041K [0x0000000700000000, 0x0000000701400000, 0x0000000780000000)
  object space 20480K, 78% used [0x0000000700000000,0x0000000700faa5e8,0x0000000701400000)
 Metaspace       used 23296K, capacity 23493K, committed 23680K, reserved 1071104K
  class space    used 2564K, capacity 2623K, committed 2688K, reserved 1048576K

Card table byte_map: [0x0000000011d20000,0x0000000012330000] byte_map_base: 0x000000000e520000

Marking Bits: (ParMarkBitMap*) 0x0000000063f913b0
 Begin Bits: [0x00000000131b0000, 0x00000000161b0000)
 End Bits:   [0x00000000161b0000, 0x00000000191b0000)

Polling page: 0x0000000000230000

CodeCache: size=245760Kb used=12576Kb max_used=12581Kb free=233183Kb
 bounds [0x0000000002960000, 0x00000000035c0000, 0x0000000011960000]
 total_blobs=4451 nmethods=3508 adapters=856
 compilation: enabled

Compilation events (10 events):
Event: 12.457 Thread 0x000000001b27e800 nmethod 3577 0x00000000035a63d0 code [0x00000000035a6560, 0x00000000035a6818]
Event: 12.457 Thread 0x000000001b27e800 3578       3       it.graphitech.smeSpire.lines.cubicCurve.CubicSplinePolyline::setArrayBufferData (62 bytes)
Event: 12.457 Thread 0x000000001b27e800 nmethod 3578 0x00000000035ade10 code [0x00000000035adfe0, 0x00000000035ae6e8]
Event: 12.457 Thread 0x000000001b27e800 3579       3       it.graphitech.smeSpire.lines.cubicCurve.CubicSplinePolyline::setArrayIndices (60 bytes)
Event: 12.457 Thread 0x000000001b27e800 nmethod 3579 0x00000000035ad210 code [0x00000000035ad3e0, 0x00000000035adae8]
Event: 12.457 Thread 0x000000001b27e800 3580       3       it.graphitech.smeSpire.lines.cubicCurve.CubicSplinePolyline::drawLines (124 bytes)
Event: 12.458 Thread 0x000000001b27e800 nmethod 3580 0x00000000035ac010 code [0x00000000035ac240, 0x00000000035ace78]
Event: 12.461 Thread 0x000000001b259800 nmethod 3571 0x00000000035b3ad0 code [0x00000000035b3cc0, 0x00000000035b47d8]
Event: 12.482 Thread 0x000000001b27e800 3581       1       java.nio.DirectFloatBufferU::isDirect (2 bytes)
Event: 12.482 Thread 0x000000001b27e800 nmethod 3581 0x00000000035a4310 code [0x00000000035a4460, 0x00000000035a4570]

GC Heap History (10 events):
Event: 3.234 GC heap before
{Heap before GC invocations=22 (full 0):
 PSYoungGen      total 106496K, used 106464K [0x0000000780000000, 0x0000000789880000, 0x00000007c0000000)
  eden space 103936K, 100% used [0x0000000780000000,0x0000000786580000,0x0000000786580000)
  from space 2560K, 98% used [0x0000000786580000,0x00000007867f82d8,0x0000000786800000)
  to   space 5120K, 0% used [0x0000000789380000,0x0000000789380000,0x0000000789880000)
 ParOldGen       total 195072K, used 12371K [0x0000000700000000, 0x000000070be80000, 0x0000000780000000)
  object space 195072K, 6% used [0x0000000700000000,0x0000000700c14fd8,0x000000070be80000)
 Metaspace       used 19949K, capacity 20167K, committed 20480K, reserved 1067008K
  class space    used 2197K, capacity 2266K, committed 2304K, reserved 1048576K
Event: 3.237 GC heap after
Heap after GC invocations=22 (full 0):
 PSYoungGen      total 151040K, used 160K [0x0000000780000000, 0x0000000789880000, 0x00000007c0000000)
  eden space 145920K, 0% used [0x0000000780000000,0x0000000780000000,0x0000000788e80000)
  from space 5120K, 3% used [0x0000000789380000,0x00000007893a8000,0x0000000789880000)
  to   space 5120K, 0% used [0x0000000788e80000,0x0000000788e80000,0x0000000789380000)
 ParOldGen       total 195072K, used 14874K [0x0000000700000000, 0x000000070be80000, 0x0000000780000000)
  object space 195072K, 7% used [0x0000000700000000,0x0000000700e86b58,0x000000070be80000)
 Metaspace       used 19949K, capacity 20167K, committed 20480K, reserved 1067008K
  class space    used 2197K, capacity 2266K, committed 2304K, reserved 1048576K
}
Event: 3.597 GC heap before
{Heap before GC invocations=23 (full 0):
 PSYoungGen      total 151040K, used 146080K [0x0000000780000000, 0x0000000789880000, 0x00000007c0000000)
  eden space 145920K, 100% used [0x0000000780000000,0x0000000788e80000,0x0000000788e80000)
  from space 5120K, 3% used [0x0000000789380000,0x00000007893a8000,0x0000000789880000)
  to   space 5120K, 0% used [0x0000000788e80000,0x0000000788e80000,0x0000000789380000)
 ParOldGen       total 195072K, used 14874K [0x0000000700000000, 0x000000070be80000, 0x0000000780000000)
  object space 195072K, 7% used [0x0000000700000000,0x0000000700e86b58,0x000000070be80000)
 Metaspace       used 19962K, capacity 20167K, committed 20480K, reserved 1067008K
  class space    used 2197K, capacity 2266K, committed 2304K, reserved 1048576K
Event: 3.600 GC heap after
Heap after GC invocations=23 (full 0):
 PSYoungGen      total 151040K, used 1136K [0x0000000780000000, 0x000000078d080000, 0x00000007c0000000)
  eden space 145920K, 0% used [0x0000000780000000,0x0000000780000000,0x0000000788e80000)
  from space 5120K, 22% used [0x0000000788e80000,0x0000000788f9c010,0x0000000789380000)
  to   space 4608K, 0% used [0x000000078cc00000,0x000000078cc00000,0x000000078d080000)
 ParOldGen       total 195072K, used 14982K [0x0000000700000000, 0x000000070be80000, 0x0000000780000000)
  object space 195072K, 7% used [0x0000000700000000,0x0000000700ea1b68,0x000000070be80000)
 Metaspace       used 19962K, capacity 20167K, committed 20480K, reserved 1067008K
  class space    used 2197K, capacity 2266K, committed 2304K, reserved 1048576K
}
Event: 3.900 GC heap before
{Heap before GC invocations=24 (full 0):
 PSYoungGen      total 151040K, used 147056K [0x0000000780000000, 0x000000078d080000, 0x00000007c0000000)
  eden space 145920K, 100% used [0x0000000780000000,0x0000000788e80000,0x0000000788e80000)
  from space 5120K, 22% used [0x0000000788e80000,0x0000000788f9c010,0x0000000789380000)
  to   space 4608K, 0% used [0x000000078cc00000,0x000000078cc00000,0x000000078d080000)
 ParOldGen       total 195072K, used 14982K [0x0000000700000000, 0x000000070be80000, 0x0000000780000000)
  object space 195072K, 7% used [0x0000000700000000,0x0000000700ea1b68,0x000000070be80000)
 Metaspace       used 19963K, capacity 20167K, committed 20480K, reserved 1067008K
  class space    used 2197K, capacity 2266K, committed 2304K, reserved 1048576K
Event: 3.935 GC heap after
Heap after GC invocations=24 (full 0):
 PSYoungGen      total 208896K, used 64K [0x0000000780000000, 0x000000078d080000, 0x00000007c0000000)
  eden space 204288K, 0% used [0x0000000780000000,0x0000000780000000,0x000000078c780000)
  from space 4608K, 1% used [0x000000078cc00000,0x000000078cc10000,0x000000078d080000)
  to   space 4608K, 0% used [0x000000078c780000,0x000000078c780000,0x000000078cc00000)
 ParOldGen       total 195072K, used 16046K [0x0000000700000000, 0x000000070be80000, 0x0000000780000000)
  object space 195072K, 8% used [0x0000000700000000,0x0000000700fabb88,0x000000070be80000)
 Metaspace       used 19963K, capacity 20167K, committed 20480K, reserved 1067008K
  class space    used 2197K, capacity 2266K, committed 2304K, reserved 1048576K
}
Event: 4.045 GC heap before
{Heap before GC invocations=25 (full 0):
 PSYoungGen      total 208896K, used 30885K [0x0000000780000000, 0x000000078d080000, 0x00000007c0000000)
  eden space 204288K, 15% used [0x0000000780000000,0x0000000781e195c0,0x000000078c780000)
  from space 4608K, 1% used [0x000000078cc00000,0x000000078cc10000,0x000000078d080000)
  to   space 4608K, 0% used [0x000000078c780000,0x000000078c780000,0x000000078cc00000)
 ParOldGen       total 195072K, used 16046K [0x0000000700000000, 0x000000070be80000, 0x0000000780000000)
  object space 195072K, 8% used [0x0000000700000000,0x0000000700fabb88,0x000000070be80000)
 Metaspace       used 20915K, capacity 21107K, committed 21296K, reserved 1069056K
  class space    used 2314K, capacity 2364K, committed 2432K, reserved 1048576K
Event: 4.049 GC heap after
Heap after GC invocations=25 (full 0):
 PSYoungGen      total 208896K, used 2304K [0x0000000780000000, 0x0000000790c80000, 0x00000007c0000000)
  eden space 204288K, 0% used [0x0000000780000000,0x0000000780000000,0x000000078c780000)
  from space 4608K, 50% used [0x000000078c780000,0x000000078c9c0000,0x000000078cc00000)
  to   space 4608K, 0% used [0x0000000790800000,0x0000000790800000,0x0000000790c80000)
 ParOldGen       total 195072K, used 16062K [0x0000000700000000, 0x000000070be80000, 0x0000000780000000)
  object space 195072K, 8% used [0x0000000700000000,0x0000000700fafb88,0x000000070be80000)
 Metaspace       used 20915K, capacity 21107K, committed 21296K, reserved 1069056K
  class space    used 2314K, capacity 2364K, committed 2432K, reserved 1048576K
}
Event: 4.049 GC heap before
{Heap before GC invocations=26 (full 1):
 PSYoungGen      total 208896K, used 2304K [0x0000000780000000, 0x0000000790c80000, 0x00000007c0000000)
  eden space 204288K, 0% used [0x0000000780000000,0x0000000780000000,0x000000078c780000)
  from space 4608K, 50% used [0x000000078c780000,0x000000078c9c0000,0x000000078cc00000)
  to   space 4608K, 0% used [0x0000000790800000,0x0000000790800000,0x0000000790c80000)
 ParOldGen       total 195072K, used 16062K [0x0000000700000000, 0x000000070be80000, 0x0000000780000000)
  object space 195072K, 8% used [0x0000000700000000,0x0000000700fafb88,0x000000070be80000)
 Metaspace       used 20915K, capacity 21107K, committed 21296K, reserved 1069056K
  class space    used 2314K, capacity 2364K, committed 2432K, reserved 1048576K
Event: 4.180 GC heap after
Heap after GC invocations=26 (full 1):
 PSYoungGen      total 208896K, used 0K [0x0000000780000000, 0x0000000790c80000, 0x00000007c0000000)
  eden space 204288K, 0% used [0x0000000780000000,0x0000000780000000,0x000000078c780000)
  from space 4608K, 0% used [0x000000078c780000,0x000000078c780000,0x000000078cc00000)
  to   space 4608K, 0% used [0x0000000790800000,0x0000000790800000,0x0000000790c80000)
 ParOldGen       total 20480K, used 16041K [0x0000000700000000, 0x0000000701400000, 0x0000000780000000)
  object space 20480K, 78% used [0x0000000700000000,0x0000000700faa5e8,0x0000000701400000)
 Metaspace       used 20915K, capacity 21107K, committed 21296K, reserved 1069056K
  class space    used 2314K, capacity 2364K, committed 2432K, reserved 1048576K
}

Deoptimization events (10 events):
Event: 2.789 Thread 0x000000001e08d000 Uncommon trap: reason=unloaded action=reinterpret pc=0x0000000002eebad0 method=sun.misc.FloatingDecimal$ASCIIToBinaryBuffer.doubleValue()D @ 664
Event: 3.998 Thread 0x000000001dd4b800 Uncommon trap: reason=class_check action=maybe_recompile pc=0x0000000002c98d5c method=java.util.HashMap.putVal(ILjava/lang/Object;Ljava/lang/Object;ZZ)Ljava/lang/Object; @ 203
Event: 3.998 Thread 0x000000001dd4b800 Uncommon trap: reason=bimorphic action=maybe_recompile pc=0x0000000002c98da4 method=java.util.HashMap.putVal(ILjava/lang/Object;Ljava/lang/Object;ZZ)Ljava/lang/Object; @ 91
Event: 3.998 Thread 0x000000001dd4b800 Uncommon trap: reason=class_check action=maybe_recompile pc=0x0000000002c98d5c method=java.util.HashMap.putVal(ILjava/lang/Object;Ljava/lang/Object;ZZ)Ljava/lang/Object; @ 203
Event: 3.998 Thread 0x000000001dd4b800 Uncommon trap: reason=class_check action=maybe_recompile pc=0x0000000002c98d5c method=java.util.HashMap.putVal(ILjava/lang/Object;Ljava/lang/Object;ZZ)Ljava/lang/Object; @ 203
Event: 3.998 Thread 0x000000001dd4b800 Uncommon trap: reason=bimorphic action=maybe_recompile pc=0x0000000002c98da4 method=java.util.HashMap.putVal(ILjava/lang/Object;Ljava/lang/Object;ZZ)Ljava/lang/Object; @ 91
Event: 4.023 Thread 0x0000000001e6e800 Uncommon trap: reason=class_check action=maybe_recompile pc=0x0000000002f206d0 method=java.util.AbstractCollection.toArray([Ljava/lang/Object;)[Ljava/lang/Object; @ 1
Event: 4.023 Thread 0x0000000001e6e800 Uncommon trap: reason=class_check action=maybe_recompile pc=0x0000000002f206d0 method=java.util.AbstractCollection.toArray([Ljava/lang/Object;)[Ljava/lang/Object; @ 1
Event: 4.030 Thread 0x0000000001e6e800 Uncommon trap: reason=predicate action=maybe_recompile pc=0x0000000002eea644 method=java.util.ArrayList.indexOf(Ljava/lang/Object;)I @ 44
Event: 4.031 Thread 0x0000000001e6e800 Uncommon trap: reason=predicate action=maybe_recompile pc=0x0000000002f51d48 method=java.util.ArrayList.indexOf(Ljava/lang/Object;)I @ 44

Internal exceptions (10 events):
Event: 5.216 Thread 0x000000001d872000 Exception <a 'java/security/PrivilegedActionException'> (0x0000000783ccace0) thrown at [D:\re\workspace\8-2-build-windows-amd64-cygwin\jdk8u5\2488\hotspot\src\share\vm\prims\jvm.cpp, line 1248]
Event: 5.217 Thread 0x000000001d872000 Exception <a 'java/security/PrivilegedActionException'> (0x0000000783cccaf0) thrown at [D:\re\workspace\8-2-build-windows-amd64-cygwin\jdk8u5\2488\hotspot\src\share\vm\prims\jvm.cpp, line 1248]
Event: 5.217 Thread 0x000000001d872000 Exception <a 'java/security/PrivilegedActionException'> (0x0000000783cd2060) thrown at [D:\re\workspace\8-2-build-windows-amd64-cygwin\jdk8u5\2488\hotspot\src\share\vm\prims\jvm.cpp, line 1248]
Event: 5.218 Thread 0x000000001d872000 Exception <a 'java/security/PrivilegedActionException'> (0x0000000783cd6758) thrown at [D:\re\workspace\8-2-build-windows-amd64-cygwin\jdk8u5\2488\hotspot\src\share\vm\prims\jvm.cpp, line 1248]
Event: 5.226 Thread 0x000000001d872000 Exception <a 'java/security/PrivilegedActionException'> (0x0000000783cdfc58) thrown at [D:\re\workspace\8-2-build-windows-amd64-cygwin\jdk8u5\2488\hotspot\src\share\vm\prims\jvm.cpp, line 1248]
Event: 5.226 Thread 0x000000001d872000 Exception <a 'java/security/PrivilegedActionException'> (0x0000000783ce1d98) thrown at [D:\re\workspace\8-2-build-windows-amd64-cygwin\jdk8u5\2488\hotspot\src\share\vm\prims\jvm.cpp, line 1248]
Event: 5.378 Thread 0x000000001de8a000 Exception <a 'java/security/PrivilegedActionException'> (0x0000000783e8d910) thrown at [D:\re\workspace\8-2-build-windows-amd64-cygwin\jdk8u5\2488\hotspot\src\share\vm\prims\jvm.cpp, line 1248]
Event: 7.106 Thread 0x000000001d872000 Exception <a 'java/security/PrivilegedActionException'> (0x00000007844c1020) thrown at [D:\re\workspace\8-2-build-windows-amd64-cygwin\jdk8u5\2488\hotspot\src\share\vm\prims\jvm.cpp, line 1248]
Event: 7.107 Thread 0x000000001d872000 Exception <a 'java/security/PrivilegedActionException'> (0x00000007844c5fa8) thrown at [D:\re\workspace\8-2-build-windows-amd64-cygwin\jdk8u5\2488\hotspot\src\share\vm\prims\jvm.cpp, line 1248]
Event: 12.342 Thread 0x000000001d872000 Exception <a 'java/security/PrivilegedActionException'> (0x00000007869947b0) thrown at [D:\re\workspace\8-2-build-windows-amd64-cygwin\jdk8u5\2488\hotspot\src\share\vm\prims\jvm.cpp, line 1248]

Events (10 events):
Event: 12.434 Thread 0x000000001d872000 DEOPT PACKING pc=0x000000000358c439 sp=0x0000000025d6ca40
Event: 12.434 Thread 0x000000001d872000 DEOPT UNPACKING pc=0x00000000029a7204 sp=0x0000000025d6c7e0 mode 0
Event: 12.436 Thread 0x000000001d872000 DEOPT PACKING pc=0x000000000358c439 sp=0x0000000025d6ca40
Event: 12.436 Thread 0x000000001d872000 DEOPT UNPACKING pc=0x00000000029a7204 sp=0x0000000025d6c7e0 mode 0
Event: 12.438 Thread 0x000000001d872000 DEOPT PACKING pc=0x000000000358c439 sp=0x0000000025d6ca40
Event: 12.438 Thread 0x000000001d872000 DEOPT UNPACKING pc=0x00000000029a7204 sp=0x0000000025d6c7e0 mode 0
Event: 12.440 Thread 0x000000001d872000 DEOPT PACKING pc=0x000000000358c439 sp=0x0000000025d6ca40
Event: 12.440 Thread 0x000000001d872000 DEOPT UNPACKING pc=0x00000000029a7204 sp=0x0000000025d6c7e0 mode 0
Event: 12.446 Thread 0x000000001d872000 DEOPT PACKING pc=0x000000000358c439 sp=0x0000000025d6ca40
Event: 12.446 Thread 0x000000001d872000 DEOPT UNPACKING pc=0x00000000029a7204 sp=0x0000000025d6c7e0 mode 0


Dynamic libraries:
0x000000013ffd0000 - 0x0000000140004000 	C:\Program Files\Java\jre8\bin\javaw.exe
0x0000000077600000 - 0x00000000777a9000 	C:\Windows\SYSTEM32\ntdll.dll
0x00000000774e0000 - 0x00000000775ff000 	C:\Windows\system32\kernel32.dll
0x000007fefd760000 - 0x000007fefd7cc000 	C:\Windows\system32\KERNELBASE.dll
0x000007fefd920000 - 0x000007fefd9fb000 	C:\Windows\system32\ADVAPI32.dll
0x000007feff790000 - 0x000007feff82f000 	C:\Windows\system32\msvcrt.dll
0x000007fefeee0000 - 0x000007fefeeff000 	C:\Windows\SYSTEM32\sechost.dll
0x000007feff010000 - 0x000007feff13d000 	C:\Windows\system32\RPCRT4.dll
0x00000000773e0000 - 0x00000000774da000 	C:\Windows\system32\USER32.dll
0x000007feff490000 - 0x000007feff4f7000 	C:\Windows\system32\GDI32.dll
0x000007feff480000 - 0x000007feff48e000 	C:\Windows\system32\LPK.dll
0x000007feff840000 - 0x000007feff909000 	C:\Windows\system32\USP10.dll
0x000007fefbfe0000 - 0x000007fefc1d4000 	C:\Windows\WinSxS\amd64_microsoft.windows.common-controls_6595b64144ccf1df_6.0.7601.17514_none_fa396087175ac9ac\COMCTL32.dll
0x000007fefd8a0000 - 0x000007fefd911000 	C:\Windows\system32\SHLWAPI.dll
0x000007fefd870000 - 0x000007fefd89e000 	C:\Windows\system32\IMM32.DLL
0x000007fefef00000 - 0x000007feff009000 	C:\Windows\system32\MSCTF.dll
0x0000000073a10000 - 0x0000000073a90000 	c:\program files (x86)\f-secure\hips\fshook64.dll
0x00000000777c0000 - 0x00000000777c7000 	C:\Windows\system32\PSAPI.DLL
0x00000000678f0000 - 0x00000000679c2000 	C:\Program Files\Java\jre8\bin\msvcr100.dll
0x00000000637e0000 - 0x000000006400a000 	C:\Program Files\Java\jre8\bin\server\jvm.dll
0x000007fefa380000 - 0x000007fefa389000 	C:\Windows\system32\WSOCK32.dll
0x000007fefed20000 - 0x000007fefed6d000 	C:\Windows\system32\WS2_32.dll
0x000007feff830000 - 0x000007feff838000 	C:\Windows\system32\NSI.dll
0x000007fefaf60000 - 0x000007fefaf9b000 	C:\Windows\system32\WINMM.dll
0x00000000715b0000 - 0x00000000715bf000 	C:\Program Files\Java\jre8\bin\verify.dll
0x0000000071580000 - 0x00000000715a8000 	C:\Program Files\Java\jre8\bin\java.dll
0x0000000071560000 - 0x0000000071576000 	C:\Program Files\Java\jre8\bin\zip.dll
0x000007fefdc40000 - 0x000007fefe9c8000 	C:\Windows\system32\SHELL32.dll
0x000007feff580000 - 0x000007feff783000 	C:\Windows\system32\ole32.dll
0x000007fefd410000 - 0x000007fefd41f000 	C:\Windows\system32\profapi.dll
0x00000000728f0000 - 0x0000000072a86000 	C:\Program Files\Java\jre8\bin\awt.dll
0x000007feff140000 - 0x000007feff217000 	C:\Windows\system32\OLEAUT32.dll
0x000007fefb850000 - 0x000007fefb868000 	C:\Windows\system32\DWMAPI.DLL
0x000007fefbdb0000 - 0x000007fefbe06000 	C:\Windows\system32\uxtheme.dll
0x000007fefd2b0000 - 0x000007fefd2bf000 	C:\Windows\system32\CRYPTBASE.dll
0x000007fef7900000 - 0x000007fef7aff000 	C:\Windows\system32\d3d9.dll
0x000007fefc4d0000 - 0x000007fefc4dc000 	C:\Windows\system32\VERSION.dll
0x000007fef8b70000 - 0x000007fef8b77000 	C:\Windows\system32\d3d8thk.dll
0x000007feebe60000 - 0x000007feeccfb000 	C:\Windows\system32\nvd3dumx.dll
0x000007fefb550000 - 0x000007fefb57c000 	C:\Windows\system32\powrprof.dll
0x000007fefda60000 - 0x000007fefdc37000 	C:\Windows\system32\SETUPAPI.dll
0x000007fefd480000 - 0x000007fefd4b6000 	C:\Windows\system32\CFGMGR32.dll
0x000007fefd450000 - 0x000007fefd46a000 	C:\Windows\system32\DEVOBJ.dll
0x000007fefccf0000 - 0x000007fefcd07000 	C:\Windows\system32\CRYPTSP.dll
0x000007fefc910000 - 0x000007fefc957000 	C:\Windows\system32\rsaenh.dll
0x000007fefd740000 - 0x000007fefd75e000 	C:\Windows\system32\USERENV.dll
0x0000000071540000 - 0x000000007155a000 	C:\Program Files\Java\jre8\bin\net.dll
0x000007fefcc90000 - 0x000007fefcce5000 	C:\Windows\system32\mswsock.dll
0x000007fefcc80000 - 0x000007fefcc87000 	C:\Windows\System32\wship6.dll
0x000007fefafb0000 - 0x000007fefafd7000 	C:\Windows\system32\IPHLPAPI.DLL
0x000007fefaee0000 - 0x000007fefaeeb000 	C:\Windows\system32\WINNSI.DLL
0x000007fefa830000 - 0x000007fefa841000 	C:\Windows\system32\dhcpcsvc6.DLL
0x000007fefa460000 - 0x000007fefa478000 	C:\Windows\system32\dhcpcsvc.DLL
0x0000000071520000 - 0x0000000071531000 	C:\Program Files\Java\jre8\bin\nio.dll
0x00000000637c0000 - 0x00000000637cd000 	C:\Users\alberto.debiasi\AppData\Local\Temp\jogamp_0000\file_cache\jln3309075634011850215\jln6340115777934919612\gluegen-rt.dll
0x0000000073aa0000 - 0x0000000073aa7000 	C:\Program Files\Java\jre8\bin\jawt.dll
0x000000006a440000 - 0x000000006a44d000 	C:\Users\alberto.debiasi\AppData\Local\Temp\jogamp_0000\file_cache\jln3309075634011850215\jln6340115777934919612\nativewindow_awt.dll
0x000000006c100000 - 0x000000006c10f000 	C:\Users\alberto.debiasi\AppData\Local\Temp\jogamp_0000\file_cache\jln3309075634011850215\jln6340115777934919612\nativewindow_win32.dll
0x000007fef1d20000 - 0x000007fef1e3d000 	C:\Windows\system32\OpenGL32.dll
0x000007fefa800000 - 0x000007fefa82d000 	C:\Windows\system32\GLU32.dll
0x000007fef1c20000 - 0x000007fef1d11000 	C:\Windows\system32\DDRAW.dll
0x000007fefa8b0000 - 0x000007fefa8b8000 	C:\Windows\system32\DCIMAN32.dll
0x0000000064500000 - 0x00000000645a0000 	C:\Users\alberto.debiasi\AppData\Local\Temp\jogamp_0000\file_cache\jln3309075634011850215\jln6340115777934919612\jogl_desktop.dll
0x0000000021c70000 - 0x00000000231e4000 	C:\Windows\system32\nvoglv64.DLL
0x000007fefd580000 - 0x000007fefd5ba000 	C:\Windows\system32\WINTRUST.dll
0x000007fefd5c0000 - 0x000007fefd72c000 	C:\Windows\system32\CRYPT32.dll
0x000007fefd420000 - 0x000007fefd42f000 	C:\Windows\system32\MSASN1.dll
0x000007fefc5a0000 - 0x000007fefc5a7000 	C:\Windows\System32\wshtcpip.dll
0x000007fefca70000 - 0x000007fefcacb000 	C:\Windows\system32\DNSAPI.dll
0x000007fef9ce0000 - 0x000007fef9ce8000 	C:\Windows\system32\rasadhlp.dll
0x000007fefae80000 - 0x000007fefaed3000 	C:\Windows\System32\fwpuclnt.dll
0x0000000072f70000 - 0x0000000072fb7000 	C:\Program Files\Java\jre8\bin\fontmanager.dll
0x0000000072f20000 - 0x0000000072f61000 	C:\Program Files\Java\jre8\bin\t2k.dll
0x000007fefd7d0000 - 0x000007fefd869000 	C:\Windows\system32\CLBCatQ.DLL
0x000007fef68f0000 - 0x000007fef6a15000 	C:\Windows\system32\dbghelp.dll

VM Arguments:
jvm_args: -Dfile.encoding=Cp1252 
java_command: it.graphitech.smeSpire.Main_STANDALONE_v3
java_class_path (initial): C:\Users\alberto.debiasi\Dropbox\PHD\workspace\ArcMapClutterReduction_v3\bin;C:\Users\alberto.debiasi\Dropbox\PHD\workspace\ArcMapClutterReduction_v3\lib\worldwind_2_0\gdal.jar;C:\Users\alberto.debiasi\Dropbox\PHD\workspace\ArcMapClutterReduction_v3\lib\worldwind_2_0\gluegen-rt-natives-linux-amd64.jar;C:\Users\alberto.debiasi\Dropbox\PHD\workspace\ArcMapClutterReduction_v3\lib\worldwind_2_0\gluegen-rt-natives-linux-i586.jar;C:\Users\alberto.debiasi\Dropbox\PHD\workspace\ArcMapClutterReduction_v3\lib\worldwind_2_0\gluegen-rt-natives-macosx-universal.jar;C:\Users\alberto.debiasi\Dropbox\PHD\workspace\ArcMapClutterReduction_v3\lib\worldwind_2_0\gluegen-rt-natives-windows-amd64.jar;C:\Users\alberto.debiasi\Dropbox\PHD\workspace\ArcMapClutterReduction_v3\lib\worldwind_2_0\gluegen-rt-natives-windows-i586.jar;C:\Users\alberto.debiasi\Dropbox\PHD\workspace\ArcMapClutterReduction_v3\lib\worldwind_2_0\gluegen-rt.jar;C:\Users\alberto.debiasi\Dropbox\PHD\workspace\ArcMapClutterReduction_v3\lib\worldwind_2_0\jogl-all-natives-linux-amd64.jar;C:\Users\alberto.debiasi\Dropbox\PHD\workspace\ArcMapClutterReduction_v3\lib\worldwind_2_0\jogl-all-natives-linux-i586.jar;C:\Users\alberto.debiasi\Dropbox\PHD\workspace\ArcMapClutterReduction_v3\lib\worldwind_2_0\jogl-all-natives-macosx-universal.jar;C:\Users\alberto.debiasi\Dropbox\PHD\workspace\ArcMapClutterReduction_v3\lib\worldwind_2_0\jogl-all-natives-windows-amd64.jar;C:\Users\alberto.debiasi\Dropbox\PHD\workspace\ArcMapClutterReduction_v3\lib\worldwind_2_0\jogl-all-natives-windows-i586.jar;C:\Users\alberto.debiasi\Dropbox\PHD\workspace\ArcMapClutterReduction_v3\lib\worldwind_2_0\jogl-all.jar;C:\Users\alberto.debiasi\Dropbox\PHD\workspace\ArcMapClutterReduction_v3\lib\worldwind_2_0\plugin.jar;C:\Users\alberto.debiasi\Dropbox\PHD\workspace\ArcMapClutterReduction_v3\lib\worldwind_2_0\vpf-symbols.jar;C:\Users\alberto.debiasi\Dropbox\PHD\workspace\ArcMapClutterReduction_v3\lib\worldwind_2_0\worldwind.jar;C:\Use
Launcher Type: SUN_STANDARD

Environment Variables:
PATH=C:\R\R-3.1.0\Rtools\bin;C:\R\R-3.1.0\Rtools\gcc-4.6.3\bin;C:\R\R-3.1.0\bin;C:\Program Files (x86)\MiKTeX 2.9\miktex\bin\;C:\texlive\2013\bin\win32;C:\Windows\system32;C:\Windows;C:\Windows\System32\Wbem;C:\Windows\System32\WindowsPowerShell\v1.0\;C:\Program Files (x86)\Git\cmd;C:\Program Files\TortoiseGit\bin;C:\Program Files\TortoiseSVN\bin;c:\Program Files (x86)\Microsoft SQL Server\100\Tools\Binn\;c:\Program Files\Microsoft SQL Server\100\Tools\Binn\;c:\Program Files\Microsoft SQL Server\100\DTS\Binn\
USERNAME=alberto.debiasi
OS=Windows_NT
PROCESSOR_IDENTIFIER=Intel64 Family 6 Model 26 Stepping 5, GenuineIntel



---------------  S Y S T E M  ---------------

OS: Windows 7 , 64 bit Build 7601 Service Pack 1

CPU:total 8 (4 cores per cpu, 2 threads per core) family 6 model 26 stepping 5, cmov, cx8, fxsr, mmx, sse, sse2, sse3, ssse3, sse4.1, sse4.2, popcnt, ht, tsc, tscinvbit

Memory: 4k page, physical 12580444k(8195404k free), swap 25159024k(19868432k free)

vm_info: Java HotSpot(TM) 64-Bit Server VM (25.5-b02) for windows-amd64 JRE (1.8.0_05-b13), built on Mar 18 2014 01:08:39 by "java_re" with MS VC++ 10.0 (VS2010)

time: Fri Sep 26 11:05:36 2014
elapsed time: 12 seconds

