#
# A fatal error has been detected by the Java Runtime Environment:
#
#  EXCEPTION_ACCESS_VIOLATION (0xc0000005) at pc=0x4e7e30f4, pid=1584, tid=3292
#
# JRE version: Java(TM) SE Runtime Environment (7.0_45-b18) (build 1.7.0_45-b18)
# Java VM: Java HotSpot(TM) Client VM (24.45-b08 mixed mode windows-x86 )
# Problematic frame:
# C  [ig4icd32.dll+0x530f4]
#
# Failed to write core dump. Minidumps are not enabled by default on client versions of Windows
#
# If you would like to submit a bug report, please visit:
#   http://bugreport.sun.com/bugreport/crash.jsp
# The crash happened outside the Java Virtual Machine in native code.
# See problematic frame for where to report the bug.
#

---------------  T H R E A D  ---------------

Current thread (0x4b368000):  JavaThread "AWT-EventQueue-0" [_thread_in_native, id=3292, stack(0x4d200000,0x4d250000)]

siginfo: ExceptionCode=0xc0000005, writing address 0x00000000

Registers:
EAX=0x507bf500, EBX=0x00000007, ECX=0x4f509c14, EDX=0x00000004
ESP=0x4d24e244, EBP=0x4f50ad2c, ESI=0x00000004, EDI=0x00617f08
EIP=0x4e7e30f4, EFLAGS=0x00010202

Top of Stack: (sp=0x4d24e244)
0x4d24e244:   00000004 00000004 4e7e3204 4421ba80
0x4d24e254:   438bb680 4f500080 4e7aa5be 00000004
0x4d24e264:   4f50ad2c 4e7aa560 4f500080 4f50027f
0x4d24e274:   00000004 00000004 00000000 4f500080
0x4d24e284:   4e7ea22a 00000003 00000400 4f500080
0x4d24e294:   5072de40 00000400 4e9ac1b6 00000003
0x4d24e2a4:   00000400 00000000 4e9ac0d0 00080038
0x4d24e2b4:   4e9aca4c 4f500080 4e8cce44 4f500080 

Instructions: (pc=0x4e7e30f4)
0x4e7e30d4:   48 5d 05 00 eb 09 d9 81 30 5e 05 00 d8 60 04 8b
0x4e7e30e4:   89 fc 9c 00 00 d9 5c 24 10 d9 44 24 0c 83 c2 04
0x4e7e30f4:   d9 5a fc 83 c2 04 d9 44 24 10 83 c2 04 d9 5a f8
0x4e7e3104:   8b 41 04 8b 04 b0 0f af 41 08 03 01 83 c2 04 83 


Register to memory mapping:

EAX=0x507bf500 is an unknown value
EBX=0x00000007 is an unknown value
ECX=0x4f509c14 is an unknown value
EDX=0x00000004 is an unknown value
ESP=0x4d24e244 is pointing into the stack for thread: 0x4b368000
EBP=0x4f50ad2c is an unknown value
ESI=0x00000004 is an unknown value
EDI=0x00617f08 is an unknown value


Stack: [0x4d200000,0x4d250000],  sp=0x4d24e244,  free space=312k
Native frames: (J=compiled Java code, j=interpreted, Vv=VM code, C=native code)
C  [ig4icd32.dll+0x530f4]

Java frames: (J=compiled Java code, j=interpreted, Vv=VM code)
J  com.sun.opengl.impl.GLImpl.glDrawArrays(III)V
j  gov.nasa.worldwind.layers.StarsLayer.drawWithVBO(Lgov/nasa/worldwind/render/DrawContext;)Z+95
j  gov.nasa.worldwind.layers.StarsLayer.doRender(Lgov/nasa/worldwind/render/DrawContext;)V+208
J  gov.nasa.worldwind.layers.AbstractLayer.render(Lgov/nasa/worldwind/render/DrawContext;)V
J  gov.nasa.worldwind.AbstractSceneController.draw(Lgov/nasa/worldwind/render/DrawContext;)V
j  gov.nasa.worldwind.StereoOptionSceneController.draw(Lgov/nasa/worldwind/render/DrawContext;)V+64
j  gov.nasa.worldwind.BasicSceneController.doRepaint(Lgov/nasa/worldwind/render/DrawContext;)V+42
j  gov.nasa.worldwind.AbstractSceneController.repaint()I+58
j  gov.nasa.worldwind.WorldWindowGLAutoDrawable.doDisplay()I+4
j  gov.nasa.worldwind.WorldWindowGLAutoDrawable.display(Ljavax/media/opengl/GLAutoDrawable;)V+121
j  com.sun.opengl.impl.GLDrawableHelper.display(Ljavax/media/opengl/GLAutoDrawable;)V+29
j  javax.media.opengl.GLCanvas$DisplayAction.run()V+80
j  com.sun.opengl.impl.GLDrawableHelper.invokeGL(Ljavax/media/opengl/GLDrawable;Ljavax/media/opengl/GLContext;Ljava/lang/Runnable;Ljava/lang/Runnable;)V+418
j  javax.media.opengl.GLCanvas.maybeDoSingleThreadedWorkaround(Ljava/lang/Runnable;Ljava/lang/Runnable;)V+36
j  javax.media.opengl.GLCanvas.display()V+9
j  javax.media.opengl.GLCanvas.paint(Ljava/awt/Graphics;)V+125
j  javax.media.opengl.GLCanvas.update(Ljava/awt/Graphics;)V+2
j  sun.awt.RepaintArea.updateComponent(Ljava/awt/Component;Ljava/awt/Graphics;)V+6
j  sun.awt.RepaintArea.paint(Ljava/lang/Object;Z)V+263
j  sun.awt.windows.WComponentPeer.handleEvent(Ljava/awt/AWTEvent;)V+155
j  java.awt.Component.dispatchEventImpl(Ljava/awt/AWTEvent;)V+869
J  java.awt.EventQueue.dispatchEventImpl(Ljava/awt/AWTEvent;Ljava/lang/Object;)V
J  java.awt.EventQueue$3.run()Ljava/lang/Object;
v  ~StubRoutines::call_stub
J  java.security.AccessController.doPrivileged(Ljava/security/PrivilegedAction;Ljava/security/AccessControlContext;)Ljava/lang/Object;
J  java.security.ProtectionDomain$1.doIntersectionPrivilege(Ljava/security/PrivilegedAction;Ljava/security/AccessControlContext;Ljava/security/AccessControlContext;)Ljava/lang/Object;
j  java.security.ProtectionDomain$1.doIntersectionPrivilege(Ljava/security/PrivilegedAction;Ljava/security/AccessControlContext;)Ljava/lang/Object;+6
j  java.awt.EventQueue$4.run()Ljava/lang/Void;+11
j  java.awt.EventQueue$4.run()Ljava/lang/Object;+1
v  ~StubRoutines::call_stub
J  java.security.AccessController.doPrivileged(Ljava/security/PrivilegedAction;Ljava/security/AccessControlContext;)Ljava/lang/Object;
J  java.awt.EventQueue.dispatchEvent(Ljava/awt/AWTEvent;)V
J  java.awt.EventDispatchThread.pumpOneEventForFilters(I)V
j  java.awt.EventDispatchThread.pumpEventsForFilter(ILjava/awt/Conditional;Ljava/awt/EventFilter;)V+35
j  java.awt.EventDispatchThread.pumpEventsForHierarchy(ILjava/awt/Conditional;Ljava/awt/Component;)V+11
j  java.awt.EventDispatchThread.pumpEvents(ILjava/awt/Conditional;)V+4
j  java.awt.EventDispatchThread.pumpEvents(Ljava/awt/Conditional;)V+3
j  java.awt.EventDispatchThread.run()V+9
v  ~StubRoutines::call_stub

---------------  P R O C E S S  ---------------

Java Threads: ( => current thread )
  0x4b36ec00 JavaThread "Idle World Wind Retriever" daemon [_thread_blocked, id=4640, stack(0x55ef0000,0x55f40000)]
  0x4b36e400 JavaThread "Idle World Wind Retriever" daemon [_thread_blocked, id=1276, stack(0x59ab0000,0x59b00000)]
  0x4b36dc00 JavaThread "Idle World Wind Retriever" daemon [_thread_blocked, id=4452, stack(0x51b10000,0x51b60000)]
  0x4b36d000 JavaThread "Idle World Wind Retriever" daemon [_thread_blocked, id=224, stack(0x517d0000,0x51820000)]
  0x4b36cc00 JavaThread "Idle World Wind Task " daemon [_thread_blocked, id=2936, stack(0x519d0000,0x51a20000)]
  0x4b36c400 JavaThread "Idle World Wind Task " daemon [_thread_blocked, id=956, stack(0x51770000,0x517c0000)]
  0x4b36b000 JavaThread "Idle World Wind Task " daemon [_thread_blocked, id=3260, stack(0x51c90000,0x51ce0000)]
  0x4b36c000 JavaThread "Swing-Shell" daemon [_thread_blocked, id=2776, stack(0x51cf0000,0x51d40000)]
  0x4b36ac00 JavaThread "Idle World Wind Task " daemon [_thread_blocked, id=2576, stack(0x51200000,0x51250000)]
  0x4b36a400 JavaThread "Idle World Wind Task " daemon [_thread_blocked, id=3644, stack(0x51280000,0x512d0000)]
  0x4b36a000 JavaThread "Idle World Wind Task " daemon [_thread_blocked, id=2040, stack(0x4d750000,0x4d7a0000)]
  0x4b369800 JavaThread "Idle World Wind Task " daemon [_thread_blocked, id=5024, stack(0x51110000,0x51160000)]
  0x4b369400 JavaThread "Idle World Wind Task " daemon [_thread_blocked, id=196, stack(0x4f610000,0x4f660000)]
  0x4b368c00 JavaThread "DestroyJavaVM" [_thread_blocked, id=3964, stack(0x00a00000,0x00a50000)]
  0x4b368400 JavaThread "TimerQueue" daemon [_thread_blocked, id=788, stack(0x4b100000,0x4b150000)]
=>0x4b368000 JavaThread "AWT-EventQueue-0" [_thread_in_native, id=3292, stack(0x4d200000,0x4d250000)]
  0x4b367800 JavaThread "AWT-Shutdown" [_thread_blocked, id=4676, stack(0x00550000,0x005a0000)]
  0x4b29a400 JavaThread "AWT-Windows" daemon [_thread_in_native, id=4224, stack(0x4b750000,0x4b7a0000)]
  0x4a963800 JavaThread "Java2D Disposer" daemon [_thread_blocked, id=3140, stack(0x4b080000,0x4b0d0000)]
  0x4a7bdc00 JavaThread "Service Thread" daemon [_thread_blocked, id=5116, stack(0x4ab00000,0x4ab50000)]
  0x4a7b8400 JavaThread "C1 CompilerThread0" daemon [_thread_blocked, id=4216, stack(0x4abe0000,0x4ac30000)]
  0x4a7b7000 JavaThread "Attach Listener" daemon [_thread_blocked, id=992, stack(0x4ab60000,0x4abb0000)]
  0x4a7b4000 JavaThread "Signal Dispatcher" daemon [_thread_blocked, id=620, stack(0x4aa50000,0x4aaa0000)]
  0x4a786800 JavaThread "Finalizer" daemon [_thread_blocked, id=3948, stack(0x4a9a0000,0x4a9f0000)]
  0x4a780800 JavaThread "Reference Handler" daemon [_thread_blocked, id=3176, stack(0x01160000,0x011b0000)]

Other Threads:
  0x4a77f000 VMThread [stack: 0x00a60000,0x00ab0000] [id=2248]
  0x4a7bf400 WatcherThread [stack: 0x4acf0000,0x4ad40000] [id=1684]

VM state:not at safepoint (normal execution)

VM Mutex/Monitor currently owned by a thread: None

Heap
 def new generation   total 314560K, used 227643K [0x04740000, 0x19c90000, 0x19c90000)
  eden space 279616K,  68% used [0x04740000, 0x1036efc8, 0x15850000)
  from space 34944K, 100% used [0x17a70000, 0x19c90000, 0x19c90000)
  to   space 34944K,   0% used [0x15850000, 0x15850000, 0x17a70000)
 tenured generation   total 699072K, used 671656K [0x19c90000, 0x44740000, 0x44740000)
   the space 699072K,  96% used [0x19c90000, 0x42c7a380, 0x42c7a400, 0x44740000)
 compacting perm gen  total 15360K, used 15262K [0x44740000, 0x45640000, 0x48740000)
   the space 15360K,  99% used [0x44740000, 0x45627880, 0x45627a00, 0x45640000)
No shared spaces configured.

Card table byte_map: [0x4a540000,0x4a770000] byte_map_base: 0x4a51c600

Polling page: 0x00170000

Code Cache  [0x02740000, 0x02ce8000, 0x04740000)
 total_blobs=3097 nmethods=2665 adapters=368 free_code_cache=26982Kb largest_free_block=27628544

Compilation events (10 events):
Event: 100.328 Thread 0x4a7b8400 2697             it.graphitech.modules.UpdateTreeStructure::addNeighbours (69 bytes)
Event: 100.329 Thread 0x4a7b8400 nmethod 2697 0x02ce3d88 code [0x02ce3ee0, 0x02ce4078]
Event: 100.638 Thread 0x4a7b8400 2698             java.awt.Container::recursiveApplyCurrentShape (144 bytes)
Event: 100.641 Thread 0x4a7b8400 nmethod 2698 0x02ce4288 code [0x02ce4510, 0x02ce4d0c]
Event: 100.641 Thread 0x4a7b8400 2699             javax.swing.RepaintManager::collectDirtyComponents (344 bytes)
Event: 100.642 Thread 0x4a7b8400 nmethod 2699 0x02ce5688 code [0x02ce58a0, 0x02ce5f0c]
Event: 101.769 Thread 0x4a7b8400 2700             java.util.concurrent.TimeUnit$3::toNanos (11 bytes)
Event: 101.769 Thread 0x4a7b8400 nmethod 2700 0x02ce66c8 code [0x02ce67c0, 0x02ce68b0]
Event: 102.961 Thread 0x4a7b8400 2701             sun.java2d.SunGraphics2D::setColor (108 bytes)
Event: 102.961 Thread 0x4a7b8400 nmethod 2701 0x02ce6908 code [0x02ce6a20, 0x02ce6b98]

GC Heap History (10 events):
Event: 96.117 GC heap before
{Heap before GC invocations=24 (full 0):
 def new generation   total 314560K, used 314559K [0x04740000, 0x19c90000, 0x19c90000)
  eden space 279616K, 100% used [0x04740000, 0x15850000, 0x15850000)
  from space 34944K,  99% used [0x15850000, 0x17a6fff8, 0x17a70000)
  to   space 34944K,   0% used [0x17a70000, 0x17a70000, 0x19c90000)
 tenured generation   total 699072K, used 550662K [0x19c90000, 0x44740000, 0x44740000)
   the space 699072K,  78% used [0x19c90000, 0x3b651b08, 0x3b651c00, 0x44740000)
 compacting perm gen  total 15360K, used 15262K [0x44740000, 0x45640000, 0x48740000)
   the space 15360K,  99% used [0x44740000, 0x45627860, 0x45627a00, 0x45640000)
No shared spaces configured.
Event: 96.394 GC heap after
Heap after GC invocations=25 (full 0):
 def new generation   total 314560K, used 34943K [0x04740000, 0x19c90000, 0x19c90000)
  eden space 279616K,   0% used [0x04740000, 0x04740000, 0x15850000)
  from space 34944K,  99% used [0x17a70000, 0x19c8fff8, 0x19c90000)
  to   space 34944K,   0% used [0x15850000, 0x15850000, 0x17a70000)
 tenured generation   total 699072K, used 577247K [0x19c90000, 0x44740000, 0x44740000)
   the space 699072K,  82% used [0x19c90000, 0x3d047f68, 0x3d048000, 0x44740000)
 compacting perm gen  total 15360K, used 15262K [0x44740000, 0x45640000, 0x48740000)
   the space 15360K,  99% used [0x44740000, 0x45627860, 0x45627a00, 0x45640000)
No shared spaces configured.
}
Event: 98.508 GC heap before
{Heap before GC invocations=25 (full 0):
 def new generation   total 314560K, used 314559K [0x04740000, 0x19c90000, 0x19c90000)
  eden space 279616K, 100% used [0x04740000, 0x15850000, 0x15850000)
  from space 34944K,  99% used [0x17a70000, 0x19c8fff8, 0x19c90000)
  to   space 34944K,   0% used [0x15850000, 0x15850000, 0x17a70000)
 tenured generation   total 699072K, used 577247K [0x19c90000, 0x44740000, 0x44740000)
   the space 699072K,  82% used [0x19c90000, 0x3d047f68, 0x3d048000, 0x44740000)
 compacting perm gen  total 15360K, used 15262K [0x44740000, 0x45640000, 0x48740000)
   the space 15360K,  99% used [0x44740000, 0x45627860, 0x45627a00, 0x45640000)
No shared spaces configured.
Event: 98.778 GC heap after
Heap after GC invocations=26 (full 0):
 def new generation   total 314560K, used 34944K [0x04740000, 0x19c90000, 0x19c90000)
  eden space 279616K,   0% used [0x04740000, 0x04740000, 0x15850000)
  from space 34944K, 100% used [0x15850000, 0x17a70000, 0x17a70000)
  to   space 34944K,   0% used [0x17a70000, 0x17a70000, 0x19c90000)
 tenured generation   total 699072K, used 602428K [0x19c90000, 0x44740000, 0x44740000)
   the space 699072K,  86% used [0x19c90000, 0x3e8df1f0, 0x3e8df200, 0x44740000)
 compacting perm gen  total 15360K, used 15262K [0x44740000, 0x45640000, 0x48740000)
   the space 15360K,  99% used [0x44740000, 0x45627860, 0x45627a00, 0x45640000)
No shared spaces configured.
}
Event: 100.938 GC heap before
{Heap before GC invocations=26 (full 0):
 def new generation   total 314560K, used 314560K [0x04740000, 0x19c90000, 0x19c90000)
  eden space 279616K, 100% used [0x04740000, 0x15850000, 0x15850000)
  from space 34944K, 100% used [0x15850000, 0x17a70000, 0x17a70000)
  to   space 34944K,   0% used [0x17a70000, 0x17a70000, 0x19c90000)
 tenured generation   total 699072K, used 602428K [0x19c90000, 0x44740000, 0x44740000)
   the space 699072K,  86% used [0x19c90000, 0x3e8df1f0, 0x3e8df200, 0x44740000)
 compacting perm gen  total 15360K, used 15262K [0x44740000, 0x45640000, 0x48740000)
   the space 15360K,  99% used [0x44740000, 0x45627860, 0x45627a00, 0x45640000)
No shared spaces configured.
Event: 101.207 GC heap after
Heap after GC invocations=27 (full 0):
 def new generation   total 314560K, used 34944K [0x04740000, 0x19c90000, 0x19c90000)
  eden space 279616K,   0% used [0x04740000, 0x04740000, 0x15850000)
  from space 34944K, 100% used [0x17a70000, 0x19c90000, 0x19c90000)
  to   space 34944K,   0% used [0x15850000, 0x15850000, 0x17a70000)
 tenured generation   total 699072K, used 626426K [0x19c90000, 0x44740000, 0x44740000)
   the space 699072K,  89% used [0x19c90000, 0x4004e9d8, 0x4004ea00, 0x44740000)
 compacting perm gen  total 15360K, used 15262K [0x44740000, 0x45640000, 0x48740000)
   the space 15360K,  99% used [0x44740000, 0x45627860, 0x45627a00, 0x45640000)
No shared spaces configured.
}
Event: 103.265 GC heap before
{Heap before GC invocations=27 (full 0):
 def new generation   total 314560K, used 314560K [0x04740000, 0x19c90000, 0x19c90000)
  eden space 279616K, 100% used [0x04740000, 0x15850000, 0x15850000)
  from space 34944K, 100% used [0x17a70000, 0x19c90000, 0x19c90000)
  to   space 34944K,   0% used [0x15850000, 0x15850000, 0x17a70000)
 tenured generation   total 699072K, used 626426K [0x19c90000, 0x44740000, 0x44740000)
   the space 699072K,  89% used [0x19c90000, 0x4004e9d8, 0x4004ea00, 0x44740000)
 compacting perm gen  total 15360K, used 15262K [0x44740000, 0x45640000, 0x48740000)
   the space 15360K,  99% used [0x44740000, 0x45627880, 0x45627a00, 0x45640000)
No shared spaces configured.
Event: 103.531 GC heap after
Heap after GC invocations=28 (full 0):
 def new generation   total 314560K, used 34944K [0x04740000, 0x19c90000, 0x19c90000)
  eden space 279616K,   0% used [0x04740000, 0x04740000, 0x15850000)
  from space 34944K, 100% used [0x15850000, 0x17a70000, 0x17a70000)
  to   space 34944K,   0% used [0x17a70000, 0x17a70000, 0x19c90000)
 tenured generation   total 699072K, used 649437K [0x19c90000, 0x44740000, 0x44740000)
   the space 699072K,  92% used [0x19c90000, 0x416c74e0, 0x416c7600, 0x44740000)
 compacting perm gen  total 15360K, used 15262K [0x44740000, 0x45640000, 0x48740000)
   the space 15360K,  99% used [0x44740000, 0x45627880, 0x45627a00, 0x45640000)
No shared spaces configured.
}
Event: 105.672 GC heap before
{Heap before GC invocations=28 (full 0):
 def new generation   total 314560K, used 314560K [0x04740000, 0x19c90000, 0x19c90000)
  eden space 279616K, 100% used [0x04740000, 0x15850000, 0x15850000)
  from space 34944K, 100% used [0x15850000, 0x17a70000, 0x17a70000)
  to   space 34944K,   0% used [0x17a70000, 0x17a70000, 0x19c90000)
 tenured generation   total 699072K, used 649437K [0x19c90000, 0x44740000, 0x44740000)
   the space 699072K,  92% used [0x19c90000, 0x416c74e0, 0x416c7600, 0x44740000)
 compacting perm gen  total 15360K, used 15262K [0x44740000, 0x45640000, 0x48740000)
   the space 15360K,  99% used [0x44740000, 0x45627880, 0x45627a00, 0x45640000)
No shared spaces configured.
Event: 105.927 GC heap after
Heap after GC invocations=29 (full 0):
 def new generation   total 314560K, used 34944K [0x04740000, 0x19c90000, 0x19c90000)
  eden space 279616K,   0% used [0x04740000, 0x04740000, 0x15850000)
  from space 34944K, 100% used [0x17a70000, 0x19c90000, 0x19c90000)
  to   space 34944K,   0% used [0x15850000, 0x15850000, 0x17a70000)
 tenured generation   total 699072K, used 671656K [0x19c90000, 0x44740000, 0x44740000)
   the space 699072K,  96% used [0x19c90000, 0x42c7a380, 0x42c7a400, 0x44740000)
 compacting perm gen  total 15360K, used 15262K [0x44740000, 0x45640000, 0x48740000)
   the space 15360K,  99% used [0x44740000, 0x45627880, 0x45627a00, 0x45640000)
No shared spaces configured.
}

Deoptimization events (0 events):
No events

Internal exceptions (10 events):
Event: 85.726 Thread 0x4b368000 Threw 0x06e94dc8 at C:\re\jdk7u45\229\hotspot\src\share\vm\interpreter\linkResolver.cpp:883
Event: 88.118 Thread 0x4b368000 Threw 0x07fd7408 at C:\re\jdk7u45\229\hotspot\src\share\vm\interpreter\linkResolver.cpp:883
Event: 90.614 Thread 0x4b368000 Threw 0x08f23b58 at C:\re\jdk7u45\229\hotspot\src\share\vm\interpreter\linkResolver.cpp:883
Event: 93.029 Thread 0x4b368000 Threw 0x09c85058 at C:\re\jdk7u45\229\hotspot\src\share\vm\interpreter\linkResolver.cpp:883
Event: 95.469 Thread 0x4b368000 Threw 0x0a803568 at C:\re\jdk7u45\229\hotspot\src\share\vm\interpreter\linkResolver.cpp:883
Event: 97.892 Thread 0x4b368000 Threw 0x0b1aded0 at C:\re\jdk7u45\229\hotspot\src\share\vm\interpreter\linkResolver.cpp:883
Event: 100.358 Thread 0x4b368000 Threw 0x0b99a3e0 at C:\re\jdk7u45\229\hotspot\src\share\vm\interpreter\linkResolver.cpp:883
Event: 102.668 Thread 0x4b368000 Threw 0x0c004320 at C:\re\jdk7u45\229\hotspot\src\share\vm\interpreter\linkResolver.cpp:883
Event: 105.101 Thread 0x4b368000 Threw 0x0c4fb2c8 at C:\re\jdk7u45\229\hotspot\src\share\vm\interpreter\linkResolver.cpp:883
Event: 108.427 Thread 0x4b368000 Threw 0x0c889a50 at C:\re\jdk7u45\229\hotspot\src\share\vm\interpreter\linkResolver.cpp:883

Events (10 events):
Event: 96.117 Executing VM operation: GenCollectForAllocation
Event: 96.394 Executing VM operation: GenCollectForAllocation done
Event: 98.508 Executing VM operation: GenCollectForAllocation
Event: 98.778 Executing VM operation: GenCollectForAllocation done
Event: 100.938 Executing VM operation: GenCollectForAllocation
Event: 101.207 Executing VM operation: GenCollectForAllocation done
Event: 103.265 Executing VM operation: GenCollectForAllocation
Event: 103.531 Executing VM operation: GenCollectForAllocation done
Event: 105.672 Executing VM operation: GenCollectForAllocation
Event: 105.927 Executing VM operation: GenCollectForAllocation done


Dynamic libraries:
0x01310000 - 0x0133f000 	C:\Program Files (x86)\Java\jre7\bin\javaw.exe
0x77b10000 - 0x77c90000 	C:\Windows\SysWOW64\ntdll.dll
0x76240000 - 0x76350000 	C:\Windows\syswow64\kernel32.dll
0x76350000 - 0x76397000 	C:\Windows\syswow64\KERNELBASE.dll
0x76d70000 - 0x76e10000 	C:\Windows\syswow64\ADVAPI32.dll
0x771c0000 - 0x7726c000 	C:\Windows\syswow64\msvcrt.dll
0x755c0000 - 0x755d9000 	C:\Windows\SysWOW64\sechost.dll
0x76f70000 - 0x77060000 	C:\Windows\syswow64\RPCRT4.dll
0x75560000 - 0x755c0000 	C:\Windows\syswow64\SspiCli.dll
0x75550000 - 0x7555c000 	C:\Windows\syswow64\CRYPTBASE.dll
0x76bb0000 - 0x76cb0000 	C:\Windows\syswow64\USER32.dll
0x76510000 - 0x765a0000 	C:\Windows\syswow64\GDI32.dll
0x763a0000 - 0x763aa000 	C:\Windows\syswow64\LPK.dll
0x77430000 - 0x774cd000 	C:\Windows\syswow64\USP10.dll
0x6f550000 - 0x6f6ee000 	C:\Windows\WinSxS\x86_microsoft.windows.common-controls_6595b64144ccf1df_6.0.7601.17514_none_41e6975e2bd6f2b2\COMCTL32.dll
0x76cb0000 - 0x76d07000 	C:\Windows\syswow64\SHLWAPI.dll
0x76d10000 - 0x76d70000 	C:\Windows\system32\IMM32.DLL
0x763f0000 - 0x764bc000 	C:\Windows\syswow64\MSCTF.dll
0x5f6c0000 - 0x5f77f000 	C:\Program Files (x86)\Java\jre7\bin\msvcr100.dll
0x5f2f0000 - 0x5f670000 	C:\Program Files (x86)\Java\jre7\bin\client\jvm.dll
0x74e10000 - 0x74e17000 	C:\Windows\system32\WSOCK32.dll
0x763b0000 - 0x763e5000 	C:\Windows\syswow64\WS2_32.dll
0x77350000 - 0x77356000 	C:\Windows\syswow64\NSI.dll
0x74da0000 - 0x74dd2000 	C:\Windows\system32\WINMM.dll
0x77ae0000 - 0x77ae5000 	C:\Windows\syswow64\PSAPI.DLL
0x64df0000 - 0x64dfc000 	C:\Program Files (x86)\Java\jre7\bin\verify.dll
0x5f2d0000 - 0x5f2f0000 	C:\Program Files (x86)\Java\jre7\bin\java.dll
0x5f2b0000 - 0x5f2c3000 	C:\Program Files (x86)\Java\jre7\bin\zip.dll
0x5f290000 - 0x5f2a4000 	C:\Program Files (x86)\Java\jre7\bin\net.dll
0x74a70000 - 0x74aac000 	C:\Windows\system32\mswsock.dll
0x70260000 - 0x70266000 	C:\Windows\System32\wship6.dll
0x6bce0000 - 0x6bcef000 	C:\Program Files (x86)\Java\jre7\bin\nio.dll
0x5f140000 - 0x5f283000 	C:\Program Files (x86)\Java\jre7\bin\awt.dll
0x77360000 - 0x773ef000 	C:\Windows\syswow64\OLEAUT32.dll
0x76e10000 - 0x76f6c000 	C:\Windows\syswow64\ole32.dll
0x6d2d0000 - 0x6d2e3000 	C:\Windows\system32\DWMAPI.DLL
0x6dc00000 - 0x6dc80000 	C:\Windows\system32\uxtheme.dll
0x755e0000 - 0x7622a000 	C:\Windows\syswow64\SHELL32.dll
0x01240000 - 0x0128d000 	G:\workspace\TrafficFlowSimulator\lib\worldwind\jogl.dll
0x5ecc0000 - 0x5ed88000 	C:\Windows\system32\OPENGL32.dll
0x5f110000 - 0x5f132000 	C:\Windows\system32\GLU32.dll
0x5ef90000 - 0x5f077000 	C:\Windows\system32\DDRAW.dll
0x64de0000 - 0x64de6000 	C:\Windows\system32\DCIMAN32.dll
0x774d0000 - 0x7766d000 	C:\Windows\syswow64\SETUPAPI.dll
0x77180000 - 0x771a7000 	C:\Windows\syswow64\CFGMGR32.dll
0x76900000 - 0x76912000 	C:\Windows\syswow64\DEVOBJ.dll
0x74a60000 - 0x74a65000 	C:\Windows\System32\wshtcpip.dll
0x6f810000 - 0x6f831000 	C:\Program Files (x86)\Bonjour\mdnsNSP.dll
0x746d0000 - 0x746ec000 	C:\Windows\system32\Iphlpapi.DLL
0x746c0000 - 0x746c7000 	C:\Windows\system32\WINNSI.DLL
0x6f7c0000 - 0x6f804000 	C:\Windows\system32\DNSAPI.dll
0x6f7b0000 - 0x6f7b6000 	C:\Windows\system32\rasadhlp.dll
0x6f770000 - 0x6f7a8000 	C:\Windows\System32\fwpuclnt.dll
0x5f0d0000 - 0x5f108000 	C:\Program Files (x86)\Java\jre7\bin\fontmanager.dll
0x5f0a0000 - 0x5f0d0000 	C:\Program Files (x86)\Java\jre7\bin\t2k.dll
0x76b20000 - 0x76ba3000 	C:\Windows\syswow64\CLBCatQ.DLL
0x69b70000 - 0x69ca0000 	C:\Windows\system32\WindowsCodecs.dll
0x6f710000 - 0x6f75c000 	C:\Windows\system32\apphelp.dll
0x4aaa0000 - 0x4aac2000 	C:\Users\a.debiasi\AppData\Roaming\Dropbox\bin\DropboxExt.19.dll
0x6dad0000 - 0x6dbbb000 	C:\Windows\system32\dbghelp.dll
0x6bae0000 - 0x6bb6e000 	C:\Windows\WinSxS\x86_microsoft.vc90.crt_1fc8b3b9a1e18e3b_9.0.30729.6161_none_50934f2ebcb7eb57\MSVCP90.dll
0x750a0000 - 0x75143000 	C:\Windows\WinSxS\x86_microsoft.vc90.crt_1fc8b3b9a1e18e3b_9.0.30729.6161_none_50934f2ebcb7eb57\MSVCR90.dll
0x64da0000 - 0x64dd1000 	C:\Windows\system32\EhStorShell.dll
0x6b7f0000 - 0x6b8e5000 	C:\Windows\system32\PROPSYS.dll
0x651d0000 - 0x655d6000 	C:\PROGRA~2\MICROS~2\Office14\GROOVEEX.DLL
0x65150000 - 0x6517b000 	C:\Windows\WinSxS\x86_microsoft.vc90.atl_1fc8b3b9a1e18e3b_9.0.30729.6161_none_51cd0a7abbe4e19b\ATL90.DLL
0x64980000 - 0x64d9a000 	C:\PROGRA~2\COMMON~1\MICROS~1\OFFICE14\Cultures\office.odf
0x64110000 - 0x64975000 	C:\PROGRA~2\MICROS~2\Office14\1033\GrooveIntlResource.dll
0x65790000 - 0x65800000 	C:\Windows\system32\ntshrui.dll
0x6dee0000 - 0x6def9000 	C:\Windows\system32\srvcli.dll
0x6dbf0000 - 0x6dbfb000 	C:\Windows\system32\cscapi.dll
0x65a30000 - 0x65a3a000 	C:\Windows\system32\slc.dll
0x5f090000 - 0x5f096000 	C:\Program Files (x86)\Java\jre7\bin\jawt.dll
0x00280000 - 0x00285000 	G:\workspace\TrafficFlowSimulator\lib\worldwind\jogl_awt.dll
0x4e790000 - 0x4f4f1000 	C:\Windows\system32\ig4icd32.dll
0x70470000 - 0x70486000 	C:\Windows\system32\CRYPTSP.dll
0x703c0000 - 0x703fb000 	C:\Windows\system32\rsaenh.dll
0x74ae0000 - 0x74af7000 	C:\Windows\system32\USERENV.dll
0x74b40000 - 0x74b4b000 	C:\Windows\system32\profapi.dll
0x6f530000 - 0x6f540000 	C:\Windows\system32\NLAapi.dll
0x6df40000 - 0x6df50000 	C:\Windows\system32\napinsp.dll
0x6dca0000 - 0x6dcb2000 	C:\Windows\system32\pnrpnsp.dll
0x6df30000 - 0x6df3d000 	C:\Windows\system32\wshbth.dll
0x6dc90000 - 0x6dc98000 	C:\Windows\System32\winrnr.dll
0x6eff0000 - 0x6f074000 	C:\Windows\WinSxS\x86_microsoft.windows.common-controls_6595b64144ccf1df_5.82.7601.18201_none_ec80f00e8593ece5\comctl32.dll
0x6dbc0000 - 0x6dbe1000 	C:\Windows\system32\ntmarta.dll
0x764c0000 - 0x76505000 	C:\Windows\syswow64\WLDAP32.dll
0x559c0000 - 0x55b58000 	C:\Windows\system32\NetworkExplorer.dll
0x659f0000 - 0x65a1f000 	C:\Windows\System32\shdocvw.dll
0x6bb90000 - 0x6bba2000 	C:\Windows\system32\MPR.dll
0x5f080000 - 0x5f088000 	C:\Windows\System32\drprov.dll
0x6e1c0000 - 0x6e1e9000 	C:\Windows\System32\WINSTA.dll
0x5ef70000 - 0x5ef84000 	C:\Windows\System32\ntlanman.dll
0x5ef50000 - 0x5ef67000 	C:\Windows\System32\davclnt.dll
0x5ef40000 - 0x5ef48000 	C:\Windows\System32\DAVHLPR.dll
0x6ded0000 - 0x6dedf000 	C:\Windows\system32\wkscli.dll
0x6df00000 - 0x6df09000 	C:\Windows\system32\netutils.dll
0x5e770000 - 0x5e9a8000 	C:\Windows\system32\wpdshext.dll
0x6d300000 - 0x6d490000 	C:\Windows\WinSxS\x86_microsoft.windows.gdiplus_6595b64144ccf1df_1.1.7601.18120_none_72d2e82386681b36\gdiplus.dll
0x70300000 - 0x70389000 	C:\Windows\system32\PortableDeviceApi.dll
0x77280000 - 0x772ae000 	C:\Windows\syswow64\WINTRUST.dll
0x77060000 - 0x77180000 	C:\Windows\syswow64\CRYPT32.dll
0x77670000 - 0x7767c000 	C:\Windows\syswow64\MSASN1.dll
0x5ef10000 - 0x5ef3b000 	C:\Windows\system32\PortableDeviceTypes.dll
0x5ee20000 - 0x5ee5f000 	C:\Windows\system32\audiodev.dll
0x5e500000 - 0x5e767000 	C:\Windows\system32\WMVCore.DLL
0x5ee60000 - 0x5ee9d000 	C:\Windows\system32\WMASF.DLL
0x5eeb0000 - 0x5eed2000 	C:\Windows\system32\EhStorAPI.dll
0x65a40000 - 0x65a49000 	C:\Windows\system32\LINKINFO.dll

VM Arguments:
jvm_args: -Djava.library.path=G:\workspace\TrafficFlowSimulator\lib\worldwind -Xms1024m -Xmx1024m -Dfile.encoding=Cp1252 
java_command: it.graphitech.worldwind.FlowMapsInWorldWind_v3
Launcher Type: SUN_STANDARD

Environment Variables:
CLASSPATH=.;C:\Program Files (x86)\Java\jre7\lib\ext\QTJava.zip
PATH=C:\Program Files (x86)\iis express\PHP\v5.3;C:\Windows\system32;C:\Windows;C:\Windows\System32\Wbem;C:\Windows\System32\WindowsPowerShell\v1.0\;C:\Program Files\WIDCOMM\Bluetooth Software\;C:\Program Files\WIDCOMM\Bluetooth Software\syswow64;C:\Program Files\MiKTeX 2.9\miktex\bin\x64\;C:\cygwin\bin;C:\MinGW\bin;C:\Program Files\MySQL\MySQL Server 5.1\bin;C:\Program Files (x86)\Java\jre7\bin;C:\Program Files (x86)\QuickTime\QTSystem\
USERNAME=a.debiasi
OS=Windows_NT
PROCESSOR_IDENTIFIER=Intel64 Family 6 Model 37 Stepping 5, GenuineIntel



---------------  S Y S T E M  ---------------

OS: Windows 7 , 64 bit Build 7601 Service Pack 1

CPU:total 4 (2 cores per cpu, 2 threads per core) family 6 model 37 stepping 5, cmov, cx8, fxsr, mmx, sse, sse2, sse3, ssse3, sse4.1, sse4.2, popcnt, aes, ht, tsc, tscinvbit

Memory: 4k page, physical 3988068k(150456k free), swap 7974272k(3151800k free)

vm_info: Java HotSpot(TM) Client VM (24.45-b08) for windows-x86 JRE (1.7.0_45-b18), built on Oct  8 2013 06:02:43 by "java_re" with unknown MS VC++:1600

time: Fri Nov 08 11:06:31 2013
elapsed time: 109 seconds

