#
# A fatal error has been detected by the Java Runtime Environment:
#
#  EXCEPTION_ACCESS_VIOLATION (0xc0000005) at pc=0x4ec530f4, pid=6020, tid=2144
#
# JRE version: Java(TM) SE Runtime Environment (7.0_45-b18) (build 1.7.0_45-b18)
# Java VM: Java HotSpot(TM) Client VM (24.45-b08 mixed mode windows-x86 )
# Problematic frame:
# C  [ig4icd32.dll+0x530f4]
#
# Failed to write core dump. Minidumps are not enabled by default on client versions of Windows
#
# If you would like to submit a bug report, please visit:
#   http://bugreport.sun.com/bugreport/crash.jsp
# The crash happened outside the Java Virtual Machine in native code.
# See problematic frame for where to report the bug.
#

---------------  T H R E A D  ---------------

Current thread (0x4b0d3c00):  JavaThread "AWT-EventQueue-0" [_thread_in_native, id=2144, stack(0x4cf00000,0x4cf50000)]

siginfo: ExceptionCode=0xc0000005, writing address 0x00000000

Registers:
EAX=0x4dad6d00, EBX=0x00000007, ECX=0x4d299c14, EDX=0x00000004
ESP=0x4cf4e514, EBP=0x4d29ad2c, ESI=0x00000004, EDI=0x00396308
EIP=0x4ec530f4, EFLAGS=0x00010202

Top of Stack: (sp=0x4cf4e514)
0x4cf4e514:   00000004 00000004 4ec53204 44285740
0x4cf4e524:   4388d080 4d290080 4ec1a5be 00000004
0x4cf4e534:   4d29ad2c 4ec1a560 4d290080 4d29027f
0x4cf4e544:   00000004 00000004 00000000 4d290080
0x4cf4e554:   4ec5a22a 00000003 00000400 4d290080
0x4cf4e564:   4da3e240 00000400 4ee1c1b6 00000003
0x4cf4e574:   00000400 00000000 4ee1c0d0 00080038
0x4cf4e584:   4ee1ca4c 4d290080 4ed3ce44 4d290080 

Instructions: (pc=0x4ec530f4)
0x4ec530d4:   48 5d 05 00 eb 09 d9 81 30 5e 05 00 d8 60 04 8b
0x4ec530e4:   89 fc 9c 00 00 d9 5c 24 10 d9 44 24 0c 83 c2 04
0x4ec530f4:   d9 5a fc 83 c2 04 d9 44 24 10 83 c2 04 d9 5a f8
0x4ec53104:   8b 41 04 8b 04 b0 0f af 41 08 03 01 83 c2 04 83 


Register to memory mapping:

EAX=0x4dad6d00 is an unknown value
EBX=0x00000007 is an unknown value
ECX=0x4d299c14 is an unknown value
EDX=0x00000004 is an unknown value
ESP=0x4cf4e514 is pointing into the stack for thread: 0x4b0d3c00
EBP=0x4d29ad2c is an unknown value
ESI=0x00000004 is an unknown value
EDI=0x00396308 is an unknown value


Stack: [0x4cf00000,0x4cf50000],  sp=0x4cf4e514,  free space=313k
Native frames: (J=compiled Java code, j=interpreted, Vv=VM code, C=native code)
C  [ig4icd32.dll+0x530f4]

Java frames: (J=compiled Java code, j=interpreted, Vv=VM code)
j  com.sun.opengl.impl.GLImpl.glDrawArrays(III)V+0
j  gov.nasa.worldwind.layers.StarsLayer.drawWithVBO(Lgov/nasa/worldwind/render/DrawContext;)Z+95
j  gov.nasa.worldwind.layers.StarsLayer.doRender(Lgov/nasa/worldwind/render/DrawContext;)V+208
J  gov.nasa.worldwind.layers.AbstractLayer.render(Lgov/nasa/worldwind/render/DrawContext;)V
J  gov.nasa.worldwind.AbstractSceneController.draw(Lgov/nasa/worldwind/render/DrawContext;)V
j  gov.nasa.worldwind.StereoOptionSceneController.draw(Lgov/nasa/worldwind/render/DrawContext;)V+64
j  gov.nasa.worldwind.BasicSceneController.doRepaint(Lgov/nasa/worldwind/render/DrawContext;)V+42
j  gov.nasa.worldwind.AbstractSceneController.repaint()I+58
j  gov.nasa.worldwind.WorldWindowGLAutoDrawable.doDisplay()I+4
j  gov.nasa.worldwind.WorldWindowGLAutoDrawable.display(Ljavax/media/opengl/GLAutoDrawable;)V+121
j  com.sun.opengl.impl.GLDrawableHelper.display(Ljavax/media/opengl/GLAutoDrawable;)V+29
j  javax.media.opengl.GLCanvas$DisplayAction.run()V+80
j  com.sun.opengl.impl.GLDrawableHelper.invokeGL(Ljavax/media/opengl/GLDrawable;Ljavax/media/opengl/GLContext;Ljava/lang/Runnable;Ljava/lang/Runnable;)V+418
j  javax.media.opengl.GLCanvas.maybeDoSingleThreadedWorkaround(Ljava/lang/Runnable;Ljava/lang/Runnable;)V+36
j  javax.media.opengl.GLCanvas.display()V+9
j  javax.media.opengl.GLCanvas.paint(Ljava/awt/Graphics;)V+125
j  javax.media.opengl.GLCanvas.update(Ljava/awt/Graphics;)V+2
j  sun.awt.RepaintArea.updateComponent(Ljava/awt/Component;Ljava/awt/Graphics;)V+6
j  sun.awt.RepaintArea.paint(Ljava/lang/Object;Z)V+263
j  sun.awt.windows.WComponentPeer.handleEvent(Ljava/awt/AWTEvent;)V+155
j  java.awt.Component.dispatchEventImpl(Ljava/awt/AWTEvent;)V+869
J  java.awt.EventQueue.dispatchEventImpl(Ljava/awt/AWTEvent;Ljava/lang/Object;)V
J  java.awt.EventQueue$3.run()Ljava/lang/Object;
v  ~StubRoutines::call_stub
J  java.security.AccessController.doPrivileged(Ljava/security/PrivilegedAction;Ljava/security/AccessControlContext;)Ljava/lang/Object;
J  java.security.ProtectionDomain$1.doIntersectionPrivilege(Ljava/security/PrivilegedAction;Ljava/security/AccessControlContext;Ljava/security/AccessControlContext;)Ljava/lang/Object;
j  java.security.ProtectionDomain$1.doIntersectionPrivilege(Ljava/security/PrivilegedAction;Ljava/security/AccessControlContext;)Ljava/lang/Object;+6
j  java.awt.EventQueue$4.run()Ljava/lang/Void;+11
j  java.awt.EventQueue$4.run()Ljava/lang/Object;+1
v  ~StubRoutines::call_stub
J  java.security.AccessController.doPrivileged(Ljava/security/PrivilegedAction;Ljava/security/AccessControlContext;)Ljava/lang/Object;
J  java.awt.EventQueue.dispatchEvent(Ljava/awt/AWTEvent;)V
J  java.awt.EventDispatchThread.pumpOneEventForFilters(I)V
j  java.awt.EventDispatchThread.pumpEventsForFilter(ILjava/awt/Conditional;Ljava/awt/EventFilter;)V+35
j  java.awt.EventDispatchThread.pumpEventsForHierarchy(ILjava/awt/Conditional;Ljava/awt/Component;)V+11
j  java.awt.EventDispatchThread.pumpEvents(ILjava/awt/Conditional;)V+4
j  java.awt.EventDispatchThread.pumpEvents(Ljava/awt/Conditional;)V+3
j  java.awt.EventDispatchThread.run()V+9
v  ~StubRoutines::call_stub

---------------  P R O C E S S  ---------------

Java Threads: ( => current thread )
  0x4b0d8800 JavaThread "Thread-23" [_thread_blocked, id=6132, stack(0x516c0000,0x51710000)]
  0x4b0d8000 JavaThread "Thread-22" [_thread_in_native, id=5264, stack(0x54150000,0x541a0000)]
  0x4b0d7800 JavaThread "Idle World Wind Task " daemon [_thread_blocked, id=3192, stack(0x51a30000,0x51a80000)]
  0x4b0d6c00 JavaThread "Idle World Wind Task " daemon [_thread_blocked, id=4864, stack(0x55d70000,0x55dc0000)]
  0x4b0d4000 JavaThread "Idle World Wind Task " daemon [_thread_blocked, id=5392, stack(0x4d6a0000,0x4d6f0000)]
  0x4b0d7400 JavaThread "Swing-Shell" daemon [_thread_blocked, id=5368, stack(0x4d870000,0x4d8c0000)]
  0x4b0d6800 JavaThread "Idle World Wind Task " daemon [_thread_blocked, id=6124, stack(0x51180000,0x511d0000)]
  0x4b0d6000 JavaThread "Idle World Wind Task " daemon [_thread_blocked, id=996, stack(0x511d0000,0x51220000)]
  0x4b0d5c00 JavaThread "Idle World Wind Task " daemon [_thread_blocked, id=5600, stack(0x510e0000,0x51130000)]
  0x4b0d5400 JavaThread "Idle World Wind Task " daemon [_thread_blocked, id=5080, stack(0x4d3e0000,0x4d430000)]
  0x4b0d4c00 JavaThread "Idle World Wind Task " daemon [_thread_blocked, id=5232, stack(0x51090000,0x510e0000)]
  0x4b0d4800 JavaThread "DestroyJavaVM" [_thread_blocked, id=5436, stack(0x02250000,0x022a0000)]
=>0x4b0d3c00 JavaThread "AWT-EventQueue-0" [_thread_in_native, id=2144, stack(0x4cf00000,0x4cf50000)]
  0x4b0d3400 JavaThread "AWT-Shutdown" [_thread_blocked, id=6068, stack(0x4b600000,0x4b650000)]
  0x4b361000 JavaThread "TimerQueue" daemon [_thread_blocked, id=956, stack(0x4d240000,0x4d290000)]
  0x4af96c00 JavaThread "AWT-Windows" daemon [_thread_in_native, id=2848, stack(0x4b4e0000,0x4b530000)]
  0x4af93c00 JavaThread "Java2D Disposer" daemon [_thread_blocked, id=3068, stack(0x4b5a0000,0x4b5f0000)]
  0x4a4fdc00 JavaThread "Service Thread" daemon [_thread_blocked, id=5904, stack(0x4aa80000,0x4aad0000)]
  0x4a4f8400 JavaThread "C1 CompilerThread0" daemon [_thread_blocked, id=1940, stack(0x4ab80000,0x4abd0000)]
  0x4a4f7400 JavaThread "Attach Listener" daemon [_thread_blocked, id=4348, stack(0x4ab30000,0x4ab80000)]
  0x4a4f4000 JavaThread "Signal Dispatcher" daemon [_thread_blocked, id=3464, stack(0x4a9d0000,0x4aa20000)]
  0x4a4c1c00 JavaThread "Finalizer" daemon [_thread_blocked, id=5132, stack(0x4a8b0000,0x4a900000)]
  0x4a4c0800 JavaThread "Reference Handler" daemon [_thread_blocked, id=3684, stack(0x00480000,0x004d0000)]

Other Threads:
  0x4a4bf000 VMThread [stack: 0x4a7e0000,0x4a830000] [id=656]
  0x4a4ff400 WatcherThread [stack: 0x4a790000,0x4a7e0000] [id=5444]

VM state:not at safepoint (normal execution)

VM Mutex/Monitor currently owned by a thread: None

Heap
 def new generation   total 314560K, used 270356K [0x04320000, 0x19870000, 0x19870000)
  eden space 279616K,  91% used [0x04320000, 0x13c8e268, 0x15430000)
  from space 34944K,  42% used [0x15430000, 0x162c7170, 0x17650000)
  to   space 34944K,   0% used [0x17650000, 0x17650000, 0x19870000)
 tenured generation   total 699072K, used 276052K [0x19870000, 0x44320000, 0x44320000)
   the space 699072K,  39% used [0x19870000, 0x2a605268, 0x2a605400, 0x44320000)
 compacting perm gen  total 15616K, used 15454K [0x44320000, 0x45260000, 0x48320000)
   the space 15616K,  98% used [0x44320000, 0x45237b48, 0x45237c00, 0x45260000)
No shared spaces configured.

Card table byte_map: [0x4a120000,0x4a350000] byte_map_base: 0x4a0fe700

Polling page: 0x00180000

Code Cache  [0x02320000, 0x02920000, 0x04320000)
 total_blobs=3327 nmethods=2882 adapters=381 free_code_cache=26626Kb largest_free_block=27262976

Compilation events (10 events):
Event: 106.059 Thread 0x4a4f8400 2912             java.nio.DirectFloatBufferU::get (15 bytes)
Event: 106.059 Thread 0x4a4f8400 nmethod 2912 0x0291c4c8 code [0x0291c5d0, 0x0291c6dc]
Event: 106.061 Thread 0x4a4f8400 2913             sun.awt.windows.WComponentPeer::coalescePaintEvent (199 bytes)
Event: 106.063 Thread 0x4a4f8400 nmethod 2913 0x0291c7c8 code [0x0291ca20, 0x0291d034]
Event: 107.549 Thread 0x4a4f8400 2915             gov.nasa.worldwind.view.orbit.OrbitViewCollisionSupport::computePointHeightAboveSurface (130 bytes)
Event: 107.551 Thread 0x4a4f8400 nmethod 2915 0x0291d9c8 code [0x0291dc90, 0x0291e9cc]
Event: 107.872 Thread 0x4a4f8400 2916             com.sun.opengl.impl.JAWT_DrawingSurfaceInfo::getBuffer (8 bytes)
Event: 107.873 Thread 0x4a4f8400 nmethod 2916 0x0291fc08 code [0x0291fd00, 0x0291fd90]
Event: 108.766 Thread 0x4a4f8400 2917             gov.nasa.worldwind.pick.PickedObject::setPosition (9 bytes)
Event: 108.766 Thread 0x4a4f8400 nmethod 2917 0x0291fe08 code [0x0291ff10, 0x0291ffac]

GC Heap History (10 events):
Event: 95.616 GC heap before
{Heap before GC invocations=37 (full 0):
 def new generation   total 314560K, used 288019K [0x04320000, 0x19870000, 0x19870000)
  eden space 279616K, 100% used [0x04320000, 0x15430000, 0x15430000)
  from space 34944K,  24% used [0x17650000, 0x17e84d70, 0x19870000)
  to   space 34944K,   0% used [0x15430000, 0x15430000, 0x17650000)
 tenured generation   total 699072K, used 276052K [0x19870000, 0x44320000, 0x44320000)
   the space 699072K,  39% used [0x19870000, 0x2a605268, 0x2a605400, 0x44320000)
 compacting perm gen  total 15360K, used 15220K [0x44320000, 0x45220000, 0x48320000)
   the space 15360K,  99% used [0x44320000, 0x451fd3b0, 0x451fd400, 0x45220000)
No shared spaces configured.
Event: 95.634 GC heap after
Heap after GC invocations=38 (full 0):
 def new generation   total 314560K, used 12211K [0x04320000, 0x19870000, 0x19870000)
  eden space 279616K,   0% used [0x04320000, 0x04320000, 0x15430000)
  from space 34944K,  34% used [0x15430000, 0x1601cc68, 0x17650000)
  to   space 34944K,   0% used [0x17650000, 0x17650000, 0x19870000)
 tenured generation   total 699072K, used 276052K [0x19870000, 0x44320000, 0x44320000)
   the space 699072K,  39% used [0x19870000, 0x2a605268, 0x2a605400, 0x44320000)
 compacting perm gen  total 15360K, used 15220K [0x44320000, 0x45220000, 0x48320000)
   the space 15360K,  99% used [0x44320000, 0x451fd3b0, 0x451fd400, 0x45220000)
No shared spaces configured.
}
Event: 99.083 GC heap before
{Heap before GC invocations=38 (full 0):
 def new generation   total 314560K, used 291827K [0x04320000, 0x19870000, 0x19870000)
  eden space 279616K, 100% used [0x04320000, 0x15430000, 0x15430000)
  from space 34944K,  34% used [0x15430000, 0x1601cc68, 0x17650000)
  to   space 34944K,   0% used [0x17650000, 0x17650000, 0x19870000)
 tenured generation   total 699072K, used 276052K [0x19870000, 0x44320000, 0x44320000)
   the space 699072K,  39% used [0x19870000, 0x2a605268, 0x2a605400, 0x44320000)
 compacting perm gen  total 15360K, used 15220K [0x44320000, 0x45220000, 0x48320000)
   the space 15360K,  99% used [0x44320000, 0x451fd3c0, 0x451fd400, 0x45220000)
No shared spaces configured.
Event: 99.098 GC heap after
Heap after GC invocations=39 (full 0):
 def new generation   total 314560K, used 12141K [0x04320000, 0x19870000, 0x19870000)
  eden space 279616K,   0% used [0x04320000, 0x04320000, 0x15430000)
  from space 34944K,  34% used [0x17650000, 0x1822b488, 0x19870000)
  to   space 34944K,   0% used [0x15430000, 0x15430000, 0x17650000)
 tenured generation   total 699072K, used 276052K [0x19870000, 0x44320000, 0x44320000)
   the space 699072K,  39% used [0x19870000, 0x2a605268, 0x2a605400, 0x44320000)
 compacting perm gen  total 15360K, used 15220K [0x44320000, 0x45220000, 0x48320000)
   the space 15360K,  99% used [0x44320000, 0x451fd3c0, 0x451fd400, 0x45220000)
No shared spaces configured.
}
Event: 101.913 GC heap before
{Heap before GC invocations=39 (full 0):
 def new generation   total 314560K, used 291757K [0x04320000, 0x19870000, 0x19870000)
  eden space 279616K, 100% used [0x04320000, 0x15430000, 0x15430000)
  from space 34944K,  34% used [0x17650000, 0x1822b488, 0x19870000)
  to   space 34944K,   0% used [0x15430000, 0x15430000, 0x17650000)
 tenured generation   total 699072K, used 276052K [0x19870000, 0x44320000, 0x44320000)
   the space 699072K,  39% used [0x19870000, 0x2a605268, 0x2a605400, 0x44320000)
 compacting perm gen  total 15360K, used 15220K [0x44320000, 0x45220000, 0x48320000)
   the space 15360K,  99% used [0x44320000, 0x451fd3c0, 0x451fd400, 0x45220000)
No shared spaces configured.
Event: 101.935 GC heap after
Heap after GC invocations=40 (full 0):
 def new generation   total 314560K, used 15519K [0x04320000, 0x19870000, 0x19870000)
  eden space 279616K,   0% used [0x04320000, 0x04320000, 0x15430000)
  from space 34944K,  44% used [0x15430000, 0x16357ff8, 0x17650000)
  to   space 34944K,   0% used [0x17650000, 0x17650000, 0x19870000)
 tenured generation   total 699072K, used 276052K [0x19870000, 0x44320000, 0x44320000)
   the space 699072K,  39% used [0x19870000, 0x2a605268, 0x2a605400, 0x44320000)
 compacting perm gen  total 15360K, used 15220K [0x44320000, 0x45220000, 0x48320000)
   the space 15360K,  99% used [0x44320000, 0x451fd3c0, 0x451fd400, 0x45220000)
No shared spaces configured.
}
Event: 105.010 GC heap before
{Heap before GC invocations=40 (full 0):
 def new generation   total 314560K, used 295135K [0x04320000, 0x19870000, 0x19870000)
  eden space 279616K, 100% used [0x04320000, 0x15430000, 0x15430000)
  from space 34944K,  44% used [0x15430000, 0x16357ff8, 0x17650000)
  to   space 34944K,   0% used [0x17650000, 0x17650000, 0x19870000)
 tenured generation   total 699072K, used 276052K [0x19870000, 0x44320000, 0x44320000)
   the space 699072K,  39% used [0x19870000, 0x2a605268, 0x2a605400, 0x44320000)
 compacting perm gen  total 15616K, used 15454K [0x44320000, 0x45260000, 0x48320000)
   the space 15616K,  98% used [0x44320000, 0x45237b48, 0x45237c00, 0x45260000)
No shared spaces configured.
Event: 105.032 GC heap after
Heap after GC invocations=41 (full 0):
 def new generation   total 314560K, used 15928K [0x04320000, 0x19870000, 0x19870000)
  eden space 279616K,   0% used [0x04320000, 0x04320000, 0x15430000)
  from space 34944K,  45% used [0x17650000, 0x185de000, 0x19870000)
  to   space 34944K,   0% used [0x15430000, 0x15430000, 0x17650000)
 tenured generation   total 699072K, used 276052K [0x19870000, 0x44320000, 0x44320000)
   the space 699072K,  39% used [0x19870000, 0x2a605268, 0x2a605400, 0x44320000)
 compacting perm gen  total 15616K, used 15454K [0x44320000, 0x45260000, 0x48320000)
   the space 15616K,  98% used [0x44320000, 0x45237b48, 0x45237c00, 0x45260000)
No shared spaces configured.
}
Event: 108.106 GC heap before
{Heap before GC invocations=41 (full 0):
 def new generation   total 314560K, used 295544K [0x04320000, 0x19870000, 0x19870000)
  eden space 279616K, 100% used [0x04320000, 0x15430000, 0x15430000)
  from space 34944K,  45% used [0x17650000, 0x185de000, 0x19870000)
  to   space 34944K,   0% used [0x15430000, 0x15430000, 0x17650000)
 tenured generation   total 699072K, used 276052K [0x19870000, 0x44320000, 0x44320000)
   the space 699072K,  39% used [0x19870000, 0x2a605268, 0x2a605400, 0x44320000)
 compacting perm gen  total 15616K, used 15454K [0x44320000, 0x45260000, 0x48320000)
   the space 15616K,  98% used [0x44320000, 0x45237b48, 0x45237c00, 0x45260000)
No shared spaces configured.
Event: 108.127 GC heap after
Heap after GC invocations=42 (full 0):
 def new generation   total 314560K, used 14940K [0x04320000, 0x19870000, 0x19870000)
  eden space 279616K,   0% used [0x04320000, 0x04320000, 0x15430000)
  from space 34944K,  42% used [0x15430000, 0x162c7170, 0x17650000)
  to   space 34944K,   0% used [0x17650000, 0x17650000, 0x19870000)
 tenured generation   total 699072K, used 276052K [0x19870000, 0x44320000, 0x44320000)
   the space 699072K,  39% used [0x19870000, 0x2a605268, 0x2a605400, 0x44320000)
 compacting perm gen  total 15616K, used 15454K [0x44320000, 0x45260000, 0x48320000)
   the space 15616K,  98% used [0x44320000, 0x45237b48, 0x45237c00, 0x45260000)
No shared spaces configured.
}

Deoptimization events (0 events):
No events

Internal exceptions (10 events):
Event: 103.253 Thread 0x4b0d3c00 Threw 0x0b6af448 at C:\re\jdk7u45\229\hotspot\src\share\vm\prims\jvm.cpp:1244
Event: 103.253 Thread 0x4b0d3c00 Threw 0x0b6b3e28 at C:\re\jdk7u45\229\hotspot\src\share\vm\prims\jvm.cpp:1244
Event: 103.254 Thread 0x4b0d3c00 Threw 0x0b6be128 at C:\re\jdk7u45\229\hotspot\src\share\vm\prims\jvm.cpp:1244
Event: 103.256 Thread 0x4b0d3c00 Threw 0x0b6d5f68 at C:\re\jdk7u45\229\hotspot\src\share\vm\prims\jvm.cpp:1244
Event: 103.265 Thread 0x4b0d3c00 Threw 0x0b6ee2e8 at C:\re\jdk7u45\229\hotspot\src\share\vm\prims\jvm.cpp:1244
Event: 103.271 Thread 0x4b0d3c00 Threw 0x0b6fab50 at C:\re\jdk7u45\229\hotspot\src\share\vm\prims\jvm.cpp:1244
Event: 103.272 Thread 0x4b0d3c00 Threw 0x0b6fecb0 at C:\re\jdk7u45\229\hotspot\src\share\vm\prims\jvm.cpp:1244
Event: 103.273 Thread 0x4b0d3c00 Threw 0x0b7027e0 at C:\re\jdk7u45\229\hotspot\src\share\vm\prims\jvm.cpp:1244
Event: 103.274 Thread 0x4b0d3c00 Threw 0x0b708bd8 at C:\re\jdk7u45\229\hotspot\src\share\vm\prims\jvm.cpp:1244
Event: 103.274 Thread 0x4b0d3c00 Threw 0x0b70c338 at C:\re\jdk7u45\229\hotspot\src\share\vm\prims\jvm.cpp:1244

Events (10 events):
Event: 103.275 loading class 0x4a530a90
Event: 103.275 loading class 0x4a530a90 done
Event: 104.139 Executing VM operation: RevokeBias
Event: 104.139 Executing VM operation: RevokeBias done
Event: 105.010 Executing VM operation: GenCollectForAllocation
Event: 105.032 Executing VM operation: GenCollectForAllocation done
Event: 105.756 Executing VM operation: RevokeBias
Event: 105.756 Executing VM operation: RevokeBias done
Event: 108.106 Executing VM operation: GenCollectForAllocation
Event: 108.127 Executing VM operation: GenCollectForAllocation done


Dynamic libraries:
0x00270000 - 0x0029f000 	C:\Program Files (x86)\Java\jre7\bin\javaw.exe
0x77de0000 - 0x77f60000 	C:\Windows\SysWOW64\ntdll.dll
0x775a0000 - 0x776b0000 	C:\Windows\syswow64\kernel32.dll
0x75cc0000 - 0x75d07000 	C:\Windows\syswow64\KERNELBASE.dll
0x76270000 - 0x76310000 	C:\Windows\syswow64\ADVAPI32.dll
0x771c0000 - 0x7726c000 	C:\Windows\syswow64\msvcrt.dll
0x77020000 - 0x77039000 	C:\Windows\SysWOW64\sechost.dll
0x75bc0000 - 0x75cb0000 	C:\Windows\syswow64\RPCRT4.dll
0x75830000 - 0x75890000 	C:\Windows\syswow64\SspiCli.dll
0x75820000 - 0x7582c000 	C:\Windows\syswow64\CRYPTBASE.dll
0x778e0000 - 0x779e0000 	C:\Windows\syswow64\USER32.dll
0x77840000 - 0x778d0000 	C:\Windows\syswow64\GDI32.dll
0x77070000 - 0x7707a000 	C:\Windows\syswow64\LPK.dll
0x77080000 - 0x7711d000 	C:\Windows\syswow64\USP10.dll
0x6f820000 - 0x6f9be000 	C:\Windows\WinSxS\x86_microsoft.windows.common-controls_6595b64144ccf1df_6.0.7601.17514_none_41e6975e2bd6f2b2\COMCTL32.dll
0x75890000 - 0x758e7000 	C:\Windows\syswow64\SHLWAPI.dll
0x75b60000 - 0x75bc0000 	C:\Windows\system32\IMM32.DLL
0x776b0000 - 0x7777c000 	C:\Windows\syswow64\MSCTF.dll
0x63b30000 - 0x63bef000 	C:\Program Files (x86)\Java\jre7\bin\msvcr100.dll
0x56930000 - 0x56cb0000 	C:\Program Files (x86)\Java\jre7\bin\client\jvm.dll
0x750e0000 - 0x750e7000 	C:\Windows\system32\WSOCK32.dll
0x77800000 - 0x77835000 	C:\Windows\syswow64\WS2_32.dll
0x77120000 - 0x77126000 	C:\Windows\syswow64\NSI.dll
0x75070000 - 0x750a2000 	C:\Windows\system32\WINMM.dll
0x76330000 - 0x76335000 	C:\Windows\syswow64\PSAPI.DLL
0x63ae0000 - 0x63aec000 	C:\Program Files (x86)\Java\jre7\bin\verify.dll
0x63ac0000 - 0x63ae0000 	C:\Program Files (x86)\Java\jre7\bin\java.dll
0x63a20000 - 0x63a33000 	C:\Program Files (x86)\Java\jre7\bin\zip.dll
0x63a00000 - 0x63a14000 	C:\Program Files (x86)\Java\jre7\bin\net.dll
0x74d40000 - 0x74d7c000 	C:\Windows\system32\mswsock.dll
0x70520000 - 0x70526000 	C:\Windows\System32\wship6.dll
0x63ab0000 - 0x63abf000 	C:\Program Files (x86)\Java\jre7\bin\nio.dll
0x57090000 - 0x571d3000 	C:\Program Files (x86)\Java\jre7\bin\awt.dll
0x758f0000 - 0x7597f000 	C:\Windows\syswow64\OLEAUT32.dll
0x75ef0000 - 0x7604c000 	C:\Windows\syswow64\ole32.dll
0x6d5a0000 - 0x6d5b3000 	C:\Windows\system32\DWMAPI.DLL
0x6ded0000 - 0x6df50000 	C:\Windows\system32\uxtheme.dll
0x76340000 - 0x76f8a000 	C:\Windows\syswow64\SHELL32.dll
0x4aa20000 - 0x4aa6d000 	G:\workspace\TrafficFlowSimulator\lib\worldwind\jogl.dll
0x565d0000 - 0x56698000 	C:\Windows\system32\OPENGL32.dll
0x639d0000 - 0x639f2000 	C:\Windows\system32\GLU32.dll
0x56f90000 - 0x57077000 	C:\Windows\system32\DDRAW.dll
0x63a40000 - 0x63a46000 	C:\Windows\system32\DCIMAN32.dll
0x75980000 - 0x75b1d000 	C:\Windows\syswow64\SETUPAPI.dll
0x77040000 - 0x77067000 	C:\Windows\syswow64\CFGMGR32.dll
0x76310000 - 0x76322000 	C:\Windows\syswow64\DEVOBJ.dll
0x74d30000 - 0x74d35000 	C:\Windows\System32\wshtcpip.dll
0x6fb10000 - 0x6fb31000 	C:\Program Files (x86)\Bonjour\mdnsNSP.dll
0x749a0000 - 0x749bc000 	C:\Windows\system32\Iphlpapi.DLL
0x74990000 - 0x74997000 	C:\Windows\system32\WINNSI.DLL
0x6fa90000 - 0x6fad4000 	C:\Windows\system32\DNSAPI.dll
0x6fa80000 - 0x6fa86000 	C:\Windows\system32\rasadhlp.dll
0x6fa40000 - 0x6fa78000 	C:\Windows\System32\fwpuclnt.dll
0x56df0000 - 0x56e28000 	C:\Program Files (x86)\Java\jre7\bin\fontmanager.dll
0x56dc0000 - 0x56df0000 	C:\Program Files (x86)\Java\jre7\bin\t2k.dll
0x76f90000 - 0x77013000 	C:\Windows\syswow64\CLBCatQ.DLL
0x69230000 - 0x69360000 	C:\Windows\system32\WindowsCodecs.dll
0x6f9e0000 - 0x6fa2c000 	C:\Windows\system32\apphelp.dll
0x4b450000 - 0x4b472000 	C:\Users\a.debiasi\AppData\Roaming\Dropbox\bin\DropboxExt.19.dll
0x6dda0000 - 0x6de8b000 	C:\Windows\system32\dbghelp.dll
0x69c80000 - 0x69d0e000 	C:\Windows\WinSxS\x86_microsoft.vc90.crt_1fc8b3b9a1e18e3b_9.0.30729.6161_none_50934f2ebcb7eb57\MSVCP90.dll
0x75370000 - 0x75413000 	C:\Windows\WinSxS\x86_microsoft.vc90.crt_1fc8b3b9a1e18e3b_9.0.30729.6161_none_50934f2ebcb7eb57\MSVCR90.dll
0x67a90000 - 0x67ac1000 	C:\Windows\system32\EhStorShell.dll
0x6a060000 - 0x6a155000 	C:\Windows\system32\PROPSYS.dll
0x674e0000 - 0x678e6000 	C:\PROGRA~2\MICROS~2\Office14\GROOVEEX.DLL
0x67ae0000 - 0x67b0b000 	C:\Windows\WinSxS\x86_microsoft.vc90.atl_1fc8b3b9a1e18e3b_9.0.30729.6161_none_51cd0a7abbe4e19b\ATL90.DLL
0x670c0000 - 0x674da000 	C:\PROGRA~2\COMMON~1\MICROS~1\OFFICE14\Cultures\office.odf
0x66850000 - 0x670b5000 	C:\PROGRA~2\MICROS~2\Office14\1033\GrooveIntlResource.dll
0x67c90000 - 0x67d00000 	C:\Windows\system32\ntshrui.dll
0x6e1b0000 - 0x6e1c9000 	C:\Windows\system32\srvcli.dll
0x6dec0000 - 0x6decb000 	C:\Windows\system32\cscapi.dll
0x67d40000 - 0x67d4a000 	C:\Windows\system32\slc.dll
0x639c0000 - 0x639c6000 	C:\Program Files (x86)\Java\jre7\bin\jawt.dll
0x02240000 - 0x02245000 	G:\workspace\TrafficFlowSimulator\lib\worldwind\jogl_awt.dll
0x4ec00000 - 0x4f961000 	C:\Windows\system32\ig4icd32.dll
0x706f0000 - 0x70706000 	C:\Windows\system32\CRYPTSP.dll
0x70600000 - 0x7063b000 	C:\Windows\system32\rsaenh.dll
0x74db0000 - 0x74dc7000 	C:\Windows\system32\USERENV.dll
0x74e10000 - 0x74e1b000 	C:\Windows\system32\profapi.dll
0x6ace0000 - 0x6acf0000 	C:\Windows\system32\NLAapi.dll
0x6ea50000 - 0x6ea60000 	C:\Windows\system32\napinsp.dll
0x6ea30000 - 0x6ea42000 	C:\Windows\system32\pnrpnsp.dll
0x6ea20000 - 0x6ea2d000 	C:\Windows\system32\wshbth.dll
0x6e990000 - 0x6e998000 	C:\Windows\System32\winrnr.dll
0x6bba0000 - 0x6bc24000 	C:\Windows\WinSxS\x86_microsoft.windows.common-controls_6595b64144ccf1df_5.82.7601.18201_none_ec80f00e8593ece5\comctl32.dll
0x6de90000 - 0x6deb1000 	C:\Windows\system32\ntmarta.dll
0x75e60000 - 0x75ea5000 	C:\Windows\syswow64\WLDAP32.dll
0x562d0000 - 0x56468000 	C:\Windows\system32\NetworkExplorer.dll
0x67d00000 - 0x67d2f000 	C:\Windows\System32\shdocvw.dll
0x6a630000 - 0x6a642000 	C:\Windows\system32\MPR.dll
0x63cf0000 - 0x63cf8000 	C:\Windows\System32\drprov.dll
0x6e490000 - 0x6e4b9000 	C:\Windows\System32\WINSTA.dll
0x63cd0000 - 0x63ce4000 	C:\Windows\System32\ntlanman.dll
0x63cb0000 - 0x63cc7000 	C:\Windows\System32\davclnt.dll
0x63ca0000 - 0x63ca8000 	C:\Windows\System32\DAVHLPR.dll
0x6e1a0000 - 0x6e1af000 	C:\Windows\system32\wkscli.dll
0x6e1d0000 - 0x6e1d9000 	C:\Windows\system32\netutils.dll
0x54270000 - 0x544a8000 	C:\Windows\system32\wpdshext.dll
0x6d5d0000 - 0x6d760000 	C:\Windows\WinSxS\x86_microsoft.windows.gdiplus_6595b64144ccf1df_1.1.7601.18120_none_72d2e82386681b36\gdiplus.dll
0x70650000 - 0x706d9000 	C:\Windows\system32\PortableDeviceApi.dll
0x75ec0000 - 0x75eee000 	C:\Windows\syswow64\WINTRUST.dll
0x77480000 - 0x775a0000 	C:\Windows\syswow64\CRYPT32.dll
0x778d0000 - 0x778dc000 	C:\Windows\syswow64\MSASN1.dll
0x63c30000 - 0x63c5b000 	C:\Windows\system32\PortableDeviceTypes.dll
0x56590000 - 0x565cf000 	C:\Windows\system32\audiodev.dll
0x5a010000 - 0x5a277000 	C:\Windows\system32\WMVCore.DLL
0x59fd0000 - 0x5a00d000 	C:\Windows\system32\WMASF.DLL
0x63a50000 - 0x63a72000 	C:\Windows\system32\EhStorAPI.dll
0x67d50000 - 0x67d59000 	C:\Windows\system32\LINKINFO.dll
0x56d90000 - 0x56db5000 	C:\Program Files (x86)\Java\jre7\bin\jpeg.dll

VM Arguments:
jvm_args: -Djava.library.path=G:\workspace\TrafficFlowSimulator\lib\worldwind -Xms1024m -Xmx1024m -Dfile.encoding=Cp1252 
java_command: it.graphitech.worldwind.FlowMapsInWorldWind_v3
Launcher Type: SUN_STANDARD

Environment Variables:
CLASSPATH=.;C:\Program Files (x86)\Java\jre7\lib\ext\QTJava.zip
PATH=C:\Program Files (x86)\iis express\PHP\v5.3;C:\Windows\system32;C:\Windows;C:\Windows\System32\Wbem;C:\Windows\System32\WindowsPowerShell\v1.0\;C:\Program Files\WIDCOMM\Bluetooth Software\;C:\Program Files\WIDCOMM\Bluetooth Software\syswow64;C:\Program Files\MiKTeX 2.9\miktex\bin\x64\;C:\cygwin\bin;C:\MinGW\bin;C:\Program Files\MySQL\MySQL Server 5.1\bin;C:\Program Files (x86)\Java\jre7\bin;C:\Program Files (x86)\QuickTime\QTSystem\
USERNAME=a.debiasi
OS=Windows_NT
PROCESSOR_IDENTIFIER=Intel64 Family 6 Model 37 Stepping 5, GenuineIntel



---------------  S Y S T E M  ---------------

OS: Windows 7 , 64 bit Build 7601 Service Pack 1

CPU:total 4 (2 cores per cpu, 2 threads per core) family 6 model 37 stepping 5, cmov, cx8, fxsr, mmx, sse, sse2, sse3, ssse3, sse4.1, sse4.2, popcnt, aes, ht, tsc, tscinvbit

Memory: 4k page, physical 3988068k(263020k free), swap 7974272k(2388936k free)

vm_info: Java HotSpot(TM) Client VM (24.45-b08) for windows-x86 JRE (1.7.0_45-b18), built on Oct  8 2013 06:02:43 by "java_re" with unknown MS VC++:1600

time: Mon Nov 04 18:46:56 2013
elapsed time: 111 seconds

